<?xml version="1.0" encoding="UTF-8"?>
<!-- Generated by org.testng.reporters.JUnitReportReporter -->
<testsuite hostname="DESKTOP-6RSBDQK" failures="0" tests="2" name="test.HomePage_Simple" time="0.000" errors="0" timestamp="2025-07-25T16:04:49 IST" skipped="2">
  <testcase classname="test.HomePage_Simple" name="homepageAction" time="0.000">
    <skipped/>
  </testcase> <!-- homepageAction -->
  <testcase classname="test.HomePage_Simple" name="signinAction" time="0.000">
    <skipped/>
  </testcase> <!-- signinAction -->
  <system-out>
    <![CDATA[Actual Result= 
Actual Result= 
Actual Result= 
Actual Result= ]]>
  </system-out>
</testsuite> <!-- test.HomePage_Simple -->
