<?xml version="1.0" encoding="UTF-8"?>
<!-- Generated by org.testng.reporters.JUnitReportReporter -->
<testsuite hostname="DESKTOP-6RSBDQK" failures="0" tests="1" name="test.CreateAccount" time="4.065" errors="0" timestamp="2024-10-24T16:53:55 IST" skipped="0">
  <testcase classname="test.CreateAccount" name="CrtAccount" time="4.065">
    <system-out>
      <![CDATA[Date of birth :24-11-1989
FullName: name28f94411
selectRediffID: login28f94411
Password: passwd28f94411
Alternet address name: altemail28f94411
mobile name: mobno28f94411
https://register.rediff.com/register/register.php?FormName=user_details]]>
    </system-out>
  </testcase> <!-- CrtAccount -->
  <system-out>
    <![CDATA[Date of birth :24-11-1989
FullName: name28f94411
selectRediffID: login28f94411
Password: passwd28f94411
Alternet address name: altemail28f94411
mobile name: mobno28f94411
https://register.rediff.com/register/register.php?FormName=user_details]]>
  </system-out>
</testsuite> <!-- test.CreateAccount -->
