<?xml version="1.0" encoding="UTF-8"?>
<!-- Generated by org.testng.reporters.JUnitReportReporter -->
<testsuite hostname="DESKTOP-6RSBDQK" failures="0" tests="1" name="test.Homepage" time="2.067" errors="0" timestamp="2024-12-13T13:17:56 IST" skipped="0">
  <testcase classname="test.Homepage" name="HomeRediff" time="2.067">
    <system-out>
      <![CDATA[page load stopped
Cricket tab is visible
page load stopped
Home tab is visible
page load stopped
Sport tab is visible
https://www.rediff.com/]]>
    </system-out>
  </testcase> <!-- HomeRediff -->
  <system-out>
    <![CDATA[page load stopped
Cricket tab is visible
page load stopped
Home tab is visible
page load stopped
Sport tab is visible
https://www.rediff.com/]]>
  </system-out>
</testsuite> <!-- test.Homepage -->
