<?xml version="1.0" encoding="UTF-8"?>
<!-- Generated by org.testng.reporters.JUnitReportReporter -->
<testsuite hostname="DESKTOP-6RSBDQK" failures="0" tests="2" name="test.Facebook_Test" time="3.651" errors="0" timestamp="2025-06-26T11:24:03 IST" skipped="0">
  <testcase classname="test.Facebook_Test" name="siteTitle" time="0.095">
    <system-out>
      <![CDATA[Overview (Java Platform SE 7 )]]>
    </system-out>
  </testcase> <!-- siteTitle -->
  <testcase classname="test.Facebook_Test" name="pagelink" time="3.556">
    <system-out>
      <![CDATA[https://docs.oracle.com/javase/7/docs/api/
Total links=0
check links
https://www.google.com/sorry/index?continue=https://www.google.com/search%3Fq%3DSDLC%2BCycle%2Band%2BSTLC%26sca_esv%3D4c0b4ca658e05210%26source%3Dhp%26ei%3DduBcaKLUOry9vr0PoZXnMA%26iflsig%3DAOw8s4IAAAAAaFzuhoko_j6dt9Tvd4eM-k5suHMn84mc%26ved%3D0ahUKEwii57yAs46OAxW8nq8BHaHKGQYQ4dUDCA8%26uact%3D5%26oq%3DSDLC%2BCycle%2Band%2BSTLC%26gs_lp%3DEgdnd3Mtd2l6IhNTRExDIEN5Y2xlIGFuZCBTVExDSJsBUABYU3AAeACQAQCYAQCgAQCqAQC4AQPIAQD4AQGYAgCgAgCYAwCSBwCgBwCyBwC4BwDCBwDIBwA%26sclient%3Dgws-wiz%26sei%3DeOBcaITYFKSxvr0P1ZvOiQ8&q=EhAkBQIBIBQgDo06qckCLNJaGPjA88IGIjDN70_8yaOmcwZfU5HVs3hbXkAY-JJL5NqombHLTQkkQPjPRgRk_PQgN-gTMoYjVUkyAVJaAUM
Total links=0]]>
    </system-out>
  </testcase> <!-- pagelink -->
  <system-out>
    <![CDATA[Overview (Java Platform SE 7 )
https://docs.oracle.com/javase/7/docs/api/
Total links=0
check links
https://www.google.com/sorry/index?continue=https://www.google.com/search%3Fq%3DSDLC%2BCycle%2Band%2BSTLC%26sca_esv%3D4c0b4ca658e05210%26source%3Dhp%26ei%3DduBcaKLUOry9vr0PoZXnMA%26iflsig%3DAOw8s4IAAAAAaFzuhoko_j6dt9Tvd4eM-k5suHMn84mc%26ved%3D0ahUKEwii57yAs46OAxW8nq8BHaHKGQYQ4dUDCA8%26uact%3D5%26oq%3DSDLC%2BCycle%2Band%2BSTLC%26gs_lp%3DEgdnd3Mtd2l6IhNTRExDIEN5Y2xlIGFuZCBTVExDSJsBUABYU3AAeACQAQCYAQCgAQCqAQC4AQPIAQD4AQGYAgCgAgCYAwCSBwCgBwCyBwC4BwDCBwDIBwA%26sclient%3Dgws-wiz%26sei%3DeOBcaITYFKSxvr0P1ZvOiQ8&q=EhAkBQIBIBQgDo06qckCLNJaGPjA88IGIjDN70_8yaOmcwZfU5HVs3hbXkAY-JJL5NqombHLTQkkQPjPRgRk_PQgN-gTMoYjVUkyAVJaAUM
Total links=0]]>
  </system-out>
</testsuite> <!-- test.Facebook_Test -->
