<?xml version="1.0" encoding="UTF-8"?>
<!-- Generated by org.testng.reporters.JUnitReportReporter -->
<testsuite hostname="DESKTOP-6RSBDQK" failures="0" tests="1" name="test.ChiragSimple" time="0.024" errors="0" timestamp="2024-10-31T23:37:00 IST" skipped="0">
  <testcase classname="test.ChiragSimple" name="signinAction" time="0.024"/>
</testsuite> <!-- test.ChiragSimple -->
