<?xml version="1.0" encoding="UTF-8"?>
<!-- Generated by org.testng.reporters.JUnitReportReporter -->
<testsuite hostname="DESKTOP-6RSBDQK" failures="0" tests="1" name="test.Rediff_Tab" time="11.363" errors="0" timestamp="2025-06-26T11:25:05 IST" skipped="0">
  <testcase classname="test.Rediff_Tab" name="HomeRediff" time="11.363">
    <system-out>
      <![CDATA[page load stopped
Cricket tab is visible
page load stopped
Home tab is visible
page load stopped
Sport tab is visible
https://www.rediff.com/]]>
    </system-out>
  </testcase> <!-- HomeRediff -->
  <system-out>
    <![CDATA[page load stopped
Cricket tab is visible
page load stopped
Home tab is visible
page load stopped
Sport tab is visible
https://www.rediff.com/]]>
  </system-out>
</testsuite> <!-- test.Rediff_Tab -->
