<?xml version="1.0" encoding="UTF-8"?>
<!-- Generated by org.testng.reporters.JUnitReportReporter -->
<testsuite hostname="DESKTOP-6RSBDQK" failures="0" tests="2" name="test.RediffLogin" time="84.704" errors="0" timestamp="2024-08-27T18:17:06 IST" skipped="0">
  <testcase classname="test.RediffLogin" name="beforeMethod" time="0.006">
    <system-out>
      <![CDATA[Before Method= ]]>
    </system-out>
  </testcase> <!-- beforeMethod -->
  <testcase classname="test.RediffLogin" name="HomeRediff" time="84.698"/>
  <system-out>
    <![CDATA[Actual Result= 
Before Method= 
Actual Result= 
Before Method= 
Before Method= 
Actual Result= 
Actual Result= ]]>
  </system-out>
</testsuite> <!-- test.RediffLogin -->
