<?xml version="1.0" encoding="UTF-8"?>
<!-- Generated by org.testng.reporters.JUnitReportReporter -->
<testsuite hostname="DESKTOP-6RSBDQK" failures="0" tests="3" name="test.AccessUrl3" time="0.000" errors="0" timestamp="2025-07-25T16:04:49 IST" skipped="3">
  <testcase classname="test.AccessUrl3" name="siteTitle" time="0.000">
    <skipped/>
  </testcase> <!-- siteTitle -->
  <testcase classname="test.AccessUrl3" name="enteremail" time="0.000">
    <skipped/>
  </testcase> <!-- enteremail -->
  <testcase classname="test.AccessUrl3" name="enterpass" time="0.000">
    <skipped/>
  </testcase> <!-- enterpass -->
  <system-out>
    <![CDATA[Actual Result= 
Actual Result= 
Actual Result= 
Actual Result= ]]>
  </system-out>
</testsuite> <!-- test.AccessUrl3 -->
