<?xml version="1.0" encoding="UTF-8"?>
<!-- Generated by org.testng.reporters.JUnitReportReporter -->
<testsuite hostname="DESKTOP-6RSBDQK" failures="0" tests="1" name="newtest.ChiragSimple" time="0.123" errors="0" timestamp="2025-05-29T13:40:43 IST" skipped="0">
  <testcase classname="newtest.ChiragSimple" name="signinAction" time="0.123"/>
</testsuite> <!-- newtest.ChiragSimple -->
