<?xml version="1.0" encoding="UTF-8"?>
<!-- Generated by org.testng.reporters.JUnitReportReporter -->
<testsuite hostname="DESKTOP-6RSBDQK" failures="0" tests="2" name="test.Facebook_count" time="6.021" errors="0" timestamp="2025-06-26T11:23:25 IST" skipped="0">
  <testcase classname="test.Facebook_count" name="siteTitle" time="0.178">
    <system-out>
      <![CDATA[Overview (Java Platform SE 7 )]]>
    </system-out>
  </testcase> <!-- siteTitle -->
  <testcase classname="test.Facebook_count" name="pagelink" time="5.843">
    <system-out>
      <![CDATA[https://docs.oracle.com/javase/7/docs/api/
Total links=0
check links
https://www.google.com/search?q=SDLC+Cycle+and+STLC&sca_esv=4c0b4ca658e05210&source=hp&ei=TuBcaN7eFuPd1sQPkceA2AQ&iflsig=AOw8s4IAAAAAaFzuXv65WIRHpzbL5iZrnMX5k2U-U8fx&ved=0ahUKEwjevY_tso6OAxXjrpUCHZEjAEsQ4dUDCA8&uact=5&oq=SDLC+Cycle+and+STLC&gs_lp=Egdnd3Mtd2l6IhNTRExDIEN5Y2xlIGFuZCBTVExDSIgBUABYQXAAeACQAQCYAQCgAQCqAQC4AQPIAQD4AQGYAgCgAgCYAwCSBwCgBwCyBwC4BwDCBwDIBwA&sclient=gws-wiz
Text: Difference between SDLC and STLC
GeeksforGeeks
https://www.geeksforgeeks.org › software-engineering  - :Link=https://www.geeksforgeeks.org/software-engineering/difference-between-sdlc-and-stlc/
Text:   - :Link=https://www.browserstack.com/guide/difference-between-sdlc-and-stlc#:~:text=SDLC%20focuses%20on%20delivering%20a,when%2C%20to%20ensure%20thorough%20validation.
Text:   - :Link=https://www.harness.io/blog/software-development-life-cycle-phases#:~:text=The%20Software%20Development%20Life%20Cycle%20(SDLC)%20consists%20of%20seven%20essential,from%20concept%20to%20continuous%20improvement.
Text:   - :Link=https://slash.co/articles/complete-explanation-of-the-software-development-life-cycle-sdlc-and-its-5-stages#:~:text=There%20are%20five%20secure%20SDLC,development%2C%20testing%2C%20and%20deployment.
Text: Difference between SDLC and STLC
BrowserStack
https://www.browserstack.com › Guide  - :Link=https://www.browserstack.com/guide/difference-between-sdlc-and-stlc
Text: SDLC vs STLC: What is the Difference?
TatvaSoft
https://www.tatvasoft.com › outsourcing › 2022/08 › sd...  - :Link=https://www.tatvasoft.com/outsourcing/2022/08/sdlc-vs-stlc.html
Text: Software Development and Testing Life Cycles
Baeldung
https://www.baeldung.com › sdlc-vs-stlc  - :Link=https://www.baeldung.com/cs/sdlc-vs-stlc
Text: STLC vs. SDLC in Software Testing
testRigor AI-Based Automated Testing Tool
https://testrigor.com › Blog  - :Link=https://testrigor.com/blog/stlc-vs-sdlc-in-software-testing/
Text: SDLC vs STLC - Key Differences Explained
Testsigma
https://testsigma.com › blog › sdlc-vs-stlc  - :Link=https://testsigma.com/blog/sdlc-vs-stlc/
Text: Software Testing Life Cycle (STLC)
GeeksforGeeks
https://www.geeksforgeeks.org › software-testing-life-c...  - :Link=https://www.geeksforgeeks.org/software-testing-life-cycle-stlc/
Text: Understanding the Complex Worlds of SDLC and STLC
PixelQA
https://www.pixelqa.com › blog › post › understanding...  - :Link=https://www.pixelqa.com/blog/post/understanding-the-complex-worlds-of-sdlc-and-stlc
Text: SDLC vs STLC – Difference Between Them
Guru99
https://www.guru99.com › Software Testing  - :Link=https://www.guru99.com/sdlc-vs-stlc.html
Total links=12]]>
    </system-out>
  </testcase> <!-- pagelink -->
  <system-out>
    <![CDATA[Overview (Java Platform SE 7 )
https://docs.oracle.com/javase/7/docs/api/
Total links=0
check links
https://www.google.com/search?q=SDLC+Cycle+and+STLC&sca_esv=4c0b4ca658e05210&source=hp&ei=TuBcaN7eFuPd1sQPkceA2AQ&iflsig=AOw8s4IAAAAAaFzuXv65WIRHpzbL5iZrnMX5k2U-U8fx&ved=0ahUKEwjevY_tso6OAxXjrpUCHZEjAEsQ4dUDCA8&uact=5&oq=SDLC+Cycle+and+STLC&gs_lp=Egdnd3Mtd2l6IhNTRExDIEN5Y2xlIGFuZCBTVExDSIgBUABYQXAAeACQAQCYAQCgAQCqAQC4AQPIAQD4AQGYAgCgAgCYAwCSBwCgBwCyBwC4BwDCBwDIBwA&sclient=gws-wiz
Text: Difference between SDLC and STLC
GeeksforGeeks
https://www.geeksforgeeks.org › software-engineering  - :Link=https://www.geeksforgeeks.org/software-engineering/difference-between-sdlc-and-stlc/
Text:   - :Link=https://www.browserstack.com/guide/difference-between-sdlc-and-stlc#:~:text=SDLC%20focuses%20on%20delivering%20a,when%2C%20to%20ensure%20thorough%20validation.
Text:   - :Link=https://www.harness.io/blog/software-development-life-cycle-phases#:~:text=The%20Software%20Development%20Life%20Cycle%20(SDLC)%20consists%20of%20seven%20essential,from%20concept%20to%20continuous%20improvement.
Text:   - :Link=https://slash.co/articles/complete-explanation-of-the-software-development-life-cycle-sdlc-and-its-5-stages#:~:text=There%20are%20five%20secure%20SDLC,development%2C%20testing%2C%20and%20deployment.
Text: Difference between SDLC and STLC
BrowserStack
https://www.browserstack.com › Guide  - :Link=https://www.browserstack.com/guide/difference-between-sdlc-and-stlc
Text: SDLC vs STLC: What is the Difference?
TatvaSoft
https://www.tatvasoft.com › outsourcing › 2022/08 › sd...  - :Link=https://www.tatvasoft.com/outsourcing/2022/08/sdlc-vs-stlc.html
Text: Software Development and Testing Life Cycles
Baeldung
https://www.baeldung.com › sdlc-vs-stlc  - :Link=https://www.baeldung.com/cs/sdlc-vs-stlc
Text: STLC vs. SDLC in Software Testing
testRigor AI-Based Automated Testing Tool
https://testrigor.com › Blog  - :Link=https://testrigor.com/blog/stlc-vs-sdlc-in-software-testing/
Text: SDLC vs STLC - Key Differences Explained
Testsigma
https://testsigma.com › blog › sdlc-vs-stlc  - :Link=https://testsigma.com/blog/sdlc-vs-stlc/
Text: Software Testing Life Cycle (STLC)
GeeksforGeeks
https://www.geeksforgeeks.org › software-testing-life-c...  - :Link=https://www.geeksforgeeks.org/software-testing-life-cycle-stlc/
Text: Understanding the Complex Worlds of SDLC and STLC
PixelQA
https://www.pixelqa.com › blog › post › understanding...  - :Link=https://www.pixelqa.com/blog/post/understanding-the-complex-worlds-of-sdlc-and-stlc
Text: SDLC vs STLC – Difference Between Them
Guru99
https://www.guru99.com › Software Testing  - :Link=https://www.guru99.com/sdlc-vs-stlc.html
Total links=12]]>
  </system-out>
</testsuite> <!-- test.Facebook_count -->
