<?xml version="1.0" encoding="UTF-8"?>
<!-- Generated by org.testng.reporters.JUnitReportReporter -->
<testsuite hostname="DESKTOP-6RSBDQK" failures="0" tests="2" name="test.Facebook_count" time="0.000" errors="0" timestamp="2025-07-25T16:04:49 IST" skipped="2">
  <testcase classname="test.Facebook_count" name="siteTitle" time="0.000">
    <skipped/>
  </testcase> <!-- siteTitle -->
  <testcase classname="test.Facebook_count" name="pagelink" time="0.000">
    <skipped/>
  </testcase> <!-- pagelink -->
  <system-out>
    <![CDATA[Actual Result= 
Actual Result= 
Actual Result= 
Actual Result= ]]>
  </system-out>
</testsuite> <!-- test.Facebook_count -->
