<?xml version="1.0" encoding="UTF-8"?>
<!-- Generated by org.testng.reporters.JUnitReportReporter -->
<testsuite hostname="DESKTOP-6RSBDQK" failures="0" tests="2" name="test.FrameLogic" time="54.157" errors="0" timestamp="2024-10-18T17:57:38 IST" skipped="0">
  <testcase classname="test.FrameLogic" name="method" time="54.156">
    <system-out>
      <![CDATA[----------packageListFrame--------------------
URL'https://docs.oracle.com/javase/7/docs/api/
java.applet =  https://docs.oracle.com/javase/7/docs/api/java/applet/package-frame.html
java.awt =  https://docs.oracle.com/javase/7/docs/api/java/awt/package-frame.html
java.awt.color =  https://docs.oracle.com/javase/7/docs/api/java/awt/color/package-frame.html
java.awt.datatransfer =  https://docs.oracle.com/javase/7/docs/api/java/awt/datatransfer/package-frame.html
java.awt.dnd =  https://docs.oracle.com/javase/7/docs/api/java/awt/dnd/package-frame.html
java.awt.event =  https://docs.oracle.com/javase/7/docs/api/java/awt/event/package-frame.html
java.awt.font =  https://docs.oracle.com/javase/7/docs/api/java/awt/font/package-frame.html
java.awt.geom =  https://docs.oracle.com/javase/7/docs/api/java/awt/geom/package-frame.html
java.awt.im =  https://docs.oracle.com/javase/7/docs/api/java/awt/im/package-frame.html
java.awt.im.spi =  https://docs.oracle.com/javase/7/docs/api/java/awt/im/spi/package-frame.html
java.awt.image =  https://docs.oracle.com/javase/7/docs/api/java/awt/image/package-frame.html
java.awt.image.renderable =  https://docs.oracle.com/javase/7/docs/api/java/awt/image/renderable/package-frame.html
java.awt.print =  https://docs.oracle.com/javase/7/docs/api/java/awt/print/package-frame.html
java.beans =  https://docs.oracle.com/javase/7/docs/api/java/beans/package-frame.html
java.beans.beancontext =  https://docs.oracle.com/javase/7/docs/api/java/beans/beancontext/package-frame.html
java.io =  https://docs.oracle.com/javase/7/docs/api/java/io/package-frame.html
java.lang =  https://docs.oracle.com/javase/7/docs/api/java/lang/package-frame.html
java.lang.annotation =  https://docs.oracle.com/javase/7/docs/api/java/lang/annotation/package-frame.html
java.lang.instrument =  https://docs.oracle.com/javase/7/docs/api/java/lang/instrument/package-frame.html
java.lang.invoke =  https://docs.oracle.com/javase/7/docs/api/java/lang/invoke/package-frame.html
java.lang.management =  https://docs.oracle.com/javase/7/docs/api/java/lang/management/package-frame.html
java.lang.ref =  https://docs.oracle.com/javase/7/docs/api/java/lang/ref/package-frame.html
java.lang.reflect =  https://docs.oracle.com/javase/7/docs/api/java/lang/reflect/package-frame.html
java.math =  https://docs.oracle.com/javase/7/docs/api/java/math/package-frame.html
java.net =  https://docs.oracle.com/javase/7/docs/api/java/net/package-frame.html
java.nio =  https://docs.oracle.com/javase/7/docs/api/java/nio/package-frame.html
java.nio.channels =  https://docs.oracle.com/javase/7/docs/api/java/nio/channels/package-frame.html
java.nio.channels.spi =  https://docs.oracle.com/javase/7/docs/api/java/nio/channels/spi/package-frame.html
java.nio.charset =  https://docs.oracle.com/javase/7/docs/api/java/nio/charset/package-frame.html
java.nio.charset.spi =  https://docs.oracle.com/javase/7/docs/api/java/nio/charset/spi/package-frame.html
java.nio.file =  https://docs.oracle.com/javase/7/docs/api/java/nio/file/package-frame.html
java.nio.file.attribute =  https://docs.oracle.com/javase/7/docs/api/java/nio/file/attribute/package-frame.html
java.nio.file.spi =  https://docs.oracle.com/javase/7/docs/api/java/nio/file/spi/package-frame.html
java.rmi =  https://docs.oracle.com/javase/7/docs/api/java/rmi/package-frame.html
java.rmi.activation =  https://docs.oracle.com/javase/7/docs/api/java/rmi/activation/package-frame.html
java.rmi.dgc =  https://docs.oracle.com/javase/7/docs/api/java/rmi/dgc/package-frame.html
java.rmi.registry =  https://docs.oracle.com/javase/7/docs/api/java/rmi/registry/package-frame.html
java.rmi.server =  https://docs.oracle.com/javase/7/docs/api/java/rmi/server/package-frame.html
java.security =  https://docs.oracle.com/javase/7/docs/api/java/security/package-frame.html
java.security.acl =  https://docs.oracle.com/javase/7/docs/api/java/security/acl/package-frame.html
java.security.cert =  https://docs.oracle.com/javase/7/docs/api/java/security/cert/package-frame.html
java.security.interfaces =  https://docs.oracle.com/javase/7/docs/api/java/security/interfaces/package-frame.html
java.security.spec =  https://docs.oracle.com/javase/7/docs/api/java/security/spec/package-frame.html
java.sql =  https://docs.oracle.com/javase/7/docs/api/java/sql/package-frame.html
java.text =  https://docs.oracle.com/javase/7/docs/api/java/text/package-frame.html
java.text.spi =  https://docs.oracle.com/javase/7/docs/api/java/text/spi/package-frame.html
java.util =  https://docs.oracle.com/javase/7/docs/api/java/util/package-frame.html
java.util.concurrent =  https://docs.oracle.com/javase/7/docs/api/java/util/concurrent/package-frame.html
java.util.concurrent.atomic =  https://docs.oracle.com/javase/7/docs/api/java/util/concurrent/atomic/package-frame.html
java.util.concurrent.locks =  https://docs.oracle.com/javase/7/docs/api/java/util/concurrent/locks/package-frame.html
java.util.jar =  https://docs.oracle.com/javase/7/docs/api/java/util/jar/package-frame.html
java.util.logging =  https://docs.oracle.com/javase/7/docs/api/java/util/logging/package-frame.html
java.util.prefs =  https://docs.oracle.com/javase/7/docs/api/java/util/prefs/package-frame.html
java.util.regex =  https://docs.oracle.com/javase/7/docs/api/java/util/regex/package-frame.html
java.util.spi =  https://docs.oracle.com/javase/7/docs/api/java/util/spi/package-frame.html
java.util.zip =  https://docs.oracle.com/javase/7/docs/api/java/util/zip/package-frame.html
javax.accessibility =  https://docs.oracle.com/javase/7/docs/api/javax/accessibility/package-frame.html
javax.activation =  https://docs.oracle.com/javase/7/docs/api/javax/activation/package-frame.html
javax.activity =  https://docs.oracle.com/javase/7/docs/api/javax/activity/package-frame.html
javax.annotation =  https://docs.oracle.com/javase/7/docs/api/javax/annotation/package-frame.html
javax.annotation.processing =  https://docs.oracle.com/javase/7/docs/api/javax/annotation/processing/package-frame.html
javax.crypto =  https://docs.oracle.com/javase/7/docs/api/javax/crypto/package-frame.html
javax.crypto.interfaces =  https://docs.oracle.com/javase/7/docs/api/javax/crypto/interfaces/package-frame.html
javax.crypto.spec =  https://docs.oracle.com/javase/7/docs/api/javax/crypto/spec/package-frame.html
javax.imageio =  https://docs.oracle.com/javase/7/docs/api/javax/imageio/package-frame.html
javax.imageio.event =  https://docs.oracle.com/javase/7/docs/api/javax/imageio/event/package-frame.html
javax.imageio.metadata =  https://docs.oracle.com/javase/7/docs/api/javax/imageio/metadata/package-frame.html
javax.imageio.plugins.bmp =  https://docs.oracle.com/javase/7/docs/api/javax/imageio/plugins/bmp/package-frame.html
javax.imageio.plugins.jpeg =  https://docs.oracle.com/javase/7/docs/api/javax/imageio/plugins/jpeg/package-frame.html
javax.imageio.spi =  https://docs.oracle.com/javase/7/docs/api/javax/imageio/spi/package-frame.html
javax.imageio.stream =  https://docs.oracle.com/javase/7/docs/api/javax/imageio/stream/package-frame.html
javax.jws =  https://docs.oracle.com/javase/7/docs/api/javax/jws/package-frame.html
javax.jws.soap =  https://docs.oracle.com/javase/7/docs/api/javax/jws/soap/package-frame.html
javax.lang.model =  https://docs.oracle.com/javase/7/docs/api/javax/lang/model/package-frame.html
javax.lang.model.element =  https://docs.oracle.com/javase/7/docs/api/javax/lang/model/element/package-frame.html
javax.lang.model.type =  https://docs.oracle.com/javase/7/docs/api/javax/lang/model/type/package-frame.html
javax.lang.model.util =  https://docs.oracle.com/javase/7/docs/api/javax/lang/model/util/package-frame.html
javax.management =  https://docs.oracle.com/javase/7/docs/api/javax/management/package-frame.html
javax.management.loading =  https://docs.oracle.com/javase/7/docs/api/javax/management/loading/package-frame.html
javax.management.modelmbean =  https://docs.oracle.com/javase/7/docs/api/javax/management/modelmbean/package-frame.html
javax.management.monitor =  https://docs.oracle.com/javase/7/docs/api/javax/management/monitor/package-frame.html
javax.management.openmbean =  https://docs.oracle.com/javase/7/docs/api/javax/management/openmbean/package-frame.html
javax.management.relation =  https://docs.oracle.com/javase/7/docs/api/javax/management/relation/package-frame.html
javax.management.remote =  https://docs.oracle.com/javase/7/docs/api/javax/management/remote/package-frame.html
javax.management.remote.rmi =  https://docs.oracle.com/javase/7/docs/api/javax/management/remote/rmi/package-frame.html
javax.management.timer =  https://docs.oracle.com/javase/7/docs/api/javax/management/timer/package-frame.html
javax.naming =  https://docs.oracle.com/javase/7/docs/api/javax/naming/package-frame.html
javax.naming.directory =  https://docs.oracle.com/javase/7/docs/api/javax/naming/directory/package-frame.html
javax.naming.event =  https://docs.oracle.com/javase/7/docs/api/javax/naming/event/package-frame.html
javax.naming.ldap =  https://docs.oracle.com/javase/7/docs/api/javax/naming/ldap/package-frame.html
javax.naming.spi =  https://docs.oracle.com/javase/7/docs/api/javax/naming/spi/package-frame.html
javax.net =  https://docs.oracle.com/javase/7/docs/api/javax/net/package-frame.html
javax.net.ssl =  https://docs.oracle.com/javase/7/docs/api/javax/net/ssl/package-frame.html
javax.print =  https://docs.oracle.com/javase/7/docs/api/javax/print/package-frame.html
javax.print.attribute =  https://docs.oracle.com/javase/7/docs/api/javax/print/attribute/package-frame.html
javax.print.attribute.standard =  https://docs.oracle.com/javase/7/docs/api/javax/print/attribute/standard/package-frame.html
javax.print.event =  https://docs.oracle.com/javase/7/docs/api/javax/print/event/package-frame.html
javax.rmi =  https://docs.oracle.com/javase/7/docs/api/javax/rmi/package-frame.html
javax.rmi.CORBA =  https://docs.oracle.com/javase/7/docs/api/javax/rmi/CORBA/package-frame.html
javax.rmi.ssl =  https://docs.oracle.com/javase/7/docs/api/javax/rmi/ssl/package-frame.html
javax.script =  https://docs.oracle.com/javase/7/docs/api/javax/script/package-frame.html
javax.security.auth =  https://docs.oracle.com/javase/7/docs/api/javax/security/auth/package-frame.html
javax.security.auth.callback =  https://docs.oracle.com/javase/7/docs/api/javax/security/auth/callback/package-frame.html
javax.security.auth.kerberos =  https://docs.oracle.com/javase/7/docs/api/javax/security/auth/kerberos/package-frame.html
javax.security.auth.login =  https://docs.oracle.com/javase/7/docs/api/javax/security/auth/login/package-frame.html
javax.security.auth.spi =  https://docs.oracle.com/javase/7/docs/api/javax/security/auth/spi/package-frame.html
javax.security.auth.x500 =  https://docs.oracle.com/javase/7/docs/api/javax/security/auth/x500/package-frame.html
javax.security.cert =  https://docs.oracle.com/javase/7/docs/api/javax/security/cert/package-frame.html
javax.security.sasl =  https://docs.oracle.com/javase/7/docs/api/javax/security/sasl/package-frame.html
javax.sound.midi =  https://docs.oracle.com/javase/7/docs/api/javax/sound/midi/package-frame.html
javax.sound.midi.spi =  https://docs.oracle.com/javase/7/docs/api/javax/sound/midi/spi/package-frame.html
javax.sound.sampled =  https://docs.oracle.com/javase/7/docs/api/javax/sound/sampled/package-frame.html
javax.sound.sampled.spi =  https://docs.oracle.com/javase/7/docs/api/javax/sound/sampled/spi/package-frame.html
javax.sql =  https://docs.oracle.com/javase/7/docs/api/javax/sql/package-frame.html
javax.sql.rowset =  https://docs.oracle.com/javase/7/docs/api/javax/sql/rowset/package-frame.html
javax.sql.rowset.serial =  https://docs.oracle.com/javase/7/docs/api/javax/sql/rowset/serial/package-frame.html
javax.sql.rowset.spi =  https://docs.oracle.com/javase/7/docs/api/javax/sql/rowset/spi/package-frame.html
javax.swing =  https://docs.oracle.com/javase/7/docs/api/javax/swing/package-frame.html
javax.swing.border =  https://docs.oracle.com/javase/7/docs/api/javax/swing/border/package-frame.html
javax.swing.colorchooser =  https://docs.oracle.com/javase/7/docs/api/javax/swing/colorchooser/package-frame.html
javax.swing.event =  https://docs.oracle.com/javase/7/docs/api/javax/swing/event/package-frame.html
javax.swing.filechooser =  https://docs.oracle.com/javase/7/docs/api/javax/swing/filechooser/package-frame.html
javax.swing.plaf =  https://docs.oracle.com/javase/7/docs/api/javax/swing/plaf/package-frame.html
javax.swing.plaf.basic =  https://docs.oracle.com/javase/7/docs/api/javax/swing/plaf/basic/package-frame.html
javax.swing.plaf.metal =  https://docs.oracle.com/javase/7/docs/api/javax/swing/plaf/metal/package-frame.html
javax.swing.plaf.multi =  https://docs.oracle.com/javase/7/docs/api/javax/swing/plaf/multi/package-frame.html
javax.swing.plaf.nimbus =  https://docs.oracle.com/javase/7/docs/api/javax/swing/plaf/nimbus/package-frame.html
javax.swing.plaf.synth =  https://docs.oracle.com/javase/7/docs/api/javax/swing/plaf/synth/package-frame.html
javax.swing.table =  https://docs.oracle.com/javase/7/docs/api/javax/swing/table/package-frame.html
javax.swing.text =  https://docs.oracle.com/javase/7/docs/api/javax/swing/text/package-frame.html
javax.swing.text.html =  https://docs.oracle.com/javase/7/docs/api/javax/swing/text/html/package-frame.html
javax.swing.text.html.parser =  https://docs.oracle.com/javase/7/docs/api/javax/swing/text/html/parser/package-frame.html
javax.swing.text.rtf =  https://docs.oracle.com/javase/7/docs/api/javax/swing/text/rtf/package-frame.html
javax.swing.tree =  https://docs.oracle.com/javase/7/docs/api/javax/swing/tree/package-frame.html
javax.swing.undo =  https://docs.oracle.com/javase/7/docs/api/javax/swing/undo/package-frame.html
javax.tools =  https://docs.oracle.com/javase/7/docs/api/javax/tools/package-frame.html
javax.transaction =  https://docs.oracle.com/javase/7/docs/api/javax/transaction/package-frame.html
javax.transaction.xa =  https://docs.oracle.com/javase/7/docs/api/javax/transaction/xa/package-frame.html
javax.xml =  https://docs.oracle.com/javase/7/docs/api/javax/xml/package-frame.html
javax.xml.bind =  https://docs.oracle.com/javase/7/docs/api/javax/xml/bind/package-frame.html
javax.xml.bind.annotation =  https://docs.oracle.com/javase/7/docs/api/javax/xml/bind/annotation/package-frame.html
javax.xml.bind.annotation.adapters =  https://docs.oracle.com/javase/7/docs/api/javax/xml/bind/annotation/adapters/package-frame.html
javax.xml.bind.attachment =  https://docs.oracle.com/javase/7/docs/api/javax/xml/bind/attachment/package-frame.html
javax.xml.bind.helpers =  https://docs.oracle.com/javase/7/docs/api/javax/xml/bind/helpers/package-frame.html
javax.xml.bind.util =  https://docs.oracle.com/javase/7/docs/api/javax/xml/bind/util/package-frame.html
javax.xml.crypto =  https://docs.oracle.com/javase/7/docs/api/javax/xml/crypto/package-frame.html
javax.xml.crypto.dom =  https://docs.oracle.com/javase/7/docs/api/javax/xml/crypto/dom/package-frame.html
javax.xml.crypto.dsig =  https://docs.oracle.com/javase/7/docs/api/javax/xml/crypto/dsig/package-frame.html
javax.xml.crypto.dsig.dom =  https://docs.oracle.com/javase/7/docs/api/javax/xml/crypto/dsig/dom/package-frame.html
javax.xml.crypto.dsig.keyinfo =  https://docs.oracle.com/javase/7/docs/api/javax/xml/crypto/dsig/keyinfo/package-frame.html
javax.xml.crypto.dsig.spec =  https://docs.oracle.com/javase/7/docs/api/javax/xml/crypto/dsig/spec/package-frame.html
javax.xml.datatype =  https://docs.oracle.com/javase/7/docs/api/javax/xml/datatype/package-frame.html
javax.xml.namespace =  https://docs.oracle.com/javase/7/docs/api/javax/xml/namespace/package-frame.html
javax.xml.parsers =  https://docs.oracle.com/javase/7/docs/api/javax/xml/parsers/package-frame.html
javax.xml.soap =  https://docs.oracle.com/javase/7/docs/api/javax/xml/soap/package-frame.html
javax.xml.stream =  https://docs.oracle.com/javase/7/docs/api/javax/xml/stream/package-frame.html
javax.xml.stream.events =  https://docs.oracle.com/javase/7/docs/api/javax/xml/stream/events/package-frame.html
javax.xml.stream.util =  https://docs.oracle.com/javase/7/docs/api/javax/xml/stream/util/package-frame.html
javax.xml.transform =  https://docs.oracle.com/javase/7/docs/api/javax/xml/transform/package-frame.html
javax.xml.transform.dom =  https://docs.oracle.com/javase/7/docs/api/javax/xml/transform/dom/package-frame.html
javax.xml.transform.sax =  https://docs.oracle.com/javase/7/docs/api/javax/xml/transform/sax/package-frame.html
javax.xml.transform.stax =  https://docs.oracle.com/javase/7/docs/api/javax/xml/transform/stax/package-frame.html
javax.xml.transform.stream =  https://docs.oracle.com/javase/7/docs/api/javax/xml/transform/stream/package-frame.html
javax.xml.validation =  https://docs.oracle.com/javase/7/docs/api/javax/xml/validation/package-frame.html
javax.xml.ws =  https://docs.oracle.com/javase/7/docs/api/javax/xml/ws/package-frame.html
javax.xml.ws.handler =  https://docs.oracle.com/javase/7/docs/api/javax/xml/ws/handler/package-frame.html
javax.xml.ws.handler.soap =  https://docs.oracle.com/javase/7/docs/api/javax/xml/ws/handler/soap/package-frame.html
javax.xml.ws.http =  https://docs.oracle.com/javase/7/docs/api/javax/xml/ws/http/package-frame.html
javax.xml.ws.soap =  https://docs.oracle.com/javase/7/docs/api/javax/xml/ws/soap/package-frame.html
javax.xml.ws.spi =  https://docs.oracle.com/javase/7/docs/api/javax/xml/ws/spi/package-frame.html
javax.xml.ws.spi.http =  https://docs.oracle.com/javase/7/docs/api/javax/xml/ws/spi/http/package-frame.html
javax.xml.ws.wsaddressing =  https://docs.oracle.com/javase/7/docs/api/javax/xml/ws/wsaddressing/package-frame.html
javax.xml.xpath =  https://docs.oracle.com/javase/7/docs/api/javax/xml/xpath/package-frame.html
org.ietf.jgss =  https://docs.oracle.com/javase/7/docs/api/org/ietf/jgss/package-frame.html
org.omg.CORBA =  https://docs.oracle.com/javase/7/docs/api/org/omg/CORBA/package-frame.html
org.omg.CORBA_2_3 =  https://docs.oracle.com/javase/7/docs/api/org/omg/CORBA_2_3/package-frame.html
org.omg.CORBA_2_3.portable =  https://docs.oracle.com/javase/7/docs/api/org/omg/CORBA_2_3/portable/package-frame.html
org.omg.CORBA.DynAnyPackage =  https://docs.oracle.com/javase/7/docs/api/org/omg/CORBA/DynAnyPackage/package-frame.html
org.omg.CORBA.ORBPackage =  https://docs.oracle.com/javase/7/docs/api/org/omg/CORBA/ORBPackage/package-frame.html
org.omg.CORBA.portable =  https://docs.oracle.com/javase/7/docs/api/org/omg/CORBA/portable/package-frame.html
org.omg.CORBA.TypeCodePackage =  https://docs.oracle.com/javase/7/docs/api/org/omg/CORBA/TypeCodePackage/package-frame.html
org.omg.CosNaming =  https://docs.oracle.com/javase/7/docs/api/org/omg/CosNaming/package-frame.html
org.omg.CosNaming.NamingContextExtPackage =  https://docs.oracle.com/javase/7/docs/api/org/omg/CosNaming/NamingContextExtPackage/package-frame.html
org.omg.CosNaming.NamingContextPackage =  https://docs.oracle.com/javase/7/docs/api/org/omg/CosNaming/NamingContextPackage/package-frame.html
org.omg.Dynamic =  https://docs.oracle.com/javase/7/docs/api/org/omg/Dynamic/package-frame.html
org.omg.DynamicAny =  https://docs.oracle.com/javase/7/docs/api/org/omg/DynamicAny/package-frame.html
org.omg.DynamicAny.DynAnyFactoryPackage =  https://docs.oracle.com/javase/7/docs/api/org/omg/DynamicAny/DynAnyFactoryPackage/package-frame.html
org.omg.DynamicAny.DynAnyPackage =  https://docs.oracle.com/javase/7/docs/api/org/omg/DynamicAny/DynAnyPackage/package-frame.html
org.omg.IOP =  https://docs.oracle.com/javase/7/docs/api/org/omg/IOP/package-frame.html
org.omg.IOP.CodecFactoryPackage =  https://docs.oracle.com/javase/7/docs/api/org/omg/IOP/CodecFactoryPackage/package-frame.html
org.omg.IOP.CodecPackage =  https://docs.oracle.com/javase/7/docs/api/org/omg/IOP/CodecPackage/package-frame.html
org.omg.Messaging =  https://docs.oracle.com/javase/7/docs/api/org/omg/Messaging/package-frame.html
org.omg.PortableInterceptor =  https://docs.oracle.com/javase/7/docs/api/org/omg/PortableInterceptor/package-frame.html
org.omg.PortableInterceptor.ORBInitInfoPackage =  https://docs.oracle.com/javase/7/docs/api/org/omg/PortableInterceptor/ORBInitInfoPackage/package-frame.html
org.omg.PortableServer =  https://docs.oracle.com/javase/7/docs/api/org/omg/PortableServer/package-frame.html
org.omg.PortableServer.CurrentPackage =  https://docs.oracle.com/javase/7/docs/api/org/omg/PortableServer/CurrentPackage/package-frame.html
org.omg.PortableServer.POAManagerPackage =  https://docs.oracle.com/javase/7/docs/api/org/omg/PortableServer/POAManagerPackage/package-frame.html
org.omg.PortableServer.POAPackage =  https://docs.oracle.com/javase/7/docs/api/org/omg/PortableServer/POAPackage/package-frame.html
org.omg.PortableServer.portable =  https://docs.oracle.com/javase/7/docs/api/org/omg/PortableServer/portable/package-frame.html
org.omg.PortableServer.ServantLocatorPackage =  https://docs.oracle.com/javase/7/docs/api/org/omg/PortableServer/ServantLocatorPackage/package-frame.html
org.omg.SendingContext =  https://docs.oracle.com/javase/7/docs/api/org/omg/SendingContext/package-frame.html
org.omg.stub.java.rmi =  https://docs.oracle.com/javase/7/docs/api/org/omg/stub/java/rmi/package-frame.html
org.w3c.dom =  https://docs.oracle.com/javase/7/docs/api/org/w3c/dom/package-frame.html
org.w3c.dom.bootstrap =  https://docs.oracle.com/javase/7/docs/api/org/w3c/dom/bootstrap/package-frame.html
org.w3c.dom.events =  https://docs.oracle.com/javase/7/docs/api/org/w3c/dom/events/package-frame.html
org.w3c.dom.ls =  https://docs.oracle.com/javase/7/docs/api/org/w3c/dom/ls/package-frame.html
org.xml.sax =  https://docs.oracle.com/javase/7/docs/api/org/xml/sax/package-frame.html
org.xml.sax.ext =  https://docs.oracle.com/javase/7/docs/api/org/xml/sax/ext/package-frame.html
org.xml.sax.helpers =  https://docs.oracle.com/javase/7/docs/api/org/xml/sax/helpers/package-frame.html
Total number of links: ===209
----------packageFrame--------------------
URL'https://docs.oracle.com/javase/7/docs/api/
AbstractAction =  https://docs.oracle.com/javase/7/docs/api/javax/swing/AbstractAction.html
AbstractAnnotationValueVisitor6 =  https://docs.oracle.com/javase/7/docs/api/javax/lang/model/util/AbstractAnnotationValueVisitor6.html
AbstractAnnotationValueVisitor7 =  https://docs.oracle.com/javase/7/docs/api/javax/lang/model/util/AbstractAnnotationValueVisitor7.html
AbstractBorder =  https://docs.oracle.com/javase/7/docs/api/javax/swing/border/AbstractBorder.html
AbstractButton =  https://docs.oracle.com/javase/7/docs/api/javax/swing/AbstractButton.html
AbstractCellEditor =  https://docs.oracle.com/javase/7/docs/api/javax/swing/AbstractCellEditor.html
AbstractCollection =  https://docs.oracle.com/javase/7/docs/api/java/util/AbstractCollection.html
AbstractColorChooserPanel =  https://docs.oracle.com/javase/7/docs/api/javax/swing/colorchooser/AbstractColorChooserPanel.html
AbstractDocument =  https://docs.oracle.com/javase/7/docs/api/javax/swing/text/AbstractDocument.html
AbstractDocument.AttributeContext =  https://docs.oracle.com/javase/7/docs/api/javax/swing/text/AbstractDocument.AttributeContext.html
AbstractDocument.Content =  https://docs.oracle.com/javase/7/docs/api/javax/swing/text/AbstractDocument.Content.html
AbstractDocument.ElementEdit =  https://docs.oracle.com/javase/7/docs/api/javax/swing/text/AbstractDocument.ElementEdit.html
AbstractElementVisitor6 =  https://docs.oracle.com/javase/7/docs/api/javax/lang/model/util/AbstractElementVisitor6.html
AbstractElementVisitor7 =  https://docs.oracle.com/javase/7/docs/api/javax/lang/model/util/AbstractElementVisitor7.html
AbstractExecutorService =  https://docs.oracle.com/javase/7/docs/api/java/util/concurrent/AbstractExecutorService.html
AbstractInterruptibleChannel =  https://docs.oracle.com/javase/7/docs/api/java/nio/channels/spi/AbstractInterruptibleChannel.html
AbstractLayoutCache =  https://docs.oracle.com/javase/7/docs/api/javax/swing/tree/AbstractLayoutCache.html
AbstractLayoutCache.NodeDimensions =  https://docs.oracle.com/javase/7/docs/api/javax/swing/tree/AbstractLayoutCache.NodeDimensions.html
AbstractList =  https://docs.oracle.com/javase/7/docs/api/java/util/AbstractList.html
AbstractListModel =  https://docs.oracle.com/javase/7/docs/api/javax/swing/AbstractListModel.html
AbstractMap =  https://docs.oracle.com/javase/7/docs/api/java/util/AbstractMap.html
AbstractMap.SimpleEntry =  https://docs.oracle.com/javase/7/docs/api/java/util/AbstractMap.SimpleEntry.html
AbstractMap.SimpleImmutableEntry =  https://docs.oracle.com/javase/7/docs/api/java/util/AbstractMap.SimpleImmutableEntry.html
AbstractMarshallerImpl =  https://docs.oracle.com/javase/7/docs/api/javax/xml/bind/helpers/AbstractMarshallerImpl.html
AbstractMethodError =  https://docs.oracle.com/javase/7/docs/api/java/lang/AbstractMethodError.html
AbstractOwnableSynchronizer =  https://docs.oracle.com/javase/7/docs/api/java/util/concurrent/locks/AbstractOwnableSynchronizer.html
AbstractPreferences =  https://docs.oracle.com/javase/7/docs/api/java/util/prefs/AbstractPreferences.html
AbstractProcessor =  https://docs.oracle.com/javase/7/docs/api/javax/annotation/processing/AbstractProcessor.html
AbstractQueue =  https://docs.oracle.com/javase/7/docs/api/java/util/AbstractQueue.html
AbstractQueuedLongSynchronizer =  https://docs.oracle.com/javase/7/docs/api/java/util/concurrent/locks/AbstractQueuedLongSynchronizer.html
AbstractQueuedSynchronizer =  https://docs.oracle.com/javase/7/docs/api/java/util/concurrent/locks/AbstractQueuedSynchronizer.html
AbstractRegionPainter =  https://docs.oracle.com/javase/7/docs/api/javax/swing/plaf/nimbus/AbstractRegionPainter.html
AbstractRegionPainter.PaintContext =  https://docs.oracle.com/javase/7/docs/api/javax/swing/plaf/nimbus/AbstractRegionPainter.PaintContext.html
AbstractRegionPainter.PaintContext.CacheMode =  https://docs.oracle.com/javase/7/docs/api/javax/swing/plaf/nimbus/AbstractRegionPainter.PaintContext.CacheMode.html
AbstractScriptEngine =  https://docs.oracle.com/javase/7/docs/api/javax/script/AbstractScriptEngine.html
AbstractSelectableChannel =  https://docs.oracle.com/javase/7/docs/api/java/nio/channels/spi/AbstractSelectableChannel.html
AbstractSelectionKey =  https://docs.oracle.com/javase/7/docs/api/java/nio/channels/spi/AbstractSelectionKey.html
AbstractSelector =  https://docs.oracle.com/javase/7/docs/api/java/nio/channels/spi/AbstractSelector.html
AbstractSequentialList =  https://docs.oracle.com/javase/7/docs/api/java/util/AbstractSequentialList.html
AbstractSet =  https://docs.oracle.com/javase/7/docs/api/java/util/AbstractSet.html
AbstractSpinnerModel =  https://docs.oracle.com/javase/7/docs/api/javax/swing/AbstractSpinnerModel.html
AbstractTableModel =  https://docs.oracle.com/javase/7/docs/api/javax/swing/table/AbstractTableModel.html
AbstractTypeVisitor6 =  https://docs.oracle.com/javase/7/docs/api/javax/lang/model/util/AbstractTypeVisitor6.html
AbstractTypeVisitor7 =  https://docs.oracle.com/javase/7/docs/api/javax/lang/model/util/AbstractTypeVisitor7.html
AbstractUndoableEdit =  https://docs.oracle.com/javase/7/docs/api/javax/swing/undo/AbstractUndoableEdit.html
AbstractUnmarshallerImpl =  https://docs.oracle.com/javase/7/docs/api/javax/xml/bind/helpers/AbstractUnmarshallerImpl.html
AbstractWriter =  https://docs.oracle.com/javase/7/docs/api/javax/swing/text/AbstractWriter.html
AcceptPendingException =  https://docs.oracle.com/javase/7/docs/api/java/nio/channels/AcceptPendingException.html
AccessControlContext =  https://docs.oracle.com/javase/7/docs/api/java/security/AccessControlContext.html
AccessControlException =  https://docs.oracle.com/javase/7/docs/api/java/security/AccessControlException.html
AccessController =  https://docs.oracle.com/javase/7/docs/api/java/security/AccessController.html
AccessDeniedException =  https://docs.oracle.com/javase/7/docs/api/java/nio/file/AccessDeniedException.html
AccessException =  https://docs.oracle.com/javase/7/docs/api/java/rmi/AccessException.html
Accessible =  https://docs.oracle.com/javase/7/docs/api/javax/accessibility/Accessible.html
AccessibleAction =  https://docs.oracle.com/javase/7/docs/api/javax/accessibility/AccessibleAction.html
AccessibleAttributeSequence =  https://docs.oracle.com/javase/7/docs/api/javax/accessibility/AccessibleAttributeSequence.html
AccessibleBundle =  https://docs.oracle.com/javase/7/docs/api/javax/accessibility/AccessibleBundle.html
AccessibleComponent =  https://docs.oracle.com/javase/7/docs/api/javax/accessibility/AccessibleComponent.html
AccessibleContext =  https://docs.oracle.com/javase/7/docs/api/javax/accessibility/AccessibleContext.html
AccessibleEditableText =  https://docs.oracle.com/javase/7/docs/api/javax/accessibility/AccessibleEditableText.html
AccessibleExtendedComponent =  https://docs.oracle.com/javase/7/docs/api/javax/accessibility/AccessibleExtendedComponent.html
AccessibleExtendedTable =  https://docs.oracle.com/javase/7/docs/api/javax/accessibility/AccessibleExtendedTable.html
AccessibleExtendedText =  https://docs.oracle.com/javase/7/docs/api/javax/accessibility/AccessibleExtendedText.html
AccessibleHyperlink =  https://docs.oracle.com/javase/7/docs/api/javax/accessibility/AccessibleHyperlink.html
AccessibleHypertext =  https://docs.oracle.com/javase/7/docs/api/javax/accessibility/AccessibleHypertext.html
AccessibleIcon =  https://docs.oracle.com/javase/7/docs/api/javax/accessibility/AccessibleIcon.html
AccessibleKeyBinding =  https://docs.oracle.com/javase/7/docs/api/javax/accessibility/AccessibleKeyBinding.html
AccessibleObject =  https://docs.oracle.com/javase/7/docs/api/java/lang/reflect/AccessibleObject.html
AccessibleRelation =  https://docs.oracle.com/javase/7/docs/api/javax/accessibility/AccessibleRelation.html
AccessibleRelationSet =  https://docs.oracle.com/javase/7/docs/api/javax/accessibility/AccessibleRelationSet.html
AccessibleResourceBundle =  https://docs.oracle.com/javase/7/docs/api/javax/accessibility/AccessibleResourceBundle.html
AccessibleRole =  https://docs.oracle.com/javase/7/docs/api/javax/accessibility/AccessibleRole.html
AccessibleSelection =  https://docs.oracle.com/javase/7/docs/api/javax/accessibility/AccessibleSelection.html
AccessibleState =  https://docs.oracle.com/javase/7/docs/api/javax/accessibility/AccessibleState.html
AccessibleStateSet =  https://docs.oracle.com/javase/7/docs/api/javax/accessibility/AccessibleStateSet.html
AccessibleStreamable =  https://docs.oracle.com/javase/7/docs/api/javax/accessibility/AccessibleStreamable.html
AccessibleTable =  https://docs.oracle.com/javase/7/docs/api/javax/accessibility/AccessibleTable.html
AccessibleTableModelChange =  https://docs.oracle.com/javase/7/docs/api/javax/accessibility/AccessibleTableModelChange.html
AccessibleText =  https://docs.oracle.com/javase/7/docs/api/javax/accessibility/AccessibleText.html
AccessibleTextSequence =  https://docs.oracle.com/javase/7/docs/api/javax/accessibility/AccessibleTextSequence.html
AccessibleValue =  https://docs.oracle.com/javase/7/docs/api/javax/accessibility/AccessibleValue.html
AccessMode =  https://docs.oracle.com/javase/7/docs/api/java/nio/file/AccessMode.html
AccountException =  https://docs.oracle.com/javase/7/docs/api/javax/security/auth/login/AccountException.html
AccountExpiredException =  https://docs.oracle.com/javase/7/docs/api/javax/security/auth/login/AccountExpiredException.html
AccountLockedException =  https://docs.oracle.com/javase/7/docs/api/javax/security/auth/login/AccountLockedException.html
AccountNotFoundException =  https://docs.oracle.com/javase/7/docs/api/javax/security/auth/login/AccountNotFoundException.html
Acl =  https://docs.oracle.com/javase/7/docs/api/java/security/acl/Acl.html
AclEntry =  https://docs.oracle.com/javase/7/docs/api/java/nio/file/attribute/AclEntry.html
AclEntry =  https://docs.oracle.com/javase/7/docs/api/java/security/acl/AclEntry.html
AclEntry.Builder =  https://docs.oracle.com/javase/7/docs/api/java/nio/file/attribute/AclEntry.Builder.html
AclEntryFlag =  https://docs.oracle.com/javase/7/docs/api/java/nio/file/attribute/AclEntryFlag.html
AclEntryPermission =  https://docs.oracle.com/javase/7/docs/api/java/nio/file/attribute/AclEntryPermission.html
AclEntryType =  https://docs.oracle.com/javase/7/docs/api/java/nio/file/attribute/AclEntryType.html
AclFileAttributeView =  https://docs.oracle.com/javase/7/docs/api/java/nio/file/attribute/AclFileAttributeView.html
AclNotFoundException =  https://docs.oracle.com/javase/7/docs/api/java/security/acl/AclNotFoundException.html
Action =  https://docs.oracle.com/javase/7/docs/api/javax/swing/Action.html
Action =  https://docs.oracle.com/javase/7/docs/api/javax/xml/ws/Action.html
ActionEvent =  https://docs.oracle.com/javase/7/docs/api/java/awt/event/ActionEvent.html
ActionListener =  https://docs.oracle.com/javase/7/docs/api/java/awt/event/ActionListener.html
ActionMap =  https://docs.oracle.com/javase/7/docs/api/javax/swing/ActionMap.html
ActionMapUIResource =  https://docs.oracle.com/javase/7/docs/api/javax/swing/plaf/ActionMapUIResource.html
Activatable =  https://docs.oracle.com/javase/7/docs/api/java/rmi/activation/Activatable.html
ActivateFailedException =  https://docs.oracle.com/javase/7/docs/api/java/rmi/activation/ActivateFailedException.html
ActivationDataFlavor =  https://docs.oracle.com/javase/7/docs/api/javax/activation/ActivationDataFlavor.html
ActivationDesc =  https://docs.oracle.com/javase/7/docs/api/java/rmi/activation/ActivationDesc.html
ActivationException =  https://docs.oracle.com/javase/7/docs/api/java/rmi/activation/ActivationException.html
ActivationGroup =  https://docs.oracle.com/javase/7/docs/api/java/rmi/activation/ActivationGroup.html
ActivationGroup_Stub =  https://docs.oracle.com/javase/7/docs/api/java/rmi/activation/ActivationGroup_Stub.html
ActivationGroupDesc =  https://docs.oracle.com/javase/7/docs/api/java/rmi/activation/ActivationGroupDesc.html
ActivationGroupDesc.CommandEnvironment =  https://docs.oracle.com/javase/7/docs/api/java/rmi/activation/ActivationGroupDesc.CommandEnvironment.html
ActivationGroupID =  https://docs.oracle.com/javase/7/docs/api/java/rmi/activation/ActivationGroupID.html
ActivationID =  https://docs.oracle.com/javase/7/docs/api/java/rmi/activation/ActivationID.html
ActivationInstantiator =  https://docs.oracle.com/javase/7/docs/api/java/rmi/activation/ActivationInstantiator.html
ActivationMonitor =  https://docs.oracle.com/javase/7/docs/api/java/rmi/activation/ActivationMonitor.html
ActivationSystem =  https://docs.oracle.com/javase/7/docs/api/java/rmi/activation/ActivationSystem.html
Activator =  https://docs.oracle.com/javase/7/docs/api/java/rmi/activation/Activator.html
ACTIVE =  https://docs.oracle.com/javase/7/docs/api/org/omg/PortableInterceptor/ACTIVE.html
ActiveEvent =  https://docs.oracle.com/javase/7/docs/api/java/awt/ActiveEvent.html
ACTIVITY_COMPLETED =  https://docs.oracle.com/javase/7/docs/api/org/omg/CORBA/ACTIVITY_COMPLETED.html
ACTIVITY_REQUIRED =  https://docs.oracle.com/javase/7/docs/api/org/omg/CORBA/ACTIVITY_REQUIRED.html
ActivityCompletedException =  https://docs.oracle.com/javase/7/docs/api/javax/activity/ActivityCompletedException.html
ActivityRequiredException =  https://docs.oracle.com/javase/7/docs/api/javax/activity/ActivityRequiredException.html
AdapterActivator =  https://docs.oracle.com/javase/7/docs/api/org/omg/PortableServer/AdapterActivator.html
AdapterActivatorOperations =  https://docs.oracle.com/javase/7/docs/api/org/omg/PortableServer/AdapterActivatorOperations.html
AdapterAlreadyExists =  https://docs.oracle.com/javase/7/docs/api/org/omg/PortableServer/POAPackage/AdapterAlreadyExists.html
AdapterAlreadyExistsHelper =  https://docs.oracle.com/javase/7/docs/api/org/omg/PortableServer/POAPackage/AdapterAlreadyExistsHelper.html
AdapterInactive =  https://docs.oracle.com/javase/7/docs/api/org/omg/PortableServer/POAManagerPackage/AdapterInactive.html
AdapterInactiveHelper =  https://docs.oracle.com/javase/7/docs/api/org/omg/PortableServer/POAManagerPackage/AdapterInactiveHelper.html
AdapterManagerIdHelper =  https://docs.oracle.com/javase/7/docs/api/org/omg/PortableInterceptor/AdapterManagerIdHelper.html
AdapterNameHelper =  https://docs.oracle.com/javase/7/docs/api/org/omg/PortableInterceptor/AdapterNameHelper.html
AdapterNonExistent =  https://docs.oracle.com/javase/7/docs/api/org/omg/PortableServer/POAPackage/AdapterNonExistent.html
AdapterNonExistentHelper =  https://docs.oracle.com/javase/7/docs/api/org/omg/PortableServer/POAPackage/AdapterNonExistentHelper.html
AdapterStateHelper =  https://docs.oracle.com/javase/7/docs/api/org/omg/PortableInterceptor/AdapterStateHelper.html
AddressHelper =  https://docs.oracle.com/javase/7/docs/api/org/omg/CosNaming/NamingContextExtPackage/AddressHelper.html
Addressing =  https://docs.oracle.com/javase/7/docs/api/javax/xml/ws/soap/Addressing.html
AddressingFeature =  https://docs.oracle.com/javase/7/docs/api/javax/xml/ws/soap/AddressingFeature.html
AddressingFeature.Responses =  https://docs.oracle.com/javase/7/docs/api/javax/xml/ws/soap/AddressingFeature.Responses.html
Adjustable =  https://docs.oracle.com/javase/7/docs/api/java/awt/Adjustable.html
AdjustmentEvent =  https://docs.oracle.com/javase/7/docs/api/java/awt/event/AdjustmentEvent.html
AdjustmentListener =  https://docs.oracle.com/javase/7/docs/api/java/awt/event/AdjustmentListener.html
Adler32 =  https://docs.oracle.com/javase/7/docs/api/java/util/zip/Adler32.html
AEADBadTagException =  https://docs.oracle.com/javase/7/docs/api/javax/crypto/AEADBadTagException.html
AffineTransform =  https://docs.oracle.com/javase/7/docs/api/java/awt/geom/AffineTransform.html
AffineTransformOp =  https://docs.oracle.com/javase/7/docs/api/java/awt/image/AffineTransformOp.html
AlgorithmConstraints =  https://docs.oracle.com/javase/7/docs/api/java/security/AlgorithmConstraints.html
AlgorithmMethod =  https://docs.oracle.com/javase/7/docs/api/javax/xml/crypto/AlgorithmMethod.html
AlgorithmParameterGenerator =  https://docs.oracle.com/javase/7/docs/api/java/security/AlgorithmParameterGenerator.html
AlgorithmParameterGeneratorSpi =  https://docs.oracle.com/javase/7/docs/api/java/security/AlgorithmParameterGeneratorSpi.html
AlgorithmParameters =  https://docs.oracle.com/javase/7/docs/api/java/security/AlgorithmParameters.html
AlgorithmParameterSpec =  https://docs.oracle.com/javase/7/docs/api/java/security/spec/AlgorithmParameterSpec.html
AlgorithmParametersSpi =  https://docs.oracle.com/javase/7/docs/api/java/security/AlgorithmParametersSpi.html
AllPermission =  https://docs.oracle.com/javase/7/docs/api/java/security/AllPermission.html
AlphaComposite =  https://docs.oracle.com/javase/7/docs/api/java/awt/AlphaComposite.html
AlreadyBound =  https://docs.oracle.com/javase/7/docs/api/org/omg/CosNaming/NamingContextPackage/AlreadyBound.html
AlreadyBoundException =  https://docs.oracle.com/javase/7/docs/api/java/nio/channels/AlreadyBoundException.html
AlreadyBoundException =  https://docs.oracle.com/javase/7/docs/api/java/rmi/AlreadyBoundException.html
AlreadyBoundHelper =  https://docs.oracle.com/javase/7/docs/api/org/omg/CosNaming/NamingContextPackage/AlreadyBoundHelper.html
AlreadyBoundHolder =  https://docs.oracle.com/javase/7/docs/api/org/omg/CosNaming/NamingContextPackage/AlreadyBoundHolder.html
AlreadyConnectedException =  https://docs.oracle.com/javase/7/docs/api/java/nio/channels/AlreadyConnectedException.html
AncestorEvent =  https://docs.oracle.com/javase/7/docs/api/javax/swing/event/AncestorEvent.html
AncestorListener =  https://docs.oracle.com/javase/7/docs/api/javax/swing/event/AncestorListener.html
AnnotatedElement =  https://docs.oracle.com/javase/7/docs/api/java/lang/reflect/AnnotatedElement.html
Annotation =  https://docs.oracle.com/javase/7/docs/api/java/lang/annotation/Annotation.html
Annotation =  https://docs.oracle.com/javase/7/docs/api/java/text/Annotation.html
AnnotationFormatError =  https://docs.oracle.com/javase/7/docs/api/java/lang/annotation/AnnotationFormatError.html
AnnotationMirror =  https://docs.oracle.com/javase/7/docs/api/javax/lang/model/element/AnnotationMirror.html
AnnotationTypeMismatchException =  https://docs.oracle.com/javase/7/docs/api/java/lang/annotation/AnnotationTypeMismatchException.html
AnnotationValue =  https://docs.oracle.com/javase/7/docs/api/javax/lang/model/element/AnnotationValue.html
AnnotationValueVisitor =  https://docs.oracle.com/javase/7/docs/api/javax/lang/model/element/AnnotationValueVisitor.html
Any =  https://docs.oracle.com/javase/7/docs/api/org/omg/CORBA/Any.html
AnyHolder =  https://docs.oracle.com/javase/7/docs/api/org/omg/CORBA/AnyHolder.html
AnySeqHelper =  https://docs.oracle.com/javase/7/docs/api/org/omg/CORBA/AnySeqHelper.html
AnySeqHelper =  https://docs.oracle.com/javase/7/docs/api/org/omg/DynamicAny/AnySeqHelper.html
AnySeqHolder =  https://docs.oracle.com/javase/7/docs/api/org/omg/CORBA/AnySeqHolder.html
AppConfigurationEntry =  https://docs.oracle.com/javase/7/docs/api/javax/security/auth/login/AppConfigurationEntry.html
AppConfigurationEntry.LoginModuleControlFlag =  https://docs.oracle.com/javase/7/docs/api/javax/security/auth/login/AppConfigurationEntry.LoginModuleControlFlag.html
Appendable =  https://docs.oracle.com/javase/7/docs/api/java/lang/Appendable.html
Applet =  https://docs.oracle.com/javase/7/docs/api/java/applet/Applet.html
AppletContext =  https://docs.oracle.com/javase/7/docs/api/java/applet/AppletContext.html
AppletInitializer =  https://docs.oracle.com/javase/7/docs/api/java/beans/AppletInitializer.html
AppletStub =  https://docs.oracle.com/javase/7/docs/api/java/applet/AppletStub.html
ApplicationException =  https://docs.oracle.com/javase/7/docs/api/org/omg/CORBA/portable/ApplicationException.html
Arc2D =  https://docs.oracle.com/javase/7/docs/api/java/awt/geom/Arc2D.html
Arc2D.Double =  https://docs.oracle.com/javase/7/docs/api/java/awt/geom/Arc2D.Double.html
Arc2D.Float =  https://docs.oracle.com/javase/7/docs/api/java/awt/geom/Arc2D.Float.html
Area =  https://docs.oracle.com/javase/7/docs/api/java/awt/geom/Area.html
AreaAveragingScaleFilter =  https://docs.oracle.com/javase/7/docs/api/java/awt/image/AreaAveragingScaleFilter.html
ARG_IN =  https://docs.oracle.com/javase/7/docs/api/org/omg/CORBA/ARG_IN.html
ARG_INOUT =  https://docs.oracle.com/javase/7/docs/api/org/omg/CORBA/ARG_INOUT.html
ARG_OUT =  https://docs.oracle.com/javase/7/docs/api/org/omg/CORBA/ARG_OUT.html
ArithmeticException =  https://docs.oracle.com/javase/7/docs/api/java/lang/ArithmeticException.html
Array =  https://docs.oracle.com/javase/7/docs/api/java/lang/reflect/Array.html
Array =  https://docs.oracle.com/javase/7/docs/api/java/sql/Array.html
ArrayBlockingQueue =  https://docs.oracle.com/javase/7/docs/api/java/util/concurrent/ArrayBlockingQueue.html
ArrayDeque =  https://docs.oracle.com/javase/7/docs/api/java/util/ArrayDeque.html
ArrayIndexOutOfBoundsException =  https://docs.oracle.com/javase/7/docs/api/java/lang/ArrayIndexOutOfBoundsException.html
ArrayList =  https://docs.oracle.com/javase/7/docs/api/java/util/ArrayList.html
Arrays =  https://docs.oracle.com/javase/7/docs/api/java/util/Arrays.html
ArrayStoreException =  https://docs.oracle.com/javase/7/docs/api/java/lang/ArrayStoreException.html
ArrayType =  https://docs.oracle.com/javase/7/docs/api/javax/lang/model/type/ArrayType.html
ArrayType =  https://docs.oracle.com/javase/7/docs/api/javax/management/openmbean/ArrayType.html
AssertionError =  https://docs.oracle.com/javase/7/docs/api/java/lang/AssertionError.html
AsyncBoxView =  https://docs.oracle.com/javase/7/docs/api/javax/swing/text/AsyncBoxView.html
AsyncHandler =  https://docs.oracle.com/javase/7/docs/api/javax/xml/ws/AsyncHandler.html
AsynchronousByteChannel =  https://docs.oracle.com/javase/7/docs/api/java/nio/channels/AsynchronousByteChannel.html
AsynchronousChannel =  https://docs.oracle.com/javase/7/docs/api/java/nio/channels/AsynchronousChannel.html
AsynchronousChannelGroup =  https://docs.oracle.com/javase/7/docs/api/java/nio/channels/AsynchronousChannelGroup.html
AsynchronousChannelProvider =  https://docs.oracle.com/javase/7/docs/api/java/nio/channels/spi/AsynchronousChannelProvider.html
AsynchronousCloseException =  https://docs.oracle.com/javase/7/docs/api/java/nio/channels/AsynchronousCloseException.html
AsynchronousFileChannel =  https://docs.oracle.com/javase/7/docs/api/java/nio/channels/AsynchronousFileChannel.html
AsynchronousServerSocketChannel =  https://docs.oracle.com/javase/7/docs/api/java/nio/channels/AsynchronousServerSocketChannel.html
AsynchronousSocketChannel =  https://docs.oracle.com/javase/7/docs/api/java/nio/channels/AsynchronousSocketChannel.html
AtomicBoolean =  https://docs.oracle.com/javase/7/docs/api/java/util/concurrent/atomic/AtomicBoolean.html
AtomicInteger =  https://docs.oracle.com/javase/7/docs/api/java/util/concurrent/atomic/AtomicInteger.html
AtomicIntegerArray =  https://docs.oracle.com/javase/7/docs/api/java/util/concurrent/atomic/AtomicIntegerArray.html
AtomicIntegerFieldUpdater =  https://docs.oracle.com/javase/7/docs/api/java/util/concurrent/atomic/AtomicIntegerFieldUpdater.html
AtomicLong =  https://docs.oracle.com/javase/7/docs/api/java/util/concurrent/atomic/AtomicLong.html
AtomicLongArray =  https://docs.oracle.com/javase/7/docs/api/java/util/concurrent/atomic/AtomicLongArray.html
AtomicLongFieldUpdater =  https://docs.oracle.com/javase/7/docs/api/java/util/concurrent/atomic/AtomicLongFieldUpdater.html
AtomicMarkableReference =  https://docs.oracle.com/javase/7/docs/api/java/util/concurrent/atomic/AtomicMarkableReference.html
AtomicMoveNotSupportedException =  https://docs.oracle.com/javase/7/docs/api/java/nio/file/AtomicMoveNotSupportedException.html
AtomicReference =  https://docs.oracle.com/javase/7/docs/api/java/util/concurrent/atomic/AtomicReference.html
AtomicReferenceArray =  https://docs.oracle.com/javase/7/docs/api/java/util/concurrent/atomic/AtomicReferenceArray.html
AtomicReferenceFieldUpdater =  https://docs.oracle.com/javase/7/docs/api/java/util/concurrent/atomic/AtomicReferenceFieldUpdater.html
AtomicStampedReference =  https://docs.oracle.com/javase/7/docs/api/java/util/concurrent/atomic/AtomicStampedReference.html
AttachmentMarshaller =  https://docs.oracle.com/javase/7/docs/api/javax/xml/bind/attachment/AttachmentMarshaller.html
AttachmentPart =  https://docs.oracle.com/javase/7/docs/api/javax/xml/soap/AttachmentPart.html
AttachmentUnmarshaller =  https://docs.oracle.com/javase/7/docs/api/javax/xml/bind/attachment/AttachmentUnmarshaller.html
Attr =  https://docs.oracle.com/javase/7/docs/api/org/w3c/dom/Attr.html
Attribute =  https://docs.oracle.com/javase/7/docs/api/javax/management/Attribute.html
Attribute =  https://docs.oracle.com/javase/7/docs/api/javax/naming/directory/Attribute.html
Attribute =  https://docs.oracle.com/javase/7/docs/api/javax/print/attribute/Attribute.html
Attribute =  https://docs.oracle.com/javase/7/docs/api/javax/xml/stream/events/Attribute.html
AttributeChangeNotification =  https://docs.oracle.com/javase/7/docs/api/javax/management/AttributeChangeNotification.html
AttributeChangeNotificationFilter =  https://docs.oracle.com/javase/7/docs/api/javax/management/AttributeChangeNotificationFilter.html
AttributedCharacterIterator =  https://docs.oracle.com/javase/7/docs/api/java/text/AttributedCharacterIterator.html
AttributedCharacterIterator.Attribute =  https://docs.oracle.com/javase/7/docs/api/java/text/AttributedCharacterIterator.Attribute.html
AttributedString =  https://docs.oracle.com/javase/7/docs/api/java/text/AttributedString.html
AttributeException =  https://docs.oracle.com/javase/7/docs/api/javax/print/AttributeException.html
AttributeInUseException =  https://docs.oracle.com/javase/7/docs/api/javax/naming/directory/AttributeInUseException.html
AttributeList =  https://docs.oracle.com/javase/7/docs/api/javax/management/AttributeList.html
AttributeList =  https://docs.oracle.com/javase/7/docs/api/javax/swing/text/html/parser/AttributeList.html
AttributeList =  https://docs.oracle.com/javase/7/docs/api/org/xml/sax/AttributeList.html
AttributeListImpl =  https://docs.oracle.com/javase/7/docs/api/org/xml/sax/helpers/AttributeListImpl.html
AttributeModificationException =  https://docs.oracle.com/javase/7/docs/api/javax/naming/directory/AttributeModificationException.html
AttributeNotFoundException =  https://docs.oracle.com/javase/7/docs/api/javax/management/AttributeNotFoundException.html
Attributes =  https://docs.oracle.com/javase/7/docs/api/java/util/jar/Attributes.html
Attributes =  https://docs.oracle.com/javase/7/docs/api/javax/naming/directory/Attributes.html
Attributes =  https://docs.oracle.com/javase/7/docs/api/org/xml/sax/Attributes.html
Attributes.Name =  https://docs.oracle.com/javase/7/docs/api/java/util/jar/Attributes.Name.html
Attributes2 =  https://docs.oracle.com/javase/7/docs/api/org/xml/sax/ext/Attributes2.html
Attributes2Impl =  https://docs.oracle.com/javase/7/docs/api/org/xml/sax/ext/Attributes2Impl.html
AttributeSet =  https://docs.oracle.com/javase/7/docs/api/javax/print/attribute/AttributeSet.html
AttributeSet =  https://docs.oracle.com/javase/7/docs/api/javax/swing/text/AttributeSet.html
AttributeSet.CharacterAttribute =  https://docs.oracle.com/javase/7/docs/api/javax/swing/text/AttributeSet.CharacterAttribute.html
AttributeSet.ColorAttribute =  https://docs.oracle.com/javase/7/docs/api/javax/swing/text/AttributeSet.ColorAttribute.html
AttributeSet.FontAttribute =  https://docs.oracle.com/javase/7/docs/api/javax/swing/text/AttributeSet.FontAttribute.html
AttributeSet.ParagraphAttribute =  https://docs.oracle.com/javase/7/docs/api/javax/swing/text/AttributeSet.ParagraphAttribute.html
AttributeSetUtilities =  https://docs.oracle.com/javase/7/docs/api/javax/print/attribute/AttributeSetUtilities.html
AttributesImpl =  https://docs.oracle.com/javase/7/docs/api/org/xml/sax/helpers/AttributesImpl.html
AttributeValueExp =  https://docs.oracle.com/javase/7/docs/api/javax/management/AttributeValueExp.html
AttributeView =  https://docs.oracle.com/javase/7/docs/api/java/nio/file/attribute/AttributeView.html
AudioClip =  https://docs.oracle.com/javase/7/docs/api/java/applet/AudioClip.html
AudioFileFormat =  https://docs.oracle.com/javase/7/docs/api/javax/sound/sampled/AudioFileFormat.html
AudioFileFormat.Type =  https://docs.oracle.com/javase/7/docs/api/javax/sound/sampled/AudioFileFormat.Type.html
AudioFileReader =  https://docs.oracle.com/javase/7/docs/api/javax/sound/sampled/spi/AudioFileReader.html
AudioFileWriter =  https://docs.oracle.com/javase/7/docs/api/javax/sound/sampled/spi/AudioFileWriter.html
AudioFormat =  https://docs.oracle.com/javase/7/docs/api/javax/sound/sampled/AudioFormat.html
AudioFormat.Encoding =  https://docs.oracle.com/javase/7/docs/api/javax/sound/sampled/AudioFormat.Encoding.html
AudioInputStream =  https://docs.oracle.com/javase/7/docs/api/javax/sound/sampled/AudioInputStream.html
AudioPermission =  https://docs.oracle.com/javase/7/docs/api/javax/sound/sampled/AudioPermission.html
AudioSystem =  https://docs.oracle.com/javase/7/docs/api/javax/sound/sampled/AudioSystem.html
AuthenticationException =  https://docs.oracle.com/javase/7/docs/api/javax/naming/AuthenticationException.html
AuthenticationException =  https://docs.oracle.com/javase/7/docs/api/javax/security/sasl/AuthenticationException.html
AuthenticationNotSupportedException =  https://docs.oracle.com/javase/7/docs/api/javax/naming/AuthenticationNotSupportedException.html
Authenticator =  https://docs.oracle.com/javase/7/docs/api/java/net/Authenticator.html
Authenticator.RequestorType =  https://docs.oracle.com/javase/7/docs/api/java/net/Authenticator.RequestorType.html
AuthorizeCallback =  https://docs.oracle.com/javase/7/docs/api/javax/security/sasl/AuthorizeCallback.html
AuthPermission =  https://docs.oracle.com/javase/7/docs/api/javax/security/auth/AuthPermission.html
AuthProvider =  https://docs.oracle.com/javase/7/docs/api/java/security/AuthProvider.html
AutoCloseable =  https://docs.oracle.com/javase/7/docs/api/java/lang/AutoCloseable.html
Autoscroll =  https://docs.oracle.com/javase/7/docs/api/java/awt/dnd/Autoscroll.html
AWTError =  https://docs.oracle.com/javase/7/docs/api/java/awt/AWTError.html
AWTEvent =  https://docs.oracle.com/javase/7/docs/api/java/awt/AWTEvent.html
AWTEventListener =  https://docs.oracle.com/javase/7/docs/api/java/awt/event/AWTEventListener.html
AWTEventListenerProxy =  https://docs.oracle.com/javase/7/docs/api/java/awt/event/AWTEventListenerProxy.html
AWTEventMulticaster =  https://docs.oracle.com/javase/7/docs/api/java/awt/AWTEventMulticaster.html
AWTException =  https://docs.oracle.com/javase/7/docs/api/java/awt/AWTException.html
AWTKeyStroke =  https://docs.oracle.com/javase/7/docs/api/java/awt/AWTKeyStroke.html
AWTPermission =  https://docs.oracle.com/javase/7/docs/api/java/awt/AWTPermission.html
BackingStoreException =  https://docs.oracle.com/javase/7/docs/api/java/util/prefs/BackingStoreException.html
BAD_CONTEXT =  https://docs.oracle.com/javase/7/docs/api/org/omg/CORBA/BAD_CONTEXT.html
BAD_INV_ORDER =  https://docs.oracle.com/javase/7/docs/api/org/omg/CORBA/BAD_INV_ORDER.html
BAD_OPERATION =  https://docs.oracle.com/javase/7/docs/api/org/omg/CORBA/BAD_OPERATION.html
BAD_PARAM =  https://docs.oracle.com/javase/7/docs/api/org/omg/CORBA/BAD_PARAM.html
BAD_POLICY =  https://docs.oracle.com/javase/7/docs/api/org/omg/CORBA/BAD_POLICY.html
BAD_POLICY_TYPE =  https://docs.oracle.com/javase/7/docs/api/org/omg/CORBA/BAD_POLICY_TYPE.html
BAD_POLICY_VALUE =  https://docs.oracle.com/javase/7/docs/api/org/omg/CORBA/BAD_POLICY_VALUE.html
BAD_QOS =  https://docs.oracle.com/javase/7/docs/api/org/omg/CORBA/BAD_QOS.html
BAD_TYPECODE =  https://docs.oracle.com/javase/7/docs/api/org/omg/CORBA/BAD_TYPECODE.html
BadAttributeValueExpException =  https://docs.oracle.com/javase/7/docs/api/javax/management/BadAttributeValueExpException.html
BadBinaryOpValueExpException =  https://docs.oracle.com/javase/7/docs/api/javax/management/BadBinaryOpValueExpException.html
BadKind =  https://docs.oracle.com/javase/7/docs/api/org/omg/CORBA/TypeCodePackage/BadKind.html
BadLocationException =  https://docs.oracle.com/javase/7/docs/api/javax/swing/text/BadLocationException.html
BadPaddingException =  https://docs.oracle.com/javase/7/docs/api/javax/crypto/BadPaddingException.html
BadStringOperationException =  https://docs.oracle.com/javase/7/docs/api/javax/management/BadStringOperationException.html
BandCombineOp =  https://docs.oracle.com/javase/7/docs/api/java/awt/image/BandCombineOp.html
BandedSampleModel =  https://docs.oracle.com/javase/7/docs/api/java/awt/image/BandedSampleModel.html
BaseRowSet =  https://docs.oracle.com/javase/7/docs/api/javax/sql/rowset/BaseRowSet.html
BasicArrowButton =  https://docs.oracle.com/javase/7/docs/api/javax/swing/plaf/basic/BasicArrowButton.html
BasicAttribute =  https://docs.oracle.com/javase/7/docs/api/javax/naming/directory/BasicAttribute.html
BasicAttributes =  https://docs.oracle.com/javase/7/docs/api/javax/naming/directory/BasicAttributes.html
BasicBorders =  https://docs.oracle.com/javase/7/docs/api/javax/swing/plaf/basic/BasicBorders.html
BasicBorders.ButtonBorder =  https://docs.oracle.com/javase/7/docs/api/javax/swing/plaf/basic/BasicBorders.ButtonBorder.html
BasicBorders.FieldBorder =  https://docs.oracle.com/javase/7/docs/api/javax/swing/plaf/basic/BasicBorders.FieldBorder.html
BasicBorders.MarginBorder =  https://docs.oracle.com/javase/7/docs/api/javax/swing/plaf/basic/BasicBorders.MarginBorder.html
BasicBorders.MenuBarBorder =  https://docs.oracle.com/javase/7/docs/api/javax/swing/plaf/basic/BasicBorders.MenuBarBorder.html
BasicBorders.RadioButtonBorder =  https://docs.oracle.com/javase/7/docs/api/javax/swing/plaf/basic/BasicBorders.RadioButtonBorder.html
BasicBorders.RolloverButtonBorder =  https://docs.oracle.com/javase/7/docs/api/javax/swing/plaf/basic/BasicBorders.RolloverButtonBorder.html
BasicBorders.SplitPaneBorder =  https://docs.oracle.com/javase/7/docs/api/javax/swing/plaf/basic/BasicBorders.SplitPaneBorder.html
BasicBorders.ToggleButtonBorder =  https://docs.oracle.com/javase/7/docs/api/javax/swing/plaf/basic/BasicBorders.ToggleButtonBorder.html
BasicButtonListener =  https://docs.oracle.com/javase/7/docs/api/javax/swing/plaf/basic/BasicButtonListener.html
BasicButtonUI =  https://docs.oracle.com/javase/7/docs/api/javax/swing/plaf/basic/BasicButtonUI.html
BasicCheckBoxMenuItemUI =  https://docs.oracle.com/javase/7/docs/api/javax/swing/plaf/basic/BasicCheckBoxMenuItemUI.html
BasicCheckBoxUI =  https://docs.oracle.com/javase/7/docs/api/javax/swing/plaf/basic/BasicCheckBoxUI.html
BasicColorChooserUI =  https://docs.oracle.com/javase/7/docs/api/javax/swing/plaf/basic/BasicColorChooserUI.html
BasicComboBoxEditor =  https://docs.oracle.com/javase/7/docs/api/javax/swing/plaf/basic/BasicComboBoxEditor.html
BasicComboBoxEditor.UIResource =  https://docs.oracle.com/javase/7/docs/api/javax/swing/plaf/basic/BasicComboBoxEditor.UIResource.html
BasicComboBoxRenderer =  https://docs.oracle.com/javase/7/docs/api/javax/swing/plaf/basic/BasicComboBoxRenderer.html
BasicComboBoxRenderer.UIResource =  https://docs.oracle.com/javase/7/docs/api/javax/swing/plaf/basic/BasicComboBoxRenderer.UIResource.html
BasicComboBoxUI =  https://docs.oracle.com/javase/7/docs/api/javax/swing/plaf/basic/BasicComboBoxUI.html
BasicComboPopup =  https://docs.oracle.com/javase/7/docs/api/javax/swing/plaf/basic/BasicComboPopup.html
BasicControl =  https://docs.oracle.com/javase/7/docs/api/javax/naming/ldap/BasicControl.html
BasicDesktopIconUI =  https://docs.oracle.com/javase/7/docs/api/javax/swing/plaf/basic/BasicDesktopIconUI.html
BasicDesktopPaneUI =  https://docs.oracle.com/javase/7/docs/api/javax/swing/plaf/basic/BasicDesktopPaneUI.html
BasicDirectoryModel =  https://docs.oracle.com/javase/7/docs/api/javax/swing/plaf/basic/BasicDirectoryModel.html
BasicEditorPaneUI =  https://docs.oracle.com/javase/7/docs/api/javax/swing/plaf/basic/BasicEditorPaneUI.html
BasicFileAttributes =  https://docs.oracle.com/javase/7/docs/api/java/nio/file/attribute/BasicFileAttributes.html
BasicFileAttributeView =  https://docs.oracle.com/javase/7/docs/api/java/nio/file/attribute/BasicFileAttributeView.html
BasicFileChooserUI =  https://docs.oracle.com/javase/7/docs/api/javax/swing/plaf/basic/BasicFileChooserUI.html
BasicFormattedTextFieldUI =  https://docs.oracle.com/javase/7/docs/api/javax/swing/plaf/basic/BasicFormattedTextFieldUI.html
BasicGraphicsUtils =  https://docs.oracle.com/javase/7/docs/api/javax/swing/plaf/basic/BasicGraphicsUtils.html
BasicHTML =  https://docs.oracle.com/javase/7/docs/api/javax/swing/plaf/basic/BasicHTML.html
BasicIconFactory =  https://docs.oracle.com/javase/7/docs/api/javax/swing/plaf/basic/BasicIconFactory.html
BasicInternalFrameTitlePane =  https://docs.oracle.com/javase/7/docs/api/javax/swing/plaf/basic/BasicInternalFrameTitlePane.html
BasicInternalFrameUI =  https://docs.oracle.com/javase/7/docs/api/javax/swing/plaf/basic/BasicInternalFrameUI.html
BasicLabelUI =  https://docs.oracle.com/javase/7/docs/api/javax/swing/plaf/basic/BasicLabelUI.html
BasicListUI =  https://docs.oracle.com/javase/7/docs/api/javax/swing/plaf/basic/BasicListUI.html
BasicLookAndFeel =  https://docs.oracle.com/javase/7/docs/api/javax/swing/plaf/basic/BasicLookAndFeel.html
BasicMenuBarUI =  https://docs.oracle.com/javase/7/docs/api/javax/swing/plaf/basic/BasicMenuBarUI.html
BasicMenuItemUI =  https://docs.oracle.com/javase/7/docs/api/javax/swing/plaf/basic/BasicMenuItemUI.html
BasicMenuUI =  https://docs.oracle.com/javase/7/docs/api/javax/swing/plaf/basic/BasicMenuUI.html
BasicOptionPaneUI =  https://docs.oracle.com/javase/7/docs/api/javax/swing/plaf/basic/BasicOptionPaneUI.html
BasicOptionPaneUI.ButtonAreaLayout =  https://docs.oracle.com/javase/7/docs/api/javax/swing/plaf/basic/BasicOptionPaneUI.ButtonAreaLayout.html
BasicPanelUI =  https://docs.oracle.com/javase/7/docs/api/javax/swing/plaf/basic/BasicPanelUI.html
BasicPasswordFieldUI =  https://docs.oracle.com/javase/7/docs/api/javax/swing/plaf/basic/BasicPasswordFieldUI.html
BasicPermission =  https://docs.oracle.com/javase/7/docs/api/java/security/BasicPermission.html
BasicPopupMenuSeparatorUI =  https://docs.oracle.com/javase/7/docs/api/javax/swing/plaf/basic/BasicPopupMenuSeparatorUI.html
BasicPopupMenuUI =  https://docs.oracle.com/javase/7/docs/api/javax/swing/plaf/basic/BasicPopupMenuUI.html
BasicProgressBarUI =  https://docs.oracle.com/javase/7/docs/api/javax/swing/plaf/basic/BasicProgressBarUI.html
BasicRadioButtonMenuItemUI =  https://docs.oracle.com/javase/7/docs/api/javax/swing/plaf/basic/BasicRadioButtonMenuItemUI.html
BasicRadioButtonUI =  https://docs.oracle.com/javase/7/docs/api/javax/swing/plaf/basic/BasicRadioButtonUI.html
BasicRootPaneUI =  https://docs.oracle.com/javase/7/docs/api/javax/swing/plaf/basic/BasicRootPaneUI.html
BasicScrollBarUI =  https://docs.oracle.com/javase/7/docs/api/javax/swing/plaf/basic/BasicScrollBarUI.html
BasicScrollPaneUI =  https://docs.oracle.com/javase/7/docs/api/javax/swing/plaf/basic/BasicScrollPaneUI.html
BasicSeparatorUI =  https://docs.oracle.com/javase/7/docs/api/javax/swing/plaf/basic/BasicSeparatorUI.html
BasicSliderUI =  https://docs.oracle.com/javase/7/docs/api/javax/swing/plaf/basic/BasicSliderUI.html
BasicSpinnerUI =  https://docs.oracle.com/javase/7/docs/api/javax/swing/plaf/basic/BasicSpinnerUI.html
BasicSplitPaneDivider =  https://docs.oracle.com/javase/7/docs/api/javax/swing/plaf/basic/BasicSplitPaneDivider.html
BasicSplitPaneUI =  https://docs.oracle.com/javase/7/docs/api/javax/swing/plaf/basic/BasicSplitPaneUI.html
BasicStroke =  https://docs.oracle.com/javase/7/docs/api/java/awt/BasicStroke.html
BasicTabbedPaneUI =  https://docs.oracle.com/javase/7/docs/api/javax/swing/plaf/basic/BasicTabbedPaneUI.html
BasicTableHeaderUI =  https://docs.oracle.com/javase/7/docs/api/javax/swing/plaf/basic/BasicTableHeaderUI.html
BasicTableUI =  https://docs.oracle.com/javase/7/docs/api/javax/swing/plaf/basic/BasicTableUI.html
BasicTextAreaUI =  https://docs.oracle.com/javase/7/docs/api/javax/swing/plaf/basic/BasicTextAreaUI.html
BasicTextFieldUI =  https://docs.oracle.com/javase/7/docs/api/javax/swing/plaf/basic/BasicTextFieldUI.html
BasicTextPaneUI =  https://docs.oracle.com/javase/7/docs/api/javax/swing/plaf/basic/BasicTextPaneUI.html
BasicTextUI =  https://docs.oracle.com/javase/7/docs/api/javax/swing/plaf/basic/BasicTextUI.html
BasicTextUI.BasicCaret =  https://docs.oracle.com/javase/7/docs/api/javax/swing/plaf/basic/BasicTextUI.BasicCaret.html
BasicTextUI.BasicHighlighter =  https://docs.oracle.com/javase/7/docs/api/javax/swing/plaf/basic/BasicTextUI.BasicHighlighter.html
BasicToggleButtonUI =  https://docs.oracle.com/javase/7/docs/api/javax/swing/plaf/basic/BasicToggleButtonUI.html
BasicToolBarSeparatorUI =  https://docs.oracle.com/javase/7/docs/api/javax/swing/plaf/basic/BasicToolBarSeparatorUI.html
BasicToolBarUI =  https://docs.oracle.com/javase/7/docs/api/javax/swing/plaf/basic/BasicToolBarUI.html
BasicToolTipUI =  https://docs.oracle.com/javase/7/docs/api/javax/swing/plaf/basic/BasicToolTipUI.html
BasicTreeUI =  https://docs.oracle.com/javase/7/docs/api/javax/swing/plaf/basic/BasicTreeUI.html
BasicViewportUI =  https://docs.oracle.com/javase/7/docs/api/javax/swing/plaf/basic/BasicViewportUI.html
BatchUpdateException =  https://docs.oracle.com/javase/7/docs/api/java/sql/BatchUpdateException.html
BeanContext =  https://docs.oracle.com/javase/7/docs/api/java/beans/beancontext/BeanContext.html
BeanContextChild =  https://docs.oracle.com/javase/7/docs/api/java/beans/beancontext/BeanContextChild.html
BeanContextChildComponentProxy =  https://docs.oracle.com/javase/7/docs/api/java/beans/beancontext/BeanContextChildComponentProxy.html
BeanContextChildSupport =  https://docs.oracle.com/javase/7/docs/api/java/beans/beancontext/BeanContextChildSupport.html
BeanContextContainerProxy =  https://docs.oracle.com/javase/7/docs/api/java/beans/beancontext/BeanContextContainerProxy.html
BeanContextEvent =  https://docs.oracle.com/javase/7/docs/api/java/beans/beancontext/BeanContextEvent.html
BeanContextMembershipEvent =  https://docs.oracle.com/javase/7/docs/api/java/beans/beancontext/BeanContextMembershipEvent.html
BeanContextMembershipListener =  https://docs.oracle.com/javase/7/docs/api/java/beans/beancontext/BeanContextMembershipListener.html
BeanContextProxy =  https://docs.oracle.com/javase/7/docs/api/java/beans/beancontext/BeanContextProxy.html
BeanContextServiceAvailableEvent =  https://docs.oracle.com/javase/7/docs/api/java/beans/beancontext/BeanContextServiceAvailableEvent.html
BeanContextServiceProvider =  https://docs.oracle.com/javase/7/docs/api/java/beans/beancontext/BeanContextServiceProvider.html
BeanContextServiceProviderBeanInfo =  https://docs.oracle.com/javase/7/docs/api/java/beans/beancontext/BeanContextServiceProviderBeanInfo.html
BeanContextServiceRevokedEvent =  https://docs.oracle.com/javase/7/docs/api/java/beans/beancontext/BeanContextServiceRevokedEvent.html
BeanContextServiceRevokedListener =  https://docs.oracle.com/javase/7/docs/api/java/beans/beancontext/BeanContextServiceRevokedListener.html
BeanContextServices =  https://docs.oracle.com/javase/7/docs/api/java/beans/beancontext/BeanContextServices.html
BeanContextServicesListener =  https://docs.oracle.com/javase/7/docs/api/java/beans/beancontext/BeanContextServicesListener.html
BeanContextServicesSupport =  https://docs.oracle.com/javase/7/docs/api/java/beans/beancontext/BeanContextServicesSupport.html
BeanContextServicesSupport.BCSSServiceProvider =  https://docs.oracle.com/javase/7/docs/api/java/beans/beancontext/BeanContextServicesSupport.BCSSServiceProvider.html
BeanContextSupport =  https://docs.oracle.com/javase/7/docs/api/java/beans/beancontext/BeanContextSupport.html
BeanContextSupport.BCSIterator =  https://docs.oracle.com/javase/7/docs/api/java/beans/beancontext/BeanContextSupport.BCSIterator.html
BeanDescriptor =  https://docs.oracle.com/javase/7/docs/api/java/beans/BeanDescriptor.html
BeanInfo =  https://docs.oracle.com/javase/7/docs/api/java/beans/BeanInfo.html
Beans =  https://docs.oracle.com/javase/7/docs/api/java/beans/Beans.html
BevelBorder =  https://docs.oracle.com/javase/7/docs/api/javax/swing/border/BevelBorder.html
Bidi =  https://docs.oracle.com/javase/7/docs/api/java/text/Bidi.html
BigDecimal =  https://docs.oracle.com/javase/7/docs/api/java/math/BigDecimal.html
BigInteger =  https://docs.oracle.com/javase/7/docs/api/java/math/BigInteger.html
BinaryRefAddr =  https://docs.oracle.com/javase/7/docs/api/javax/naming/BinaryRefAddr.html
Binder =  https://docs.oracle.com/javase/7/docs/api/javax/xml/bind/Binder.html
BindException =  https://docs.oracle.com/javase/7/docs/api/java/net/BindException.html
Binding =  https://docs.oracle.com/javase/7/docs/api/javax/naming/Binding.html
Binding =  https://docs.oracle.com/javase/7/docs/api/javax/xml/ws/Binding.html
Binding =  https://docs.oracle.com/javase/7/docs/api/org/omg/CosNaming/Binding.html
BindingHelper =  https://docs.oracle.com/javase/7/docs/api/org/omg/CosNaming/BindingHelper.html
BindingHolder =  https://docs.oracle.com/javase/7/docs/api/org/omg/CosNaming/BindingHolder.html
BindingIterator =  https://docs.oracle.com/javase/7/docs/api/org/omg/CosNaming/BindingIterator.html
BindingIteratorHelper =  https://docs.oracle.com/javase/7/docs/api/org/omg/CosNaming/BindingIteratorHelper.html
BindingIteratorHolder =  https://docs.oracle.com/javase/7/docs/api/org/omg/CosNaming/BindingIteratorHolder.html
BindingIteratorOperations =  https://docs.oracle.com/javase/7/docs/api/org/omg/CosNaming/BindingIteratorOperations.html
BindingIteratorPOA =  https://docs.oracle.com/javase/7/docs/api/org/omg/CosNaming/BindingIteratorPOA.html
BindingListHelper =  https://docs.oracle.com/javase/7/docs/api/org/omg/CosNaming/BindingListHelper.html
BindingListHolder =  https://docs.oracle.com/javase/7/docs/api/org/omg/CosNaming/BindingListHolder.html
BindingProvider =  https://docs.oracle.com/javase/7/docs/api/javax/xml/ws/BindingProvider.html
Bindings =  https://docs.oracle.com/javase/7/docs/api/javax/script/Bindings.html
BindingType =  https://docs.oracle.com/javase/7/docs/api/javax/xml/ws/BindingType.html
BindingType =  https://docs.oracle.com/javase/7/docs/api/org/omg/CosNaming/BindingType.html
BindingTypeHelper =  https://docs.oracle.com/javase/7/docs/api/org/omg/CosNaming/BindingTypeHelper.html
BindingTypeHolder =  https://docs.oracle.com/javase/7/docs/api/org/omg/CosNaming/BindingTypeHolder.html
BitSet =  https://docs.oracle.com/javase/7/docs/api/java/util/BitSet.html
Blob =  https://docs.oracle.com/javase/7/docs/api/java/sql/Blob.html
BlockingDeque =  https://docs.oracle.com/javase/7/docs/api/java/util/concurrent/BlockingDeque.html
BlockingQueue =  https://docs.oracle.com/javase/7/docs/api/java/util/concurrent/BlockingQueue.html
BlockView =  https://docs.oracle.com/javase/7/docs/api/javax/swing/text/html/BlockView.html
BMPImageWriteParam =  https://docs.oracle.com/javase/7/docs/api/javax/imageio/plugins/bmp/BMPImageWriteParam.html
Book =  https://docs.oracle.com/javase/7/docs/api/java/awt/print/Book.html
Boolean =  https://docs.oracle.com/javase/7/docs/api/java/lang/Boolean.html
BooleanControl =  https://docs.oracle.com/javase/7/docs/api/javax/sound/sampled/BooleanControl.html
BooleanControl.Type =  https://docs.oracle.com/javase/7/docs/api/javax/sound/sampled/BooleanControl.Type.html
BooleanHolder =  https://docs.oracle.com/javase/7/docs/api/org/omg/CORBA/BooleanHolder.html
BooleanSeqHelper =  https://docs.oracle.com/javase/7/docs/api/org/omg/CORBA/BooleanSeqHelper.html
BooleanSeqHolder =  https://docs.oracle.com/javase/7/docs/api/org/omg/CORBA/BooleanSeqHolder.html
BootstrapMethodError =  https://docs.oracle.com/javase/7/docs/api/java/lang/BootstrapMethodError.html
Border =  https://docs.oracle.com/javase/7/docs/api/javax/swing/border/Border.html
BorderFactory =  https://docs.oracle.com/javase/7/docs/api/javax/swing/BorderFactory.html
BorderLayout =  https://docs.oracle.com/javase/7/docs/api/java/awt/BorderLayout.html
BorderUIResource =  https://docs.oracle.com/javase/7/docs/api/javax/swing/plaf/BorderUIResource.html
BorderUIResource.BevelBorderUIResource =  https://docs.oracle.com/javase/7/docs/api/javax/swing/plaf/BorderUIResource.BevelBorderUIResource.html
BorderUIResource.CompoundBorderUIResource =  https://docs.oracle.com/javase/7/docs/api/javax/swing/plaf/BorderUIResource.CompoundBorderUIResource.html
BorderUIResource.EmptyBorderUIResource =  https://docs.oracle.com/javase/7/docs/api/javax/swing/plaf/BorderUIResource.EmptyBorderUIResource.html
BorderUIResource.EtchedBorderUIResource =  https://docs.oracle.com/javase/7/docs/api/javax/swing/plaf/BorderUIResource.EtchedBorderUIResource.html
BorderUIResource.LineBorderUIResource =  https://docs.oracle.com/javase/7/docs/api/javax/swing/plaf/BorderUIResource.LineBorderUIResource.html
BorderUIResource.MatteBorderUIResource =  https://docs.oracle.com/javase/7/docs/api/javax/swing/plaf/BorderUIResource.MatteBorderUIResource.html
BorderUIResource.TitledBorderUIResource =  https://docs.oracle.com/javase/7/docs/api/javax/swing/plaf/BorderUIResource.TitledBorderUIResource.html
BoundedRangeModel =  https://docs.oracle.com/javase/7/docs/api/javax/swing/BoundedRangeModel.html
Bounds =  https://docs.oracle.com/javase/7/docs/api/org/omg/CORBA/Bounds.html
Bounds =  https://docs.oracle.com/javase/7/docs/api/org/omg/CORBA/TypeCodePackage/Bounds.html
Box =  https://docs.oracle.com/javase/7/docs/api/javax/swing/Box.html
Box.Filler =  https://docs.oracle.com/javase/7/docs/api/javax/swing/Box.Filler.html
BoxedValueHelper =  https://docs.oracle.com/javase/7/docs/api/org/omg/CORBA/portable/BoxedValueHelper.html
BoxLayout =  https://docs.oracle.com/javase/7/docs/api/javax/swing/BoxLayout.html
BoxView =  https://docs.oracle.com/javase/7/docs/api/javax/swing/text/BoxView.html
BreakIterator =  https://docs.oracle.com/javase/7/docs/api/java/text/BreakIterator.html
BreakIteratorProvider =  https://docs.oracle.com/javase/7/docs/api/java/text/spi/BreakIteratorProvider.html
BrokenBarrierException =  https://docs.oracle.com/javase/7/docs/api/java/util/concurrent/BrokenBarrierException.html
Buffer =  https://docs.oracle.com/javase/7/docs/api/java/nio/Buffer.html
BufferCapabilities =  https://docs.oracle.com/javase/7/docs/api/java/awt/BufferCapabilities.html
BufferCapabilities.FlipContents =  https://docs.oracle.com/javase/7/docs/api/java/awt/BufferCapabilities.FlipContents.html
BufferedImage =  https://docs.oracle.com/javase/7/docs/api/java/awt/image/BufferedImage.html
BufferedImageFilter =  https://docs.oracle.com/javase/7/docs/api/java/awt/image/BufferedImageFilter.html
BufferedImageOp =  https://docs.oracle.com/javase/7/docs/api/java/awt/image/BufferedImageOp.html
BufferedInputStream =  https://docs.oracle.com/javase/7/docs/api/java/io/BufferedInputStream.html
BufferedOutputStream =  https://docs.oracle.com/javase/7/docs/api/java/io/BufferedOutputStream.html
BufferedReader =  https://docs.oracle.com/javase/7/docs/api/java/io/BufferedReader.html
BufferedWriter =  https://docs.oracle.com/javase/7/docs/api/java/io/BufferedWriter.html
BufferOverflowException =  https://docs.oracle.com/javase/7/docs/api/java/nio/BufferOverflowException.html
BufferPoolMXBean =  https://docs.oracle.com/javase/7/docs/api/java/lang/management/BufferPoolMXBean.html
BufferStrategy =  https://docs.oracle.com/javase/7/docs/api/java/awt/image/BufferStrategy.html
BufferUnderflowException =  https://docs.oracle.com/javase/7/docs/api/java/nio/BufferUnderflowException.html
Button =  https://docs.oracle.com/javase/7/docs/api/java/awt/Button.html
ButtonGroup =  https://docs.oracle.com/javase/7/docs/api/javax/swing/ButtonGroup.html
ButtonModel =  https://docs.oracle.com/javase/7/docs/api/javax/swing/ButtonModel.html
ButtonUI =  https://docs.oracle.com/javase/7/docs/api/javax/swing/plaf/ButtonUI.html
Byte =  https://docs.oracle.com/javase/7/docs/api/java/lang/Byte.html
ByteArrayInputStream =  https://docs.oracle.com/javase/7/docs/api/java/io/ByteArrayInputStream.html
ByteArrayOutputStream =  https://docs.oracle.com/javase/7/docs/api/java/io/ByteArrayOutputStream.html
ByteBuffer =  https://docs.oracle.com/javase/7/docs/api/java/nio/ByteBuffer.html
ByteChannel =  https://docs.oracle.com/javase/7/docs/api/java/nio/channels/ByteChannel.html
ByteHolder =  https://docs.oracle.com/javase/7/docs/api/org/omg/CORBA/ByteHolder.html
ByteLookupTable =  https://docs.oracle.com/javase/7/docs/api/java/awt/image/ByteLookupTable.html
ByteOrder =  https://docs.oracle.com/javase/7/docs/api/java/nio/ByteOrder.html
C14NMethodParameterSpec =  https://docs.oracle.com/javase/7/docs/api/javax/xml/crypto/dsig/spec/C14NMethodParameterSpec.html
CachedRowSet =  https://docs.oracle.com/javase/7/docs/api/javax/sql/rowset/CachedRowSet.html
CacheRequest =  https://docs.oracle.com/javase/7/docs/api/java/net/CacheRequest.html
CacheResponse =  https://docs.oracle.com/javase/7/docs/api/java/net/CacheResponse.html
Calendar =  https://docs.oracle.com/javase/7/docs/api/java/util/Calendar.html
Callable =  https://docs.oracle.com/javase/7/docs/api/java/util/concurrent/Callable.html
CallableStatement =  https://docs.oracle.com/javase/7/docs/api/java/sql/CallableStatement.html
Callback =  https://docs.oracle.com/javase/7/docs/api/javax/security/auth/callback/Callback.html
CallbackHandler =  https://docs.oracle.com/javase/7/docs/api/javax/security/auth/callback/CallbackHandler.html
CallSite =  https://docs.oracle.com/javase/7/docs/api/java/lang/invoke/CallSite.html
CancelablePrintJob =  https://docs.oracle.com/javase/7/docs/api/javax/print/CancelablePrintJob.html
CancellationException =  https://docs.oracle.com/javase/7/docs/api/java/util/concurrent/CancellationException.html
CancelledKeyException =  https://docs.oracle.com/javase/7/docs/api/java/nio/channels/CancelledKeyException.html
CannotProceed =  https://docs.oracle.com/javase/7/docs/api/org/omg/CosNaming/NamingContextPackage/CannotProceed.html
CannotProceedException =  https://docs.oracle.com/javase/7/docs/api/javax/naming/CannotProceedException.html
CannotProceedHelper =  https://docs.oracle.com/javase/7/docs/api/org/omg/CosNaming/NamingContextPackage/CannotProceedHelper.html
CannotProceedHolder =  https://docs.oracle.com/javase/7/docs/api/org/omg/CosNaming/NamingContextPackage/CannotProceedHolder.html
CannotRedoException =  https://docs.oracle.com/javase/7/docs/api/javax/swing/undo/CannotRedoException.html
CannotUndoException =  https://docs.oracle.com/javase/7/docs/api/javax/swing/undo/CannotUndoException.html
CanonicalizationMethod =  https://docs.oracle.com/javase/7/docs/api/javax/xml/crypto/dsig/CanonicalizationMethod.html
Canvas =  https://docs.oracle.com/javase/7/docs/api/java/awt/Canvas.html
CardLayout =  https://docs.oracle.com/javase/7/docs/api/java/awt/CardLayout.html
Caret =  https://docs.oracle.com/javase/7/docs/api/javax/swing/text/Caret.html
CaretEvent =  https://docs.oracle.com/javase/7/docs/api/javax/swing/event/CaretEvent.html
CaretListener =  https://docs.oracle.com/javase/7/docs/api/javax/swing/event/CaretListener.html
CDATASection =  https://docs.oracle.com/javase/7/docs/api/org/w3c/dom/CDATASection.html
CellEditor =  https://docs.oracle.com/javase/7/docs/api/javax/swing/CellEditor.html
CellEditorListener =  https://docs.oracle.com/javase/7/docs/api/javax/swing/event/CellEditorListener.html
CellRendererPane =  https://docs.oracle.com/javase/7/docs/api/javax/swing/CellRendererPane.html
Certificate =  https://docs.oracle.com/javase/7/docs/api/java/security/cert/Certificate.html
Certificate =  https://docs.oracle.com/javase/7/docs/api/java/security/Certificate.html
Certificate =  https://docs.oracle.com/javase/7/docs/api/javax/security/cert/Certificate.html
Certificate.CertificateRep =  https://docs.oracle.com/javase/7/docs/api/java/security/cert/Certificate.CertificateRep.html
CertificateEncodingException =  https://docs.oracle.com/javase/7/docs/api/java/security/cert/CertificateEncodingException.html
CertificateEncodingException =  https://docs.oracle.com/javase/7/docs/api/javax/security/cert/CertificateEncodingException.html
CertificateException =  https://docs.oracle.com/javase/7/docs/api/java/security/cert/CertificateException.html
CertificateException =  https://docs.oracle.com/javase/7/docs/api/javax/security/cert/CertificateException.html
CertificateExpiredException =  https://docs.oracle.com/javase/7/docs/api/java/security/cert/CertificateExpiredException.html
CertificateExpiredException =  https://docs.oracle.com/javase/7/docs/api/javax/security/cert/CertificateExpiredException.html
CertificateFactory =  https://docs.oracle.com/javase/7/docs/api/java/security/cert/CertificateFactory.html
CertificateFactorySpi =  https://docs.oracle.com/javase/7/docs/api/java/security/cert/CertificateFactorySpi.html
CertificateNotYetValidException =  https://docs.oracle.com/javase/7/docs/api/java/security/cert/CertificateNotYetValidException.html
CertificateNotYetValidException =  https://docs.oracle.com/javase/7/docs/api/javax/security/cert/CertificateNotYetValidException.html
CertificateParsingException =  https://docs.oracle.com/javase/7/docs/api/java/security/cert/CertificateParsingException.html
CertificateParsingException =  https://docs.oracle.com/javase/7/docs/api/javax/security/cert/CertificateParsingException.html
CertificateRevokedException =  https://docs.oracle.com/javase/7/docs/api/java/security/cert/CertificateRevokedException.html
CertPath =  https://docs.oracle.com/javase/7/docs/api/java/security/cert/CertPath.html
CertPath.CertPathRep =  https://docs.oracle.com/javase/7/docs/api/java/security/cert/CertPath.CertPathRep.html
CertPathBuilder =  https://docs.oracle.com/javase/7/docs/api/java/security/cert/CertPathBuilder.html
CertPathBuilderException =  https://docs.oracle.com/javase/7/docs/api/java/security/cert/CertPathBuilderException.html
CertPathBuilderResult =  https://docs.oracle.com/javase/7/docs/api/java/security/cert/CertPathBuilderResult.html
CertPathBuilderSpi =  https://docs.oracle.com/javase/7/docs/api/java/security/cert/CertPathBuilderSpi.html
CertPathParameters =  https://docs.oracle.com/javase/7/docs/api/java/security/cert/CertPathParameters.html
CertPathTrustManagerParameters =  https://docs.oracle.com/javase/7/docs/api/javax/net/ssl/CertPathTrustManagerParameters.html
CertPathValidator =  https://docs.oracle.com/javase/7/docs/api/java/security/cert/CertPathValidator.html
CertPathValidatorException =  https://docs.oracle.com/javase/7/docs/api/java/security/cert/CertPathValidatorException.html
CertPathValidatorException.BasicReason =  https://docs.oracle.com/javase/7/docs/api/java/security/cert/CertPathValidatorException.BasicReason.html
CertPathValidatorException.Reason =  https://docs.oracle.com/javase/7/docs/api/java/security/cert/CertPathValidatorException.Reason.html
CertPathValidatorResult =  https://docs.oracle.com/javase/7/docs/api/java/security/cert/CertPathValidatorResult.html
CertPathValidatorSpi =  https://docs.oracle.com/javase/7/docs/api/java/security/cert/CertPathValidatorSpi.html
CertSelector =  https://docs.oracle.com/javase/7/docs/api/java/security/cert/CertSelector.html
CertStore =  https://docs.oracle.com/javase/7/docs/api/java/security/cert/CertStore.html
CertStoreException =  https://docs.oracle.com/javase/7/docs/api/java/security/cert/CertStoreException.html
CertStoreParameters =  https://docs.oracle.com/javase/7/docs/api/java/security/cert/CertStoreParameters.html
CertStoreSpi =  https://docs.oracle.com/javase/7/docs/api/java/security/cert/CertStoreSpi.html
ChangedCharSetException =  https://docs.oracle.com/javase/7/docs/api/javax/swing/text/ChangedCharSetException.html
ChangeEvent =  https://docs.oracle.com/javase/7/docs/api/javax/swing/event/ChangeEvent.html
ChangeListener =  https://docs.oracle.com/javase/7/docs/api/javax/swing/event/ChangeListener.html
Channel =  https://docs.oracle.com/javase/7/docs/api/java/nio/channels/Channel.html
ChannelBinding =  https://docs.oracle.com/javase/7/docs/api/org/ietf/jgss/ChannelBinding.html
Channels =  https://docs.oracle.com/javase/7/docs/api/java/nio/channels/Channels.html
Character =  https://docs.oracle.com/javase/7/docs/api/java/lang/Character.html
Character.Subset =  https://docs.oracle.com/javase/7/docs/api/java/lang/Character.Subset.html
Character.UnicodeBlock =  https://docs.oracle.com/javase/7/docs/api/java/lang/Character.UnicodeBlock.html
Character.UnicodeScript =  https://docs.oracle.com/javase/7/docs/api/java/lang/Character.UnicodeScript.html
CharacterCodingException =  https://docs.oracle.com/javase/7/docs/api/java/nio/charset/CharacterCodingException.html
CharacterData =  https://docs.oracle.com/javase/7/docs/api/org/w3c/dom/CharacterData.html
CharacterIterator =  https://docs.oracle.com/javase/7/docs/api/java/text/CharacterIterator.html
Characters =  https://docs.oracle.com/javase/7/docs/api/javax/xml/stream/events/Characters.html
CharArrayReader =  https://docs.oracle.com/javase/7/docs/api/java/io/CharArrayReader.html
CharArrayWriter =  https://docs.oracle.com/javase/7/docs/api/java/io/CharArrayWriter.html
CharBuffer =  https://docs.oracle.com/javase/7/docs/api/java/nio/CharBuffer.html
CharConversionException =  https://docs.oracle.com/javase/7/docs/api/java/io/CharConversionException.html
CharHolder =  https://docs.oracle.com/javase/7/docs/api/org/omg/CORBA/CharHolder.html
CharSeqHelper =  https://docs.oracle.com/javase/7/docs/api/org/omg/CORBA/CharSeqHelper.html
CharSeqHolder =  https://docs.oracle.com/javase/7/docs/api/org/omg/CORBA/CharSeqHolder.html
CharSequence =  https://docs.oracle.com/javase/7/docs/api/java/lang/CharSequence.html
Charset =  https://docs.oracle.com/javase/7/docs/api/java/nio/charset/Charset.html
CharsetDecoder =  https://docs.oracle.com/javase/7/docs/api/java/nio/charset/CharsetDecoder.html
CharsetEncoder =  https://docs.oracle.com/javase/7/docs/api/java/nio/charset/CharsetEncoder.html
CharsetProvider =  https://docs.oracle.com/javase/7/docs/api/java/nio/charset/spi/CharsetProvider.html
Checkbox =  https://docs.oracle.com/javase/7/docs/api/java/awt/Checkbox.html
CheckboxGroup =  https://docs.oracle.com/javase/7/docs/api/java/awt/CheckboxGroup.html
CheckboxMenuItem =  https://docs.oracle.com/javase/7/docs/api/java/awt/CheckboxMenuItem.html
CheckedInputStream =  https://docs.oracle.com/javase/7/docs/api/java/util/zip/CheckedInputStream.html
CheckedOutputStream =  https://docs.oracle.com/javase/7/docs/api/java/util/zip/CheckedOutputStream.html
Checksum =  https://docs.oracle.com/javase/7/docs/api/java/util/zip/Checksum.html
Choice =  https://docs.oracle.com/javase/7/docs/api/java/awt/Choice.html
ChoiceCallback =  https://docs.oracle.com/javase/7/docs/api/javax/security/auth/callback/ChoiceCallback.html
ChoiceFormat =  https://docs.oracle.com/javase/7/docs/api/java/text/ChoiceFormat.html
Chromaticity =  https://docs.oracle.com/javase/7/docs/api/javax/print/attribute/standard/Chromaticity.html
Cipher =  https://docs.oracle.com/javase/7/docs/api/javax/crypto/Cipher.html
CipherInputStream =  https://docs.oracle.com/javase/7/docs/api/javax/crypto/CipherInputStream.html
CipherOutputStream =  https://docs.oracle.com/javase/7/docs/api/javax/crypto/CipherOutputStream.html
CipherSpi =  https://docs.oracle.com/javase/7/docs/api/javax/crypto/CipherSpi.html
Class =  https://docs.oracle.com/javase/7/docs/api/java/lang/Class.html
ClassCastException =  https://docs.oracle.com/javase/7/docs/api/java/lang/ClassCastException.html
ClassCircularityError =  https://docs.oracle.com/javase/7/docs/api/java/lang/ClassCircularityError.html
ClassDefinition =  https://docs.oracle.com/javase/7/docs/api/java/lang/instrument/ClassDefinition.html
ClassDesc =  https://docs.oracle.com/javase/7/docs/api/javax/rmi/CORBA/ClassDesc.html
ClassFileTransformer =  https://docs.oracle.com/javase/7/docs/api/java/lang/instrument/ClassFileTransformer.html
ClassFormatError =  https://docs.oracle.com/javase/7/docs/api/java/lang/ClassFormatError.html
ClassLoader =  https://docs.oracle.com/javase/7/docs/api/java/lang/ClassLoader.html
ClassLoaderRepository =  https://docs.oracle.com/javase/7/docs/api/javax/management/loading/ClassLoaderRepository.html
ClassLoadingMXBean =  https://docs.oracle.com/javase/7/docs/api/java/lang/management/ClassLoadingMXBean.html
ClassNotFoundException =  https://docs.oracle.com/javase/7/docs/api/java/lang/ClassNotFoundException.html
ClassValue =  https://docs.oracle.com/javase/7/docs/api/java/lang/ClassValue.html
ClientInfoStatus =  https://docs.oracle.com/javase/7/docs/api/java/sql/ClientInfoStatus.html
ClientRequestInfo =  https://docs.oracle.com/javase/7/docs/api/org/omg/PortableInterceptor/ClientRequestInfo.html
ClientRequestInfoOperations =  https://docs.oracle.com/javase/7/docs/api/org/omg/PortableInterceptor/ClientRequestInfoOperations.html
ClientRequestInterceptor =  https://docs.oracle.com/javase/7/docs/api/org/omg/PortableInterceptor/ClientRequestInterceptor.html
ClientRequestInterceptorOperations =  https://docs.oracle.com/javase/7/docs/api/org/omg/PortableInterceptor/ClientRequestInterceptorOperations.html
Clip =  https://docs.oracle.com/javase/7/docs/api/javax/sound/sampled/Clip.html
Clipboard =  https://docs.oracle.com/javase/7/docs/api/java/awt/datatransfer/Clipboard.html
ClipboardOwner =  https://docs.oracle.com/javase/7/docs/api/java/awt/datatransfer/ClipboardOwner.html
Clob =  https://docs.oracle.com/javase/7/docs/api/java/sql/Clob.html
Cloneable =  https://docs.oracle.com/javase/7/docs/api/java/lang/Cloneable.html
CloneNotSupportedException =  https://docs.oracle.com/javase/7/docs/api/java/lang/CloneNotSupportedException.html
Closeable =  https://docs.oracle.com/javase/7/docs/api/java/io/Closeable.html
ClosedByInterruptException =  https://docs.oracle.com/javase/7/docs/api/java/nio/channels/ClosedByInterruptException.html
ClosedChannelException =  https://docs.oracle.com/javase/7/docs/api/java/nio/channels/ClosedChannelException.html
ClosedDirectoryStreamException =  https://docs.oracle.com/javase/7/docs/api/java/nio/file/ClosedDirectoryStreamException.html
ClosedFileSystemException =  https://docs.oracle.com/javase/7/docs/api/java/nio/file/ClosedFileSystemException.html
ClosedSelectorException =  https://docs.oracle.com/javase/7/docs/api/java/nio/channels/ClosedSelectorException.html
ClosedWatchServiceException =  https://docs.oracle.com/javase/7/docs/api/java/nio/file/ClosedWatchServiceException.html
CMMException =  https://docs.oracle.com/javase/7/docs/api/java/awt/color/CMMException.html
Codec =  https://docs.oracle.com/javase/7/docs/api/org/omg/IOP/Codec.html
CodecFactory =  https://docs.oracle.com/javase/7/docs/api/org/omg/IOP/CodecFactory.html
CodecFactoryHelper =  https://docs.oracle.com/javase/7/docs/api/org/omg/IOP/CodecFactoryHelper.html
CodecFactoryOperations =  https://docs.oracle.com/javase/7/docs/api/org/omg/IOP/CodecFactoryOperations.html
CodecOperations =  https://docs.oracle.com/javase/7/docs/api/org/omg/IOP/CodecOperations.html
CoderMalfunctionError =  https://docs.oracle.com/javase/7/docs/api/java/nio/charset/CoderMalfunctionError.html
CoderResult =  https://docs.oracle.com/javase/7/docs/api/java/nio/charset/CoderResult.html
CODESET_INCOMPATIBLE =  https://docs.oracle.com/javase/7/docs/api/org/omg/CORBA/CODESET_INCOMPATIBLE.html
CodeSets =  https://docs.oracle.com/javase/7/docs/api/org/omg/IOP/CodeSets.html
CodeSigner =  https://docs.oracle.com/javase/7/docs/api/java/security/CodeSigner.html
CodeSource =  https://docs.oracle.com/javase/7/docs/api/java/security/CodeSource.html
CodingErrorAction =  https://docs.oracle.com/javase/7/docs/api/java/nio/charset/CodingErrorAction.html
CollapsedStringAdapter =  https://docs.oracle.com/javase/7/docs/api/javax/xml/bind/annotation/adapters/CollapsedStringAdapter.html
CollationElementIterator =  https://docs.oracle.com/javase/7/docs/api/java/text/CollationElementIterator.html
CollationKey =  https://docs.oracle.com/javase/7/docs/api/java/text/CollationKey.html
Collator =  https://docs.oracle.com/javase/7/docs/api/java/text/Collator.html
CollatorProvider =  https://docs.oracle.com/javase/7/docs/api/java/text/spi/CollatorProvider.html
Collection =  https://docs.oracle.com/javase/7/docs/api/java/util/Collection.html
CollectionCertStoreParameters =  https://docs.oracle.com/javase/7/docs/api/java/security/cert/CollectionCertStoreParameters.html
Collections =  https://docs.oracle.com/javase/7/docs/api/java/util/Collections.html
Color =  https://docs.oracle.com/javase/7/docs/api/java/awt/Color.html
ColorChooserComponentFactory =  https://docs.oracle.com/javase/7/docs/api/javax/swing/colorchooser/ColorChooserComponentFactory.html
ColorChooserUI =  https://docs.oracle.com/javase/7/docs/api/javax/swing/plaf/ColorChooserUI.html
ColorConvertOp =  https://docs.oracle.com/javase/7/docs/api/java/awt/image/ColorConvertOp.html
ColorModel =  https://docs.oracle.com/javase/7/docs/api/java/awt/image/ColorModel.html
ColorSelectionModel =  https://docs.oracle.com/javase/7/docs/api/javax/swing/colorchooser/ColorSelectionModel.html
ColorSpace =  https://docs.oracle.com/javase/7/docs/api/java/awt/color/ColorSpace.html
ColorSupported =  https://docs.oracle.com/javase/7/docs/api/javax/print/attribute/standard/ColorSupported.html
ColorType =  https://docs.oracle.com/javase/7/docs/api/javax/swing/plaf/synth/ColorType.html
ColorUIResource =  https://docs.oracle.com/javase/7/docs/api/javax/swing/plaf/ColorUIResource.html
ComboBoxEditor =  https://docs.oracle.com/javase/7/docs/api/javax/swing/ComboBoxEditor.html
ComboBoxModel =  https://docs.oracle.com/javase/7/docs/api/javax/swing/ComboBoxModel.html
ComboBoxUI =  https://docs.oracle.com/javase/7/docs/api/javax/swing/plaf/ComboBoxUI.html
ComboPopup =  https://docs.oracle.com/javase/7/docs/api/javax/swing/plaf/basic/ComboPopup.html
COMM_FAILURE =  https://docs.oracle.com/javase/7/docs/api/org/omg/CORBA/COMM_FAILURE.html
CommandInfo =  https://docs.oracle.com/javase/7/docs/api/javax/activation/CommandInfo.html
CommandMap =  https://docs.oracle.com/javase/7/docs/api/javax/activation/CommandMap.html
CommandObject =  https://docs.oracle.com/javase/7/docs/api/javax/activation/CommandObject.html
Comment =  https://docs.oracle.com/javase/7/docs/api/javax/xml/stream/events/Comment.html
Comment =  https://docs.oracle.com/javase/7/docs/api/org/w3c/dom/Comment.html
CommonDataSource =  https://docs.oracle.com/javase/7/docs/api/javax/sql/CommonDataSource.html
CommunicationException =  https://docs.oracle.com/javase/7/docs/api/javax/naming/CommunicationException.html
Comparable =  https://docs.oracle.com/javase/7/docs/api/java/lang/Comparable.html
Comparator =  https://docs.oracle.com/javase/7/docs/api/java/util/Comparator.html
Compilable =  https://docs.oracle.com/javase/7/docs/api/javax/script/Compilable.html
CompilationMXBean =  https://docs.oracle.com/javase/7/docs/api/java/lang/management/CompilationMXBean.html
CompiledScript =  https://docs.oracle.com/javase/7/docs/api/javax/script/CompiledScript.html
Compiler =  https://docs.oracle.com/javase/7/docs/api/java/lang/Compiler.html
Completion =  https://docs.oracle.com/javase/7/docs/api/javax/annotation/processing/Completion.html
CompletionHandler =  https://docs.oracle.com/javase/7/docs/api/java/nio/channels/CompletionHandler.html
Completions =  https://docs.oracle.com/javase/7/docs/api/javax/annotation/processing/Completions.html
CompletionService =  https://docs.oracle.com/javase/7/docs/api/java/util/concurrent/CompletionService.html
CompletionStatus =  https://docs.oracle.com/javase/7/docs/api/org/omg/CORBA/CompletionStatus.html
CompletionStatusHelper =  https://docs.oracle.com/javase/7/docs/api/org/omg/CORBA/CompletionStatusHelper.html
Component =  https://docs.oracle.com/javase/7/docs/api/java/awt/Component.html
Component.BaselineResizeBehavior =  https://docs.oracle.com/javase/7/docs/api/java/awt/Component.BaselineResizeBehavior.html
ComponentAdapter =  https://docs.oracle.com/javase/7/docs/api/java/awt/event/ComponentAdapter.html
ComponentColorModel =  https://docs.oracle.com/javase/7/docs/api/java/awt/image/ComponentColorModel.html
ComponentEvent =  https://docs.oracle.com/javase/7/docs/api/java/awt/event/ComponentEvent.html
ComponentIdHelper =  https://docs.oracle.com/javase/7/docs/api/org/omg/IOP/ComponentIdHelper.html
ComponentInputMap =  https://docs.oracle.com/javase/7/docs/api/javax/swing/ComponentInputMap.html
ComponentInputMapUIResource =  https://docs.oracle.com/javase/7/docs/api/javax/swing/plaf/ComponentInputMapUIResource.html
ComponentListener =  https://docs.oracle.com/javase/7/docs/api/java/awt/event/ComponentListener.html
ComponentOrientation =  https://docs.oracle.com/javase/7/docs/api/java/awt/ComponentOrientation.html
ComponentSampleModel =  https://docs.oracle.com/javase/7/docs/api/java/awt/image/ComponentSampleModel.html
ComponentUI =  https://docs.oracle.com/javase/7/docs/api/javax/swing/plaf/ComponentUI.html
ComponentView =  https://docs.oracle.com/javase/7/docs/api/javax/swing/text/ComponentView.html
Composite =  https://docs.oracle.com/javase/7/docs/api/java/awt/Composite.html
CompositeContext =  https://docs.oracle.com/javase/7/docs/api/java/awt/CompositeContext.html
CompositeData =  https://docs.oracle.com/javase/7/docs/api/javax/management/openmbean/CompositeData.html
CompositeDataInvocationHandler =  https://docs.oracle.com/javase/7/docs/api/javax/management/openmbean/CompositeDataInvocationHandler.html
CompositeDataSupport =  https://docs.oracle.com/javase/7/docs/api/javax/management/openmbean/CompositeDataSupport.html
CompositeDataView =  https://docs.oracle.com/javase/7/docs/api/javax/management/openmbean/CompositeDataView.html
CompositeName =  https://docs.oracle.com/javase/7/docs/api/javax/naming/CompositeName.html
CompositeType =  https://docs.oracle.com/javase/7/docs/api/javax/management/openmbean/CompositeType.html
CompositeView =  https://docs.oracle.com/javase/7/docs/api/javax/swing/text/CompositeView.html
CompoundBorder =  https://docs.oracle.com/javase/7/docs/api/javax/swing/border/CompoundBorder.html
CompoundControl =  https://docs.oracle.com/javase/7/docs/api/javax/sound/sampled/CompoundControl.html
CompoundControl.Type =  https://docs.oracle.com/javase/7/docs/api/javax/sound/sampled/CompoundControl.Type.html
CompoundEdit =  https://docs.oracle.com/javase/7/docs/api/javax/swing/undo/CompoundEdit.html
CompoundName =  https://docs.oracle.com/javase/7/docs/api/javax/naming/CompoundName.html
Compression =  https://docs.oracle.com/javase/7/docs/api/javax/print/attribute/standard/Compression.html
ConcurrentHashMap =  https://docs.oracle.com/javase/7/docs/api/java/util/concurrent/ConcurrentHashMap.html
ConcurrentLinkedDeque =  https://docs.oracle.com/javase/7/docs/api/java/util/concurrent/ConcurrentLinkedDeque.html
ConcurrentLinkedQueue =  https://docs.oracle.com/javase/7/docs/api/java/util/concurrent/ConcurrentLinkedQueue.html
ConcurrentMap =  https://docs.oracle.com/javase/7/docs/api/java/util/concurrent/ConcurrentMap.html
ConcurrentModificationException =  https://docs.oracle.com/javase/7/docs/api/java/util/ConcurrentModificationException.html
ConcurrentNavigableMap =  https://docs.oracle.com/javase/7/docs/api/java/util/concurrent/ConcurrentNavigableMap.html
ConcurrentSkipListMap =  https://docs.oracle.com/javase/7/docs/api/java/util/concurrent/ConcurrentSkipListMap.html
ConcurrentSkipListSet =  https://docs.oracle.com/javase/7/docs/api/java/util/concurrent/ConcurrentSkipListSet.html
Condition =  https://docs.oracle.com/javase/7/docs/api/java/util/concurrent/locks/Condition.html
Configuration =  https://docs.oracle.com/javase/7/docs/api/javax/security/auth/login/Configuration.html
Configuration.Parameters =  https://docs.oracle.com/javase/7/docs/api/javax/security/auth/login/Configuration.Parameters.html
ConfigurationException =  https://docs.oracle.com/javase/7/docs/api/javax/naming/ConfigurationException.html
ConfigurationSpi =  https://docs.oracle.com/javase/7/docs/api/javax/security/auth/login/ConfigurationSpi.html
ConfirmationCallback =  https://docs.oracle.com/javase/7/docs/api/javax/security/auth/callback/ConfirmationCallback.html
ConnectException =  https://docs.oracle.com/javase/7/docs/api/java/net/ConnectException.html
ConnectException =  https://docs.oracle.com/javase/7/docs/api/java/rmi/ConnectException.html
ConnectIOException =  https://docs.oracle.com/javase/7/docs/api/java/rmi/ConnectIOException.html
Connection =  https://docs.oracle.com/javase/7/docs/api/java/sql/Connection.html
ConnectionEvent =  https://docs.oracle.com/javase/7/docs/api/javax/sql/ConnectionEvent.html
ConnectionEventListener =  https://docs.oracle.com/javase/7/docs/api/javax/sql/ConnectionEventListener.html
ConnectionPendingException =  https://docs.oracle.com/javase/7/docs/api/java/nio/channels/ConnectionPendingException.html
ConnectionPoolDataSource =  https://docs.oracle.com/javase/7/docs/api/javax/sql/ConnectionPoolDataSource.html
Console =  https://docs.oracle.com/javase/7/docs/api/java/io/Console.html
ConsoleHandler =  https://docs.oracle.com/javase/7/docs/api/java/util/logging/ConsoleHandler.html
ConstantCallSite =  https://docs.oracle.com/javase/7/docs/api/java/lang/invoke/ConstantCallSite.html
Constructor =  https://docs.oracle.com/javase/7/docs/api/java/lang/reflect/Constructor.html
ConstructorProperties =  https://docs.oracle.com/javase/7/docs/api/java/beans/ConstructorProperties.html
Container =  https://docs.oracle.com/javase/7/docs/api/java/awt/Container.html
ContainerAdapter =  https://docs.oracle.com/javase/7/docs/api/java/awt/event/ContainerAdapter.html
ContainerEvent =  https://docs.oracle.com/javase/7/docs/api/java/awt/event/ContainerEvent.html
ContainerListener =  https://docs.oracle.com/javase/7/docs/api/java/awt/event/ContainerListener.html
ContainerOrderFocusTraversalPolicy =  https://docs.oracle.com/javase/7/docs/api/java/awt/ContainerOrderFocusTraversalPolicy.html
ContentHandler =  https://docs.oracle.com/javase/7/docs/api/java/net/ContentHandler.html
ContentHandler =  https://docs.oracle.com/javase/7/docs/api/org/xml/sax/ContentHandler.html
ContentHandlerFactory =  https://docs.oracle.com/javase/7/docs/api/java/net/ContentHandlerFactory.html
ContentModel =  https://docs.oracle.com/javase/7/docs/api/javax/swing/text/html/parser/ContentModel.html
Context =  https://docs.oracle.com/javase/7/docs/api/javax/naming/Context.html
Context =  https://docs.oracle.com/javase/7/docs/api/org/omg/CORBA/Context.html
ContextList =  https://docs.oracle.com/javase/7/docs/api/org/omg/CORBA/ContextList.html
ContextNotEmptyException =  https://docs.oracle.com/javase/7/docs/api/javax/naming/ContextNotEmptyException.html
ContextualRenderedImageFactory =  https://docs.oracle.com/javase/7/docs/api/java/awt/image/renderable/ContextualRenderedImageFactory.html
Control =  https://docs.oracle.com/javase/7/docs/api/javax/naming/ldap/Control.html
Control =  https://docs.oracle.com/javase/7/docs/api/javax/sound/sampled/Control.html
Control.Type =  https://docs.oracle.com/javase/7/docs/api/javax/sound/sampled/Control.Type.html
ControlFactory =  https://docs.oracle.com/javase/7/docs/api/javax/naming/ldap/ControlFactory.html
ControllerEventListener =  https://docs.oracle.com/javase/7/docs/api/javax/sound/midi/ControllerEventListener.html
ConvolveOp =  https://docs.oracle.com/javase/7/docs/api/java/awt/image/ConvolveOp.html
CookieHandler =  https://docs.oracle.com/javase/7/docs/api/java/net/CookieHandler.html
CookieHolder =  https://docs.oracle.com/javase/7/docs/api/org/omg/PortableServer/ServantLocatorPackage/CookieHolder.html
CookieManager =  https://docs.oracle.com/javase/7/docs/api/java/net/CookieManager.html
CookiePolicy =  https://docs.oracle.com/javase/7/docs/api/java/net/CookiePolicy.html
CookieStore =  https://docs.oracle.com/javase/7/docs/api/java/net/CookieStore.html
Copies =  https://docs.oracle.com/javase/7/docs/api/javax/print/attribute/standard/Copies.html
CopiesSupported =  https://docs.oracle.com/javase/7/docs/api/javax/print/attribute/standard/CopiesSupported.html
CopyOnWriteArrayList =  https://docs.oracle.com/javase/7/docs/api/java/util/concurrent/CopyOnWriteArrayList.html
CopyOnWriteArraySet =  https://docs.oracle.com/javase/7/docs/api/java/util/concurrent/CopyOnWriteArraySet.html
CopyOption =  https://docs.oracle.com/javase/7/docs/api/java/nio/file/CopyOption.html
CountDownLatch =  https://docs.oracle.com/javase/7/docs/api/java/util/concurrent/CountDownLatch.html
CounterMonitor =  https://docs.oracle.com/javase/7/docs/api/javax/management/monitor/CounterMonitor.html
CounterMonitorMBean =  https://docs.oracle.com/javase/7/docs/api/javax/management/monitor/CounterMonitorMBean.html
CRC32 =  https://docs.oracle.com/javase/7/docs/api/java/util/zip/CRC32.html
CredentialException =  https://docs.oracle.com/javase/7/docs/api/javax/security/auth/login/CredentialException.html
CredentialExpiredException =  https://docs.oracle.com/javase/7/docs/api/javax/security/auth/login/CredentialExpiredException.html
CredentialNotFoundException =  https://docs.oracle.com/javase/7/docs/api/javax/security/auth/login/CredentialNotFoundException.html
CRL =  https://docs.oracle.com/javase/7/docs/api/java/security/cert/CRL.html
CRLException =  https://docs.oracle.com/javase/7/docs/api/java/security/cert/CRLException.html
CRLReason =  https://docs.oracle.com/javase/7/docs/api/java/security/cert/CRLReason.html
CRLSelector =  https://docs.oracle.com/javase/7/docs/api/java/security/cert/CRLSelector.html
CropImageFilter =  https://docs.oracle.com/javase/7/docs/api/java/awt/image/CropImageFilter.html
CryptoPrimitive =  https://docs.oracle.com/javase/7/docs/api/java/security/CryptoPrimitive.html
CSS =  https://docs.oracle.com/javase/7/docs/api/javax/swing/text/html/CSS.html
CSS.Attribute =  https://docs.oracle.com/javase/7/docs/api/javax/swing/text/html/CSS.Attribute.html
CTX_RESTRICT_SCOPE =  https://docs.oracle.com/javase/7/docs/api/org/omg/CORBA/CTX_RESTRICT_SCOPE.html
CubicCurve2D =  https://docs.oracle.com/javase/7/docs/api/java/awt/geom/CubicCurve2D.html
CubicCurve2D.Double =  https://docs.oracle.com/javase/7/docs/api/java/awt/geom/CubicCurve2D.Double.html
CubicCurve2D.Float =  https://docs.oracle.com/javase/7/docs/api/java/awt/geom/CubicCurve2D.Float.html
Currency =  https://docs.oracle.com/javase/7/docs/api/java/util/Currency.html
CurrencyNameProvider =  https://docs.oracle.com/javase/7/docs/api/java/util/spi/CurrencyNameProvider.html
Current =  https://docs.oracle.com/javase/7/docs/api/org/omg/CORBA/Current.html
Current =  https://docs.oracle.com/javase/7/docs/api/org/omg/PortableInterceptor/Current.html
Current =  https://docs.oracle.com/javase/7/docs/api/org/omg/PortableServer/Current.html
CurrentHelper =  https://docs.oracle.com/javase/7/docs/api/org/omg/CORBA/CurrentHelper.html
CurrentHelper =  https://docs.oracle.com/javase/7/docs/api/org/omg/PortableInterceptor/CurrentHelper.html
CurrentHelper =  https://docs.oracle.com/javase/7/docs/api/org/omg/PortableServer/CurrentHelper.html
CurrentHolder =  https://docs.oracle.com/javase/7/docs/api/org/omg/CORBA/CurrentHolder.html
CurrentOperations =  https://docs.oracle.com/javase/7/docs/api/org/omg/CORBA/CurrentOperations.html
CurrentOperations =  https://docs.oracle.com/javase/7/docs/api/org/omg/PortableInterceptor/CurrentOperations.html
CurrentOperations =  https://docs.oracle.com/javase/7/docs/api/org/omg/PortableServer/CurrentOperations.html
Cursor =  https://docs.oracle.com/javase/7/docs/api/java/awt/Cursor.html
Customizer =  https://docs.oracle.com/javase/7/docs/api/java/beans/Customizer.html
CustomMarshal =  https://docs.oracle.com/javase/7/docs/api/org/omg/CORBA/CustomMarshal.html
CustomValue =  https://docs.oracle.com/javase/7/docs/api/org/omg/CORBA/portable/CustomValue.html
CyclicBarrier =  https://docs.oracle.com/javase/7/docs/api/java/util/concurrent/CyclicBarrier.html
Data =  https://docs.oracle.com/javase/7/docs/api/javax/xml/crypto/Data.html
DATA_CONVERSION =  https://docs.oracle.com/javase/7/docs/api/org/omg/CORBA/DATA_CONVERSION.html
DatabaseMetaData =  https://docs.oracle.com/javase/7/docs/api/java/sql/DatabaseMetaData.html
DataBindingException =  https://docs.oracle.com/javase/7/docs/api/javax/xml/bind/DataBindingException.html
DataBuffer =  https://docs.oracle.com/javase/7/docs/api/java/awt/image/DataBuffer.html
DataBufferByte =  https://docs.oracle.com/javase/7/docs/api/java/awt/image/DataBufferByte.html
DataBufferDouble =  https://docs.oracle.com/javase/7/docs/api/java/awt/image/DataBufferDouble.html
DataBufferFloat =  https://docs.oracle.com/javase/7/docs/api/java/awt/image/DataBufferFloat.html
DataBufferInt =  https://docs.oracle.com/javase/7/docs/api/java/awt/image/DataBufferInt.html
DataBufferShort =  https://docs.oracle.com/javase/7/docs/api/java/awt/image/DataBufferShort.html
DataBufferUShort =  https://docs.oracle.com/javase/7/docs/api/java/awt/image/DataBufferUShort.html
DataContentHandler =  https://docs.oracle.com/javase/7/docs/api/javax/activation/DataContentHandler.html
DataContentHandlerFactory =  https://docs.oracle.com/javase/7/docs/api/javax/activation/DataContentHandlerFactory.html
DataFlavor =  https://docs.oracle.com/javase/7/docs/api/java/awt/datatransfer/DataFlavor.html
DataFormatException =  https://docs.oracle.com/javase/7/docs/api/java/util/zip/DataFormatException.html
DatagramChannel =  https://docs.oracle.com/javase/7/docs/api/java/nio/channels/DatagramChannel.html
DatagramPacket =  https://docs.oracle.com/javase/7/docs/api/java/net/DatagramPacket.html
DatagramSocket =  https://docs.oracle.com/javase/7/docs/api/java/net/DatagramSocket.html
DatagramSocketImpl =  https://docs.oracle.com/javase/7/docs/api/java/net/DatagramSocketImpl.html
DatagramSocketImplFactory =  https://docs.oracle.com/javase/7/docs/api/java/net/DatagramSocketImplFactory.html
DataHandler =  https://docs.oracle.com/javase/7/docs/api/javax/activation/DataHandler.html
DataInput =  https://docs.oracle.com/javase/7/docs/api/java/io/DataInput.html
DataInputStream =  https://docs.oracle.com/javase/7/docs/api/java/io/DataInputStream.html
DataInputStream =  https://docs.oracle.com/javase/7/docs/api/org/omg/CORBA/DataInputStream.html
DataLine =  https://docs.oracle.com/javase/7/docs/api/javax/sound/sampled/DataLine.html
DataLine.Info =  https://docs.oracle.com/javase/7/docs/api/javax/sound/sampled/DataLine.Info.html
DataOutput =  https://docs.oracle.com/javase/7/docs/api/java/io/DataOutput.html
DataOutputStream =  https://docs.oracle.com/javase/7/docs/api/java/io/DataOutputStream.html
DataOutputStream =  https://docs.oracle.com/javase/7/docs/api/org/omg/CORBA/DataOutputStream.html
DataSource =  https://docs.oracle.com/javase/7/docs/api/javax/activation/DataSource.html
DataSource =  https://docs.oracle.com/javase/7/docs/api/javax/sql/DataSource.html
DataTruncation =  https://docs.oracle.com/javase/7/docs/api/java/sql/DataTruncation.html
DatatypeConfigurationException =  https://docs.oracle.com/javase/7/docs/api/javax/xml/datatype/DatatypeConfigurationException.html
DatatypeConstants =  https://docs.oracle.com/javase/7/docs/api/javax/xml/datatype/DatatypeConstants.html
DatatypeConstants.Field =  https://docs.oracle.com/javase/7/docs/api/javax/xml/datatype/DatatypeConstants.Field.html
DatatypeConverter =  https://docs.oracle.com/javase/7/docs/api/javax/xml/bind/DatatypeConverter.html
DatatypeConverterInterface =  https://docs.oracle.com/javase/7/docs/api/javax/xml/bind/DatatypeConverterInterface.html
DatatypeFactory =  https://docs.oracle.com/javase/7/docs/api/javax/xml/datatype/DatatypeFactory.html
Date =  https://docs.oracle.com/javase/7/docs/api/java/sql/Date.html
Date =  https://docs.oracle.com/javase/7/docs/api/java/util/Date.html
DateFormat =  https://docs.oracle.com/javase/7/docs/api/java/text/DateFormat.html
DateFormat.Field =  https://docs.oracle.com/javase/7/docs/api/java/text/DateFormat.Field.html
DateFormatProvider =  https://docs.oracle.com/javase/7/docs/api/java/text/spi/DateFormatProvider.html
DateFormatSymbols =  https://docs.oracle.com/javase/7/docs/api/java/text/DateFormatSymbols.html
DateFormatSymbolsProvider =  https://docs.oracle.com/javase/7/docs/api/java/text/spi/DateFormatSymbolsProvider.html
DateFormatter =  https://docs.oracle.com/javase/7/docs/api/javax/swing/text/DateFormatter.html
DateTimeAtCompleted =  https://docs.oracle.com/javase/7/docs/api/javax/print/attribute/standard/DateTimeAtCompleted.html
DateTimeAtCreation =  https://docs.oracle.com/javase/7/docs/api/javax/print/attribute/standard/DateTimeAtCreation.html
DateTimeAtProcessing =  https://docs.oracle.com/javase/7/docs/api/javax/print/attribute/standard/DateTimeAtProcessing.html
DateTimeSyntax =  https://docs.oracle.com/javase/7/docs/api/javax/print/attribute/DateTimeSyntax.html
DebugGraphics =  https://docs.oracle.com/javase/7/docs/api/javax/swing/DebugGraphics.html
DecimalFormat =  https://docs.oracle.com/javase/7/docs/api/java/text/DecimalFormat.html
DecimalFormatSymbols =  https://docs.oracle.com/javase/7/docs/api/java/text/DecimalFormatSymbols.html
DecimalFormatSymbolsProvider =  https://docs.oracle.com/javase/7/docs/api/java/text/spi/DecimalFormatSymbolsProvider.html
DeclaredType =  https://docs.oracle.com/javase/7/docs/api/javax/lang/model/type/DeclaredType.html
DeclHandler =  https://docs.oracle.com/javase/7/docs/api/org/xml/sax/ext/DeclHandler.html
DefaultBoundedRangeModel =  https://docs.oracle.com/javase/7/docs/api/javax/swing/DefaultBoundedRangeModel.html
DefaultButtonModel =  https://docs.oracle.com/javase/7/docs/api/javax/swing/DefaultButtonModel.html
DefaultCaret =  https://docs.oracle.com/javase/7/docs/api/javax/swing/text/DefaultCaret.html
DefaultCellEditor =  https://docs.oracle.com/javase/7/docs/api/javax/swing/DefaultCellEditor.html
DefaultColorSelectionModel =  https://docs.oracle.com/javase/7/docs/api/javax/swing/colorchooser/DefaultColorSelectionModel.html
DefaultComboBoxModel =  https://docs.oracle.com/javase/7/docs/api/javax/swing/DefaultComboBoxModel.html
DefaultDesktopManager =  https://docs.oracle.com/javase/7/docs/api/javax/swing/DefaultDesktopManager.html
DefaultEditorKit =  https://docs.oracle.com/javase/7/docs/api/javax/swing/text/DefaultEditorKit.html
DefaultEditorKit.BeepAction =  https://docs.oracle.com/javase/7/docs/api/javax/swing/text/DefaultEditorKit.BeepAction.html
DefaultEditorKit.CopyAction =  https://docs.oracle.com/javase/7/docs/api/javax/swing/text/DefaultEditorKit.CopyAction.html
DefaultEditorKit.CutAction =  https://docs.oracle.com/javase/7/docs/api/javax/swing/text/DefaultEditorKit.CutAction.html
DefaultEditorKit.DefaultKeyTypedAction =  https://docs.oracle.com/javase/7/docs/api/javax/swing/text/DefaultEditorKit.DefaultKeyTypedAction.html
DefaultEditorKit.InsertBreakAction =  https://docs.oracle.com/javase/7/docs/api/javax/swing/text/DefaultEditorKit.InsertBreakAction.html
DefaultEditorKit.InsertContentAction =  https://docs.oracle.com/javase/7/docs/api/javax/swing/text/DefaultEditorKit.InsertContentAction.html
DefaultEditorKit.InsertTabAction =  https://docs.oracle.com/javase/7/docs/api/javax/swing/text/DefaultEditorKit.InsertTabAction.html
DefaultEditorKit.PasteAction =  https://docs.oracle.com/javase/7/docs/api/javax/swing/text/DefaultEditorKit.PasteAction.html
DefaultFocusManager =  https://docs.oracle.com/javase/7/docs/api/javax/swing/DefaultFocusManager.html
DefaultFocusTraversalPolicy =  https://docs.oracle.com/javase/7/docs/api/java/awt/DefaultFocusTraversalPolicy.html
DefaultFormatter =  https://docs.oracle.com/javase/7/docs/api/javax/swing/text/DefaultFormatter.html
DefaultFormatterFactory =  https://docs.oracle.com/javase/7/docs/api/javax/swing/text/DefaultFormatterFactory.html
DefaultHandler =  https://docs.oracle.com/javase/7/docs/api/org/xml/sax/helpers/DefaultHandler.html
DefaultHandler2 =  https://docs.oracle.com/javase/7/docs/api/org/xml/sax/ext/DefaultHandler2.html
DefaultHighlighter =  https://docs.oracle.com/javase/7/docs/api/javax/swing/text/DefaultHighlighter.html
DefaultHighlighter.DefaultHighlightPainter =  https://docs.oracle.com/javase/7/docs/api/javax/swing/text/DefaultHighlighter.DefaultHighlightPainter.html
DefaultKeyboardFocusManager =  https://docs.oracle.com/javase/7/docs/api/java/awt/DefaultKeyboardFocusManager.html
DefaultListCellRenderer =  https://docs.oracle.com/javase/7/docs/api/javax/swing/DefaultListCellRenderer.html
DefaultListCellRenderer.UIResource =  https://docs.oracle.com/javase/7/docs/api/javax/swing/DefaultListCellRenderer.UIResource.html
DefaultListModel =  https://docs.oracle.com/javase/7/docs/api/javax/swing/DefaultListModel.html
DefaultListSelectionModel =  https://docs.oracle.com/javase/7/docs/api/javax/swing/DefaultListSelectionModel.html
DefaultLoaderRepository =  https://docs.oracle.com/javase/7/docs/api/javax/management/DefaultLoaderRepository.html
DefaultLoaderRepository =  https://docs.oracle.com/javase/7/docs/api/javax/management/loading/DefaultLoaderRepository.html
DefaultMenuLayout =  https://docs.oracle.com/javase/7/docs/api/javax/swing/plaf/basic/DefaultMenuLayout.html
DefaultMetalTheme =  https://docs.oracle.com/javase/7/docs/api/javax/swing/plaf/metal/DefaultMetalTheme.html
DefaultMutableTreeNode =  https://docs.oracle.com/javase/7/docs/api/javax/swing/tree/DefaultMutableTreeNode.html
DefaultPersistenceDelegate =  https://docs.oracle.com/javase/7/docs/api/java/beans/DefaultPersistenceDelegate.html
DefaultRowSorter =  https://docs.oracle.com/javase/7/docs/api/javax/swing/DefaultRowSorter.html
DefaultRowSorter.ModelWrapper =  https://docs.oracle.com/javase/7/docs/api/javax/swing/DefaultRowSorter.ModelWrapper.html
DefaultSingleSelectionModel =  https://docs.oracle.com/javase/7/docs/api/javax/swing/DefaultSingleSelectionModel.html
DefaultStyledDocument =  https://docs.oracle.com/javase/7/docs/api/javax/swing/text/DefaultStyledDocument.html
DefaultStyledDocument.AttributeUndoableEdit =  https://docs.oracle.com/javase/7/docs/api/javax/swing/text/DefaultStyledDocument.AttributeUndoableEdit.html
DefaultStyledDocument.ElementSpec =  https://docs.oracle.com/javase/7/docs/api/javax/swing/text/DefaultStyledDocument.ElementSpec.html
DefaultTableCellRenderer =  https://docs.oracle.com/javase/7/docs/api/javax/swing/table/DefaultTableCellRenderer.html
DefaultTableCellRenderer.UIResource =  https://docs.oracle.com/javase/7/docs/api/javax/swing/table/DefaultTableCellRenderer.UIResource.html
DefaultTableColumnModel =  https://docs.oracle.com/javase/7/docs/api/javax/swing/table/DefaultTableColumnModel.html
DefaultTableModel =  https://docs.oracle.com/javase/7/docs/api/javax/swing/table/DefaultTableModel.html
DefaultTextUI =  https://docs.oracle.com/javase/7/docs/api/javax/swing/text/DefaultTextUI.html
DefaultTreeCellEditor =  https://docs.oracle.com/javase/7/docs/api/javax/swing/tree/DefaultTreeCellEditor.html
DefaultTreeCellRenderer =  https://docs.oracle.com/javase/7/docs/api/javax/swing/tree/DefaultTreeCellRenderer.html
DefaultTreeModel =  https://docs.oracle.com/javase/7/docs/api/javax/swing/tree/DefaultTreeModel.html
DefaultTreeSelectionModel =  https://docs.oracle.com/javase/7/docs/api/javax/swing/tree/DefaultTreeSelectionModel.html
DefaultValidationEventHandler =  https://docs.oracle.com/javase/7/docs/api/javax/xml/bind/helpers/DefaultValidationEventHandler.html
DefinitionKind =  https://docs.oracle.com/javase/7/docs/api/org/omg/CORBA/DefinitionKind.html
DefinitionKindHelper =  https://docs.oracle.com/javase/7/docs/api/org/omg/CORBA/DefinitionKindHelper.html
Deflater =  https://docs.oracle.com/javase/7/docs/api/java/util/zip/Deflater.html
DeflaterInputStream =  https://docs.oracle.com/javase/7/docs/api/java/util/zip/DeflaterInputStream.html
DeflaterOutputStream =  https://docs.oracle.com/javase/7/docs/api/java/util/zip/DeflaterOutputStream.html
Delayed =  https://docs.oracle.com/javase/7/docs/api/java/util/concurrent/Delayed.html
DelayQueue =  https://docs.oracle.com/javase/7/docs/api/java/util/concurrent/DelayQueue.html
Delegate =  https://docs.oracle.com/javase/7/docs/api/org/omg/CORBA/portable/Delegate.html
Delegate =  https://docs.oracle.com/javase/7/docs/api/org/omg/CORBA_2_3/portable/Delegate.html
Delegate =  https://docs.oracle.com/javase/7/docs/api/org/omg/PortableServer/portable/Delegate.html
DelegationPermission =  https://docs.oracle.com/javase/7/docs/api/javax/security/auth/kerberos/DelegationPermission.html
Deprecated =  https://docs.oracle.com/javase/7/docs/api/java/lang/Deprecated.html
Deque =  https://docs.oracle.com/javase/7/docs/api/java/util/Deque.html
Descriptor =  https://docs.oracle.com/javase/7/docs/api/javax/management/Descriptor.html
DescriptorAccess =  https://docs.oracle.com/javase/7/docs/api/javax/management/DescriptorAccess.html
DescriptorKey =  https://docs.oracle.com/javase/7/docs/api/javax/management/DescriptorKey.html
DescriptorRead =  https://docs.oracle.com/javase/7/docs/api/javax/management/DescriptorRead.html
DescriptorSupport =  https://docs.oracle.com/javase/7/docs/api/javax/management/modelmbean/DescriptorSupport.html
DESedeKeySpec =  https://docs.oracle.com/javase/7/docs/api/javax/crypto/spec/DESedeKeySpec.html
DesignMode =  https://docs.oracle.com/javase/7/docs/api/java/beans/DesignMode.html
DESKeySpec =  https://docs.oracle.com/javase/7/docs/api/javax/crypto/spec/DESKeySpec.html
Desktop =  https://docs.oracle.com/javase/7/docs/api/java/awt/Desktop.html
Desktop.Action =  https://docs.oracle.com/javase/7/docs/api/java/awt/Desktop.Action.html
DesktopIconUI =  https://docs.oracle.com/javase/7/docs/api/javax/swing/plaf/DesktopIconUI.html
DesktopManager =  https://docs.oracle.com/javase/7/docs/api/javax/swing/DesktopManager.html
DesktopPaneUI =  https://docs.oracle.com/javase/7/docs/api/javax/swing/plaf/DesktopPaneUI.html
Destination =  https://docs.oracle.com/javase/7/docs/api/javax/print/attribute/standard/Destination.html
Destroyable =  https://docs.oracle.com/javase/7/docs/api/javax/security/auth/Destroyable.html
DestroyFailedException =  https://docs.oracle.com/javase/7/docs/api/javax/security/auth/DestroyFailedException.html
Detail =  https://docs.oracle.com/javase/7/docs/api/javax/xml/soap/Detail.html
DetailEntry =  https://docs.oracle.com/javase/7/docs/api/javax/xml/soap/DetailEntry.html
DGC =  https://docs.oracle.com/javase/7/docs/api/java/rmi/dgc/DGC.html
DHGenParameterSpec =  https://docs.oracle.com/javase/7/docs/api/javax/crypto/spec/DHGenParameterSpec.html
DHKey =  https://docs.oracle.com/javase/7/docs/api/javax/crypto/interfaces/DHKey.html
DHParameterSpec =  https://docs.oracle.com/javase/7/docs/api/javax/crypto/spec/DHParameterSpec.html
DHPrivateKey =  https://docs.oracle.com/javase/7/docs/api/javax/crypto/interfaces/DHPrivateKey.html
DHPrivateKeySpec =  https://docs.oracle.com/javase/7/docs/api/javax/crypto/spec/DHPrivateKeySpec.html
DHPublicKey =  https://docs.oracle.com/javase/7/docs/api/javax/crypto/interfaces/DHPublicKey.html
DHPublicKeySpec =  https://docs.oracle.com/javase/7/docs/api/javax/crypto/spec/DHPublicKeySpec.html
Diagnostic =  https://docs.oracle.com/javase/7/docs/api/javax/tools/Diagnostic.html
Diagnostic.Kind =  https://docs.oracle.com/javase/7/docs/api/javax/tools/Diagnostic.Kind.html
DiagnosticCollector =  https://docs.oracle.com/javase/7/docs/api/javax/tools/DiagnosticCollector.html
DiagnosticListener =  https://docs.oracle.com/javase/7/docs/api/javax/tools/DiagnosticListener.html
Dialog =  https://docs.oracle.com/javase/7/docs/api/java/awt/Dialog.html
Dialog.ModalExclusionType =  https://docs.oracle.com/javase/7/docs/api/java/awt/Dialog.ModalExclusionType.html
Dialog.ModalityType =  https://docs.oracle.com/javase/7/docs/api/java/awt/Dialog.ModalityType.html
DialogTypeSelection =  https://docs.oracle.com/javase/7/docs/api/javax/print/attribute/standard/DialogTypeSelection.html
Dictionary =  https://docs.oracle.com/javase/7/docs/api/java/util/Dictionary.html
DigestException =  https://docs.oracle.com/javase/7/docs/api/java/security/DigestException.html
DigestInputStream =  https://docs.oracle.com/javase/7/docs/api/java/security/DigestInputStream.html
DigestMethod =  https://docs.oracle.com/javase/7/docs/api/javax/xml/crypto/dsig/DigestMethod.html
DigestMethodParameterSpec =  https://docs.oracle.com/javase/7/docs/api/javax/xml/crypto/dsig/spec/DigestMethodParameterSpec.html
DigestOutputStream =  https://docs.oracle.com/javase/7/docs/api/java/security/DigestOutputStream.html
Dimension =  https://docs.oracle.com/javase/7/docs/api/java/awt/Dimension.html
Dimension2D =  https://docs.oracle.com/javase/7/docs/api/java/awt/geom/Dimension2D.html
DimensionUIResource =  https://docs.oracle.com/javase/7/docs/api/javax/swing/plaf/DimensionUIResource.html
DirContext =  https://docs.oracle.com/javase/7/docs/api/javax/naming/directory/DirContext.html
DirectColorModel =  https://docs.oracle.com/javase/7/docs/api/java/awt/image/DirectColorModel.html
DirectoryIteratorException =  https://docs.oracle.com/javase/7/docs/api/java/nio/file/DirectoryIteratorException.html
DirectoryManager =  https://docs.oracle.com/javase/7/docs/api/javax/naming/spi/DirectoryManager.html
DirectoryNotEmptyException =  https://docs.oracle.com/javase/7/docs/api/java/nio/file/DirectoryNotEmptyException.html
DirectoryStream =  https://docs.oracle.com/javase/7/docs/api/java/nio/file/DirectoryStream.html
DirectoryStream.Filter =  https://docs.oracle.com/javase/7/docs/api/java/nio/file/DirectoryStream.Filter.html
DirObjectFactory =  https://docs.oracle.com/javase/7/docs/api/javax/naming/spi/DirObjectFactory.html
DirStateFactory =  https://docs.oracle.com/javase/7/docs/api/javax/naming/spi/DirStateFactory.html
DirStateFactory.Result =  https://docs.oracle.com/javase/7/docs/api/javax/naming/spi/DirStateFactory.Result.html
DISCARDING =  https://docs.oracle.com/javase/7/docs/api/org/omg/PortableInterceptor/DISCARDING.html
Dispatch =  https://docs.oracle.com/javase/7/docs/api/javax/xml/ws/Dispatch.html
DisplayMode =  https://docs.oracle.com/javase/7/docs/api/java/awt/DisplayMode.html
DnDConstants =  https://docs.oracle.com/javase/7/docs/api/java/awt/dnd/DnDConstants.html
Doc =  https://docs.oracle.com/javase/7/docs/api/javax/print/Doc.html
DocAttribute =  https://docs.oracle.com/javase/7/docs/api/javax/print/attribute/DocAttribute.html
DocAttributeSet =  https://docs.oracle.com/javase/7/docs/api/javax/print/attribute/DocAttributeSet.html
DocFlavor =  https://docs.oracle.com/javase/7/docs/api/javax/print/DocFlavor.html
DocFlavor.BYTE_ARRAY =  https://docs.oracle.com/javase/7/docs/api/javax/print/DocFlavor.BYTE_ARRAY.html
DocFlavor.CHAR_ARRAY =  https://docs.oracle.com/javase/7/docs/api/javax/print/DocFlavor.CHAR_ARRAY.html
DocFlavor.INPUT_STREAM =  https://docs.oracle.com/javase/7/docs/api/javax/print/DocFlavor.INPUT_STREAM.html
DocFlavor.READER =  https://docs.oracle.com/javase/7/docs/api/javax/print/DocFlavor.READER.html
DocFlavor.SERVICE_FORMATTED =  https://docs.oracle.com/javase/7/docs/api/javax/print/DocFlavor.SERVICE_FORMATTED.html
DocFlavor.STRING =  https://docs.oracle.com/javase/7/docs/api/javax/print/DocFlavor.STRING.html
DocFlavor.URL =  https://docs.oracle.com/javase/7/docs/api/javax/print/DocFlavor.URL.html
DocPrintJob =  https://docs.oracle.com/javase/7/docs/api/javax/print/DocPrintJob.html
Document =  https://docs.oracle.com/javase/7/docs/api/javax/swing/text/Document.html
Document =  https://docs.oracle.com/javase/7/docs/api/org/w3c/dom/Document.html
DocumentBuilder =  https://docs.oracle.com/javase/7/docs/api/javax/xml/parsers/DocumentBuilder.html
DocumentBuilderFactory =  https://docs.oracle.com/javase/7/docs/api/javax/xml/parsers/DocumentBuilderFactory.html
Documented =  https://docs.oracle.com/javase/7/docs/api/java/lang/annotation/Documented.html
DocumentEvent =  https://docs.oracle.com/javase/7/docs/api/javax/swing/event/DocumentEvent.html
DocumentEvent =  https://docs.oracle.com/javase/7/docs/api/org/w3c/dom/events/DocumentEvent.html
DocumentEvent.ElementChange =  https://docs.oracle.com/javase/7/docs/api/javax/swing/event/DocumentEvent.ElementChange.html
DocumentEvent.EventType =  https://docs.oracle.com/javase/7/docs/api/javax/swing/event/DocumentEvent.EventType.html
DocumentFilter =  https://docs.oracle.com/javase/7/docs/api/javax/swing/text/DocumentFilter.html
DocumentFilter.FilterBypass =  https://docs.oracle.com/javase/7/docs/api/javax/swing/text/DocumentFilter.FilterBypass.html
DocumentFragment =  https://docs.oracle.com/javase/7/docs/api/org/w3c/dom/DocumentFragment.html
DocumentHandler =  https://docs.oracle.com/javase/7/docs/api/org/xml/sax/DocumentHandler.html
DocumentListener =  https://docs.oracle.com/javase/7/docs/api/javax/swing/event/DocumentListener.html
DocumentName =  https://docs.oracle.com/javase/7/docs/api/javax/print/attribute/standard/DocumentName.html
DocumentParser =  https://docs.oracle.com/javase/7/docs/api/javax/swing/text/html/parser/DocumentParser.html
DocumentType =  https://docs.oracle.com/javase/7/docs/api/org/w3c/dom/DocumentType.html
DomainCombiner =  https://docs.oracle.com/javase/7/docs/api/java/security/DomainCombiner.html
DomainManager =  https://docs.oracle.com/javase/7/docs/api/org/omg/CORBA/DomainManager.html
DomainManagerOperations =  https://docs.oracle.com/javase/7/docs/api/org/omg/CORBA/DomainManagerOperations.html
DOMConfiguration =  https://docs.oracle.com/javase/7/docs/api/org/w3c/dom/DOMConfiguration.html
DOMCryptoContext =  https://docs.oracle.com/javase/7/docs/api/javax/xml/crypto/dom/DOMCryptoContext.html
DOMError =  https://docs.oracle.com/javase/7/docs/api/org/w3c/dom/DOMError.html
DOMErrorHandler =  https://docs.oracle.com/javase/7/docs/api/org/w3c/dom/DOMErrorHandler.html
DOMException =  https://docs.oracle.com/javase/7/docs/api/org/w3c/dom/DOMException.html
DomHandler =  https://docs.oracle.com/javase/7/docs/api/javax/xml/bind/annotation/DomHandler.html
DOMImplementation =  https://docs.oracle.com/javase/7/docs/api/org/w3c/dom/DOMImplementation.html
DOMImplementationList =  https://docs.oracle.com/javase/7/docs/api/org/w3c/dom/DOMImplementationList.html
DOMImplementationLS =  https://docs.oracle.com/javase/7/docs/api/org/w3c/dom/ls/DOMImplementationLS.html
DOMImplementationRegistry =  https://docs.oracle.com/javase/7/docs/api/org/w3c/dom/bootstrap/DOMImplementationRegistry.html
DOMImplementationSource =  https://docs.oracle.com/javase/7/docs/api/org/w3c/dom/DOMImplementationSource.html
DOMLocator =  https://docs.oracle.com/javase/7/docs/api/javax/xml/transform/dom/DOMLocator.html
DOMLocator =  https://docs.oracle.com/javase/7/docs/api/org/w3c/dom/DOMLocator.html
DOMResult =  https://docs.oracle.com/javase/7/docs/api/javax/xml/transform/dom/DOMResult.html
DOMSignContext =  https://docs.oracle.com/javase/7/docs/api/javax/xml/crypto/dsig/dom/DOMSignContext.html
DOMSource =  https://docs.oracle.com/javase/7/docs/api/javax/xml/transform/dom/DOMSource.html
DOMStringList =  https://docs.oracle.com/javase/7/docs/api/org/w3c/dom/DOMStringList.html
DOMStructure =  https://docs.oracle.com/javase/7/docs/api/javax/xml/crypto/dom/DOMStructure.html
DOMURIReference =  https://docs.oracle.com/javase/7/docs/api/javax/xml/crypto/dom/DOMURIReference.html
DOMValidateContext =  https://docs.oracle.com/javase/7/docs/api/javax/xml/crypto/dsig/dom/DOMValidateContext.html
DosFileAttributes =  https://docs.oracle.com/javase/7/docs/api/java/nio/file/attribute/DosFileAttributes.html
DosFileAttributeView =  https://docs.oracle.com/javase/7/docs/api/java/nio/file/attribute/DosFileAttributeView.html
Double =  https://docs.oracle.com/javase/7/docs/api/java/lang/Double.html
DoubleBuffer =  https://docs.oracle.com/javase/7/docs/api/java/nio/DoubleBuffer.html
DoubleHolder =  https://docs.oracle.com/javase/7/docs/api/org/omg/CORBA/DoubleHolder.html
DoubleSeqHelper =  https://docs.oracle.com/javase/7/docs/api/org/omg/CORBA/DoubleSeqHelper.html
DoubleSeqHolder =  https://docs.oracle.com/javase/7/docs/api/org/omg/CORBA/DoubleSeqHolder.html
DragGestureEvent =  https://docs.oracle.com/javase/7/docs/api/java/awt/dnd/DragGestureEvent.html
DragGestureListener =  https://docs.oracle.com/javase/7/docs/api/java/awt/dnd/DragGestureListener.html
DragGestureRecognizer =  https://docs.oracle.com/javase/7/docs/api/java/awt/dnd/DragGestureRecognizer.html
DragSource =  https://docs.oracle.com/javase/7/docs/api/java/awt/dnd/DragSource.html
DragSourceAdapter =  https://docs.oracle.com/javase/7/docs/api/java/awt/dnd/DragSourceAdapter.html
DragSourceContext =  https://docs.oracle.com/javase/7/docs/api/java/awt/dnd/DragSourceContext.html
DragSourceDragEvent =  https://docs.oracle.com/javase/7/docs/api/java/awt/dnd/DragSourceDragEvent.html
DragSourceDropEvent =  https://docs.oracle.com/javase/7/docs/api/java/awt/dnd/DragSourceDropEvent.html
DragSourceEvent =  https://docs.oracle.com/javase/7/docs/api/java/awt/dnd/DragSourceEvent.html
DragSourceListener =  https://docs.oracle.com/javase/7/docs/api/java/awt/dnd/DragSourceListener.html
DragSourceMotionListener =  https://docs.oracle.com/javase/7/docs/api/java/awt/dnd/DragSourceMotionListener.html
Driver =  https://docs.oracle.com/javase/7/docs/api/java/sql/Driver.html
DriverManager =  https://docs.oracle.com/javase/7/docs/api/java/sql/DriverManager.html
DriverPropertyInfo =  https://docs.oracle.com/javase/7/docs/api/java/sql/DriverPropertyInfo.html
DropMode =  https://docs.oracle.com/javase/7/docs/api/javax/swing/DropMode.html
DropTarget =  https://docs.oracle.com/javase/7/docs/api/java/awt/dnd/DropTarget.html
DropTarget.DropTargetAutoScroller =  https://docs.oracle.com/javase/7/docs/api/java/awt/dnd/DropTarget.DropTargetAutoScroller.html
DropTargetAdapter =  https://docs.oracle.com/javase/7/docs/api/java/awt/dnd/DropTargetAdapter.html
DropTargetContext =  https://docs.oracle.com/javase/7/docs/api/java/awt/dnd/DropTargetContext.html
DropTargetDragEvent =  https://docs.oracle.com/javase/7/docs/api/java/awt/dnd/DropTargetDragEvent.html
DropTargetDropEvent =  https://docs.oracle.com/javase/7/docs/api/java/awt/dnd/DropTargetDropEvent.html
DropTargetEvent =  https://docs.oracle.com/javase/7/docs/api/java/awt/dnd/DropTargetEvent.html
DropTargetListener =  https://docs.oracle.com/javase/7/docs/api/java/awt/dnd/DropTargetListener.html
DSAKey =  https://docs.oracle.com/javase/7/docs/api/java/security/interfaces/DSAKey.html
DSAKeyPairGenerator =  https://docs.oracle.com/javase/7/docs/api/java/security/interfaces/DSAKeyPairGenerator.html
DSAParameterSpec =  https://docs.oracle.com/javase/7/docs/api/java/security/spec/DSAParameterSpec.html
DSAParams =  https://docs.oracle.com/javase/7/docs/api/java/security/interfaces/DSAParams.html
DSAPrivateKey =  https://docs.oracle.com/javase/7/docs/api/java/security/interfaces/DSAPrivateKey.html
DSAPrivateKeySpec =  https://docs.oracle.com/javase/7/docs/api/java/security/spec/DSAPrivateKeySpec.html
DSAPublicKey =  https://docs.oracle.com/javase/7/docs/api/java/security/interfaces/DSAPublicKey.html
DSAPublicKeySpec =  https://docs.oracle.com/javase/7/docs/api/java/security/spec/DSAPublicKeySpec.html
DTD =  https://docs.oracle.com/javase/7/docs/api/javax/swing/text/html/parser/DTD.html
DTD =  https://docs.oracle.com/javase/7/docs/api/javax/xml/stream/events/DTD.html
DTDConstants =  https://docs.oracle.com/javase/7/docs/api/javax/swing/text/html/parser/DTDConstants.html
DTDHandler =  https://docs.oracle.com/javase/7/docs/api/org/xml/sax/DTDHandler.html
DuplicateFormatFlagsException =  https://docs.oracle.com/javase/7/docs/api/java/util/DuplicateFormatFlagsException.html
DuplicateName =  https://docs.oracle.com/javase/7/docs/api/org/omg/PortableInterceptor/ORBInitInfoPackage/DuplicateName.html
DuplicateNameHelper =  https://docs.oracle.com/javase/7/docs/api/org/omg/PortableInterceptor/ORBInitInfoPackage/DuplicateNameHelper.html
Duration =  https://docs.oracle.com/javase/7/docs/api/javax/xml/datatype/Duration.html
DynamicImplementation =  https://docs.oracle.com/javase/7/docs/api/org/omg/CORBA/DynamicImplementation.html
DynamicImplementation =  https://docs.oracle.com/javase/7/docs/api/org/omg/PortableServer/DynamicImplementation.html
DynamicMBean =  https://docs.oracle.com/javase/7/docs/api/javax/management/DynamicMBean.html
DynAny =  https://docs.oracle.com/javase/7/docs/api/org/omg/CORBA/DynAny.html
DynAny =  https://docs.oracle.com/javase/7/docs/api/org/omg/DynamicAny/DynAny.html
DynAnyFactory =  https://docs.oracle.com/javase/7/docs/api/org/omg/DynamicAny/DynAnyFactory.html
DynAnyFactoryHelper =  https://docs.oracle.com/javase/7/docs/api/org/omg/DynamicAny/DynAnyFactoryHelper.html
DynAnyFactoryOperations =  https://docs.oracle.com/javase/7/docs/api/org/omg/DynamicAny/DynAnyFactoryOperations.html
DynAnyHelper =  https://docs.oracle.com/javase/7/docs/api/org/omg/DynamicAny/DynAnyHelper.html
DynAnyOperations =  https://docs.oracle.com/javase/7/docs/api/org/omg/DynamicAny/DynAnyOperations.html
DynAnySeqHelper =  https://docs.oracle.com/javase/7/docs/api/org/omg/DynamicAny/DynAnySeqHelper.html
DynArray =  https://docs.oracle.com/javase/7/docs/api/org/omg/CORBA/DynArray.html
DynArray =  https://docs.oracle.com/javase/7/docs/api/org/omg/DynamicAny/DynArray.html
DynArrayHelper =  https://docs.oracle.com/javase/7/docs/api/org/omg/DynamicAny/DynArrayHelper.html
DynArrayOperations =  https://docs.oracle.com/javase/7/docs/api/org/omg/DynamicAny/DynArrayOperations.html
DynEnum =  https://docs.oracle.com/javase/7/docs/api/org/omg/CORBA/DynEnum.html
DynEnum =  https://docs.oracle.com/javase/7/docs/api/org/omg/DynamicAny/DynEnum.html
DynEnumHelper =  https://docs.oracle.com/javase/7/docs/api/org/omg/DynamicAny/DynEnumHelper.html
DynEnumOperations =  https://docs.oracle.com/javase/7/docs/api/org/omg/DynamicAny/DynEnumOperations.html
DynFixed =  https://docs.oracle.com/javase/7/docs/api/org/omg/CORBA/DynFixed.html
DynFixed =  https://docs.oracle.com/javase/7/docs/api/org/omg/DynamicAny/DynFixed.html
DynFixedHelper =  https://docs.oracle.com/javase/7/docs/api/org/omg/DynamicAny/DynFixedHelper.html
DynFixedOperations =  https://docs.oracle.com/javase/7/docs/api/org/omg/DynamicAny/DynFixedOperations.html
DynSequence =  https://docs.oracle.com/javase/7/docs/api/org/omg/CORBA/DynSequence.html
DynSequence =  https://docs.oracle.com/javase/7/docs/api/org/omg/DynamicAny/DynSequence.html
DynSequenceHelper =  https://docs.oracle.com/javase/7/docs/api/org/omg/DynamicAny/DynSequenceHelper.html
DynSequenceOperations =  https://docs.oracle.com/javase/7/docs/api/org/omg/DynamicAny/DynSequenceOperations.html
DynStruct =  https://docs.oracle.com/javase/7/docs/api/org/omg/CORBA/DynStruct.html
DynStruct =  https://docs.oracle.com/javase/7/docs/api/org/omg/DynamicAny/DynStruct.html
DynStructHelper =  https://docs.oracle.com/javase/7/docs/api/org/omg/DynamicAny/DynStructHelper.html
DynStructOperations =  https://docs.oracle.com/javase/7/docs/api/org/omg/DynamicAny/DynStructOperations.html
DynUnion =  https://docs.oracle.com/javase/7/docs/api/org/omg/CORBA/DynUnion.html
DynUnion =  https://docs.oracle.com/javase/7/docs/api/org/omg/DynamicAny/DynUnion.html
DynUnionHelper =  https://docs.oracle.com/javase/7/docs/api/org/omg/DynamicAny/DynUnionHelper.html
DynUnionOperations =  https://docs.oracle.com/javase/7/docs/api/org/omg/DynamicAny/DynUnionOperations.html
DynValue =  https://docs.oracle.com/javase/7/docs/api/org/omg/CORBA/DynValue.html
DynValue =  https://docs.oracle.com/javase/7/docs/api/org/omg/DynamicAny/DynValue.html
DynValueBox =  https://docs.oracle.com/javase/7/docs/api/org/omg/DynamicAny/DynValueBox.html
DynValueBoxOperations =  https://docs.oracle.com/javase/7/docs/api/org/omg/DynamicAny/DynValueBoxOperations.html
DynValueCommon =  https://docs.oracle.com/javase/7/docs/api/org/omg/DynamicAny/DynValueCommon.html
DynValueCommonOperations =  https://docs.oracle.com/javase/7/docs/api/org/omg/DynamicAny/DynValueCommonOperations.html
DynValueHelper =  https://docs.oracle.com/javase/7/docs/api/org/omg/DynamicAny/DynValueHelper.html
DynValueOperations =  https://docs.oracle.com/javase/7/docs/api/org/omg/DynamicAny/DynValueOperations.html
ECField =  https://docs.oracle.com/javase/7/docs/api/java/security/spec/ECField.html
ECFieldF2m =  https://docs.oracle.com/javase/7/docs/api/java/security/spec/ECFieldF2m.html
ECFieldFp =  https://docs.oracle.com/javase/7/docs/api/java/security/spec/ECFieldFp.html
ECGenParameterSpec =  https://docs.oracle.com/javase/7/docs/api/java/security/spec/ECGenParameterSpec.html
ECKey =  https://docs.oracle.com/javase/7/docs/api/java/security/interfaces/ECKey.html
ECParameterSpec =  https://docs.oracle.com/javase/7/docs/api/java/security/spec/ECParameterSpec.html
ECPoint =  https://docs.oracle.com/javase/7/docs/api/java/security/spec/ECPoint.html
ECPrivateKey =  https://docs.oracle.com/javase/7/docs/api/java/security/interfaces/ECPrivateKey.html
ECPrivateKeySpec =  https://docs.oracle.com/javase/7/docs/api/java/security/spec/ECPrivateKeySpec.html
ECPublicKey =  https://docs.oracle.com/javase/7/docs/api/java/security/interfaces/ECPublicKey.html
ECPublicKeySpec =  https://docs.oracle.com/javase/7/docs/api/java/security/spec/ECPublicKeySpec.html
EditorKit =  https://docs.oracle.com/javase/7/docs/api/javax/swing/text/EditorKit.html
Element =  https://docs.oracle.com/javase/7/docs/api/javax/lang/model/element/Element.html
Element =  https://docs.oracle.com/javase/7/docs/api/javax/swing/text/Element.html
Element =  https://docs.oracle.com/javase/7/docs/api/javax/swing/text/html/parser/Element.html
Element =  https://docs.oracle.com/javase/7/docs/api/javax/xml/bind/Element.html
Element =  https://docs.oracle.com/javase/7/docs/api/org/w3c/dom/Element.html
ElementFilter =  https://docs.oracle.com/javase/7/docs/api/javax/lang/model/util/ElementFilter.html
ElementIterator =  https://docs.oracle.com/javase/7/docs/api/javax/swing/text/ElementIterator.html
ElementKind =  https://docs.oracle.com/javase/7/docs/api/javax/lang/model/element/ElementKind.html
ElementKindVisitor6 =  https://docs.oracle.com/javase/7/docs/api/javax/lang/model/util/ElementKindVisitor6.html
ElementKindVisitor7 =  https://docs.oracle.com/javase/7/docs/api/javax/lang/model/util/ElementKindVisitor7.html
Elements =  https://docs.oracle.com/javase/7/docs/api/javax/lang/model/util/Elements.html
ElementScanner6 =  https://docs.oracle.com/javase/7/docs/api/javax/lang/model/util/ElementScanner6.html
ElementScanner7 =  https://docs.oracle.com/javase/7/docs/api/javax/lang/model/util/ElementScanner7.html
ElementType =  https://docs.oracle.com/javase/7/docs/api/java/lang/annotation/ElementType.html
ElementVisitor =  https://docs.oracle.com/javase/7/docs/api/javax/lang/model/element/ElementVisitor.html
Ellipse2D =  https://docs.oracle.com/javase/7/docs/api/java/awt/geom/Ellipse2D.html
Ellipse2D.Double =  https://docs.oracle.com/javase/7/docs/api/java/awt/geom/Ellipse2D.Double.html
Ellipse2D.Float =  https://docs.oracle.com/javase/7/docs/api/java/awt/geom/Ellipse2D.Float.html
EllipticCurve =  https://docs.oracle.com/javase/7/docs/api/java/security/spec/EllipticCurve.html
EmptyBorder =  https://docs.oracle.com/javase/7/docs/api/javax/swing/border/EmptyBorder.html
EmptyStackException =  https://docs.oracle.com/javase/7/docs/api/java/util/EmptyStackException.html
EncodedKeySpec =  https://docs.oracle.com/javase/7/docs/api/java/security/spec/EncodedKeySpec.html
Encoder =  https://docs.oracle.com/javase/7/docs/api/java/beans/Encoder.html
Encoding =  https://docs.oracle.com/javase/7/docs/api/org/omg/IOP/Encoding.html
ENCODING_CDR_ENCAPS =  https://docs.oracle.com/javase/7/docs/api/org/omg/IOP/ENCODING_CDR_ENCAPS.html
EncryptedPrivateKeyInfo =  https://docs.oracle.com/javase/7/docs/api/javax/crypto/EncryptedPrivateKeyInfo.html
EndDocument =  https://docs.oracle.com/javase/7/docs/api/javax/xml/stream/events/EndDocument.html
EndElement =  https://docs.oracle.com/javase/7/docs/api/javax/xml/stream/events/EndElement.html
Endpoint =  https://docs.oracle.com/javase/7/docs/api/javax/xml/ws/Endpoint.html
EndpointContext =  https://docs.oracle.com/javase/7/docs/api/javax/xml/ws/EndpointContext.html
EndpointReference =  https://docs.oracle.com/javase/7/docs/api/javax/xml/ws/EndpointReference.html
Entity =  https://docs.oracle.com/javase/7/docs/api/javax/swing/text/html/parser/Entity.html
Entity =  https://docs.oracle.com/javase/7/docs/api/org/w3c/dom/Entity.html
EntityDeclaration =  https://docs.oracle.com/javase/7/docs/api/javax/xml/stream/events/EntityDeclaration.html
EntityReference =  https://docs.oracle.com/javase/7/docs/api/javax/xml/stream/events/EntityReference.html
EntityReference =  https://docs.oracle.com/javase/7/docs/api/org/w3c/dom/EntityReference.html
EntityResolver =  https://docs.oracle.com/javase/7/docs/api/org/xml/sax/EntityResolver.html
EntityResolver2 =  https://docs.oracle.com/javase/7/docs/api/org/xml/sax/ext/EntityResolver2.html
Enum =  https://docs.oracle.com/javase/7/docs/api/java/lang/Enum.html
EnumConstantNotPresentException =  https://docs.oracle.com/javase/7/docs/api/java/lang/EnumConstantNotPresentException.html
EnumControl =  https://docs.oracle.com/javase/7/docs/api/javax/sound/sampled/EnumControl.html
EnumControl.Type =  https://docs.oracle.com/javase/7/docs/api/javax/sound/sampled/EnumControl.Type.html
Enumeration =  https://docs.oracle.com/javase/7/docs/api/java/util/Enumeration.html
EnumMap =  https://docs.oracle.com/javase/7/docs/api/java/util/EnumMap.html
EnumSet =  https://docs.oracle.com/javase/7/docs/api/java/util/EnumSet.html
EnumSyntax =  https://docs.oracle.com/javase/7/docs/api/javax/print/attribute/EnumSyntax.html
Environment =  https://docs.oracle.com/javase/7/docs/api/org/omg/CORBA/Environment.html
EOFException =  https://docs.oracle.com/javase/7/docs/api/java/io/EOFException.html
Error =  https://docs.oracle.com/javase/7/docs/api/java/lang/Error.html
ErrorHandler =  https://docs.oracle.com/javase/7/docs/api/org/xml/sax/ErrorHandler.html
ErrorListener =  https://docs.oracle.com/javase/7/docs/api/javax/xml/transform/ErrorListener.html
ErrorManager =  https://docs.oracle.com/javase/7/docs/api/java/util/logging/ErrorManager.html
ErrorType =  https://docs.oracle.com/javase/7/docs/api/javax/lang/model/type/ErrorType.html
EtchedBorder =  https://docs.oracle.com/javase/7/docs/api/javax/swing/border/EtchedBorder.html
Event =  https://docs.oracle.com/javase/7/docs/api/java/awt/Event.html
Event =  https://docs.oracle.com/javase/7/docs/api/org/w3c/dom/events/Event.html
EventContext =  https://docs.oracle.com/javase/7/docs/api/javax/naming/event/EventContext.html
EventDirContext =  https://docs.oracle.com/javase/7/docs/api/javax/naming/event/EventDirContext.html
EventException =  https://docs.oracle.com/javase/7/docs/api/org/w3c/dom/events/EventException.html
EventFilter =  https://docs.oracle.com/javase/7/docs/api/javax/xml/stream/EventFilter.html
EventHandler =  https://docs.oracle.com/javase/7/docs/api/java/beans/EventHandler.html
EventListener =  https://docs.oracle.com/javase/7/docs/api/java/util/EventListener.html
EventListener =  https://docs.oracle.com/javase/7/docs/api/org/w3c/dom/events/EventListener.html
EventListenerList =  https://docs.oracle.com/javase/7/docs/api/javax/swing/event/EventListenerList.html
EventListenerProxy =  https://docs.oracle.com/javase/7/docs/api/java/util/EventListenerProxy.html
EventObject =  https://docs.oracle.com/javase/7/docs/api/java/util/EventObject.html
EventQueue =  https://docs.oracle.com/javase/7/docs/api/java/awt/EventQueue.html
EventReaderDelegate =  https://docs.oracle.com/javase/7/docs/api/javax/xml/stream/util/EventReaderDelegate.html
EventSetDescriptor =  https://docs.oracle.com/javase/7/docs/api/java/beans/EventSetDescriptor.html
EventTarget =  https://docs.oracle.com/javase/7/docs/api/org/w3c/dom/events/EventTarget.html
ExcC14NParameterSpec =  https://docs.oracle.com/javase/7/docs/api/javax/xml/crypto/dsig/spec/ExcC14NParameterSpec.html
Exception =  https://docs.oracle.com/javase/7/docs/api/java/lang/Exception.html
ExceptionDetailMessage =  https://docs.oracle.com/javase/7/docs/api/org/omg/IOP/ExceptionDetailMessage.html
ExceptionInInitializerError =  https://docs.oracle.com/javase/7/docs/api/java/lang/ExceptionInInitializerError.html
ExceptionList =  https://docs.oracle.com/javase/7/docs/api/org/omg/CORBA/ExceptionList.html
ExceptionListener =  https://docs.oracle.com/javase/7/docs/api/java/beans/ExceptionListener.html
Exchanger =  https://docs.oracle.com/javase/7/docs/api/java/util/concurrent/Exchanger.html
ExecutableElement =  https://docs.oracle.com/javase/7/docs/api/javax/lang/model/element/ExecutableElement.html
ExecutableType =  https://docs.oracle.com/javase/7/docs/api/javax/lang/model/type/ExecutableType.html
ExecutionException =  https://docs.oracle.com/javase/7/docs/api/java/util/concurrent/ExecutionException.html
Executor =  https://docs.oracle.com/javase/7/docs/api/java/util/concurrent/Executor.html
ExecutorCompletionService =  https://docs.oracle.com/javase/7/docs/api/java/util/concurrent/ExecutorCompletionService.html
Executors =  https://docs.oracle.com/javase/7/docs/api/java/util/concurrent/Executors.html
ExecutorService =  https://docs.oracle.com/javase/7/docs/api/java/util/concurrent/ExecutorService.html
ExemptionMechanism =  https://docs.oracle.com/javase/7/docs/api/javax/crypto/ExemptionMechanism.html
ExemptionMechanismException =  https://docs.oracle.com/javase/7/docs/api/javax/crypto/ExemptionMechanismException.html
ExemptionMechanismSpi =  https://docs.oracle.com/javase/7/docs/api/javax/crypto/ExemptionMechanismSpi.html
ExpandVetoException =  https://docs.oracle.com/javase/7/docs/api/javax/swing/tree/ExpandVetoException.html
ExportException =  https://docs.oracle.com/javase/7/docs/api/java/rmi/server/ExportException.html
Expression =  https://docs.oracle.com/javase/7/docs/api/java/beans/Expression.html
ExtendedRequest =  https://docs.oracle.com/javase/7/docs/api/javax/naming/ldap/ExtendedRequest.html
ExtendedResponse =  https://docs.oracle.com/javase/7/docs/api/javax/naming/ldap/ExtendedResponse.html
ExtendedSSLSession =  https://docs.oracle.com/javase/7/docs/api/javax/net/ssl/ExtendedSSLSession.html
Extension =  https://docs.oracle.com/javase/7/docs/api/java/security/cert/Extension.html
Externalizable =  https://docs.oracle.com/javase/7/docs/api/java/io/Externalizable.html
FactoryConfigurationError =  https://docs.oracle.com/javase/7/docs/api/javax/xml/parsers/FactoryConfigurationError.html
FactoryConfigurationError =  https://docs.oracle.com/javase/7/docs/api/javax/xml/stream/FactoryConfigurationError.html
FailedLoginException =  https://docs.oracle.com/javase/7/docs/api/javax/security/auth/login/FailedLoginException.html
FaultAction =  https://docs.oracle.com/javase/7/docs/api/javax/xml/ws/FaultAction.html
FeatureDescriptor =  https://docs.oracle.com/javase/7/docs/api/java/beans/FeatureDescriptor.html
Fidelity =  https://docs.oracle.com/javase/7/docs/api/javax/print/attribute/standard/Fidelity.html
Field =  https://docs.oracle.com/javase/7/docs/api/java/lang/reflect/Field.html
FieldNameHelper =  https://docs.oracle.com/javase/7/docs/api/org/omg/CORBA/FieldNameHelper.html
FieldNameHelper =  https://docs.oracle.com/javase/7/docs/api/org/omg/DynamicAny/FieldNameHelper.html
FieldPosition =  https://docs.oracle.com/javase/7/docs/api/java/text/FieldPosition.html
FieldView =  https://docs.oracle.com/javase/7/docs/api/javax/swing/text/FieldView.html
File =  https://docs.oracle.com/javase/7/docs/api/java/io/File.html
FileAlreadyExistsException =  https://docs.oracle.com/javase/7/docs/api/java/nio/file/FileAlreadyExistsException.html
FileAttribute =  https://docs.oracle.com/javase/7/docs/api/java/nio/file/attribute/FileAttribute.html
FileAttributeView =  https://docs.oracle.com/javase/7/docs/api/java/nio/file/attribute/FileAttributeView.html
FileCacheImageInputStream =  https://docs.oracle.com/javase/7/docs/api/javax/imageio/stream/FileCacheImageInputStream.html
FileCacheImageOutputStream =  https://docs.oracle.com/javase/7/docs/api/javax/imageio/stream/FileCacheImageOutputStream.html
FileChannel =  https://docs.oracle.com/javase/7/docs/api/java/nio/channels/FileChannel.html
FileChannel.MapMode =  https://docs.oracle.com/javase/7/docs/api/java/nio/channels/FileChannel.MapMode.html
FileChooserUI =  https://docs.oracle.com/javase/7/docs/api/javax/swing/plaf/FileChooserUI.html
FileDataSource =  https://docs.oracle.com/javase/7/docs/api/javax/activation/FileDataSource.html
FileDescriptor =  https://docs.oracle.com/javase/7/docs/api/java/io/FileDescriptor.html
FileDialog =  https://docs.oracle.com/javase/7/docs/api/java/awt/FileDialog.html
FileFilter =  https://docs.oracle.com/javase/7/docs/api/java/io/FileFilter.html
FileFilter =  https://docs.oracle.com/javase/7/docs/api/javax/swing/filechooser/FileFilter.html
FileHandler =  https://docs.oracle.com/javase/7/docs/api/java/util/logging/FileHandler.html
FileImageInputStream =  https://docs.oracle.com/javase/7/docs/api/javax/imageio/stream/FileImageInputStream.html
FileImageOutputStream =  https://docs.oracle.com/javase/7/docs/api/javax/imageio/stream/FileImageOutputStream.html
FileInputStream =  https://docs.oracle.com/javase/7/docs/api/java/io/FileInputStream.html
FileLock =  https://docs.oracle.com/javase/7/docs/api/java/nio/channels/FileLock.html
FileLockInterruptionException =  https://docs.oracle.com/javase/7/docs/api/java/nio/channels/FileLockInterruptionException.html
FileNameExtensionFilter =  https://docs.oracle.com/javase/7/docs/api/javax/swing/filechooser/FileNameExtensionFilter.html
FilenameFilter =  https://docs.oracle.com/javase/7/docs/api/java/io/FilenameFilter.html
FileNameMap =  https://docs.oracle.com/javase/7/docs/api/java/net/FileNameMap.html
FileNotFoundException =  https://docs.oracle.com/javase/7/docs/api/java/io/FileNotFoundException.html
FileObject =  https://docs.oracle.com/javase/7/docs/api/javax/tools/FileObject.html
FileOutputStream =  https://docs.oracle.com/javase/7/docs/api/java/io/FileOutputStream.html
FileOwnerAttributeView =  https://docs.oracle.com/javase/7/docs/api/java/nio/file/attribute/FileOwnerAttributeView.html
FilePermission =  https://docs.oracle.com/javase/7/docs/api/java/io/FilePermission.html
Filer =  https://docs.oracle.com/javase/7/docs/api/javax/annotation/processing/Filer.html
FileReader =  https://docs.oracle.com/javase/7/docs/api/java/io/FileReader.html
FilerException =  https://docs.oracle.com/javase/7/docs/api/javax/annotation/processing/FilerException.html
Files =  https://docs.oracle.com/javase/7/docs/api/java/nio/file/Files.html
FileStore =  https://docs.oracle.com/javase/7/docs/api/java/nio/file/FileStore.html
FileStoreAttributeView =  https://docs.oracle.com/javase/7/docs/api/java/nio/file/attribute/FileStoreAttributeView.html
FileSystem =  https://docs.oracle.com/javase/7/docs/api/java/nio/file/FileSystem.html
FileSystemAlreadyExistsException =  https://docs.oracle.com/javase/7/docs/api/java/nio/file/FileSystemAlreadyExistsException.html
FileSystemException =  https://docs.oracle.com/javase/7/docs/api/java/nio/file/FileSystemException.html
FileSystemLoopException =  https://docs.oracle.com/javase/7/docs/api/java/nio/file/FileSystemLoopException.html
FileSystemNotFoundException =  https://docs.oracle.com/javase/7/docs/api/java/nio/file/FileSystemNotFoundException.html
FileSystemProvider =  https://docs.oracle.com/javase/7/docs/api/java/nio/file/spi/FileSystemProvider.html
FileSystems =  https://docs.oracle.com/javase/7/docs/api/java/nio/file/FileSystems.html
FileSystemView =  https://docs.oracle.com/javase/7/docs/api/javax/swing/filechooser/FileSystemView.html
FileTime =  https://docs.oracle.com/javase/7/docs/api/java/nio/file/attribute/FileTime.html
FileTypeDetector =  https://docs.oracle.com/javase/7/docs/api/java/nio/file/spi/FileTypeDetector.html
FileTypeMap =  https://docs.oracle.com/javase/7/docs/api/javax/activation/FileTypeMap.html
FileView =  https://docs.oracle.com/javase/7/docs/api/javax/swing/filechooser/FileView.html
FileVisitOption =  https://docs.oracle.com/javase/7/docs/api/java/nio/file/FileVisitOption.html
FileVisitor =  https://docs.oracle.com/javase/7/docs/api/java/nio/file/FileVisitor.html
FileVisitResult =  https://docs.oracle.com/javase/7/docs/api/java/nio/file/FileVisitResult.html
FileWriter =  https://docs.oracle.com/javase/7/docs/api/java/io/FileWriter.html
Filter =  https://docs.oracle.com/javase/7/docs/api/java/util/logging/Filter.html
FilteredImageSource =  https://docs.oracle.com/javase/7/docs/api/java/awt/image/FilteredImageSource.html
FilteredRowSet =  https://docs.oracle.com/javase/7/docs/api/javax/sql/rowset/FilteredRowSet.html
FilterInputStream =  https://docs.oracle.com/javase/7/docs/api/java/io/FilterInputStream.html
FilterOutputStream =  https://docs.oracle.com/javase/7/docs/api/java/io/FilterOutputStream.html
FilterReader =  https://docs.oracle.com/javase/7/docs/api/java/io/FilterReader.html
FilterWriter =  https://docs.oracle.com/javase/7/docs/api/java/io/FilterWriter.html
Finishings =  https://docs.oracle.com/javase/7/docs/api/javax/print/attribute/standard/Finishings.html
FixedHeightLayoutCache =  https://docs.oracle.com/javase/7/docs/api/javax/swing/tree/FixedHeightLayoutCache.html
FixedHolder =  https://docs.oracle.com/javase/7/docs/api/org/omg/CORBA/FixedHolder.html
FlatteningPathIterator =  https://docs.oracle.com/javase/7/docs/api/java/awt/geom/FlatteningPathIterator.html
FlavorEvent =  https://docs.oracle.com/javase/7/docs/api/java/awt/datatransfer/FlavorEvent.html
FlavorException =  https://docs.oracle.com/javase/7/docs/api/javax/print/FlavorException.html
FlavorListener =  https://docs.oracle.com/javase/7/docs/api/java/awt/datatransfer/FlavorListener.html
FlavorMap =  https://docs.oracle.com/javase/7/docs/api/java/awt/datatransfer/FlavorMap.html
FlavorTable =  https://docs.oracle.com/javase/7/docs/api/java/awt/datatransfer/FlavorTable.html
Float =  https://docs.oracle.com/javase/7/docs/api/java/lang/Float.html
FloatBuffer =  https://docs.oracle.com/javase/7/docs/api/java/nio/FloatBuffer.html
FloatControl =  https://docs.oracle.com/javase/7/docs/api/javax/sound/sampled/FloatControl.html
FloatControl.Type =  https://docs.oracle.com/javase/7/docs/api/javax/sound/sampled/FloatControl.Type.html
FloatHolder =  https://docs.oracle.com/javase/7/docs/api/org/omg/CORBA/FloatHolder.html
FloatSeqHelper =  https://docs.oracle.com/javase/7/docs/api/org/omg/CORBA/FloatSeqHelper.html
FloatSeqHolder =  https://docs.oracle.com/javase/7/docs/api/org/omg/CORBA/FloatSeqHolder.html
FlowLayout =  https://docs.oracle.com/javase/7/docs/api/java/awt/FlowLayout.html
FlowView =  https://docs.oracle.com/javase/7/docs/api/javax/swing/text/FlowView.html
FlowView.FlowStrategy =  https://docs.oracle.com/javase/7/docs/api/javax/swing/text/FlowView.FlowStrategy.html
Flushable =  https://docs.oracle.com/javase/7/docs/api/java/io/Flushable.html
FocusAdapter =  https://docs.oracle.com/javase/7/docs/api/java/awt/event/FocusAdapter.html
FocusEvent =  https://docs.oracle.com/javase/7/docs/api/java/awt/event/FocusEvent.html
FocusListener =  https://docs.oracle.com/javase/7/docs/api/java/awt/event/FocusListener.html
FocusManager =  https://docs.oracle.com/javase/7/docs/api/javax/swing/FocusManager.html
FocusTraversalPolicy =  https://docs.oracle.com/javase/7/docs/api/java/awt/FocusTraversalPolicy.html
Font =  https://docs.oracle.com/javase/7/docs/api/java/awt/Font.html
FontFormatException =  https://docs.oracle.com/javase/7/docs/api/java/awt/FontFormatException.html
FontMetrics =  https://docs.oracle.com/javase/7/docs/api/java/awt/FontMetrics.html
FontRenderContext =  https://docs.oracle.com/javase/7/docs/api/java/awt/font/FontRenderContext.html
FontUIResource =  https://docs.oracle.com/javase/7/docs/api/javax/swing/plaf/FontUIResource.html
ForkJoinPool =  https://docs.oracle.com/javase/7/docs/api/java/util/concurrent/ForkJoinPool.html
ForkJoinPool.ForkJoinWorkerThreadFactory =  https://docs.oracle.com/javase/7/docs/api/java/util/concurrent/ForkJoinPool.ForkJoinWorkerThreadFactory.html
ForkJoinPool.ManagedBlocker =  https://docs.oracle.com/javase/7/docs/api/java/util/concurrent/ForkJoinPool.ManagedBlocker.html
ForkJoinTask =  https://docs.oracle.com/javase/7/docs/api/java/util/concurrent/ForkJoinTask.html
ForkJoinWorkerThread =  https://docs.oracle.com/javase/7/docs/api/java/util/concurrent/ForkJoinWorkerThread.html
Format =  https://docs.oracle.com/javase/7/docs/api/java/text/Format.html
Format.Field =  https://docs.oracle.com/javase/7/docs/api/java/text/Format.Field.html
FormatConversionProvider =  https://docs.oracle.com/javase/7/docs/api/javax/sound/sampled/spi/FormatConversionProvider.html
FormatFlagsConversionMismatchException =  https://docs.oracle.com/javase/7/docs/api/java/util/FormatFlagsConversionMismatchException.html
FormatMismatch =  https://docs.oracle.com/javase/7/docs/api/org/omg/IOP/CodecPackage/FormatMismatch.html
FormatMismatchHelper =  https://docs.oracle.com/javase/7/docs/api/org/omg/IOP/CodecPackage/FormatMismatchHelper.html
Formattable =  https://docs.oracle.com/javase/7/docs/api/java/util/Formattable.html
FormattableFlags =  https://docs.oracle.com/javase/7/docs/api/java/util/FormattableFlags.html
Formatter =  https://docs.oracle.com/javase/7/docs/api/java/util/Formatter.html
Formatter =  https://docs.oracle.com/javase/7/docs/api/java/util/logging/Formatter.html
Formatter.BigDecimalLayoutForm =  https://docs.oracle.com/javase/7/docs/api/java/util/Formatter.BigDecimalLayoutForm.html
FormatterClosedException =  https://docs.oracle.com/javase/7/docs/api/java/util/FormatterClosedException.html
FormSubmitEvent =  https://docs.oracle.com/javase/7/docs/api/javax/swing/text/html/FormSubmitEvent.html
FormSubmitEvent.MethodType =  https://docs.oracle.com/javase/7/docs/api/javax/swing/text/html/FormSubmitEvent.MethodType.html
FormView =  https://docs.oracle.com/javase/7/docs/api/javax/swing/text/html/FormView.html
ForwardingFileObject =  https://docs.oracle.com/javase/7/docs/api/javax/tools/ForwardingFileObject.html
ForwardingJavaFileManager =  https://docs.oracle.com/javase/7/docs/api/javax/tools/ForwardingJavaFileManager.html
ForwardingJavaFileObject =  https://docs.oracle.com/javase/7/docs/api/javax/tools/ForwardingJavaFileObject.html
ForwardRequest =  https://docs.oracle.com/javase/7/docs/api/org/omg/PortableInterceptor/ForwardRequest.html
ForwardRequest =  https://docs.oracle.com/javase/7/docs/api/org/omg/PortableServer/ForwardRequest.html
ForwardRequestHelper =  https://docs.oracle.com/javase/7/docs/api/org/omg/PortableInterceptor/ForwardRequestHelper.html
ForwardRequestHelper =  https://docs.oracle.com/javase/7/docs/api/org/omg/PortableServer/ForwardRequestHelper.html
Frame =  https://docs.oracle.com/javase/7/docs/api/java/awt/Frame.html
FREE_MEM =  https://docs.oracle.com/javase/7/docs/api/org/omg/CORBA/FREE_MEM.html
Future =  https://docs.oracle.com/javase/7/docs/api/java/util/concurrent/Future.html
FutureTask =  https://docs.oracle.com/javase/7/docs/api/java/util/concurrent/FutureTask.html
GapContent =  https://docs.oracle.com/javase/7/docs/api/javax/swing/text/GapContent.html
GarbageCollectorMXBean =  https://docs.oracle.com/javase/7/docs/api/java/lang/management/GarbageCollectorMXBean.html
GatheringByteChannel =  https://docs.oracle.com/javase/7/docs/api/java/nio/channels/GatheringByteChannel.html
GaugeMonitor =  https://docs.oracle.com/javase/7/docs/api/javax/management/monitor/GaugeMonitor.html
GaugeMonitorMBean =  https://docs.oracle.com/javase/7/docs/api/javax/management/monitor/GaugeMonitorMBean.html
GCMParameterSpec =  https://docs.oracle.com/javase/7/docs/api/javax/crypto/spec/GCMParameterSpec.html
GeneralPath =  https://docs.oracle.com/javase/7/docs/api/java/awt/geom/GeneralPath.html
GeneralSecurityException =  https://docs.oracle.com/javase/7/docs/api/java/security/GeneralSecurityException.html
Generated =  https://docs.oracle.com/javase/7/docs/api/javax/annotation/Generated.html
GenericArrayType =  https://docs.oracle.com/javase/7/docs/api/java/lang/reflect/GenericArrayType.html
GenericDeclaration =  https://docs.oracle.com/javase/7/docs/api/java/lang/reflect/GenericDeclaration.html
GenericSignatureFormatError =  https://docs.oracle.com/javase/7/docs/api/java/lang/reflect/GenericSignatureFormatError.html
GlyphJustificationInfo =  https://docs.oracle.com/javase/7/docs/api/java/awt/font/GlyphJustificationInfo.html
GlyphMetrics =  https://docs.oracle.com/javase/7/docs/api/java/awt/font/GlyphMetrics.html
GlyphVector =  https://docs.oracle.com/javase/7/docs/api/java/awt/font/GlyphVector.html
GlyphView =  https://docs.oracle.com/javase/7/docs/api/javax/swing/text/GlyphView.html
GlyphView.GlyphPainter =  https://docs.oracle.com/javase/7/docs/api/javax/swing/text/GlyphView.GlyphPainter.html
GradientPaint =  https://docs.oracle.com/javase/7/docs/api/java/awt/GradientPaint.html
GraphicAttribute =  https://docs.oracle.com/javase/7/docs/api/java/awt/font/GraphicAttribute.html
Graphics =  https://docs.oracle.com/javase/7/docs/api/java/awt/Graphics.html
Graphics2D =  https://docs.oracle.com/javase/7/docs/api/java/awt/Graphics2D.html
GraphicsConfigTemplate =  https://docs.oracle.com/javase/7/docs/api/java/awt/GraphicsConfigTemplate.html
GraphicsConfiguration =  https://docs.oracle.com/javase/7/docs/api/java/awt/GraphicsConfiguration.html
GraphicsDevice =  https://docs.oracle.com/javase/7/docs/api/java/awt/GraphicsDevice.html
GraphicsDevice.WindowTranslucency =  https://docs.oracle.com/javase/7/docs/api/java/awt/GraphicsDevice.WindowTranslucency.html
GraphicsEnvironment =  https://docs.oracle.com/javase/7/docs/api/java/awt/GraphicsEnvironment.html
GrayFilter =  https://docs.oracle.com/javase/7/docs/api/javax/swing/GrayFilter.html
GregorianCalendar =  https://docs.oracle.com/javase/7/docs/api/java/util/GregorianCalendar.html
GridBagConstraints =  https://docs.oracle.com/javase/7/docs/api/java/awt/GridBagConstraints.html
GridBagLayout =  https://docs.oracle.com/javase/7/docs/api/java/awt/GridBagLayout.html
GridBagLayoutInfo =  https://docs.oracle.com/javase/7/docs/api/java/awt/GridBagLayoutInfo.html
GridLayout =  https://docs.oracle.com/javase/7/docs/api/java/awt/GridLayout.html
Group =  https://docs.oracle.com/javase/7/docs/api/java/security/acl/Group.html
GroupLayout =  https://docs.oracle.com/javase/7/docs/api/javax/swing/GroupLayout.html
GroupLayout.Alignment =  https://docs.oracle.com/javase/7/docs/api/javax/swing/GroupLayout.Alignment.html
GroupPrincipal =  https://docs.oracle.com/javase/7/docs/api/java/nio/file/attribute/GroupPrincipal.html
GSSContext =  https://docs.oracle.com/javase/7/docs/api/org/ietf/jgss/GSSContext.html
GSSCredential =  https://docs.oracle.com/javase/7/docs/api/org/ietf/jgss/GSSCredential.html
GSSException =  https://docs.oracle.com/javase/7/docs/api/org/ietf/jgss/GSSException.html
GSSManager =  https://docs.oracle.com/javase/7/docs/api/org/ietf/jgss/GSSManager.html
GSSName =  https://docs.oracle.com/javase/7/docs/api/org/ietf/jgss/GSSName.html
Guard =  https://docs.oracle.com/javase/7/docs/api/java/security/Guard.html
GuardedObject =  https://docs.oracle.com/javase/7/docs/api/java/security/GuardedObject.html
GZIPInputStream =  https://docs.oracle.com/javase/7/docs/api/java/util/zip/GZIPInputStream.html
GZIPOutputStream =  https://docs.oracle.com/javase/7/docs/api/java/util/zip/GZIPOutputStream.html
Handler =  https://docs.oracle.com/javase/7/docs/api/java/util/logging/Handler.html
Handler =  https://docs.oracle.com/javase/7/docs/api/javax/xml/ws/handler/Handler.html
HandlerBase =  https://docs.oracle.com/javase/7/docs/api/org/xml/sax/HandlerBase.html
HandlerChain =  https://docs.oracle.com/javase/7/docs/api/javax/jws/HandlerChain.html
HandlerResolver =  https://docs.oracle.com/javase/7/docs/api/javax/xml/ws/handler/HandlerResolver.html
HandshakeCompletedEvent =  https://docs.oracle.com/javase/7/docs/api/javax/net/ssl/HandshakeCompletedEvent.html
HandshakeCompletedListener =  https://docs.oracle.com/javase/7/docs/api/javax/net/ssl/HandshakeCompletedListener.html
HasControls =  https://docs.oracle.com/javase/7/docs/api/javax/naming/ldap/HasControls.html
HashAttributeSet =  https://docs.oracle.com/javase/7/docs/api/javax/print/attribute/HashAttributeSet.html
HashDocAttributeSet =  https://docs.oracle.com/javase/7/docs/api/javax/print/attribute/HashDocAttributeSet.html
HashMap =  https://docs.oracle.com/javase/7/docs/api/java/util/HashMap.html
HashPrintJobAttributeSet =  https://docs.oracle.com/javase/7/docs/api/javax/print/attribute/HashPrintJobAttributeSet.html
HashPrintRequestAttributeSet =  https://docs.oracle.com/javase/7/docs/api/javax/print/attribute/HashPrintRequestAttributeSet.html
HashPrintServiceAttributeSet =  https://docs.oracle.com/javase/7/docs/api/javax/print/attribute/HashPrintServiceAttributeSet.html
HashSet =  https://docs.oracle.com/javase/7/docs/api/java/util/HashSet.html
Hashtable =  https://docs.oracle.com/javase/7/docs/api/java/util/Hashtable.html
HeadlessException =  https://docs.oracle.com/javase/7/docs/api/java/awt/HeadlessException.html
HexBinaryAdapter =  https://docs.oracle.com/javase/7/docs/api/javax/xml/bind/annotation/adapters/HexBinaryAdapter.html
HierarchyBoundsAdapter =  https://docs.oracle.com/javase/7/docs/api/java/awt/event/HierarchyBoundsAdapter.html
HierarchyBoundsListener =  https://docs.oracle.com/javase/7/docs/api/java/awt/event/HierarchyBoundsListener.html
HierarchyEvent =  https://docs.oracle.com/javase/7/docs/api/java/awt/event/HierarchyEvent.html
HierarchyListener =  https://docs.oracle.com/javase/7/docs/api/java/awt/event/HierarchyListener.html
Highlighter =  https://docs.oracle.com/javase/7/docs/api/javax/swing/text/Highlighter.html
Highlighter.Highlight =  https://docs.oracle.com/javase/7/docs/api/javax/swing/text/Highlighter.Highlight.html
Highlighter.HighlightPainter =  https://docs.oracle.com/javase/7/docs/api/javax/swing/text/Highlighter.HighlightPainter.html
HMACParameterSpec =  https://docs.oracle.com/javase/7/docs/api/javax/xml/crypto/dsig/spec/HMACParameterSpec.html
Holder =  https://docs.oracle.com/javase/7/docs/api/javax/xml/ws/Holder.html
HOLDING =  https://docs.oracle.com/javase/7/docs/api/org/omg/PortableInterceptor/HOLDING.html
HostnameVerifier =  https://docs.oracle.com/javase/7/docs/api/javax/net/ssl/HostnameVerifier.html
HTML =  https://docs.oracle.com/javase/7/docs/api/javax/swing/text/html/HTML.html
HTML.Attribute =  https://docs.oracle.com/javase/7/docs/api/javax/swing/text/html/HTML.Attribute.html
HTML.Tag =  https://docs.oracle.com/javase/7/docs/api/javax/swing/text/html/HTML.Tag.html
HTML.UnknownTag =  https://docs.oracle.com/javase/7/docs/api/javax/swing/text/html/HTML.UnknownTag.html
HTMLDocument =  https://docs.oracle.com/javase/7/docs/api/javax/swing/text/html/HTMLDocument.html
HTMLDocument.Iterator =  https://docs.oracle.com/javase/7/docs/api/javax/swing/text/html/HTMLDocument.Iterator.html
HTMLEditorKit =  https://docs.oracle.com/javase/7/docs/api/javax/swing/text/html/HTMLEditorKit.html
HTMLEditorKit.HTMLFactory =  https://docs.oracle.com/javase/7/docs/api/javax/swing/text/html/HTMLEditorKit.HTMLFactory.html
HTMLEditorKit.HTMLTextAction =  https://docs.oracle.com/javase/7/docs/api/javax/swing/text/html/HTMLEditorKit.HTMLTextAction.html
HTMLEditorKit.InsertHTMLTextAction =  https://docs.oracle.com/javase/7/docs/api/javax/swing/text/html/HTMLEditorKit.InsertHTMLTextAction.html
HTMLEditorKit.LinkController =  https://docs.oracle.com/javase/7/docs/api/javax/swing/text/html/HTMLEditorKit.LinkController.html
HTMLEditorKit.Parser =  https://docs.oracle.com/javase/7/docs/api/javax/swing/text/html/HTMLEditorKit.Parser.html
HTMLEditorKit.ParserCallback =  https://docs.oracle.com/javase/7/docs/api/javax/swing/text/html/HTMLEditorKit.ParserCallback.html
HTMLFrameHyperlinkEvent =  https://docs.oracle.com/javase/7/docs/api/javax/swing/text/html/HTMLFrameHyperlinkEvent.html
HTMLWriter =  https://docs.oracle.com/javase/7/docs/api/javax/swing/text/html/HTMLWriter.html
HTTPBinding =  https://docs.oracle.com/javase/7/docs/api/javax/xml/ws/http/HTTPBinding.html
HttpContext =  https://docs.oracle.com/javase/7/docs/api/javax/xml/ws/spi/http/HttpContext.html
HttpCookie =  https://docs.oracle.com/javase/7/docs/api/java/net/HttpCookie.html
HTTPException =  https://docs.oracle.com/javase/7/docs/api/javax/xml/ws/http/HTTPException.html
HttpExchange =  https://docs.oracle.com/javase/7/docs/api/javax/xml/ws/spi/http/HttpExchange.html
HttpHandler =  https://docs.oracle.com/javase/7/docs/api/javax/xml/ws/spi/http/HttpHandler.html
HttpRetryException =  https://docs.oracle.com/javase/7/docs/api/java/net/HttpRetryException.html
HttpsURLConnection =  https://docs.oracle.com/javase/7/docs/api/javax/net/ssl/HttpsURLConnection.html
HttpURLConnection =  https://docs.oracle.com/javase/7/docs/api/java/net/HttpURLConnection.html
HyperlinkEvent =  https://docs.oracle.com/javase/7/docs/api/javax/swing/event/HyperlinkEvent.html
HyperlinkEvent.EventType =  https://docs.oracle.com/javase/7/docs/api/javax/swing/event/HyperlinkEvent.EventType.html
HyperlinkListener =  https://docs.oracle.com/javase/7/docs/api/javax/swing/event/HyperlinkListener.html
ICC_ColorSpace =  https://docs.oracle.com/javase/7/docs/api/java/awt/color/ICC_ColorSpace.html
ICC_Profile =  https://docs.oracle.com/javase/7/docs/api/java/awt/color/ICC_Profile.html
ICC_ProfileGray =  https://docs.oracle.com/javase/7/docs/api/java/awt/color/ICC_ProfileGray.html
ICC_ProfileRGB =  https://docs.oracle.com/javase/7/docs/api/java/awt/color/ICC_ProfileRGB.html
Icon =  https://docs.oracle.com/javase/7/docs/api/javax/swing/Icon.html
IconUIResource =  https://docs.oracle.com/javase/7/docs/api/javax/swing/plaf/IconUIResource.html
IconView =  https://docs.oracle.com/javase/7/docs/api/javax/swing/text/IconView.html
ID_ASSIGNMENT_POLICY_ID =  https://docs.oracle.com/javase/7/docs/api/org/omg/PortableServer/ID_ASSIGNMENT_POLICY_ID.html
ID_UNIQUENESS_POLICY_ID =  https://docs.oracle.com/javase/7/docs/api/org/omg/PortableServer/ID_UNIQUENESS_POLICY_ID.html
IdAssignmentPolicy =  https://docs.oracle.com/javase/7/docs/api/org/omg/PortableServer/IdAssignmentPolicy.html
IdAssignmentPolicyOperations =  https://docs.oracle.com/javase/7/docs/api/org/omg/PortableServer/IdAssignmentPolicyOperations.html
IdAssignmentPolicyValue =  https://docs.oracle.com/javase/7/docs/api/org/omg/PortableServer/IdAssignmentPolicyValue.html
IdentifierHelper =  https://docs.oracle.com/javase/7/docs/api/org/omg/CORBA/IdentifierHelper.html
Identity =  https://docs.oracle.com/javase/7/docs/api/java/security/Identity.html
IdentityHashMap =  https://docs.oracle.com/javase/7/docs/api/java/util/IdentityHashMap.html
IdentityScope =  https://docs.oracle.com/javase/7/docs/api/java/security/IdentityScope.html
IDLEntity =  https://docs.oracle.com/javase/7/docs/api/org/omg/CORBA/portable/IDLEntity.html
IDLType =  https://docs.oracle.com/javase/7/docs/api/org/omg/CORBA/IDLType.html
IDLTypeHelper =  https://docs.oracle.com/javase/7/docs/api/org/omg/CORBA/IDLTypeHelper.html
IDLTypeOperations =  https://docs.oracle.com/javase/7/docs/api/org/omg/CORBA/IDLTypeOperations.html
IDN =  https://docs.oracle.com/javase/7/docs/api/java/net/IDN.html
IdUniquenessPolicy =  https://docs.oracle.com/javase/7/docs/api/org/omg/PortableServer/IdUniquenessPolicy.html
IdUniquenessPolicyOperations =  https://docs.oracle.com/javase/7/docs/api/org/omg/PortableServer/IdUniquenessPolicyOperations.html
IdUniquenessPolicyValue =  https://docs.oracle.com/javase/7/docs/api/org/omg/PortableServer/IdUniquenessPolicyValue.html
IIOByteBuffer =  https://docs.oracle.com/javase/7/docs/api/javax/imageio/stream/IIOByteBuffer.html
IIOException =  https://docs.oracle.com/javase/7/docs/api/javax/imageio/IIOException.html
IIOImage =  https://docs.oracle.com/javase/7/docs/api/javax/imageio/IIOImage.html
IIOInvalidTreeException =  https://docs.oracle.com/javase/7/docs/api/javax/imageio/metadata/IIOInvalidTreeException.html
IIOMetadata =  https://docs.oracle.com/javase/7/docs/api/javax/imageio/metadata/IIOMetadata.html
IIOMetadataController =  https://docs.oracle.com/javase/7/docs/api/javax/imageio/metadata/IIOMetadataController.html
IIOMetadataFormat =  https://docs.oracle.com/javase/7/docs/api/javax/imageio/metadata/IIOMetadataFormat.html
IIOMetadataFormatImpl =  https://docs.oracle.com/javase/7/docs/api/javax/imageio/metadata/IIOMetadataFormatImpl.html
IIOMetadataNode =  https://docs.oracle.com/javase/7/docs/api/javax/imageio/metadata/IIOMetadataNode.html
IIOParam =  https://docs.oracle.com/javase/7/docs/api/javax/imageio/IIOParam.html
IIOParamController =  https://docs.oracle.com/javase/7/docs/api/javax/imageio/IIOParamController.html
IIOReadProgressListener =  https://docs.oracle.com/javase/7/docs/api/javax/imageio/event/IIOReadProgressListener.html
IIOReadUpdateListener =  https://docs.oracle.com/javase/7/docs/api/javax/imageio/event/IIOReadUpdateListener.html
IIOReadWarningListener =  https://docs.oracle.com/javase/7/docs/api/javax/imageio/event/IIOReadWarningListener.html
IIORegistry =  https://docs.oracle.com/javase/7/docs/api/javax/imageio/spi/IIORegistry.html
IIOServiceProvider =  https://docs.oracle.com/javase/7/docs/api/javax/imageio/spi/IIOServiceProvider.html
IIOWriteProgressListener =  https://docs.oracle.com/javase/7/docs/api/javax/imageio/event/IIOWriteProgressListener.html
IIOWriteWarningListener =  https://docs.oracle.com/javase/7/docs/api/javax/imageio/event/IIOWriteWarningListener.html
IllegalAccessError =  https://docs.oracle.com/javase/7/docs/api/java/lang/IllegalAccessError.html
IllegalAccessException =  https://docs.oracle.com/javase/7/docs/api/java/lang/IllegalAccessException.html
IllegalArgumentException =  https://docs.oracle.com/javase/7/docs/api/java/lang/IllegalArgumentException.html
IllegalBlockingModeException =  https://docs.oracle.com/javase/7/docs/api/java/nio/channels/IllegalBlockingModeException.html
IllegalBlockSizeException =  https://docs.oracle.com/javase/7/docs/api/javax/crypto/IllegalBlockSizeException.html
IllegalChannelGroupException =  https://docs.oracle.com/javase/7/docs/api/java/nio/channels/IllegalChannelGroupException.html
IllegalCharsetNameException =  https://docs.oracle.com/javase/7/docs/api/java/nio/charset/IllegalCharsetNameException.html
IllegalClassFormatException =  https://docs.oracle.com/javase/7/docs/api/java/lang/instrument/IllegalClassFormatException.html
IllegalComponentStateException =  https://docs.oracle.com/javase/7/docs/api/java/awt/IllegalComponentStateException.html
IllegalFormatCodePointException =  https://docs.oracle.com/javase/7/docs/api/java/util/IllegalFormatCodePointException.html
IllegalFormatConversionException =  https://docs.oracle.com/javase/7/docs/api/java/util/IllegalFormatConversionException.html
IllegalFormatException =  https://docs.oracle.com/javase/7/docs/api/java/util/IllegalFormatException.html
IllegalFormatFlagsException =  https://docs.oracle.com/javase/7/docs/api/java/util/IllegalFormatFlagsException.html
IllegalFormatPrecisionException =  https://docs.oracle.com/javase/7/docs/api/java/util/IllegalFormatPrecisionException.html
IllegalFormatWidthException =  https://docs.oracle.com/javase/7/docs/api/java/util/IllegalFormatWidthException.html
IllegalMonitorStateException =  https://docs.oracle.com/javase/7/docs/api/java/lang/IllegalMonitorStateException.html
IllegalPathStateException =  https://docs.oracle.com/javase/7/docs/api/java/awt/geom/IllegalPathStateException.html
IllegalSelectorException =  https://docs.oracle.com/javase/7/docs/api/java/nio/channels/IllegalSelectorException.html
IllegalStateException =  https://docs.oracle.com/javase/7/docs/api/java/lang/IllegalStateException.html
IllegalThreadStateException =  https://docs.oracle.com/javase/7/docs/api/java/lang/IllegalThreadStateException.html
IllformedLocaleException =  https://docs.oracle.com/javase/7/docs/api/java/util/IllformedLocaleException.html
Image =  https://docs.oracle.com/javase/7/docs/api/java/awt/Image.html
ImageCapabilities =  https://docs.oracle.com/javase/7/docs/api/java/awt/ImageCapabilities.html
ImageConsumer =  https://docs.oracle.com/javase/7/docs/api/java/awt/image/ImageConsumer.html
ImageFilter =  https://docs.oracle.com/javase/7/docs/api/java/awt/image/ImageFilter.html
ImageGraphicAttribute =  https://docs.oracle.com/javase/7/docs/api/java/awt/font/ImageGraphicAttribute.html
ImageIcon =  https://docs.oracle.com/javase/7/docs/api/javax/swing/ImageIcon.html
ImageInputStream =  https://docs.oracle.com/javase/7/docs/api/javax/imageio/stream/ImageInputStream.html
ImageInputStreamImpl =  https://docs.oracle.com/javase/7/docs/api/javax/imageio/stream/ImageInputStreamImpl.html
ImageInputStreamSpi =  https://docs.oracle.com/javase/7/docs/api/javax/imageio/spi/ImageInputStreamSpi.html
ImageIO =  https://docs.oracle.com/javase/7/docs/api/javax/imageio/ImageIO.html
ImageObserver =  https://docs.oracle.com/javase/7/docs/api/java/awt/image/ImageObserver.html
ImageOutputStream =  https://docs.oracle.com/javase/7/docs/api/javax/imageio/stream/ImageOutputStream.html
ImageOutputStreamImpl =  https://docs.oracle.com/javase/7/docs/api/javax/imageio/stream/ImageOutputStreamImpl.html
ImageOutputStreamSpi =  https://docs.oracle.com/javase/7/docs/api/javax/imageio/spi/ImageOutputStreamSpi.html
ImageProducer =  https://docs.oracle.com/javase/7/docs/api/java/awt/image/ImageProducer.html
ImageReader =  https://docs.oracle.com/javase/7/docs/api/javax/imageio/ImageReader.html
ImageReaderSpi =  https://docs.oracle.com/javase/7/docs/api/javax/imageio/spi/ImageReaderSpi.html
ImageReaderWriterSpi =  https://docs.oracle.com/javase/7/docs/api/javax/imageio/spi/ImageReaderWriterSpi.html
ImageReadParam =  https://docs.oracle.com/javase/7/docs/api/javax/imageio/ImageReadParam.html
ImageTranscoder =  https://docs.oracle.com/javase/7/docs/api/javax/imageio/ImageTranscoder.html
ImageTranscoderSpi =  https://docs.oracle.com/javase/7/docs/api/javax/imageio/spi/ImageTranscoderSpi.html
ImageTypeSpecifier =  https://docs.oracle.com/javase/7/docs/api/javax/imageio/ImageTypeSpecifier.html
ImageView =  https://docs.oracle.com/javase/7/docs/api/javax/swing/text/html/ImageView.html
ImageWriteParam =  https://docs.oracle.com/javase/7/docs/api/javax/imageio/ImageWriteParam.html
ImageWriter =  https://docs.oracle.com/javase/7/docs/api/javax/imageio/ImageWriter.html
ImageWriterSpi =  https://docs.oracle.com/javase/7/docs/api/javax/imageio/spi/ImageWriterSpi.html
ImagingOpException =  https://docs.oracle.com/javase/7/docs/api/java/awt/image/ImagingOpException.html
ImmutableDescriptor =  https://docs.oracle.com/javase/7/docs/api/javax/management/ImmutableDescriptor.html
IMP_LIMIT =  https://docs.oracle.com/javase/7/docs/api/org/omg/CORBA/IMP_LIMIT.html
IMPLICIT_ACTIVATION_POLICY_ID =  https://docs.oracle.com/javase/7/docs/api/org/omg/PortableServer/IMPLICIT_ACTIVATION_POLICY_ID.html
ImplicitActivationPolicy =  https://docs.oracle.com/javase/7/docs/api/org/omg/PortableServer/ImplicitActivationPolicy.html
ImplicitActivationPolicyOperations =  https://docs.oracle.com/javase/7/docs/api/org/omg/PortableServer/ImplicitActivationPolicyOperations.html
ImplicitActivationPolicyValue =  https://docs.oracle.com/javase/7/docs/api/org/omg/PortableServer/ImplicitActivationPolicyValue.html
INACTIVE =  https://docs.oracle.com/javase/7/docs/api/org/omg/PortableInterceptor/INACTIVE.html
IncompatibleClassChangeError =  https://docs.oracle.com/javase/7/docs/api/java/lang/IncompatibleClassChangeError.html
IncompleteAnnotationException =  https://docs.oracle.com/javase/7/docs/api/java/lang/annotation/IncompleteAnnotationException.html
InconsistentTypeCode =  https://docs.oracle.com/javase/7/docs/api/org/omg/CORBA/ORBPackage/InconsistentTypeCode.html
InconsistentTypeCode =  https://docs.oracle.com/javase/7/docs/api/org/omg/DynamicAny/DynAnyFactoryPackage/InconsistentTypeCode.html
InconsistentTypeCodeHelper =  https://docs.oracle.com/javase/7/docs/api/org/omg/DynamicAny/DynAnyFactoryPackage/InconsistentTypeCodeHelper.html
IndexColorModel =  https://docs.oracle.com/javase/7/docs/api/java/awt/image/IndexColorModel.html
IndexedPropertyChangeEvent =  https://docs.oracle.com/javase/7/docs/api/java/beans/IndexedPropertyChangeEvent.html
IndexedPropertyDescriptor =  https://docs.oracle.com/javase/7/docs/api/java/beans/IndexedPropertyDescriptor.html
IndexOutOfBoundsException =  https://docs.oracle.com/javase/7/docs/api/java/lang/IndexOutOfBoundsException.html
IndirectionException =  https://docs.oracle.com/javase/7/docs/api/org/omg/CORBA/portable/IndirectionException.html
Inet4Address =  https://docs.oracle.com/javase/7/docs/api/java/net/Inet4Address.html
Inet6Address =  https://docs.oracle.com/javase/7/docs/api/java/net/Inet6Address.html
InetAddress =  https://docs.oracle.com/javase/7/docs/api/java/net/InetAddress.html
InetSocketAddress =  https://docs.oracle.com/javase/7/docs/api/java/net/InetSocketAddress.html
Inflater =  https://docs.oracle.com/javase/7/docs/api/java/util/zip/Inflater.html
InflaterInputStream =  https://docs.oracle.com/javase/7/docs/api/java/util/zip/InflaterInputStream.html
InflaterOutputStream =  https://docs.oracle.com/javase/7/docs/api/java/util/zip/InflaterOutputStream.html
InheritableThreadLocal =  https://docs.oracle.com/javase/7/docs/api/java/lang/InheritableThreadLocal.html
Inherited =  https://docs.oracle.com/javase/7/docs/api/java/lang/annotation/Inherited.html
InitialContext =  https://docs.oracle.com/javase/7/docs/api/javax/naming/InitialContext.html
InitialContextFactory =  https://docs.oracle.com/javase/7/docs/api/javax/naming/spi/InitialContextFactory.html
InitialContextFactoryBuilder =  https://docs.oracle.com/javase/7/docs/api/javax/naming/spi/InitialContextFactoryBuilder.html
InitialDirContext =  https://docs.oracle.com/javase/7/docs/api/javax/naming/directory/InitialDirContext.html
INITIALIZE =  https://docs.oracle.com/javase/7/docs/api/org/omg/CORBA/INITIALIZE.html
InitialLdapContext =  https://docs.oracle.com/javase/7/docs/api/javax/naming/ldap/InitialLdapContext.html
InitParam =  https://docs.oracle.com/javase/7/docs/api/javax/jws/soap/InitParam.html
InlineView =  https://docs.oracle.com/javase/7/docs/api/javax/swing/text/html/InlineView.html
InputContext =  https://docs.oracle.com/javase/7/docs/api/java/awt/im/InputContext.html
InputEvent =  https://docs.oracle.com/javase/7/docs/api/java/awt/event/InputEvent.html
InputMap =  https://docs.oracle.com/javase/7/docs/api/javax/swing/InputMap.html
InputMapUIResource =  https://docs.oracle.com/javase/7/docs/api/javax/swing/plaf/InputMapUIResource.html
InputMethod =  https://docs.oracle.com/javase/7/docs/api/java/awt/im/spi/InputMethod.html
InputMethodContext =  https://docs.oracle.com/javase/7/docs/api/java/awt/im/spi/InputMethodContext.html
InputMethodDescriptor =  https://docs.oracle.com/javase/7/docs/api/java/awt/im/spi/InputMethodDescriptor.html
InputMethodEvent =  https://docs.oracle.com/javase/7/docs/api/java/awt/event/InputMethodEvent.html
InputMethodHighlight =  https://docs.oracle.com/javase/7/docs/api/java/awt/im/InputMethodHighlight.html
InputMethodListener =  https://docs.oracle.com/javase/7/docs/api/java/awt/event/InputMethodListener.html
InputMethodRequests =  https://docs.oracle.com/javase/7/docs/api/java/awt/im/InputMethodRequests.html
InputMismatchException =  https://docs.oracle.com/javase/7/docs/api/java/util/InputMismatchException.html
InputSource =  https://docs.oracle.com/javase/7/docs/api/org/xml/sax/InputSource.html
InputStream =  https://docs.oracle.com/javase/7/docs/api/java/io/InputStream.html
InputStream =  https://docs.oracle.com/javase/7/docs/api/org/omg/CORBA/portable/InputStream.html
InputStream =  https://docs.oracle.com/javase/7/docs/api/org/omg/CORBA_2_3/portable/InputStream.html
InputStreamReader =  https://docs.oracle.com/javase/7/docs/api/java/io/InputStreamReader.html
InputSubset =  https://docs.oracle.com/javase/7/docs/api/java/awt/im/InputSubset.html
InputVerifier =  https://docs.oracle.com/javase/7/docs/api/javax/swing/InputVerifier.html
Insets =  https://docs.oracle.com/javase/7/docs/api/java/awt/Insets.html
InsetsUIResource =  https://docs.oracle.com/javase/7/docs/api/javax/swing/plaf/InsetsUIResource.html
InstanceAlreadyExistsException =  https://docs.oracle.com/javase/7/docs/api/javax/management/InstanceAlreadyExistsException.html
InstanceNotFoundException =  https://docs.oracle.com/javase/7/docs/api/javax/management/InstanceNotFoundException.html
InstantiationError =  https://docs.oracle.com/javase/7/docs/api/java/lang/InstantiationError.html
InstantiationException =  https://docs.oracle.com/javase/7/docs/api/java/lang/InstantiationException.html
Instrument =  https://docs.oracle.com/javase/7/docs/api/javax/sound/midi/Instrument.html
Instrumentation =  https://docs.oracle.com/javase/7/docs/api/java/lang/instrument/Instrumentation.html
InsufficientResourcesException =  https://docs.oracle.com/javase/7/docs/api/javax/naming/InsufficientResourcesException.html
IntBuffer =  https://docs.oracle.com/javase/7/docs/api/java/nio/IntBuffer.html
Integer =  https://docs.oracle.com/javase/7/docs/api/java/lang/Integer.html
IntegerSyntax =  https://docs.oracle.com/javase/7/docs/api/javax/print/attribute/IntegerSyntax.html
Interceptor =  https://docs.oracle.com/javase/7/docs/api/org/omg/PortableInterceptor/Interceptor.html
InterceptorOperations =  https://docs.oracle.com/javase/7/docs/api/org/omg/PortableInterceptor/InterceptorOperations.html
InterfaceAddress =  https://docs.oracle.com/javase/7/docs/api/java/net/InterfaceAddress.html
INTERNAL =  https://docs.oracle.com/javase/7/docs/api/org/omg/CORBA/INTERNAL.html
InternalError =  https://docs.oracle.com/javase/7/docs/api/java/lang/InternalError.html
InternalFrameAdapter =  https://docs.oracle.com/javase/7/docs/api/javax/swing/event/InternalFrameAdapter.html
InternalFrameEvent =  https://docs.oracle.com/javase/7/docs/api/javax/swing/event/InternalFrameEvent.html
InternalFrameFocusTraversalPolicy =  https://docs.oracle.com/javase/7/docs/api/javax/swing/InternalFrameFocusTraversalPolicy.html
InternalFrameListener =  https://docs.oracle.com/javase/7/docs/api/javax/swing/event/InternalFrameListener.html
InternalFrameUI =  https://docs.oracle.com/javase/7/docs/api/javax/swing/plaf/InternalFrameUI.html
InternationalFormatter =  https://docs.oracle.com/javase/7/docs/api/javax/swing/text/InternationalFormatter.html
InterruptedByTimeoutException =  https://docs.oracle.com/javase/7/docs/api/java/nio/channels/InterruptedByTimeoutException.html
InterruptedException =  https://docs.oracle.com/javase/7/docs/api/java/lang/InterruptedException.html
InterruptedIOException =  https://docs.oracle.com/javase/7/docs/api/java/io/InterruptedIOException.html
InterruptedNamingException =  https://docs.oracle.com/javase/7/docs/api/javax/naming/InterruptedNamingException.html
InterruptibleChannel =  https://docs.oracle.com/javase/7/docs/api/java/nio/channels/InterruptibleChannel.html
INTF_REPOS =  https://docs.oracle.com/javase/7/docs/api/org/omg/CORBA/INTF_REPOS.html
IntHolder =  https://docs.oracle.com/javase/7/docs/api/org/omg/CORBA/IntHolder.html
IntrospectionException =  https://docs.oracle.com/javase/7/docs/api/java/beans/IntrospectionException.html
IntrospectionException =  https://docs.oracle.com/javase/7/docs/api/javax/management/IntrospectionException.html
Introspector =  https://docs.oracle.com/javase/7/docs/api/java/beans/Introspector.html
INV_FLAG =  https://docs.oracle.com/javase/7/docs/api/org/omg/CORBA/INV_FLAG.html
INV_IDENT =  https://docs.oracle.com/javase/7/docs/api/org/omg/CORBA/INV_IDENT.html
INV_OBJREF =  https://docs.oracle.com/javase/7/docs/api/org/omg/CORBA/INV_OBJREF.html
INV_POLICY =  https://docs.oracle.com/javase/7/docs/api/org/omg/CORBA/INV_POLICY.html
Invalid =  https://docs.oracle.com/javase/7/docs/api/org/omg/CORBA/DynAnyPackage/Invalid.html
INVALID_ACTIVITY =  https://docs.oracle.com/javase/7/docs/api/org/omg/CORBA/INVALID_ACTIVITY.html
INVALID_TRANSACTION =  https://docs.oracle.com/javase/7/docs/api/org/omg/CORBA/INVALID_TRANSACTION.html
InvalidActivityException =  https://docs.oracle.com/javase/7/docs/api/javax/activity/InvalidActivityException.html
InvalidAddress =  https://docs.oracle.com/javase/7/docs/api/org/omg/CosNaming/NamingContextExtPackage/InvalidAddress.html
InvalidAddressHelper =  https://docs.oracle.com/javase/7/docs/api/org/omg/CosNaming/NamingContextExtPackage/InvalidAddressHelper.html
InvalidAddressHolder =  https://docs.oracle.com/javase/7/docs/api/org/omg/CosNaming/NamingContextExtPackage/InvalidAddressHolder.html
InvalidAlgorithmParameterException =  https://docs.oracle.com/javase/7/docs/api/java/security/InvalidAlgorithmParameterException.html
InvalidApplicationException =  https://docs.oracle.com/javase/7/docs/api/javax/management/InvalidApplicationException.html
InvalidAttributeIdentifierException =  https://docs.oracle.com/javase/7/docs/api/javax/naming/directory/InvalidAttributeIdentifierException.html
InvalidAttributesException =  https://docs.oracle.com/javase/7/docs/api/javax/naming/directory/InvalidAttributesException.html
InvalidAttributeValueException =  https://docs.oracle.com/javase/7/docs/api/javax/management/InvalidAttributeValueException.html
InvalidAttributeValueException =  https://docs.oracle.com/javase/7/docs/api/javax/naming/directory/InvalidAttributeValueException.html
InvalidClassException =  https://docs.oracle.com/javase/7/docs/api/java/io/InvalidClassException.html
InvalidDnDOperationException =  https://docs.oracle.com/javase/7/docs/api/java/awt/dnd/InvalidDnDOperationException.html
InvalidKeyException =  https://docs.oracle.com/javase/7/docs/api/java/security/InvalidKeyException.html
InvalidKeyException =  https://docs.oracle.com/javase/7/docs/api/javax/management/openmbean/InvalidKeyException.html
InvalidKeySpecException =  https://docs.oracle.com/javase/7/docs/api/java/security/spec/InvalidKeySpecException.html
InvalidMarkException =  https://docs.oracle.com/javase/7/docs/api/java/nio/InvalidMarkException.html
InvalidMidiDataException =  https://docs.oracle.com/javase/7/docs/api/javax/sound/midi/InvalidMidiDataException.html
InvalidName =  https://docs.oracle.com/javase/7/docs/api/org/omg/CORBA/ORBPackage/InvalidName.html
InvalidName =  https://docs.oracle.com/javase/7/docs/api/org/omg/CosNaming/NamingContextPackage/InvalidName.html
InvalidName =  https://docs.oracle.com/javase/7/docs/api/org/omg/PortableInterceptor/ORBInitInfoPackage/InvalidName.html
InvalidNameException =  https://docs.oracle.com/javase/7/docs/api/javax/naming/InvalidNameException.html
InvalidNameHelper =  https://docs.oracle.com/javase/7/docs/api/org/omg/CosNaming/NamingContextPackage/InvalidNameHelper.html
InvalidNameHelper =  https://docs.oracle.com/javase/7/docs/api/org/omg/PortableInterceptor/ORBInitInfoPackage/InvalidNameHelper.html
InvalidNameHolder =  https://docs.oracle.com/javase/7/docs/api/org/omg/CosNaming/NamingContextPackage/InvalidNameHolder.html
InvalidObjectException =  https://docs.oracle.com/javase/7/docs/api/java/io/InvalidObjectException.html
InvalidOpenTypeException =  https://docs.oracle.com/javase/7/docs/api/javax/management/openmbean/InvalidOpenTypeException.html
InvalidParameterException =  https://docs.oracle.com/javase/7/docs/api/java/security/InvalidParameterException.html
InvalidParameterSpecException =  https://docs.oracle.com/javase/7/docs/api/java/security/spec/InvalidParameterSpecException.html
InvalidPathException =  https://docs.oracle.com/javase/7/docs/api/java/nio/file/InvalidPathException.html
InvalidPolicy =  https://docs.oracle.com/javase/7/docs/api/org/omg/PortableServer/POAPackage/InvalidPolicy.html
InvalidPolicyHelper =  https://docs.oracle.com/javase/7/docs/api/org/omg/PortableServer/POAPackage/InvalidPolicyHelper.html
InvalidPreferencesFormatException =  https://docs.oracle.com/javase/7/docs/api/java/util/prefs/InvalidPreferencesFormatException.html
InvalidPropertiesFormatException =  https://docs.oracle.com/javase/7/docs/api/java/util/InvalidPropertiesFormatException.html
InvalidRelationIdException =  https://docs.oracle.com/javase/7/docs/api/javax/management/relation/InvalidRelationIdException.html
InvalidRelationServiceException =  https://docs.oracle.com/javase/7/docs/api/javax/management/relation/InvalidRelationServiceException.html
InvalidRelationTypeException =  https://docs.oracle.com/javase/7/docs/api/javax/management/relation/InvalidRelationTypeException.html
InvalidRoleInfoException =  https://docs.oracle.com/javase/7/docs/api/javax/management/relation/InvalidRoleInfoException.html
InvalidRoleValueException =  https://docs.oracle.com/javase/7/docs/api/javax/management/relation/InvalidRoleValueException.html
InvalidSearchControlsException =  https://docs.oracle.com/javase/7/docs/api/javax/naming/directory/InvalidSearchControlsException.html
InvalidSearchFilterException =  https://docs.oracle.com/javase/7/docs/api/javax/naming/directory/InvalidSearchFilterException.html
InvalidSeq =  https://docs.oracle.com/javase/7/docs/api/org/omg/CORBA/DynAnyPackage/InvalidSeq.html
InvalidSlot =  https://docs.oracle.com/javase/7/docs/api/org/omg/PortableInterceptor/InvalidSlot.html
InvalidSlotHelper =  https://docs.oracle.com/javase/7/docs/api/org/omg/PortableInterceptor/InvalidSlotHelper.html
InvalidTargetObjectTypeException =  https://docs.oracle.com/javase/7/docs/api/javax/management/modelmbean/InvalidTargetObjectTypeException.html
InvalidTransactionException =  https://docs.oracle.com/javase/7/docs/api/javax/transaction/InvalidTransactionException.html
InvalidTypeForEncoding =  https://docs.oracle.com/javase/7/docs/api/org/omg/IOP/CodecPackage/InvalidTypeForEncoding.html
InvalidTypeForEncodingHelper =  https://docs.oracle.com/javase/7/docs/api/org/omg/IOP/CodecPackage/InvalidTypeForEncodingHelper.html
InvalidValue =  https://docs.oracle.com/javase/7/docs/api/org/omg/CORBA/DynAnyPackage/InvalidValue.html
InvalidValue =  https://docs.oracle.com/javase/7/docs/api/org/omg/DynamicAny/DynAnyPackage/InvalidValue.html
InvalidValueHelper =  https://docs.oracle.com/javase/7/docs/api/org/omg/DynamicAny/DynAnyPackage/InvalidValueHelper.html
Invocable =  https://docs.oracle.com/javase/7/docs/api/javax/script/Invocable.html
InvocationEvent =  https://docs.oracle.com/javase/7/docs/api/java/awt/event/InvocationEvent.html
InvocationHandler =  https://docs.oracle.com/javase/7/docs/api/java/lang/reflect/InvocationHandler.html
InvocationTargetException =  https://docs.oracle.com/javase/7/docs/api/java/lang/reflect/InvocationTargetException.html
InvokeHandler =  https://docs.oracle.com/javase/7/docs/api/org/omg/CORBA/portable/InvokeHandler.html
Invoker =  https://docs.oracle.com/javase/7/docs/api/javax/xml/ws/spi/Invoker.html
IOError =  https://docs.oracle.com/javase/7/docs/api/java/io/IOError.html
IOException =  https://docs.oracle.com/javase/7/docs/api/java/io/IOException.html
IOR =  https://docs.oracle.com/javase/7/docs/api/org/omg/IOP/IOR.html
IORHelper =  https://docs.oracle.com/javase/7/docs/api/org/omg/IOP/IORHelper.html
IORHolder =  https://docs.oracle.com/javase/7/docs/api/org/omg/IOP/IORHolder.html
IORInfo =  https://docs.oracle.com/javase/7/docs/api/org/omg/PortableInterceptor/IORInfo.html
IORInfoOperations =  https://docs.oracle.com/javase/7/docs/api/org/omg/PortableInterceptor/IORInfoOperations.html
IORInterceptor =  https://docs.oracle.com/javase/7/docs/api/org/omg/PortableInterceptor/IORInterceptor.html
IORInterceptor_3_0 =  https://docs.oracle.com/javase/7/docs/api/org/omg/PortableInterceptor/IORInterceptor_3_0.html
IORInterceptor_3_0Helper =  https://docs.oracle.com/javase/7/docs/api/org/omg/PortableInterceptor/IORInterceptor_3_0Helper.html
IORInterceptor_3_0Holder =  https://docs.oracle.com/javase/7/docs/api/org/omg/PortableInterceptor/IORInterceptor_3_0Holder.html
IORInterceptor_3_0Operations =  https://docs.oracle.com/javase/7/docs/api/org/omg/PortableInterceptor/IORInterceptor_3_0Operations.html
IORInterceptorOperations =  https://docs.oracle.com/javase/7/docs/api/org/omg/PortableInterceptor/IORInterceptorOperations.html
IRObject =  https://docs.oracle.com/javase/7/docs/api/org/omg/CORBA/IRObject.html
IRObjectOperations =  https://docs.oracle.com/javase/7/docs/api/org/omg/CORBA/IRObjectOperations.html
IstringHelper =  https://docs.oracle.com/javase/7/docs/api/org/omg/CosNaming/IstringHelper.html
ItemEvent =  https://docs.oracle.com/javase/7/docs/api/java/awt/event/ItemEvent.html
ItemListener =  https://docs.oracle.com/javase/7/docs/api/java/awt/event/ItemListener.html
ItemSelectable =  https://docs.oracle.com/javase/7/docs/api/java/awt/ItemSelectable.html
Iterable =  https://docs.oracle.com/javase/7/docs/api/java/lang/Iterable.html
Iterator =  https://docs.oracle.com/javase/7/docs/api/java/util/Iterator.html
IvParameterSpec =  https://docs.oracle.com/javase/7/docs/api/javax/crypto/spec/IvParameterSpec.html
JApplet =  https://docs.oracle.com/javase/7/docs/api/javax/swing/JApplet.html
JarEntry =  https://docs.oracle.com/javase/7/docs/api/java/util/jar/JarEntry.html
JarException =  https://docs.oracle.com/javase/7/docs/api/java/util/jar/JarException.html
JarFile =  https://docs.oracle.com/javase/7/docs/api/java/util/jar/JarFile.html
JarInputStream =  https://docs.oracle.com/javase/7/docs/api/java/util/jar/JarInputStream.html
JarOutputStream =  https://docs.oracle.com/javase/7/docs/api/java/util/jar/JarOutputStream.html
JarURLConnection =  https://docs.oracle.com/javase/7/docs/api/java/net/JarURLConnection.html
JavaCompiler =  https://docs.oracle.com/javase/7/docs/api/javax/tools/JavaCompiler.html
JavaCompiler.CompilationTask =  https://docs.oracle.com/javase/7/docs/api/javax/tools/JavaCompiler.CompilationTask.html
JavaFileManager =  https://docs.oracle.com/javase/7/docs/api/javax/tools/JavaFileManager.html
JavaFileManager.Location =  https://docs.oracle.com/javase/7/docs/api/javax/tools/JavaFileManager.Location.html
JavaFileObject =  https://docs.oracle.com/javase/7/docs/api/javax/tools/JavaFileObject.html
JavaFileObject.Kind =  https://docs.oracle.com/javase/7/docs/api/javax/tools/JavaFileObject.Kind.html
JAXB =  https://docs.oracle.com/javase/7/docs/api/javax/xml/bind/JAXB.html
JAXBContext =  https://docs.oracle.com/javase/7/docs/api/javax/xml/bind/JAXBContext.html
JAXBElement =  https://docs.oracle.com/javase/7/docs/api/javax/xml/bind/JAXBElement.html
JAXBElement.GlobalScope =  https://docs.oracle.com/javase/7/docs/api/javax/xml/bind/JAXBElement.GlobalScope.html
JAXBException =  https://docs.oracle.com/javase/7/docs/api/javax/xml/bind/JAXBException.html
JAXBIntrospector =  https://docs.oracle.com/javase/7/docs/api/javax/xml/bind/JAXBIntrospector.html
JAXBPermission =  https://docs.oracle.com/javase/7/docs/api/javax/xml/bind/JAXBPermission.html
JAXBResult =  https://docs.oracle.com/javase/7/docs/api/javax/xml/bind/util/JAXBResult.html
JAXBSource =  https://docs.oracle.com/javase/7/docs/api/javax/xml/bind/util/JAXBSource.html
JButton =  https://docs.oracle.com/javase/7/docs/api/javax/swing/JButton.html
JCheckBox =  https://docs.oracle.com/javase/7/docs/api/javax/swing/JCheckBox.html
JCheckBoxMenuItem =  https://docs.oracle.com/javase/7/docs/api/javax/swing/JCheckBoxMenuItem.html
JColorChooser =  https://docs.oracle.com/javase/7/docs/api/javax/swing/JColorChooser.html
JComboBox =  https://docs.oracle.com/javase/7/docs/api/javax/swing/JComboBox.html
JComboBox.KeySelectionManager =  https://docs.oracle.com/javase/7/docs/api/javax/swing/JComboBox.KeySelectionManager.html
JComponent =  https://docs.oracle.com/javase/7/docs/api/javax/swing/JComponent.html
JdbcRowSet =  https://docs.oracle.com/javase/7/docs/api/javax/sql/rowset/JdbcRowSet.html
JDesktopPane =  https://docs.oracle.com/javase/7/docs/api/javax/swing/JDesktopPane.html
JDialog =  https://docs.oracle.com/javase/7/docs/api/javax/swing/JDialog.html
JEditorPane =  https://docs.oracle.com/javase/7/docs/api/javax/swing/JEditorPane.html
JFileChooser =  https://docs.oracle.com/javase/7/docs/api/javax/swing/JFileChooser.html
JFormattedTextField =  https://docs.oracle.com/javase/7/docs/api/javax/swing/JFormattedTextField.html
JFormattedTextField.AbstractFormatter =  https://docs.oracle.com/javase/7/docs/api/javax/swing/JFormattedTextField.AbstractFormatter.html
JFormattedTextField.AbstractFormatterFactory =  https://docs.oracle.com/javase/7/docs/api/javax/swing/JFormattedTextField.AbstractFormatterFactory.html
JFrame =  https://docs.oracle.com/javase/7/docs/api/javax/swing/JFrame.html
JInternalFrame =  https://docs.oracle.com/javase/7/docs/api/javax/swing/JInternalFrame.html
JInternalFrame.JDesktopIcon =  https://docs.oracle.com/javase/7/docs/api/javax/swing/JInternalFrame.JDesktopIcon.html
JLabel =  https://docs.oracle.com/javase/7/docs/api/javax/swing/JLabel.html
JLayer =  https://docs.oracle.com/javase/7/docs/api/javax/swing/JLayer.html
JLayeredPane =  https://docs.oracle.com/javase/7/docs/api/javax/swing/JLayeredPane.html
JList =  https://docs.oracle.com/javase/7/docs/api/javax/swing/JList.html
JList.DropLocation =  https://docs.oracle.com/javase/7/docs/api/javax/swing/JList.DropLocation.html
JMenu =  https://docs.oracle.com/javase/7/docs/api/javax/swing/JMenu.html
JMenuBar =  https://docs.oracle.com/javase/7/docs/api/javax/swing/JMenuBar.html
JMenuItem =  https://docs.oracle.com/javase/7/docs/api/javax/swing/JMenuItem.html
JMException =  https://docs.oracle.com/javase/7/docs/api/javax/management/JMException.html
JMRuntimeException =  https://docs.oracle.com/javase/7/docs/api/javax/management/JMRuntimeException.html
JMX =  https://docs.oracle.com/javase/7/docs/api/javax/management/JMX.html
JMXAddressable =  https://docs.oracle.com/javase/7/docs/api/javax/management/remote/JMXAddressable.html
JMXAuthenticator =  https://docs.oracle.com/javase/7/docs/api/javax/management/remote/JMXAuthenticator.html
JMXConnectionNotification =  https://docs.oracle.com/javase/7/docs/api/javax/management/remote/JMXConnectionNotification.html
JMXConnector =  https://docs.oracle.com/javase/7/docs/api/javax/management/remote/JMXConnector.html
JMXConnectorFactory =  https://docs.oracle.com/javase/7/docs/api/javax/management/remote/JMXConnectorFactory.html
JMXConnectorProvider =  https://docs.oracle.com/javase/7/docs/api/javax/management/remote/JMXConnectorProvider.html
JMXConnectorServer =  https://docs.oracle.com/javase/7/docs/api/javax/management/remote/JMXConnectorServer.html
JMXConnectorServerFactory =  https://docs.oracle.com/javase/7/docs/api/javax/management/remote/JMXConnectorServerFactory.html
JMXConnectorServerMBean =  https://docs.oracle.com/javase/7/docs/api/javax/management/remote/JMXConnectorServerMBean.html
JMXConnectorServerProvider =  https://docs.oracle.com/javase/7/docs/api/javax/management/remote/JMXConnectorServerProvider.html
JMXPrincipal =  https://docs.oracle.com/javase/7/docs/api/javax/management/remote/JMXPrincipal.html
JMXProviderException =  https://docs.oracle.com/javase/7/docs/api/javax/management/remote/JMXProviderException.html
JMXServerErrorException =  https://docs.oracle.com/javase/7/docs/api/javax/management/remote/JMXServerErrorException.html
JMXServiceURL =  https://docs.oracle.com/javase/7/docs/api/javax/management/remote/JMXServiceURL.html
JobAttributes =  https://docs.oracle.com/javase/7/docs/api/java/awt/JobAttributes.html
JobAttributes.DefaultSelectionType =  https://docs.oracle.com/javase/7/docs/api/java/awt/JobAttributes.DefaultSelectionType.html
JobAttributes.DestinationType =  https://docs.oracle.com/javase/7/docs/api/java/awt/JobAttributes.DestinationType.html
JobAttributes.DialogType =  https://docs.oracle.com/javase/7/docs/api/java/awt/JobAttributes.DialogType.html
JobAttributes.MultipleDocumentHandlingType =  https://docs.oracle.com/javase/7/docs/api/java/awt/JobAttributes.MultipleDocumentHandlingType.html
JobAttributes.SidesType =  https://docs.oracle.com/javase/7/docs/api/java/awt/JobAttributes.SidesType.html
JobHoldUntil =  https://docs.oracle.com/javase/7/docs/api/javax/print/attribute/standard/JobHoldUntil.html
JobImpressions =  https://docs.oracle.com/javase/7/docs/api/javax/print/attribute/standard/JobImpressions.html
JobImpressionsCompleted =  https://docs.oracle.com/javase/7/docs/api/javax/print/attribute/standard/JobImpressionsCompleted.html
JobImpressionsSupported =  https://docs.oracle.com/javase/7/docs/api/javax/print/attribute/standard/JobImpressionsSupported.html
JobKOctets =  https://docs.oracle.com/javase/7/docs/api/javax/print/attribute/standard/JobKOctets.html
JobKOctetsProcessed =  https://docs.oracle.com/javase/7/docs/api/javax/print/attribute/standard/JobKOctetsProcessed.html
JobKOctetsSupported =  https://docs.oracle.com/javase/7/docs/api/javax/print/attribute/standard/JobKOctetsSupported.html
JobMediaSheets =  https://docs.oracle.com/javase/7/docs/api/javax/print/attribute/standard/JobMediaSheets.html
JobMediaSheetsCompleted =  https://docs.oracle.com/javase/7/docs/api/javax/print/attribute/standard/JobMediaSheetsCompleted.html
JobMediaSheetsSupported =  https://docs.oracle.com/javase/7/docs/api/javax/print/attribute/standard/JobMediaSheetsSupported.html
JobMessageFromOperator =  https://docs.oracle.com/javase/7/docs/api/javax/print/attribute/standard/JobMessageFromOperator.html
JobName =  https://docs.oracle.com/javase/7/docs/api/javax/print/attribute/standard/JobName.html
JobOriginatingUserName =  https://docs.oracle.com/javase/7/docs/api/javax/print/attribute/standard/JobOriginatingUserName.html
JobPriority =  https://docs.oracle.com/javase/7/docs/api/javax/print/attribute/standard/JobPriority.html
JobPrioritySupported =  https://docs.oracle.com/javase/7/docs/api/javax/print/attribute/standard/JobPrioritySupported.html
JobSheets =  https://docs.oracle.com/javase/7/docs/api/javax/print/attribute/standard/JobSheets.html
JobState =  https://docs.oracle.com/javase/7/docs/api/javax/print/attribute/standard/JobState.html
JobStateReason =  https://docs.oracle.com/javase/7/docs/api/javax/print/attribute/standard/JobStateReason.html
JobStateReasons =  https://docs.oracle.com/javase/7/docs/api/javax/print/attribute/standard/JobStateReasons.html
Joinable =  https://docs.oracle.com/javase/7/docs/api/javax/sql/rowset/Joinable.html
JoinRowSet =  https://docs.oracle.com/javase/7/docs/api/javax/sql/rowset/JoinRowSet.html
JOptionPane =  https://docs.oracle.com/javase/7/docs/api/javax/swing/JOptionPane.html
JPanel =  https://docs.oracle.com/javase/7/docs/api/javax/swing/JPanel.html
JPasswordField =  https://docs.oracle.com/javase/7/docs/api/javax/swing/JPasswordField.html
JPEGHuffmanTable =  https://docs.oracle.com/javase/7/docs/api/javax/imageio/plugins/jpeg/JPEGHuffmanTable.html
JPEGImageReadParam =  https://docs.oracle.com/javase/7/docs/api/javax/imageio/plugins/jpeg/JPEGImageReadParam.html
JPEGImageWriteParam =  https://docs.oracle.com/javase/7/docs/api/javax/imageio/plugins/jpeg/JPEGImageWriteParam.html
JPEGQTable =  https://docs.oracle.com/javase/7/docs/api/javax/imageio/plugins/jpeg/JPEGQTable.html
JPopupMenu =  https://docs.oracle.com/javase/7/docs/api/javax/swing/JPopupMenu.html
JPopupMenu.Separator =  https://docs.oracle.com/javase/7/docs/api/javax/swing/JPopupMenu.Separator.html
JProgressBar =  https://docs.oracle.com/javase/7/docs/api/javax/swing/JProgressBar.html
JRadioButton =  https://docs.oracle.com/javase/7/docs/api/javax/swing/JRadioButton.html
JRadioButtonMenuItem =  https://docs.oracle.com/javase/7/docs/api/javax/swing/JRadioButtonMenuItem.html
JRootPane =  https://docs.oracle.com/javase/7/docs/api/javax/swing/JRootPane.html
JScrollBar =  https://docs.oracle.com/javase/7/docs/api/javax/swing/JScrollBar.html
JScrollPane =  https://docs.oracle.com/javase/7/docs/api/javax/swing/JScrollPane.html
JSeparator =  https://docs.oracle.com/javase/7/docs/api/javax/swing/JSeparator.html
JSlider =  https://docs.oracle.com/javase/7/docs/api/javax/swing/JSlider.html
JSpinner =  https://docs.oracle.com/javase/7/docs/api/javax/swing/JSpinner.html
JSpinner.DateEditor =  https://docs.oracle.com/javase/7/docs/api/javax/swing/JSpinner.DateEditor.html
JSpinner.DefaultEditor =  https://docs.oracle.com/javase/7/docs/api/javax/swing/JSpinner.DefaultEditor.html
JSpinner.ListEditor =  https://docs.oracle.com/javase/7/docs/api/javax/swing/JSpinner.ListEditor.html
JSpinner.NumberEditor =  https://docs.oracle.com/javase/7/docs/api/javax/swing/JSpinner.NumberEditor.html
JSplitPane =  https://docs.oracle.com/javase/7/docs/api/javax/swing/JSplitPane.html
JTabbedPane =  https://docs.oracle.com/javase/7/docs/api/javax/swing/JTabbedPane.html
JTable =  https://docs.oracle.com/javase/7/docs/api/javax/swing/JTable.html
JTable.DropLocation =  https://docs.oracle.com/javase/7/docs/api/javax/swing/JTable.DropLocation.html
JTable.PrintMode =  https://docs.oracle.com/javase/7/docs/api/javax/swing/JTable.PrintMode.html
JTableHeader =  https://docs.oracle.com/javase/7/docs/api/javax/swing/table/JTableHeader.html
JTextArea =  https://docs.oracle.com/javase/7/docs/api/javax/swing/JTextArea.html
JTextComponent =  https://docs.oracle.com/javase/7/docs/api/javax/swing/text/JTextComponent.html
JTextComponent.DropLocation =  https://docs.oracle.com/javase/7/docs/api/javax/swing/text/JTextComponent.DropLocation.html
JTextComponent.KeyBinding =  https://docs.oracle.com/javase/7/docs/api/javax/swing/text/JTextComponent.KeyBinding.html
JTextField =  https://docs.oracle.com/javase/7/docs/api/javax/swing/JTextField.html
JTextPane =  https://docs.oracle.com/javase/7/docs/api/javax/swing/JTextPane.html
JToggleButton =  https://docs.oracle.com/javase/7/docs/api/javax/swing/JToggleButton.html
JToggleButton.ToggleButtonModel =  https://docs.oracle.com/javase/7/docs/api/javax/swing/JToggleButton.ToggleButtonModel.html
JToolBar =  https://docs.oracle.com/javase/7/docs/api/javax/swing/JToolBar.html
JToolBar.Separator =  https://docs.oracle.com/javase/7/docs/api/javax/swing/JToolBar.Separator.html
JToolTip =  https://docs.oracle.com/javase/7/docs/api/javax/swing/JToolTip.html
JTree =  https://docs.oracle.com/javase/7/docs/api/javax/swing/JTree.html
JTree.DropLocation =  https://docs.oracle.com/javase/7/docs/api/javax/swing/JTree.DropLocation.html
JTree.DynamicUtilTreeNode =  https://docs.oracle.com/javase/7/docs/api/javax/swing/JTree.DynamicUtilTreeNode.html
JTree.EmptySelectionModel =  https://docs.oracle.com/javase/7/docs/api/javax/swing/JTree.EmptySelectionModel.html
JViewport =  https://docs.oracle.com/javase/7/docs/api/javax/swing/JViewport.html
JWindow =  https://docs.oracle.com/javase/7/docs/api/javax/swing/JWindow.html
KerberosKey =  https://docs.oracle.com/javase/7/docs/api/javax/security/auth/kerberos/KerberosKey.html
KerberosPrincipal =  https://docs.oracle.com/javase/7/docs/api/javax/security/auth/kerberos/KerberosPrincipal.html
KerberosTicket =  https://docs.oracle.com/javase/7/docs/api/javax/security/auth/kerberos/KerberosTicket.html
Kernel =  https://docs.oracle.com/javase/7/docs/api/java/awt/image/Kernel.html
Key =  https://docs.oracle.com/javase/7/docs/api/java/security/Key.html
KeyAdapter =  https://docs.oracle.com/javase/7/docs/api/java/awt/event/KeyAdapter.html
KeyAgreement =  https://docs.oracle.com/javase/7/docs/api/javax/crypto/KeyAgreement.html
KeyAgreementSpi =  https://docs.oracle.com/javase/7/docs/api/javax/crypto/KeyAgreementSpi.html
KeyAlreadyExistsException =  https://docs.oracle.com/javase/7/docs/api/javax/management/openmbean/KeyAlreadyExistsException.html
KeyboardFocusManager =  https://docs.oracle.com/javase/7/docs/api/java/awt/KeyboardFocusManager.html
KeyEvent =  https://docs.oracle.com/javase/7/docs/api/java/awt/event/KeyEvent.html
KeyEventDispatcher =  https://docs.oracle.com/javase/7/docs/api/java/awt/KeyEventDispatcher.html
KeyEventPostProcessor =  https://docs.oracle.com/javase/7/docs/api/java/awt/KeyEventPostProcessor.html
KeyException =  https://docs.oracle.com/javase/7/docs/api/java/security/KeyException.html
KeyFactory =  https://docs.oracle.com/javase/7/docs/api/java/security/KeyFactory.html
KeyFactorySpi =  https://docs.oracle.com/javase/7/docs/api/java/security/KeyFactorySpi.html
KeyGenerator =  https://docs.oracle.com/javase/7/docs/api/javax/crypto/KeyGenerator.html
KeyGeneratorSpi =  https://docs.oracle.com/javase/7/docs/api/javax/crypto/KeyGeneratorSpi.html
KeyInfo =  https://docs.oracle.com/javase/7/docs/api/javax/xml/crypto/dsig/keyinfo/KeyInfo.html
KeyInfoFactory =  https://docs.oracle.com/javase/7/docs/api/javax/xml/crypto/dsig/keyinfo/KeyInfoFactory.html
KeyListener =  https://docs.oracle.com/javase/7/docs/api/java/awt/event/KeyListener.html
KeyManagementException =  https://docs.oracle.com/javase/7/docs/api/java/security/KeyManagementException.html
KeyManager =  https://docs.oracle.com/javase/7/docs/api/javax/net/ssl/KeyManager.html
KeyManagerFactory =  https://docs.oracle.com/javase/7/docs/api/javax/net/ssl/KeyManagerFactory.html
KeyManagerFactorySpi =  https://docs.oracle.com/javase/7/docs/api/javax/net/ssl/KeyManagerFactorySpi.html
Keymap =  https://docs.oracle.com/javase/7/docs/api/javax/swing/text/Keymap.html
KeyName =  https://docs.oracle.com/javase/7/docs/api/javax/xml/crypto/dsig/keyinfo/KeyName.html
KeyPair =  https://docs.oracle.com/javase/7/docs/api/java/security/KeyPair.html
KeyPairGenerator =  https://docs.oracle.com/javase/7/docs/api/java/security/KeyPairGenerator.html
KeyPairGeneratorSpi =  https://docs.oracle.com/javase/7/docs/api/java/security/KeyPairGeneratorSpi.html
KeyRep =  https://docs.oracle.com/javase/7/docs/api/java/security/KeyRep.html
KeyRep.Type =  https://docs.oracle.com/javase/7/docs/api/java/security/KeyRep.Type.html
KeySelector =  https://docs.oracle.com/javase/7/docs/api/javax/xml/crypto/KeySelector.html
KeySelector.Purpose =  https://docs.oracle.com/javase/7/docs/api/javax/xml/crypto/KeySelector.Purpose.html
KeySelectorException =  https://docs.oracle.com/javase/7/docs/api/javax/xml/crypto/KeySelectorException.html
KeySelectorResult =  https://docs.oracle.com/javase/7/docs/api/javax/xml/crypto/KeySelectorResult.html
KeySpec =  https://docs.oracle.com/javase/7/docs/api/java/security/spec/KeySpec.html
KeyStore =  https://docs.oracle.com/javase/7/docs/api/java/security/KeyStore.html
KeyStore.Builder =  https://docs.oracle.com/javase/7/docs/api/java/security/KeyStore.Builder.html
KeyStore.CallbackHandlerProtection =  https://docs.oracle.com/javase/7/docs/api/java/security/KeyStore.CallbackHandlerProtection.html
KeyStore.Entry =  https://docs.oracle.com/javase/7/docs/api/java/security/KeyStore.Entry.html
KeyStore.LoadStoreParameter =  https://docs.oracle.com/javase/7/docs/api/java/security/KeyStore.LoadStoreParameter.html
KeyStore.PasswordProtection =  https://docs.oracle.com/javase/7/docs/api/java/security/KeyStore.PasswordProtection.html
KeyStore.PrivateKeyEntry =  https://docs.oracle.com/javase/7/docs/api/java/security/KeyStore.PrivateKeyEntry.html
KeyStore.ProtectionParameter =  https://docs.oracle.com/javase/7/docs/api/java/security/KeyStore.ProtectionParameter.html
KeyStore.SecretKeyEntry =  https://docs.oracle.com/javase/7/docs/api/java/security/KeyStore.SecretKeyEntry.html
KeyStore.TrustedCertificateEntry =  https://docs.oracle.com/javase/7/docs/api/java/security/KeyStore.TrustedCertificateEntry.html
KeyStoreBuilderParameters =  https://docs.oracle.com/javase/7/docs/api/javax/net/ssl/KeyStoreBuilderParameters.html
KeyStoreException =  https://docs.oracle.com/javase/7/docs/api/java/security/KeyStoreException.html
KeyStoreSpi =  https://docs.oracle.com/javase/7/docs/api/java/security/KeyStoreSpi.html
KeyStroke =  https://docs.oracle.com/javase/7/docs/api/javax/swing/KeyStroke.html
KeyTab =  https://docs.oracle.com/javase/7/docs/api/javax/security/auth/kerberos/KeyTab.html
KeyValue =  https://docs.oracle.com/javase/7/docs/api/javax/xml/crypto/dsig/keyinfo/KeyValue.html
Label =  https://docs.oracle.com/javase/7/docs/api/java/awt/Label.html
LabelUI =  https://docs.oracle.com/javase/7/docs/api/javax/swing/plaf/LabelUI.html
LabelView =  https://docs.oracle.com/javase/7/docs/api/javax/swing/text/LabelView.html
LanguageCallback =  https://docs.oracle.com/javase/7/docs/api/javax/security/auth/callback/LanguageCallback.html
LastOwnerException =  https://docs.oracle.com/javase/7/docs/api/java/security/acl/LastOwnerException.html
LayeredHighlighter =  https://docs.oracle.com/javase/7/docs/api/javax/swing/text/LayeredHighlighter.html
LayeredHighlighter.LayerPainter =  https://docs.oracle.com/javase/7/docs/api/javax/swing/text/LayeredHighlighter.LayerPainter.html
LayerUI =  https://docs.oracle.com/javase/7/docs/api/javax/swing/plaf/LayerUI.html
LayoutFocusTraversalPolicy =  https://docs.oracle.com/javase/7/docs/api/javax/swing/LayoutFocusTraversalPolicy.html
LayoutManager =  https://docs.oracle.com/javase/7/docs/api/java/awt/LayoutManager.html
LayoutManager2 =  https://docs.oracle.com/javase/7/docs/api/java/awt/LayoutManager2.html
LayoutPath =  https://docs.oracle.com/javase/7/docs/api/java/awt/font/LayoutPath.html
LayoutQueue =  https://docs.oracle.com/javase/7/docs/api/javax/swing/text/LayoutQueue.html
LayoutStyle =  https://docs.oracle.com/javase/7/docs/api/javax/swing/LayoutStyle.html
LayoutStyle.ComponentPlacement =  https://docs.oracle.com/javase/7/docs/api/javax/swing/LayoutStyle.ComponentPlacement.html
LDAPCertStoreParameters =  https://docs.oracle.com/javase/7/docs/api/java/security/cert/LDAPCertStoreParameters.html
LdapContext =  https://docs.oracle.com/javase/7/docs/api/javax/naming/ldap/LdapContext.html
LdapName =  https://docs.oracle.com/javase/7/docs/api/javax/naming/ldap/LdapName.html
LdapReferralException =  https://docs.oracle.com/javase/7/docs/api/javax/naming/ldap/LdapReferralException.html
Lease =  https://docs.oracle.com/javase/7/docs/api/java/rmi/dgc/Lease.html
Level =  https://docs.oracle.com/javase/7/docs/api/java/util/logging/Level.html
LexicalHandler =  https://docs.oracle.com/javase/7/docs/api/org/xml/sax/ext/LexicalHandler.html
LIFESPAN_POLICY_ID =  https://docs.oracle.com/javase/7/docs/api/org/omg/PortableServer/LIFESPAN_POLICY_ID.html
LifespanPolicy =  https://docs.oracle.com/javase/7/docs/api/org/omg/PortableServer/LifespanPolicy.html
LifespanPolicyOperations =  https://docs.oracle.com/javase/7/docs/api/org/omg/PortableServer/LifespanPolicyOperations.html
LifespanPolicyValue =  https://docs.oracle.com/javase/7/docs/api/org/omg/PortableServer/LifespanPolicyValue.html
LimitExceededException =  https://docs.oracle.com/javase/7/docs/api/javax/naming/LimitExceededException.html
Line =  https://docs.oracle.com/javase/7/docs/api/javax/sound/sampled/Line.html
Line.Info =  https://docs.oracle.com/javase/7/docs/api/javax/sound/sampled/Line.Info.html
Line2D =  https://docs.oracle.com/javase/7/docs/api/java/awt/geom/Line2D.html
Line2D.Double =  https://docs.oracle.com/javase/7/docs/api/java/awt/geom/Line2D.Double.html
Line2D.Float =  https://docs.oracle.com/javase/7/docs/api/java/awt/geom/Line2D.Float.html
LinearGradientPaint =  https://docs.oracle.com/javase/7/docs/api/java/awt/LinearGradientPaint.html
LineBorder =  https://docs.oracle.com/javase/7/docs/api/javax/swing/border/LineBorder.html
LineBreakMeasurer =  https://docs.oracle.com/javase/7/docs/api/java/awt/font/LineBreakMeasurer.html
LineEvent =  https://docs.oracle.com/javase/7/docs/api/javax/sound/sampled/LineEvent.html
LineEvent.Type =  https://docs.oracle.com/javase/7/docs/api/javax/sound/sampled/LineEvent.Type.html
LineListener =  https://docs.oracle.com/javase/7/docs/api/javax/sound/sampled/LineListener.html
LineMetrics =  https://docs.oracle.com/javase/7/docs/api/java/awt/font/LineMetrics.html
LineNumberInputStream =  https://docs.oracle.com/javase/7/docs/api/java/io/LineNumberInputStream.html
LineNumberReader =  https://docs.oracle.com/javase/7/docs/api/java/io/LineNumberReader.html
LineUnavailableException =  https://docs.oracle.com/javase/7/docs/api/javax/sound/sampled/LineUnavailableException.html
LinkageError =  https://docs.oracle.com/javase/7/docs/api/java/lang/LinkageError.html
LinkedBlockingDeque =  https://docs.oracle.com/javase/7/docs/api/java/util/concurrent/LinkedBlockingDeque.html
LinkedBlockingQueue =  https://docs.oracle.com/javase/7/docs/api/java/util/concurrent/LinkedBlockingQueue.html
LinkedHashMap =  https://docs.oracle.com/javase/7/docs/api/java/util/LinkedHashMap.html
LinkedHashSet =  https://docs.oracle.com/javase/7/docs/api/java/util/LinkedHashSet.html
LinkedList =  https://docs.oracle.com/javase/7/docs/api/java/util/LinkedList.html
LinkedTransferQueue =  https://docs.oracle.com/javase/7/docs/api/java/util/concurrent/LinkedTransferQueue.html
LinkException =  https://docs.oracle.com/javase/7/docs/api/javax/naming/LinkException.html
LinkLoopException =  https://docs.oracle.com/javase/7/docs/api/javax/naming/LinkLoopException.html
LinkOption =  https://docs.oracle.com/javase/7/docs/api/java/nio/file/LinkOption.html
LinkPermission =  https://docs.oracle.com/javase/7/docs/api/java/nio/file/LinkPermission.html
LinkRef =  https://docs.oracle.com/javase/7/docs/api/javax/naming/LinkRef.html
List =  https://docs.oracle.com/javase/7/docs/api/java/awt/List.html
List =  https://docs.oracle.com/javase/7/docs/api/java/util/List.html
ListCellRenderer =  https://docs.oracle.com/javase/7/docs/api/javax/swing/ListCellRenderer.html
ListDataEvent =  https://docs.oracle.com/javase/7/docs/api/javax/swing/event/ListDataEvent.html
ListDataListener =  https://docs.oracle.com/javase/7/docs/api/javax/swing/event/ListDataListener.html
ListenerNotFoundException =  https://docs.oracle.com/javase/7/docs/api/javax/management/ListenerNotFoundException.html
ListIterator =  https://docs.oracle.com/javase/7/docs/api/java/util/ListIterator.html
ListModel =  https://docs.oracle.com/javase/7/docs/api/javax/swing/ListModel.html
ListResourceBundle =  https://docs.oracle.com/javase/7/docs/api/java/util/ListResourceBundle.html
ListSelectionEvent =  https://docs.oracle.com/javase/7/docs/api/javax/swing/event/ListSelectionEvent.html
ListSelectionListener =  https://docs.oracle.com/javase/7/docs/api/javax/swing/event/ListSelectionListener.html
ListSelectionModel =  https://docs.oracle.com/javase/7/docs/api/javax/swing/ListSelectionModel.html
ListUI =  https://docs.oracle.com/javase/7/docs/api/javax/swing/plaf/ListUI.html
ListView =  https://docs.oracle.com/javase/7/docs/api/javax/swing/text/html/ListView.html
LoaderHandler =  https://docs.oracle.com/javase/7/docs/api/java/rmi/server/LoaderHandler.html
Locale =  https://docs.oracle.com/javase/7/docs/api/java/util/Locale.html
Locale.Builder =  https://docs.oracle.com/javase/7/docs/api/java/util/Locale.Builder.html
Locale.Category =  https://docs.oracle.com/javase/7/docs/api/java/util/Locale.Category.html
LocaleNameProvider =  https://docs.oracle.com/javase/7/docs/api/java/util/spi/LocaleNameProvider.html
LocaleServiceProvider =  https://docs.oracle.com/javase/7/docs/api/java/util/spi/LocaleServiceProvider.html
LocalObject =  https://docs.oracle.com/javase/7/docs/api/org/omg/CORBA/LocalObject.html
LocateRegistry =  https://docs.oracle.com/javase/7/docs/api/java/rmi/registry/LocateRegistry.html
Location =  https://docs.oracle.com/javase/7/docs/api/javax/xml/stream/Location.html
LOCATION_FORWARD =  https://docs.oracle.com/javase/7/docs/api/org/omg/PortableInterceptor/LOCATION_FORWARD.html
Locator =  https://docs.oracle.com/javase/7/docs/api/org/xml/sax/Locator.html
Locator2 =  https://docs.oracle.com/javase/7/docs/api/org/xml/sax/ext/Locator2.html
Locator2Impl =  https://docs.oracle.com/javase/7/docs/api/org/xml/sax/ext/Locator2Impl.html
LocatorImpl =  https://docs.oracle.com/javase/7/docs/api/org/xml/sax/helpers/LocatorImpl.html
Lock =  https://docs.oracle.com/javase/7/docs/api/java/util/concurrent/locks/Lock.html
LockInfo =  https://docs.oracle.com/javase/7/docs/api/java/lang/management/LockInfo.html
LockSupport =  https://docs.oracle.com/javase/7/docs/api/java/util/concurrent/locks/LockSupport.html
Logger =  https://docs.oracle.com/javase/7/docs/api/java/util/logging/Logger.html
LoggingMXBean =  https://docs.oracle.com/javase/7/docs/api/java/util/logging/LoggingMXBean.html
LoggingPermission =  https://docs.oracle.com/javase/7/docs/api/java/util/logging/LoggingPermission.html
LogicalHandler =  https://docs.oracle.com/javase/7/docs/api/javax/xml/ws/handler/LogicalHandler.html
LogicalMessage =  https://docs.oracle.com/javase/7/docs/api/javax/xml/ws/LogicalMessage.html
LogicalMessageContext =  https://docs.oracle.com/javase/7/docs/api/javax/xml/ws/handler/LogicalMessageContext.html
LoginContext =  https://docs.oracle.com/javase/7/docs/api/javax/security/auth/login/LoginContext.html
LoginException =  https://docs.oracle.com/javase/7/docs/api/javax/security/auth/login/LoginException.html
LoginModule =  https://docs.oracle.com/javase/7/docs/api/javax/security/auth/spi/LoginModule.html
LogManager =  https://docs.oracle.com/javase/7/docs/api/java/util/logging/LogManager.html
LogRecord =  https://docs.oracle.com/javase/7/docs/api/java/util/logging/LogRecord.html
LogStream =  https://docs.oracle.com/javase/7/docs/api/java/rmi/server/LogStream.html
Long =  https://docs.oracle.com/javase/7/docs/api/java/lang/Long.html
LongBuffer =  https://docs.oracle.com/javase/7/docs/api/java/nio/LongBuffer.html
LongHolder =  https://docs.oracle.com/javase/7/docs/api/org/omg/CORBA/LongHolder.html
LongLongSeqHelper =  https://docs.oracle.com/javase/7/docs/api/org/omg/CORBA/LongLongSeqHelper.html
LongLongSeqHolder =  https://docs.oracle.com/javase/7/docs/api/org/omg/CORBA/LongLongSeqHolder.html
LongSeqHelper =  https://docs.oracle.com/javase/7/docs/api/org/omg/CORBA/LongSeqHelper.html
LongSeqHolder =  https://docs.oracle.com/javase/7/docs/api/org/omg/CORBA/LongSeqHolder.html
LookAndFeel =  https://docs.oracle.com/javase/7/docs/api/javax/swing/LookAndFeel.html
LookupOp =  https://docs.oracle.com/javase/7/docs/api/java/awt/image/LookupOp.html
LookupTable =  https://docs.oracle.com/javase/7/docs/api/java/awt/image/LookupTable.html
LSException =  https://docs.oracle.com/javase/7/docs/api/org/w3c/dom/ls/LSException.html
LSInput =  https://docs.oracle.com/javase/7/docs/api/org/w3c/dom/ls/LSInput.html
LSLoadEvent =  https://docs.oracle.com/javase/7/docs/api/org/w3c/dom/ls/LSLoadEvent.html
LSOutput =  https://docs.oracle.com/javase/7/docs/api/org/w3c/dom/ls/LSOutput.html
LSParser =  https://docs.oracle.com/javase/7/docs/api/org/w3c/dom/ls/LSParser.html
LSParserFilter =  https://docs.oracle.com/javase/7/docs/api/org/w3c/dom/ls/LSParserFilter.html
LSProgressEvent =  https://docs.oracle.com/javase/7/docs/api/org/w3c/dom/ls/LSProgressEvent.html
LSResourceResolver =  https://docs.oracle.com/javase/7/docs/api/org/w3c/dom/ls/LSResourceResolver.html
LSSerializer =  https://docs.oracle.com/javase/7/docs/api/org/w3c/dom/ls/LSSerializer.html
LSSerializerFilter =  https://docs.oracle.com/javase/7/docs/api/org/w3c/dom/ls/LSSerializerFilter.html
Mac =  https://docs.oracle.com/javase/7/docs/api/javax/crypto/Mac.html
MacSpi =  https://docs.oracle.com/javase/7/docs/api/javax/crypto/MacSpi.html
MailcapCommandMap =  https://docs.oracle.com/javase/7/docs/api/javax/activation/MailcapCommandMap.html
MalformedInputException =  https://docs.oracle.com/javase/7/docs/api/java/nio/charset/MalformedInputException.html
MalformedLinkException =  https://docs.oracle.com/javase/7/docs/api/javax/naming/MalformedLinkException.html
MalformedObjectNameException =  https://docs.oracle.com/javase/7/docs/api/javax/management/MalformedObjectNameException.html
MalformedParameterizedTypeException =  https://docs.oracle.com/javase/7/docs/api/java/lang/reflect/MalformedParameterizedTypeException.html
MalformedURLException =  https://docs.oracle.com/javase/7/docs/api/java/net/MalformedURLException.html
ManagementFactory =  https://docs.oracle.com/javase/7/docs/api/java/lang/management/ManagementFactory.html
ManagementPermission =  https://docs.oracle.com/javase/7/docs/api/java/lang/management/ManagementPermission.html
ManageReferralControl =  https://docs.oracle.com/javase/7/docs/api/javax/naming/ldap/ManageReferralControl.html
ManagerFactoryParameters =  https://docs.oracle.com/javase/7/docs/api/javax/net/ssl/ManagerFactoryParameters.html
Manifest =  https://docs.oracle.com/javase/7/docs/api/java/util/jar/Manifest.html
Manifest =  https://docs.oracle.com/javase/7/docs/api/javax/xml/crypto/dsig/Manifest.html
Map =  https://docs.oracle.com/javase/7/docs/api/java/util/Map.html
Map.Entry =  https://docs.oracle.com/javase/7/docs/api/java/util/Map.Entry.html
MappedByteBuffer =  https://docs.oracle.com/javase/7/docs/api/java/nio/MappedByteBuffer.html
MARSHAL =  https://docs.oracle.com/javase/7/docs/api/org/omg/CORBA/MARSHAL.html
MarshalException =  https://docs.oracle.com/javase/7/docs/api/java/rmi/MarshalException.html
MarshalException =  https://docs.oracle.com/javase/7/docs/api/javax/xml/bind/MarshalException.html
MarshalException =  https://docs.oracle.com/javase/7/docs/api/javax/xml/crypto/MarshalException.html
MarshalledObject =  https://docs.oracle.com/javase/7/docs/api/java/rmi/MarshalledObject.html
Marshaller =  https://docs.oracle.com/javase/7/docs/api/javax/xml/bind/Marshaller.html
Marshaller.Listener =  https://docs.oracle.com/javase/7/docs/api/javax/xml/bind/Marshaller.Listener.html
MaskFormatter =  https://docs.oracle.com/javase/7/docs/api/javax/swing/text/MaskFormatter.html
Matcher =  https://docs.oracle.com/javase/7/docs/api/java/util/regex/Matcher.html
MatchResult =  https://docs.oracle.com/javase/7/docs/api/java/util/regex/MatchResult.html
Math =  https://docs.oracle.com/javase/7/docs/api/java/lang/Math.html
MathContext =  https://docs.oracle.com/javase/7/docs/api/java/math/MathContext.html
MatteBorder =  https://docs.oracle.com/javase/7/docs/api/javax/swing/border/MatteBorder.html
MBeanAttributeInfo =  https://docs.oracle.com/javase/7/docs/api/javax/management/MBeanAttributeInfo.html
MBeanConstructorInfo =  https://docs.oracle.com/javase/7/docs/api/javax/management/MBeanConstructorInfo.html
MBeanException =  https://docs.oracle.com/javase/7/docs/api/javax/management/MBeanException.html
MBeanFeatureInfo =  https://docs.oracle.com/javase/7/docs/api/javax/management/MBeanFeatureInfo.html
MBeanInfo =  https://docs.oracle.com/javase/7/docs/api/javax/management/MBeanInfo.html
MBeanNotificationInfo =  https://docs.oracle.com/javase/7/docs/api/javax/management/MBeanNotificationInfo.html
MBeanOperationInfo =  https://docs.oracle.com/javase/7/docs/api/javax/management/MBeanOperationInfo.html
MBeanParameterInfo =  https://docs.oracle.com/javase/7/docs/api/javax/management/MBeanParameterInfo.html
MBeanPermission =  https://docs.oracle.com/javase/7/docs/api/javax/management/MBeanPermission.html
MBeanRegistration =  https://docs.oracle.com/javase/7/docs/api/javax/management/MBeanRegistration.html
MBeanRegistrationException =  https://docs.oracle.com/javase/7/docs/api/javax/management/MBeanRegistrationException.html
MBeanServer =  https://docs.oracle.com/javase/7/docs/api/javax/management/MBeanServer.html
MBeanServerBuilder =  https://docs.oracle.com/javase/7/docs/api/javax/management/MBeanServerBuilder.html
MBeanServerConnection =  https://docs.oracle.com/javase/7/docs/api/javax/management/MBeanServerConnection.html
MBeanServerDelegate =  https://docs.oracle.com/javase/7/docs/api/javax/management/MBeanServerDelegate.html
MBeanServerDelegateMBean =  https://docs.oracle.com/javase/7/docs/api/javax/management/MBeanServerDelegateMBean.html
MBeanServerFactory =  https://docs.oracle.com/javase/7/docs/api/javax/management/MBeanServerFactory.html
MBeanServerForwarder =  https://docs.oracle.com/javase/7/docs/api/javax/management/remote/MBeanServerForwarder.html
MBeanServerInvocationHandler =  https://docs.oracle.com/javase/7/docs/api/javax/management/MBeanServerInvocationHandler.html
MBeanServerNotification =  https://docs.oracle.com/javase/7/docs/api/javax/management/MBeanServerNotification.html
MBeanServerNotificationFilter =  https://docs.oracle.com/javase/7/docs/api/javax/management/relation/MBeanServerNotificationFilter.html
MBeanServerPermission =  https://docs.oracle.com/javase/7/docs/api/javax/management/MBeanServerPermission.html
MBeanTrustPermission =  https://docs.oracle.com/javase/7/docs/api/javax/management/MBeanTrustPermission.html
Media =  https://docs.oracle.com/javase/7/docs/api/javax/print/attribute/standard/Media.html
MediaName =  https://docs.oracle.com/javase/7/docs/api/javax/print/attribute/standard/MediaName.html
MediaPrintableArea =  https://docs.oracle.com/javase/7/docs/api/javax/print/attribute/standard/MediaPrintableArea.html
MediaSize =  https://docs.oracle.com/javase/7/docs/api/javax/print/attribute/standard/MediaSize.html
MediaSize.Engineering =  https://docs.oracle.com/javase/7/docs/api/javax/print/attribute/standard/MediaSize.Engineering.html
MediaSize.ISO =  https://docs.oracle.com/javase/7/docs/api/javax/print/attribute/standard/MediaSize.ISO.html
MediaSize.JIS =  https://docs.oracle.com/javase/7/docs/api/javax/print/attribute/standard/MediaSize.JIS.html
MediaSize.NA =  https://docs.oracle.com/javase/7/docs/api/javax/print/attribute/standard/MediaSize.NA.html
MediaSize.Other =  https://docs.oracle.com/javase/7/docs/api/javax/print/attribute/standard/MediaSize.Other.html
MediaSizeName =  https://docs.oracle.com/javase/7/docs/api/javax/print/attribute/standard/MediaSizeName.html
MediaTracker =  https://docs.oracle.com/javase/7/docs/api/java/awt/MediaTracker.html
MediaTray =  https://docs.oracle.com/javase/7/docs/api/javax/print/attribute/standard/MediaTray.html
Member =  https://docs.oracle.com/javase/7/docs/api/java/lang/reflect/Member.html
MembershipKey =  https://docs.oracle.com/javase/7/docs/api/java/nio/channels/MembershipKey.html
MemoryCacheImageInputStream =  https://docs.oracle.com/javase/7/docs/api/javax/imageio/stream/MemoryCacheImageInputStream.html
MemoryCacheImageOutputStream =  https://docs.oracle.com/javase/7/docs/api/javax/imageio/stream/MemoryCacheImageOutputStream.html
MemoryHandler =  https://docs.oracle.com/javase/7/docs/api/java/util/logging/MemoryHandler.html
MemoryImageSource =  https://docs.oracle.com/javase/7/docs/api/java/awt/image/MemoryImageSource.html
MemoryManagerMXBean =  https://docs.oracle.com/javase/7/docs/api/java/lang/management/MemoryManagerMXBean.html
MemoryMXBean =  https://docs.oracle.com/javase/7/docs/api/java/lang/management/MemoryMXBean.html
MemoryNotificationInfo =  https://docs.oracle.com/javase/7/docs/api/java/lang/management/MemoryNotificationInfo.html
MemoryPoolMXBean =  https://docs.oracle.com/javase/7/docs/api/java/lang/management/MemoryPoolMXBean.html
MemoryType =  https://docs.oracle.com/javase/7/docs/api/java/lang/management/MemoryType.html
MemoryUsage =  https://docs.oracle.com/javase/7/docs/api/java/lang/management/MemoryUsage.html
Menu =  https://docs.oracle.com/javase/7/docs/api/java/awt/Menu.html
MenuBar =  https://docs.oracle.com/javase/7/docs/api/java/awt/MenuBar.html
MenuBarUI =  https://docs.oracle.com/javase/7/docs/api/javax/swing/plaf/MenuBarUI.html
MenuComponent =  https://docs.oracle.com/javase/7/docs/api/java/awt/MenuComponent.html
MenuContainer =  https://docs.oracle.com/javase/7/docs/api/java/awt/MenuContainer.html
MenuDragMouseEvent =  https://docs.oracle.com/javase/7/docs/api/javax/swing/event/MenuDragMouseEvent.html
MenuDragMouseListener =  https://docs.oracle.com/javase/7/docs/api/javax/swing/event/MenuDragMouseListener.html
MenuElement =  https://docs.oracle.com/javase/7/docs/api/javax/swing/MenuElement.html
MenuEvent =  https://docs.oracle.com/javase/7/docs/api/javax/swing/event/MenuEvent.html
MenuItem =  https://docs.oracle.com/javase/7/docs/api/java/awt/MenuItem.html
MenuItemUI =  https://docs.oracle.com/javase/7/docs/api/javax/swing/plaf/MenuItemUI.html
MenuKeyEvent =  https://docs.oracle.com/javase/7/docs/api/javax/swing/event/MenuKeyEvent.html
MenuKeyListener =  https://docs.oracle.com/javase/7/docs/api/javax/swing/event/MenuKeyListener.html
MenuListener =  https://docs.oracle.com/javase/7/docs/api/javax/swing/event/MenuListener.html
MenuSelectionManager =  https://docs.oracle.com/javase/7/docs/api/javax/swing/MenuSelectionManager.html
MenuShortcut =  https://docs.oracle.com/javase/7/docs/api/java/awt/MenuShortcut.html
MessageContext =  https://docs.oracle.com/javase/7/docs/api/javax/xml/ws/handler/MessageContext.html
MessageContext.Scope =  https://docs.oracle.com/javase/7/docs/api/javax/xml/ws/handler/MessageContext.Scope.html
MessageDigest =  https://docs.oracle.com/javase/7/docs/api/java/security/MessageDigest.html
MessageDigestSpi =  https://docs.oracle.com/javase/7/docs/api/java/security/MessageDigestSpi.html
MessageFactory =  https://docs.oracle.com/javase/7/docs/api/javax/xml/soap/MessageFactory.html
MessageFormat =  https://docs.oracle.com/javase/7/docs/api/java/text/MessageFormat.html
MessageFormat.Field =  https://docs.oracle.com/javase/7/docs/api/java/text/MessageFormat.Field.html
MessageProp =  https://docs.oracle.com/javase/7/docs/api/org/ietf/jgss/MessageProp.html
Messager =  https://docs.oracle.com/javase/7/docs/api/javax/annotation/processing/Messager.html
MetaEventListener =  https://docs.oracle.com/javase/7/docs/api/javax/sound/midi/MetaEventListener.html
MetalBorders =  https://docs.oracle.com/javase/7/docs/api/javax/swing/plaf/metal/MetalBorders.html
MetalBorders.ButtonBorder =  https://docs.oracle.com/javase/7/docs/api/javax/swing/plaf/metal/MetalBorders.ButtonBorder.html
MetalBorders.Flush3DBorder =  https://docs.oracle.com/javase/7/docs/api/javax/swing/plaf/metal/MetalBorders.Flush3DBorder.html
MetalBorders.InternalFrameBorder =  https://docs.oracle.com/javase/7/docs/api/javax/swing/plaf/metal/MetalBorders.InternalFrameBorder.html
MetalBorders.MenuBarBorder =  https://docs.oracle.com/javase/7/docs/api/javax/swing/plaf/metal/MetalBorders.MenuBarBorder.html
MetalBorders.MenuItemBorder =  https://docs.oracle.com/javase/7/docs/api/javax/swing/plaf/metal/MetalBorders.MenuItemBorder.html
MetalBorders.OptionDialogBorder =  https://docs.oracle.com/javase/7/docs/api/javax/swing/plaf/metal/MetalBorders.OptionDialogBorder.html
MetalBorders.PaletteBorder =  https://docs.oracle.com/javase/7/docs/api/javax/swing/plaf/metal/MetalBorders.PaletteBorder.html
MetalBorders.PopupMenuBorder =  https://docs.oracle.com/javase/7/docs/api/javax/swing/plaf/metal/MetalBorders.PopupMenuBorder.html
MetalBorders.RolloverButtonBorder =  https://docs.oracle.com/javase/7/docs/api/javax/swing/plaf/metal/MetalBorders.RolloverButtonBorder.html
MetalBorders.ScrollPaneBorder =  https://docs.oracle.com/javase/7/docs/api/javax/swing/plaf/metal/MetalBorders.ScrollPaneBorder.html
MetalBorders.TableHeaderBorder =  https://docs.oracle.com/javase/7/docs/api/javax/swing/plaf/metal/MetalBorders.TableHeaderBorder.html
MetalBorders.TextFieldBorder =  https://docs.oracle.com/javase/7/docs/api/javax/swing/plaf/metal/MetalBorders.TextFieldBorder.html
MetalBorders.ToggleButtonBorder =  https://docs.oracle.com/javase/7/docs/api/javax/swing/plaf/metal/MetalBorders.ToggleButtonBorder.html
MetalBorders.ToolBarBorder =  https://docs.oracle.com/javase/7/docs/api/javax/swing/plaf/metal/MetalBorders.ToolBarBorder.html
MetalButtonUI =  https://docs.oracle.com/javase/7/docs/api/javax/swing/plaf/metal/MetalButtonUI.html
MetalCheckBoxIcon =  https://docs.oracle.com/javase/7/docs/api/javax/swing/plaf/metal/MetalCheckBoxIcon.html
MetalCheckBoxUI =  https://docs.oracle.com/javase/7/docs/api/javax/swing/plaf/metal/MetalCheckBoxUI.html
MetalComboBoxButton =  https://docs.oracle.com/javase/7/docs/api/javax/swing/plaf/metal/MetalComboBoxButton.html
MetalComboBoxEditor =  https://docs.oracle.com/javase/7/docs/api/javax/swing/plaf/metal/MetalComboBoxEditor.html
MetalComboBoxEditor.UIResource =  https://docs.oracle.com/javase/7/docs/api/javax/swing/plaf/metal/MetalComboBoxEditor.UIResource.html
MetalComboBoxIcon =  https://docs.oracle.com/javase/7/docs/api/javax/swing/plaf/metal/MetalComboBoxIcon.html
MetalComboBoxUI =  https://docs.oracle.com/javase/7/docs/api/javax/swing/plaf/metal/MetalComboBoxUI.html
MetalDesktopIconUI =  https://docs.oracle.com/javase/7/docs/api/javax/swing/plaf/metal/MetalDesktopIconUI.html
MetalFileChooserUI =  https://docs.oracle.com/javase/7/docs/api/javax/swing/plaf/metal/MetalFileChooserUI.html
MetalIconFactory =  https://docs.oracle.com/javase/7/docs/api/javax/swing/plaf/metal/MetalIconFactory.html
MetalIconFactory.FileIcon16 =  https://docs.oracle.com/javase/7/docs/api/javax/swing/plaf/metal/MetalIconFactory.FileIcon16.html
MetalIconFactory.FolderIcon16 =  https://docs.oracle.com/javase/7/docs/api/javax/swing/plaf/metal/MetalIconFactory.FolderIcon16.html
MetalIconFactory.PaletteCloseIcon =  https://docs.oracle.com/javase/7/docs/api/javax/swing/plaf/metal/MetalIconFactory.PaletteCloseIcon.html
MetalIconFactory.TreeControlIcon =  https://docs.oracle.com/javase/7/docs/api/javax/swing/plaf/metal/MetalIconFactory.TreeControlIcon.html
MetalIconFactory.TreeFolderIcon =  https://docs.oracle.com/javase/7/docs/api/javax/swing/plaf/metal/MetalIconFactory.TreeFolderIcon.html
MetalIconFactory.TreeLeafIcon =  https://docs.oracle.com/javase/7/docs/api/javax/swing/plaf/metal/MetalIconFactory.TreeLeafIcon.html
MetalInternalFrameTitlePane =  https://docs.oracle.com/javase/7/docs/api/javax/swing/plaf/metal/MetalInternalFrameTitlePane.html
MetalInternalFrameUI =  https://docs.oracle.com/javase/7/docs/api/javax/swing/plaf/metal/MetalInternalFrameUI.html
MetalLabelUI =  https://docs.oracle.com/javase/7/docs/api/javax/swing/plaf/metal/MetalLabelUI.html
MetalLookAndFeel =  https://docs.oracle.com/javase/7/docs/api/javax/swing/plaf/metal/MetalLookAndFeel.html
MetalMenuBarUI =  https://docs.oracle.com/javase/7/docs/api/javax/swing/plaf/metal/MetalMenuBarUI.html
MetalPopupMenuSeparatorUI =  https://docs.oracle.com/javase/7/docs/api/javax/swing/plaf/metal/MetalPopupMenuSeparatorUI.html
MetalProgressBarUI =  https://docs.oracle.com/javase/7/docs/api/javax/swing/plaf/metal/MetalProgressBarUI.html
MetalRadioButtonUI =  https://docs.oracle.com/javase/7/docs/api/javax/swing/plaf/metal/MetalRadioButtonUI.html
MetalRootPaneUI =  https://docs.oracle.com/javase/7/docs/api/javax/swing/plaf/metal/MetalRootPaneUI.html
MetalScrollBarUI =  https://docs.oracle.com/javase/7/docs/api/javax/swing/plaf/metal/MetalScrollBarUI.html
MetalScrollButton =  https://docs.oracle.com/javase/7/docs/api/javax/swing/plaf/metal/MetalScrollButton.html
MetalScrollPaneUI =  https://docs.oracle.com/javase/7/docs/api/javax/swing/plaf/metal/MetalScrollPaneUI.html
MetalSeparatorUI =  https://docs.oracle.com/javase/7/docs/api/javax/swing/plaf/metal/MetalSeparatorUI.html
MetalSliderUI =  https://docs.oracle.com/javase/7/docs/api/javax/swing/plaf/metal/MetalSliderUI.html
MetalSplitPaneUI =  https://docs.oracle.com/javase/7/docs/api/javax/swing/plaf/metal/MetalSplitPaneUI.html
MetalTabbedPaneUI =  https://docs.oracle.com/javase/7/docs/api/javax/swing/plaf/metal/MetalTabbedPaneUI.html
MetalTextFieldUI =  https://docs.oracle.com/javase/7/docs/api/javax/swing/plaf/metal/MetalTextFieldUI.html
MetalTheme =  https://docs.oracle.com/javase/7/docs/api/javax/swing/plaf/metal/MetalTheme.html
MetalToggleButtonUI =  https://docs.oracle.com/javase/7/docs/api/javax/swing/plaf/metal/MetalToggleButtonUI.html
MetalToolBarUI =  https://docs.oracle.com/javase/7/docs/api/javax/swing/plaf/metal/MetalToolBarUI.html
MetalToolTipUI =  https://docs.oracle.com/javase/7/docs/api/javax/swing/plaf/metal/MetalToolTipUI.html
MetalTreeUI =  https://docs.oracle.com/javase/7/docs/api/javax/swing/plaf/metal/MetalTreeUI.html
MetaMessage =  https://docs.oracle.com/javase/7/docs/api/javax/sound/midi/MetaMessage.html
Method =  https://docs.oracle.com/javase/7/docs/api/java/lang/reflect/Method.html
MethodDescriptor =  https://docs.oracle.com/javase/7/docs/api/java/beans/MethodDescriptor.html
MethodHandle =  https://docs.oracle.com/javase/7/docs/api/java/lang/invoke/MethodHandle.html
MethodHandleProxies =  https://docs.oracle.com/javase/7/docs/api/java/lang/invoke/MethodHandleProxies.html
MethodHandles =  https://docs.oracle.com/javase/7/docs/api/java/lang/invoke/MethodHandles.html
MethodHandles.Lookup =  https://docs.oracle.com/javase/7/docs/api/java/lang/invoke/MethodHandles.Lookup.html
MethodType =  https://docs.oracle.com/javase/7/docs/api/java/lang/invoke/MethodType.html
MGF1ParameterSpec =  https://docs.oracle.com/javase/7/docs/api/java/security/spec/MGF1ParameterSpec.html
MidiChannel =  https://docs.oracle.com/javase/7/docs/api/javax/sound/midi/MidiChannel.html
MidiDevice =  https://docs.oracle.com/javase/7/docs/api/javax/sound/midi/MidiDevice.html
MidiDevice.Info =  https://docs.oracle.com/javase/7/docs/api/javax/sound/midi/MidiDevice.Info.html
MidiDeviceProvider =  https://docs.oracle.com/javase/7/docs/api/javax/sound/midi/spi/MidiDeviceProvider.html
MidiDeviceReceiver =  https://docs.oracle.com/javase/7/docs/api/javax/sound/midi/MidiDeviceReceiver.html
MidiDeviceTransmitter =  https://docs.oracle.com/javase/7/docs/api/javax/sound/midi/MidiDeviceTransmitter.html
MidiEvent =  https://docs.oracle.com/javase/7/docs/api/javax/sound/midi/MidiEvent.html
MidiFileFormat =  https://docs.oracle.com/javase/7/docs/api/javax/sound/midi/MidiFileFormat.html
MidiFileReader =  https://docs.oracle.com/javase/7/docs/api/javax/sound/midi/spi/MidiFileReader.html
MidiFileWriter =  https://docs.oracle.com/javase/7/docs/api/javax/sound/midi/spi/MidiFileWriter.html
MidiMessage =  https://docs.oracle.com/javase/7/docs/api/javax/sound/midi/MidiMessage.html
MidiSystem =  https://docs.oracle.com/javase/7/docs/api/javax/sound/midi/MidiSystem.html
MidiUnavailableException =  https://docs.oracle.com/javase/7/docs/api/javax/sound/midi/MidiUnavailableException.html
MimeHeader =  https://docs.oracle.com/javase/7/docs/api/javax/xml/soap/MimeHeader.html
MimeHeaders =  https://docs.oracle.com/javase/7/docs/api/javax/xml/soap/MimeHeaders.html
MimeType =  https://docs.oracle.com/javase/7/docs/api/javax/activation/MimeType.html
MimeTypeParameterList =  https://docs.oracle.com/javase/7/docs/api/javax/activation/MimeTypeParameterList.html
MimeTypeParseException =  https://docs.oracle.com/javase/7/docs/api/java/awt/datatransfer/MimeTypeParseException.html
MimeTypeParseException =  https://docs.oracle.com/javase/7/docs/api/javax/activation/MimeTypeParseException.html
MimetypesFileTypeMap =  https://docs.oracle.com/javase/7/docs/api/javax/activation/MimetypesFileTypeMap.html
MinimalHTMLWriter =  https://docs.oracle.com/javase/7/docs/api/javax/swing/text/html/MinimalHTMLWriter.html
MirroredTypeException =  https://docs.oracle.com/javase/7/docs/api/javax/lang/model/type/MirroredTypeException.html
MirroredTypesException =  https://docs.oracle.com/javase/7/docs/api/javax/lang/model/type/MirroredTypesException.html
MissingFormatArgumentException =  https://docs.oracle.com/javase/7/docs/api/java/util/MissingFormatArgumentException.html
MissingFormatWidthException =  https://docs.oracle.com/javase/7/docs/api/java/util/MissingFormatWidthException.html
MissingResourceException =  https://docs.oracle.com/javase/7/docs/api/java/util/MissingResourceException.html
Mixer =  https://docs.oracle.com/javase/7/docs/api/javax/sound/sampled/Mixer.html
Mixer.Info =  https://docs.oracle.com/javase/7/docs/api/javax/sound/sampled/Mixer.Info.html
MixerProvider =  https://docs.oracle.com/javase/7/docs/api/javax/sound/sampled/spi/MixerProvider.html
MLet =  https://docs.oracle.com/javase/7/docs/api/javax/management/loading/MLet.html
MLetContent =  https://docs.oracle.com/javase/7/docs/api/javax/management/loading/MLetContent.html
MLetMBean =  https://docs.oracle.com/javase/7/docs/api/javax/management/loading/MLetMBean.html
ModelMBean =  https://docs.oracle.com/javase/7/docs/api/javax/management/modelmbean/ModelMBean.html
ModelMBeanAttributeInfo =  https://docs.oracle.com/javase/7/docs/api/javax/management/modelmbean/ModelMBeanAttributeInfo.html
ModelMBeanConstructorInfo =  https://docs.oracle.com/javase/7/docs/api/javax/management/modelmbean/ModelMBeanConstructorInfo.html
ModelMBeanInfo =  https://docs.oracle.com/javase/7/docs/api/javax/management/modelmbean/ModelMBeanInfo.html
ModelMBeanInfoSupport =  https://docs.oracle.com/javase/7/docs/api/javax/management/modelmbean/ModelMBeanInfoSupport.html
ModelMBeanNotificationBroadcaster =  https://docs.oracle.com/javase/7/docs/api/javax/management/modelmbean/ModelMBeanNotificationBroadcaster.html
ModelMBeanNotificationInfo =  https://docs.oracle.com/javase/7/docs/api/javax/management/modelmbean/ModelMBeanNotificationInfo.html
ModelMBeanOperationInfo =  https://docs.oracle.com/javase/7/docs/api/javax/management/modelmbean/ModelMBeanOperationInfo.html
ModificationItem =  https://docs.oracle.com/javase/7/docs/api/javax/naming/directory/ModificationItem.html
Modifier =  https://docs.oracle.com/javase/7/docs/api/java/lang/reflect/Modifier.html
Modifier =  https://docs.oracle.com/javase/7/docs/api/javax/lang/model/element/Modifier.html
Monitor =  https://docs.oracle.com/javase/7/docs/api/javax/management/monitor/Monitor.html
MonitorInfo =  https://docs.oracle.com/javase/7/docs/api/java/lang/management/MonitorInfo.html
MonitorMBean =  https://docs.oracle.com/javase/7/docs/api/javax/management/monitor/MonitorMBean.html
MonitorNotification =  https://docs.oracle.com/javase/7/docs/api/javax/management/monitor/MonitorNotification.html
MonitorSettingException =  https://docs.oracle.com/javase/7/docs/api/javax/management/monitor/MonitorSettingException.html
MouseAdapter =  https://docs.oracle.com/javase/7/docs/api/java/awt/event/MouseAdapter.html
MouseDragGestureRecognizer =  https://docs.oracle.com/javase/7/docs/api/java/awt/dnd/MouseDragGestureRecognizer.html
MouseEvent =  https://docs.oracle.com/javase/7/docs/api/java/awt/event/MouseEvent.html
MouseEvent =  https://docs.oracle.com/javase/7/docs/api/org/w3c/dom/events/MouseEvent.html
MouseInfo =  https://docs.oracle.com/javase/7/docs/api/java/awt/MouseInfo.html
MouseInputAdapter =  https://docs.oracle.com/javase/7/docs/api/javax/swing/event/MouseInputAdapter.html
MouseInputListener =  https://docs.oracle.com/javase/7/docs/api/javax/swing/event/MouseInputListener.html
MouseListener =  https://docs.oracle.com/javase/7/docs/api/java/awt/event/MouseListener.html
MouseMotionAdapter =  https://docs.oracle.com/javase/7/docs/api/java/awt/event/MouseMotionAdapter.html
MouseMotionListener =  https://docs.oracle.com/javase/7/docs/api/java/awt/event/MouseMotionListener.html
MouseWheelEvent =  https://docs.oracle.com/javase/7/docs/api/java/awt/event/MouseWheelEvent.html
MouseWheelListener =  https://docs.oracle.com/javase/7/docs/api/java/awt/event/MouseWheelListener.html
MTOM =  https://docs.oracle.com/javase/7/docs/api/javax/xml/ws/soap/MTOM.html
MTOMFeature =  https://docs.oracle.com/javase/7/docs/api/javax/xml/ws/soap/MTOMFeature.html
MultiButtonUI =  https://docs.oracle.com/javase/7/docs/api/javax/swing/plaf/multi/MultiButtonUI.html
MulticastChannel =  https://docs.oracle.com/javase/7/docs/api/java/nio/channels/MulticastChannel.html
MulticastSocket =  https://docs.oracle.com/javase/7/docs/api/java/net/MulticastSocket.html
MultiColorChooserUI =  https://docs.oracle.com/javase/7/docs/api/javax/swing/plaf/multi/MultiColorChooserUI.html
MultiComboBoxUI =  https://docs.oracle.com/javase/7/docs/api/javax/swing/plaf/multi/MultiComboBoxUI.html
MultiDesktopIconUI =  https://docs.oracle.com/javase/7/docs/api/javax/swing/plaf/multi/MultiDesktopIconUI.html
MultiDesktopPaneUI =  https://docs.oracle.com/javase/7/docs/api/javax/swing/plaf/multi/MultiDesktopPaneUI.html
MultiDoc =  https://docs.oracle.com/javase/7/docs/api/javax/print/MultiDoc.html
MultiDocPrintJob =  https://docs.oracle.com/javase/7/docs/api/javax/print/MultiDocPrintJob.html
MultiDocPrintService =  https://docs.oracle.com/javase/7/docs/api/javax/print/MultiDocPrintService.html
MultiFileChooserUI =  https://docs.oracle.com/javase/7/docs/api/javax/swing/plaf/multi/MultiFileChooserUI.html
MultiInternalFrameUI =  https://docs.oracle.com/javase/7/docs/api/javax/swing/plaf/multi/MultiInternalFrameUI.html
MultiLabelUI =  https://docs.oracle.com/javase/7/docs/api/javax/swing/plaf/multi/MultiLabelUI.html
MultiListUI =  https://docs.oracle.com/javase/7/docs/api/javax/swing/plaf/multi/MultiListUI.html
MultiLookAndFeel =  https://docs.oracle.com/javase/7/docs/api/javax/swing/plaf/multi/MultiLookAndFeel.html
MultiMenuBarUI =  https://docs.oracle.com/javase/7/docs/api/javax/swing/plaf/multi/MultiMenuBarUI.html
MultiMenuItemUI =  https://docs.oracle.com/javase/7/docs/api/javax/swing/plaf/multi/MultiMenuItemUI.html
MultiOptionPaneUI =  https://docs.oracle.com/javase/7/docs/api/javax/swing/plaf/multi/MultiOptionPaneUI.html
MultiPanelUI =  https://docs.oracle.com/javase/7/docs/api/javax/swing/plaf/multi/MultiPanelUI.html
MultiPixelPackedSampleModel =  https://docs.oracle.com/javase/7/docs/api/java/awt/image/MultiPixelPackedSampleModel.html
MultipleComponentProfileHelper =  https://docs.oracle.com/javase/7/docs/api/org/omg/IOP/MultipleComponentProfileHelper.html
MultipleComponentProfileHolder =  https://docs.oracle.com/javase/7/docs/api/org/omg/IOP/MultipleComponentProfileHolder.html
MultipleDocumentHandling =  https://docs.oracle.com/javase/7/docs/api/javax/print/attribute/standard/MultipleDocumentHandling.html
MultipleGradientPaint =  https://docs.oracle.com/javase/7/docs/api/java/awt/MultipleGradientPaint.html
MultipleGradientPaint.ColorSpaceType =  https://docs.oracle.com/javase/7/docs/api/java/awt/MultipleGradientPaint.ColorSpaceType.html
MultipleGradientPaint.CycleMethod =  https://docs.oracle.com/javase/7/docs/api/java/awt/MultipleGradientPaint.CycleMethod.html
MultipleMaster =  https://docs.oracle.com/javase/7/docs/api/java/awt/font/MultipleMaster.html
MultiPopupMenuUI =  https://docs.oracle.com/javase/7/docs/api/javax/swing/plaf/multi/MultiPopupMenuUI.html
MultiProgressBarUI =  https://docs.oracle.com/javase/7/docs/api/javax/swing/plaf/multi/MultiProgressBarUI.html
MultiRootPaneUI =  https://docs.oracle.com/javase/7/docs/api/javax/swing/plaf/multi/MultiRootPaneUI.html
MultiScrollBarUI =  https://docs.oracle.com/javase/7/docs/api/javax/swing/plaf/multi/MultiScrollBarUI.html
MultiScrollPaneUI =  https://docs.oracle.com/javase/7/docs/api/javax/swing/plaf/multi/MultiScrollPaneUI.html
MultiSeparatorUI =  https://docs.oracle.com/javase/7/docs/api/javax/swing/plaf/multi/MultiSeparatorUI.html
MultiSliderUI =  https://docs.oracle.com/javase/7/docs/api/javax/swing/plaf/multi/MultiSliderUI.html
MultiSpinnerUI =  https://docs.oracle.com/javase/7/docs/api/javax/swing/plaf/multi/MultiSpinnerUI.html
MultiSplitPaneUI =  https://docs.oracle.com/javase/7/docs/api/javax/swing/plaf/multi/MultiSplitPaneUI.html
MultiTabbedPaneUI =  https://docs.oracle.com/javase/7/docs/api/javax/swing/plaf/multi/MultiTabbedPaneUI.html
MultiTableHeaderUI =  https://docs.oracle.com/javase/7/docs/api/javax/swing/plaf/multi/MultiTableHeaderUI.html
MultiTableUI =  https://docs.oracle.com/javase/7/docs/api/javax/swing/plaf/multi/MultiTableUI.html
MultiTextUI =  https://docs.oracle.com/javase/7/docs/api/javax/swing/plaf/multi/MultiTextUI.html
MultiToolBarUI =  https://docs.oracle.com/javase/7/docs/api/javax/swing/plaf/multi/MultiToolBarUI.html
MultiToolTipUI =  https://docs.oracle.com/javase/7/docs/api/javax/swing/plaf/multi/MultiToolTipUI.html
MultiTreeUI =  https://docs.oracle.com/javase/7/docs/api/javax/swing/plaf/multi/MultiTreeUI.html
MultiViewportUI =  https://docs.oracle.com/javase/7/docs/api/javax/swing/plaf/multi/MultiViewportUI.html
MutableAttributeSet =  https://docs.oracle.com/javase/7/docs/api/javax/swing/text/MutableAttributeSet.html
MutableCallSite =  https://docs.oracle.com/javase/7/docs/api/java/lang/invoke/MutableCallSite.html
MutableComboBoxModel =  https://docs.oracle.com/javase/7/docs/api/javax/swing/MutableComboBoxModel.html
MutableTreeNode =  https://docs.oracle.com/javase/7/docs/api/javax/swing/tree/MutableTreeNode.html
MutationEvent =  https://docs.oracle.com/javase/7/docs/api/org/w3c/dom/events/MutationEvent.html
MXBean =  https://docs.oracle.com/javase/7/docs/api/javax/management/MXBean.html
Name =  https://docs.oracle.com/javase/7/docs/api/javax/lang/model/element/Name.html
Name =  https://docs.oracle.com/javase/7/docs/api/javax/naming/Name.html
Name =  https://docs.oracle.com/javase/7/docs/api/javax/xml/soap/Name.html
NameAlreadyBoundException =  https://docs.oracle.com/javase/7/docs/api/javax/naming/NameAlreadyBoundException.html
NameCallback =  https://docs.oracle.com/javase/7/docs/api/javax/security/auth/callback/NameCallback.html
NameClassPair =  https://docs.oracle.com/javase/7/docs/api/javax/naming/NameClassPair.html
NameComponent =  https://docs.oracle.com/javase/7/docs/api/org/omg/CosNaming/NameComponent.html
NameComponentHelper =  https://docs.oracle.com/javase/7/docs/api/org/omg/CosNaming/NameComponentHelper.html
NameComponentHolder =  https://docs.oracle.com/javase/7/docs/api/org/omg/CosNaming/NameComponentHolder.html
NamedNodeMap =  https://docs.oracle.com/javase/7/docs/api/org/w3c/dom/NamedNodeMap.html
NamedValue =  https://docs.oracle.com/javase/7/docs/api/org/omg/CORBA/NamedValue.html
NameDynAnyPair =  https://docs.oracle.com/javase/7/docs/api/org/omg/DynamicAny/NameDynAnyPair.html
NameDynAnyPairHelper =  https://docs.oracle.com/javase/7/docs/api/org/omg/DynamicAny/NameDynAnyPairHelper.html
NameDynAnyPairSeqHelper =  https://docs.oracle.com/javase/7/docs/api/org/omg/DynamicAny/NameDynAnyPairSeqHelper.html
NameHelper =  https://docs.oracle.com/javase/7/docs/api/org/omg/CosNaming/NameHelper.html
NameHolder =  https://docs.oracle.com/javase/7/docs/api/org/omg/CosNaming/NameHolder.html
NameList =  https://docs.oracle.com/javase/7/docs/api/org/w3c/dom/NameList.html
NameNotFoundException =  https://docs.oracle.com/javase/7/docs/api/javax/naming/NameNotFoundException.html
NameParser =  https://docs.oracle.com/javase/7/docs/api/javax/naming/NameParser.html
Namespace =  https://docs.oracle.com/javase/7/docs/api/javax/xml/stream/events/Namespace.html
NamespaceChangeListener =  https://docs.oracle.com/javase/7/docs/api/javax/naming/event/NamespaceChangeListener.html
NamespaceContext =  https://docs.oracle.com/javase/7/docs/api/javax/xml/namespace/NamespaceContext.html
NamespaceSupport =  https://docs.oracle.com/javase/7/docs/api/org/xml/sax/helpers/NamespaceSupport.html
NameValuePair =  https://docs.oracle.com/javase/7/docs/api/org/omg/CORBA/NameValuePair.html
NameValuePair =  https://docs.oracle.com/javase/7/docs/api/org/omg/DynamicAny/NameValuePair.html
NameValuePairHelper =  https://docs.oracle.com/javase/7/docs/api/org/omg/CORBA/NameValuePairHelper.html
NameValuePairHelper =  https://docs.oracle.com/javase/7/docs/api/org/omg/DynamicAny/NameValuePairHelper.html
NameValuePairSeqHelper =  https://docs.oracle.com/javase/7/docs/api/org/omg/DynamicAny/NameValuePairSeqHelper.html
Naming =  https://docs.oracle.com/javase/7/docs/api/java/rmi/Naming.html
NamingContext =  https://docs.oracle.com/javase/7/docs/api/org/omg/CosNaming/NamingContext.html
NamingContextExt =  https://docs.oracle.com/javase/7/docs/api/org/omg/CosNaming/NamingContextExt.html
NamingContextExtHelper =  https://docs.oracle.com/javase/7/docs/api/org/omg/CosNaming/NamingContextExtHelper.html
NamingContextExtHolder =  https://docs.oracle.com/javase/7/docs/api/org/omg/CosNaming/NamingContextExtHolder.html
NamingContextExtOperations =  https://docs.oracle.com/javase/7/docs/api/org/omg/CosNaming/NamingContextExtOperations.html
NamingContextExtPOA =  https://docs.oracle.com/javase/7/docs/api/org/omg/CosNaming/NamingContextExtPOA.html
NamingContextHelper =  https://docs.oracle.com/javase/7/docs/api/org/omg/CosNaming/NamingContextHelper.html
NamingContextHolder =  https://docs.oracle.com/javase/7/docs/api/org/omg/CosNaming/NamingContextHolder.html
NamingContextOperations =  https://docs.oracle.com/javase/7/docs/api/org/omg/CosNaming/NamingContextOperations.html
NamingContextPOA =  https://docs.oracle.com/javase/7/docs/api/org/omg/CosNaming/NamingContextPOA.html
NamingEnumeration =  https://docs.oracle.com/javase/7/docs/api/javax/naming/NamingEnumeration.html
NamingEvent =  https://docs.oracle.com/javase/7/docs/api/javax/naming/event/NamingEvent.html
NamingException =  https://docs.oracle.com/javase/7/docs/api/javax/naming/NamingException.html
NamingExceptionEvent =  https://docs.oracle.com/javase/7/docs/api/javax/naming/event/NamingExceptionEvent.html
NamingListener =  https://docs.oracle.com/javase/7/docs/api/javax/naming/event/NamingListener.html
NamingManager =  https://docs.oracle.com/javase/7/docs/api/javax/naming/spi/NamingManager.html
NamingSecurityException =  https://docs.oracle.com/javase/7/docs/api/javax/naming/NamingSecurityException.html
NavigableMap =  https://docs.oracle.com/javase/7/docs/api/java/util/NavigableMap.html
NavigableSet =  https://docs.oracle.com/javase/7/docs/api/java/util/NavigableSet.html
NavigationFilter =  https://docs.oracle.com/javase/7/docs/api/javax/swing/text/NavigationFilter.html
NavigationFilter.FilterBypass =  https://docs.oracle.com/javase/7/docs/api/javax/swing/text/NavigationFilter.FilterBypass.html
NClob =  https://docs.oracle.com/javase/7/docs/api/java/sql/NClob.html
NegativeArraySizeException =  https://docs.oracle.com/javase/7/docs/api/java/lang/NegativeArraySizeException.html
NestingKind =  https://docs.oracle.com/javase/7/docs/api/javax/lang/model/element/NestingKind.html
NetPermission =  https://docs.oracle.com/javase/7/docs/api/java/net/NetPermission.html
NetworkChannel =  https://docs.oracle.com/javase/7/docs/api/java/nio/channels/NetworkChannel.html
NetworkInterface =  https://docs.oracle.com/javase/7/docs/api/java/net/NetworkInterface.html
NimbusLookAndFeel =  https://docs.oracle.com/javase/7/docs/api/javax/swing/plaf/nimbus/NimbusLookAndFeel.html
NimbusStyle =  https://docs.oracle.com/javase/7/docs/api/javax/swing/plaf/nimbus/NimbusStyle.html
NO_IMPLEMENT =  https://docs.oracle.com/javase/7/docs/api/org/omg/CORBA/NO_IMPLEMENT.html
NO_MEMORY =  https://docs.oracle.com/javase/7/docs/api/org/omg/CORBA/NO_MEMORY.html
NO_PERMISSION =  https://docs.oracle.com/javase/7/docs/api/org/omg/CORBA/NO_PERMISSION.html
NO_RESOURCES =  https://docs.oracle.com/javase/7/docs/api/org/omg/CORBA/NO_RESOURCES.html
NO_RESPONSE =  https://docs.oracle.com/javase/7/docs/api/org/omg/CORBA/NO_RESPONSE.html
NoClassDefFoundError =  https://docs.oracle.com/javase/7/docs/api/java/lang/NoClassDefFoundError.html
NoConnectionPendingException =  https://docs.oracle.com/javase/7/docs/api/java/nio/channels/NoConnectionPendingException.html
NoContext =  https://docs.oracle.com/javase/7/docs/api/org/omg/PortableServer/CurrentPackage/NoContext.html
NoContextHelper =  https://docs.oracle.com/javase/7/docs/api/org/omg/PortableServer/CurrentPackage/NoContextHelper.html
Node =  https://docs.oracle.com/javase/7/docs/api/javax/xml/soap/Node.html
Node =  https://docs.oracle.com/javase/7/docs/api/org/w3c/dom/Node.html
NodeChangeEvent =  https://docs.oracle.com/javase/7/docs/api/java/util/prefs/NodeChangeEvent.html
NodeChangeListener =  https://docs.oracle.com/javase/7/docs/api/java/util/prefs/NodeChangeListener.html
NodeList =  https://docs.oracle.com/javase/7/docs/api/org/w3c/dom/NodeList.html
NodeSetData =  https://docs.oracle.com/javase/7/docs/api/javax/xml/crypto/NodeSetData.html
NoInitialContextException =  https://docs.oracle.com/javase/7/docs/api/javax/naming/NoInitialContextException.html
NON_EXISTENT =  https://docs.oracle.com/javase/7/docs/api/org/omg/PortableInterceptor/NON_EXISTENT.html
NoninvertibleTransformException =  https://docs.oracle.com/javase/7/docs/api/java/awt/geom/NoninvertibleTransformException.html
NonReadableChannelException =  https://docs.oracle.com/javase/7/docs/api/java/nio/channels/NonReadableChannelException.html
NonWritableChannelException =  https://docs.oracle.com/javase/7/docs/api/java/nio/channels/NonWritableChannelException.html
NoPermissionException =  https://docs.oracle.com/javase/7/docs/api/javax/naming/NoPermissionException.html
NormalizedStringAdapter =  https://docs.oracle.com/javase/7/docs/api/javax/xml/bind/annotation/adapters/NormalizedStringAdapter.html
Normalizer =  https://docs.oracle.com/javase/7/docs/api/java/text/Normalizer.html
Normalizer.Form =  https://docs.oracle.com/javase/7/docs/api/java/text/Normalizer.Form.html
NoRouteToHostException =  https://docs.oracle.com/javase/7/docs/api/java/net/NoRouteToHostException.html
NoServant =  https://docs.oracle.com/javase/7/docs/api/org/omg/PortableServer/POAPackage/NoServant.html
NoServantHelper =  https://docs.oracle.com/javase/7/docs/api/org/omg/PortableServer/POAPackage/NoServantHelper.html
NoSuchAlgorithmException =  https://docs.oracle.com/javase/7/docs/api/java/security/NoSuchAlgorithmException.html
NoSuchAttributeException =  https://docs.oracle.com/javase/7/docs/api/javax/naming/directory/NoSuchAttributeException.html
NoSuchElementException =  https://docs.oracle.com/javase/7/docs/api/java/util/NoSuchElementException.html
NoSuchFieldError =  https://docs.oracle.com/javase/7/docs/api/java/lang/NoSuchFieldError.html
NoSuchFieldException =  https://docs.oracle.com/javase/7/docs/api/java/lang/NoSuchFieldException.html
NoSuchFileException =  https://docs.oracle.com/javase/7/docs/api/java/nio/file/NoSuchFileException.html
NoSuchMechanismException =  https://docs.oracle.com/javase/7/docs/api/javax/xml/crypto/NoSuchMechanismException.html
NoSuchMethodError =  https://docs.oracle.com/javase/7/docs/api/java/lang/NoSuchMethodError.html
NoSuchMethodException =  https://docs.oracle.com/javase/7/docs/api/java/lang/NoSuchMethodException.html
NoSuchObjectException =  https://docs.oracle.com/javase/7/docs/api/java/rmi/NoSuchObjectException.html
NoSuchPaddingException =  https://docs.oracle.com/javase/7/docs/api/javax/crypto/NoSuchPaddingException.html
NoSuchProviderException =  https://docs.oracle.com/javase/7/docs/api/java/security/NoSuchProviderException.html
NotActiveException =  https://docs.oracle.com/javase/7/docs/api/java/io/NotActiveException.html
Notation =  https://docs.oracle.com/javase/7/docs/api/org/w3c/dom/Notation.html
NotationDeclaration =  https://docs.oracle.com/javase/7/docs/api/javax/xml/stream/events/NotationDeclaration.html
NotBoundException =  https://docs.oracle.com/javase/7/docs/api/java/rmi/NotBoundException.html
NotCompliantMBeanException =  https://docs.oracle.com/javase/7/docs/api/javax/management/NotCompliantMBeanException.html
NotContextException =  https://docs.oracle.com/javase/7/docs/api/javax/naming/NotContextException.html
NotDirectoryException =  https://docs.oracle.com/javase/7/docs/api/java/nio/file/NotDirectoryException.html
NotEmpty =  https://docs.oracle.com/javase/7/docs/api/org/omg/CosNaming/NamingContextPackage/NotEmpty.html
NotEmptyHelper =  https://docs.oracle.com/javase/7/docs/api/org/omg/CosNaming/NamingContextPackage/NotEmptyHelper.html
NotEmptyHolder =  https://docs.oracle.com/javase/7/docs/api/org/omg/CosNaming/NamingContextPackage/NotEmptyHolder.html
NotFound =  https://docs.oracle.com/javase/7/docs/api/org/omg/CosNaming/NamingContextPackage/NotFound.html
NotFoundHelper =  https://docs.oracle.com/javase/7/docs/api/org/omg/CosNaming/NamingContextPackage/NotFoundHelper.html
NotFoundHolder =  https://docs.oracle.com/javase/7/docs/api/org/omg/CosNaming/NamingContextPackage/NotFoundHolder.html
NotFoundReason =  https://docs.oracle.com/javase/7/docs/api/org/omg/CosNaming/NamingContextPackage/NotFoundReason.html
NotFoundReasonHelper =  https://docs.oracle.com/javase/7/docs/api/org/omg/CosNaming/NamingContextPackage/NotFoundReasonHelper.html
NotFoundReasonHolder =  https://docs.oracle.com/javase/7/docs/api/org/omg/CosNaming/NamingContextPackage/NotFoundReasonHolder.html
NotIdentifiableEvent =  https://docs.oracle.com/javase/7/docs/api/javax/xml/bind/NotIdentifiableEvent.html
NotIdentifiableEventImpl =  https://docs.oracle.com/javase/7/docs/api/javax/xml/bind/helpers/NotIdentifiableEventImpl.html
Notification =  https://docs.oracle.com/javase/7/docs/api/javax/management/Notification.html
NotificationBroadcaster =  https://docs.oracle.com/javase/7/docs/api/javax/management/NotificationBroadcaster.html
NotificationBroadcasterSupport =  https://docs.oracle.com/javase/7/docs/api/javax/management/NotificationBroadcasterSupport.html
NotificationEmitter =  https://docs.oracle.com/javase/7/docs/api/javax/management/NotificationEmitter.html
NotificationFilter =  https://docs.oracle.com/javase/7/docs/api/javax/management/NotificationFilter.html
NotificationFilterSupport =  https://docs.oracle.com/javase/7/docs/api/javax/management/NotificationFilterSupport.html
NotificationListener =  https://docs.oracle.com/javase/7/docs/api/javax/management/NotificationListener.html
NotificationResult =  https://docs.oracle.com/javase/7/docs/api/javax/management/remote/NotificationResult.html
NotLinkException =  https://docs.oracle.com/javase/7/docs/api/java/nio/file/NotLinkException.html
NotOwnerException =  https://docs.oracle.com/javase/7/docs/api/java/security/acl/NotOwnerException.html
NotSerializableException =  https://docs.oracle.com/javase/7/docs/api/java/io/NotSerializableException.html
NotYetBoundException =  https://docs.oracle.com/javase/7/docs/api/java/nio/channels/NotYetBoundException.html
NotYetConnectedException =  https://docs.oracle.com/javase/7/docs/api/java/nio/channels/NotYetConnectedException.html
NoType =  https://docs.oracle.com/javase/7/docs/api/javax/lang/model/type/NoType.html
NullCipher =  https://docs.oracle.com/javase/7/docs/api/javax/crypto/NullCipher.html
NullPointerException =  https://docs.oracle.com/javase/7/docs/api/java/lang/NullPointerException.html
NullType =  https://docs.oracle.com/javase/7/docs/api/javax/lang/model/type/NullType.html
Number =  https://docs.oracle.com/javase/7/docs/api/java/lang/Number.html
NumberFormat =  https://docs.oracle.com/javase/7/docs/api/java/text/NumberFormat.html
NumberFormat.Field =  https://docs.oracle.com/javase/7/docs/api/java/text/NumberFormat.Field.html
NumberFormatException =  https://docs.oracle.com/javase/7/docs/api/java/lang/NumberFormatException.html
NumberFormatProvider =  https://docs.oracle.com/javase/7/docs/api/java/text/spi/NumberFormatProvider.html
NumberFormatter =  https://docs.oracle.com/javase/7/docs/api/javax/swing/text/NumberFormatter.html
NumberOfDocuments =  https://docs.oracle.com/javase/7/docs/api/javax/print/attribute/standard/NumberOfDocuments.html
NumberOfInterveningJobs =  https://docs.oracle.com/javase/7/docs/api/javax/print/attribute/standard/NumberOfInterveningJobs.html
NumberUp =  https://docs.oracle.com/javase/7/docs/api/javax/print/attribute/standard/NumberUp.html
NumberUpSupported =  https://docs.oracle.com/javase/7/docs/api/javax/print/attribute/standard/NumberUpSupported.html
NumericShaper =  https://docs.oracle.com/javase/7/docs/api/java/awt/font/NumericShaper.html
NumericShaper.Range =  https://docs.oracle.com/javase/7/docs/api/java/awt/font/NumericShaper.Range.html
NVList =  https://docs.oracle.com/javase/7/docs/api/org/omg/CORBA/NVList.html
OAEPParameterSpec =  https://docs.oracle.com/javase/7/docs/api/javax/crypto/spec/OAEPParameterSpec.html
OBJ_ADAPTER =  https://docs.oracle.com/javase/7/docs/api/org/omg/CORBA/OBJ_ADAPTER.html
Object =  https://docs.oracle.com/javase/7/docs/api/java/lang/Object.html
Object =  https://docs.oracle.com/javase/7/docs/api/org/omg/CORBA/Object.html
OBJECT_NOT_EXIST =  https://docs.oracle.com/javase/7/docs/api/org/omg/CORBA/OBJECT_NOT_EXIST.html
ObjectAlreadyActive =  https://docs.oracle.com/javase/7/docs/api/org/omg/PortableServer/POAPackage/ObjectAlreadyActive.html
ObjectAlreadyActiveHelper =  https://docs.oracle.com/javase/7/docs/api/org/omg/PortableServer/POAPackage/ObjectAlreadyActiveHelper.html
ObjectChangeListener =  https://docs.oracle.com/javase/7/docs/api/javax/naming/event/ObjectChangeListener.html
ObjectFactory =  https://docs.oracle.com/javase/7/docs/api/javax/naming/spi/ObjectFactory.html
ObjectFactoryBuilder =  https://docs.oracle.com/javase/7/docs/api/javax/naming/spi/ObjectFactoryBuilder.html
ObjectHelper =  https://docs.oracle.com/javase/7/docs/api/org/omg/CORBA/ObjectHelper.html
ObjectHolder =  https://docs.oracle.com/javase/7/docs/api/org/omg/CORBA/ObjectHolder.html
ObjectIdHelper =  https://docs.oracle.com/javase/7/docs/api/org/omg/PortableInterceptor/ObjectIdHelper.html
ObjectIdHelper =  https://docs.oracle.com/javase/7/docs/api/org/omg/PortableInterceptor/ORBInitInfoPackage/ObjectIdHelper.html
ObjectImpl =  https://docs.oracle.com/javase/7/docs/api/org/omg/CORBA/portable/ObjectImpl.html
ObjectImpl =  https://docs.oracle.com/javase/7/docs/api/org/omg/CORBA_2_3/portable/ObjectImpl.html
ObjectInput =  https://docs.oracle.com/javase/7/docs/api/java/io/ObjectInput.html
ObjectInputStream =  https://docs.oracle.com/javase/7/docs/api/java/io/ObjectInputStream.html
ObjectInputStream.GetField =  https://docs.oracle.com/javase/7/docs/api/java/io/ObjectInputStream.GetField.html
ObjectInputValidation =  https://docs.oracle.com/javase/7/docs/api/java/io/ObjectInputValidation.html
ObjectInstance =  https://docs.oracle.com/javase/7/docs/api/javax/management/ObjectInstance.html
ObjectName =  https://docs.oracle.com/javase/7/docs/api/javax/management/ObjectName.html
ObjectNotActive =  https://docs.oracle.com/javase/7/docs/api/org/omg/PortableServer/POAPackage/ObjectNotActive.html
ObjectNotActiveHelper =  https://docs.oracle.com/javase/7/docs/api/org/omg/PortableServer/POAPackage/ObjectNotActiveHelper.html
ObjectOutput =  https://docs.oracle.com/javase/7/docs/api/java/io/ObjectOutput.html
ObjectOutputStream =  https://docs.oracle.com/javase/7/docs/api/java/io/ObjectOutputStream.html
ObjectOutputStream.PutField =  https://docs.oracle.com/javase/7/docs/api/java/io/ObjectOutputStream.PutField.html
ObjectReferenceFactory =  https://docs.oracle.com/javase/7/docs/api/org/omg/PortableInterceptor/ObjectReferenceFactory.html
ObjectReferenceFactoryHelper =  https://docs.oracle.com/javase/7/docs/api/org/omg/PortableInterceptor/ObjectReferenceFactoryHelper.html
ObjectReferenceFactoryHolder =  https://docs.oracle.com/javase/7/docs/api/org/omg/PortableInterceptor/ObjectReferenceFactoryHolder.html
ObjectReferenceTemplate =  https://docs.oracle.com/javase/7/docs/api/org/omg/PortableInterceptor/ObjectReferenceTemplate.html
ObjectReferenceTemplateHelper =  https://docs.oracle.com/javase/7/docs/api/org/omg/PortableInterceptor/ObjectReferenceTemplateHelper.html
ObjectReferenceTemplateHolder =  https://docs.oracle.com/javase/7/docs/api/org/omg/PortableInterceptor/ObjectReferenceTemplateHolder.html
ObjectReferenceTemplateSeqHelper =  https://docs.oracle.com/javase/7/docs/api/org/omg/PortableInterceptor/ObjectReferenceTemplateSeqHelper.html
ObjectReferenceTemplateSeqHolder =  https://docs.oracle.com/javase/7/docs/api/org/omg/PortableInterceptor/ObjectReferenceTemplateSeqHolder.html
Objects =  https://docs.oracle.com/javase/7/docs/api/java/util/Objects.html
ObjectStreamClass =  https://docs.oracle.com/javase/7/docs/api/java/io/ObjectStreamClass.html
ObjectStreamConstants =  https://docs.oracle.com/javase/7/docs/api/java/io/ObjectStreamConstants.html
ObjectStreamException =  https://docs.oracle.com/javase/7/docs/api/java/io/ObjectStreamException.html
ObjectStreamField =  https://docs.oracle.com/javase/7/docs/api/java/io/ObjectStreamField.html
ObjectView =  https://docs.oracle.com/javase/7/docs/api/javax/swing/text/html/ObjectView.html
ObjID =  https://docs.oracle.com/javase/7/docs/api/java/rmi/server/ObjID.html
Observable =  https://docs.oracle.com/javase/7/docs/api/java/util/Observable.html
Observer =  https://docs.oracle.com/javase/7/docs/api/java/util/Observer.html
OceanTheme =  https://docs.oracle.com/javase/7/docs/api/javax/swing/plaf/metal/OceanTheme.html
OctetSeqHelper =  https://docs.oracle.com/javase/7/docs/api/org/omg/CORBA/OctetSeqHelper.html
OctetSeqHolder =  https://docs.oracle.com/javase/7/docs/api/org/omg/CORBA/OctetSeqHolder.html
OctetStreamData =  https://docs.oracle.com/javase/7/docs/api/javax/xml/crypto/OctetStreamData.html
Oid =  https://docs.oracle.com/javase/7/docs/api/org/ietf/jgss/Oid.html
OMGVMCID =  https://docs.oracle.com/javase/7/docs/api/org/omg/CORBA/OMGVMCID.html
Oneway =  https://docs.oracle.com/javase/7/docs/api/javax/jws/Oneway.html
OpenDataException =  https://docs.oracle.com/javase/7/docs/api/javax/management/openmbean/OpenDataException.html
OpenMBeanAttributeInfo =  https://docs.oracle.com/javase/7/docs/api/javax/management/openmbean/OpenMBeanAttributeInfo.html
OpenMBeanAttributeInfoSupport =  https://docs.oracle.com/javase/7/docs/api/javax/management/openmbean/OpenMBeanAttributeInfoSupport.html
OpenMBeanConstructorInfo =  https://docs.oracle.com/javase/7/docs/api/javax/management/openmbean/OpenMBeanConstructorInfo.html
OpenMBeanConstructorInfoSupport =  https://docs.oracle.com/javase/7/docs/api/javax/management/openmbean/OpenMBeanConstructorInfoSupport.html
OpenMBeanInfo =  https://docs.oracle.com/javase/7/docs/api/javax/management/openmbean/OpenMBeanInfo.html
OpenMBeanInfoSupport =  https://docs.oracle.com/javase/7/docs/api/javax/management/openmbean/OpenMBeanInfoSupport.html
OpenMBeanOperationInfo =  https://docs.oracle.com/javase/7/docs/api/javax/management/openmbean/OpenMBeanOperationInfo.html
OpenMBeanOperationInfoSupport =  https://docs.oracle.com/javase/7/docs/api/javax/management/openmbean/OpenMBeanOperationInfoSupport.html
OpenMBeanParameterInfo =  https://docs.oracle.com/javase/7/docs/api/javax/management/openmbean/OpenMBeanParameterInfo.html
OpenMBeanParameterInfoSupport =  https://docs.oracle.com/javase/7/docs/api/javax/management/openmbean/OpenMBeanParameterInfoSupport.html
OpenOption =  https://docs.oracle.com/javase/7/docs/api/java/nio/file/OpenOption.html
OpenType =  https://docs.oracle.com/javase/7/docs/api/java/awt/font/OpenType.html
OpenType =  https://docs.oracle.com/javase/7/docs/api/javax/management/openmbean/OpenType.html
OperatingSystemMXBean =  https://docs.oracle.com/javase/7/docs/api/java/lang/management/OperatingSystemMXBean.html
Operation =  https://docs.oracle.com/javase/7/docs/api/java/rmi/server/Operation.html
OperationNotSupportedException =  https://docs.oracle.com/javase/7/docs/api/javax/naming/OperationNotSupportedException.html
OperationsException =  https://docs.oracle.com/javase/7/docs/api/javax/management/OperationsException.html
Option =  https://docs.oracle.com/javase/7/docs/api/javax/swing/text/html/Option.html
OptionalDataException =  https://docs.oracle.com/javase/7/docs/api/java/io/OptionalDataException.html
OptionChecker =  https://docs.oracle.com/javase/7/docs/api/javax/tools/OptionChecker.html
OptionPaneUI =  https://docs.oracle.com/javase/7/docs/api/javax/swing/plaf/OptionPaneUI.html
ORB =  https://docs.oracle.com/javase/7/docs/api/org/omg/CORBA/ORB.html
ORB =  https://docs.oracle.com/javase/7/docs/api/org/omg/CORBA_2_3/ORB.html
ORBIdHelper =  https://docs.oracle.com/javase/7/docs/api/org/omg/PortableInterceptor/ORBIdHelper.html
ORBInitializer =  https://docs.oracle.com/javase/7/docs/api/org/omg/PortableInterceptor/ORBInitializer.html
ORBInitializerOperations =  https://docs.oracle.com/javase/7/docs/api/org/omg/PortableInterceptor/ORBInitializerOperations.html
ORBInitInfo =  https://docs.oracle.com/javase/7/docs/api/org/omg/PortableInterceptor/ORBInitInfo.html
ORBInitInfoOperations =  https://docs.oracle.com/javase/7/docs/api/org/omg/PortableInterceptor/ORBInitInfoOperations.html
OrientationRequested =  https://docs.oracle.com/javase/7/docs/api/javax/print/attribute/standard/OrientationRequested.html
OutOfMemoryError =  https://docs.oracle.com/javase/7/docs/api/java/lang/OutOfMemoryError.html
OutputDeviceAssigned =  https://docs.oracle.com/javase/7/docs/api/javax/print/attribute/standard/OutputDeviceAssigned.html
OutputKeys =  https://docs.oracle.com/javase/7/docs/api/javax/xml/transform/OutputKeys.html
OutputStream =  https://docs.oracle.com/javase/7/docs/api/java/io/OutputStream.html
OutputStream =  https://docs.oracle.com/javase/7/docs/api/org/omg/CORBA/portable/OutputStream.html
OutputStream =  https://docs.oracle.com/javase/7/docs/api/org/omg/CORBA_2_3/portable/OutputStream.html
OutputStreamWriter =  https://docs.oracle.com/javase/7/docs/api/java/io/OutputStreamWriter.html
OverlappingFileLockException =  https://docs.oracle.com/javase/7/docs/api/java/nio/channels/OverlappingFileLockException.html
OverlayLayout =  https://docs.oracle.com/javase/7/docs/api/javax/swing/OverlayLayout.html
Override =  https://docs.oracle.com/javase/7/docs/api/java/lang/Override.html
Owner =  https://docs.oracle.com/javase/7/docs/api/java/security/acl/Owner.html
Pack200 =  https://docs.oracle.com/javase/7/docs/api/java/util/jar/Pack200.html
Pack200.Packer =  https://docs.oracle.com/javase/7/docs/api/java/util/jar/Pack200.Packer.html
Pack200.Unpacker =  https://docs.oracle.com/javase/7/docs/api/java/util/jar/Pack200.Unpacker.html
Package =  https://docs.oracle.com/javase/7/docs/api/java/lang/Package.html
PackageElement =  https://docs.oracle.com/javase/7/docs/api/javax/lang/model/element/PackageElement.html
PackedColorModel =  https://docs.oracle.com/javase/7/docs/api/java/awt/image/PackedColorModel.html
Pageable =  https://docs.oracle.com/javase/7/docs/api/java/awt/print/Pageable.html
PageAttributes =  https://docs.oracle.com/javase/7/docs/api/java/awt/PageAttributes.html
PageAttributes.ColorType =  https://docs.oracle.com/javase/7/docs/api/java/awt/PageAttributes.ColorType.html
PageAttributes.MediaType =  https://docs.oracle.com/javase/7/docs/api/java/awt/PageAttributes.MediaType.html
PageAttributes.OrientationRequestedType =  https://docs.oracle.com/javase/7/docs/api/java/awt/PageAttributes.OrientationRequestedType.html
PageAttributes.OriginType =  https://docs.oracle.com/javase/7/docs/api/java/awt/PageAttributes.OriginType.html
PageAttributes.PrintQualityType =  https://docs.oracle.com/javase/7/docs/api/java/awt/PageAttributes.PrintQualityType.html
PagedResultsControl =  https://docs.oracle.com/javase/7/docs/api/javax/naming/ldap/PagedResultsControl.html
PagedResultsResponseControl =  https://docs.oracle.com/javase/7/docs/api/javax/naming/ldap/PagedResultsResponseControl.html
PageFormat =  https://docs.oracle.com/javase/7/docs/api/java/awt/print/PageFormat.html
PageRanges =  https://docs.oracle.com/javase/7/docs/api/javax/print/attribute/standard/PageRanges.html
PagesPerMinute =  https://docs.oracle.com/javase/7/docs/api/javax/print/attribute/standard/PagesPerMinute.html
PagesPerMinuteColor =  https://docs.oracle.com/javase/7/docs/api/javax/print/attribute/standard/PagesPerMinuteColor.html
Paint =  https://docs.oracle.com/javase/7/docs/api/java/awt/Paint.html
PaintContext =  https://docs.oracle.com/javase/7/docs/api/java/awt/PaintContext.html
Painter =  https://docs.oracle.com/javase/7/docs/api/javax/swing/Painter.html
PaintEvent =  https://docs.oracle.com/javase/7/docs/api/java/awt/event/PaintEvent.html
Panel =  https://docs.oracle.com/javase/7/docs/api/java/awt/Panel.html
PanelUI =  https://docs.oracle.com/javase/7/docs/api/javax/swing/plaf/PanelUI.html
Paper =  https://docs.oracle.com/javase/7/docs/api/java/awt/print/Paper.html
ParagraphView =  https://docs.oracle.com/javase/7/docs/api/javax/swing/text/html/ParagraphView.html
ParagraphView =  https://docs.oracle.com/javase/7/docs/api/javax/swing/text/ParagraphView.html
Parameter =  https://docs.oracle.com/javase/7/docs/api/org/omg/Dynamic/Parameter.html
ParameterBlock =  https://docs.oracle.com/javase/7/docs/api/java/awt/image/renderable/ParameterBlock.html
ParameterDescriptor =  https://docs.oracle.com/javase/7/docs/api/java/beans/ParameterDescriptor.html
Parameterizable =  https://docs.oracle.com/javase/7/docs/api/javax/lang/model/element/Parameterizable.html
ParameterizedType =  https://docs.oracle.com/javase/7/docs/api/java/lang/reflect/ParameterizedType.html
ParameterMetaData =  https://docs.oracle.com/javase/7/docs/api/java/sql/ParameterMetaData.html
ParameterMode =  https://docs.oracle.com/javase/7/docs/api/org/omg/CORBA/ParameterMode.html
ParameterModeHelper =  https://docs.oracle.com/javase/7/docs/api/org/omg/CORBA/ParameterModeHelper.html
ParameterModeHolder =  https://docs.oracle.com/javase/7/docs/api/org/omg/CORBA/ParameterModeHolder.html
ParseConversionEvent =  https://docs.oracle.com/javase/7/docs/api/javax/xml/bind/ParseConversionEvent.html
ParseConversionEventImpl =  https://docs.oracle.com/javase/7/docs/api/javax/xml/bind/helpers/ParseConversionEventImpl.html
ParseException =  https://docs.oracle.com/javase/7/docs/api/java/text/ParseException.html
ParsePosition =  https://docs.oracle.com/javase/7/docs/api/java/text/ParsePosition.html
Parser =  https://docs.oracle.com/javase/7/docs/api/javax/swing/text/html/parser/Parser.html
Parser =  https://docs.oracle.com/javase/7/docs/api/org/xml/sax/Parser.html
ParserAdapter =  https://docs.oracle.com/javase/7/docs/api/org/xml/sax/helpers/ParserAdapter.html
ParserConfigurationException =  https://docs.oracle.com/javase/7/docs/api/javax/xml/parsers/ParserConfigurationException.html
ParserDelegator =  https://docs.oracle.com/javase/7/docs/api/javax/swing/text/html/parser/ParserDelegator.html
ParserFactory =  https://docs.oracle.com/javase/7/docs/api/org/xml/sax/helpers/ParserFactory.html
PartialResultException =  https://docs.oracle.com/javase/7/docs/api/javax/naming/PartialResultException.html
PasswordAuthentication =  https://docs.oracle.com/javase/7/docs/api/java/net/PasswordAuthentication.html
PasswordCallback =  https://docs.oracle.com/javase/7/docs/api/javax/security/auth/callback/PasswordCallback.html
PasswordView =  https://docs.oracle.com/javase/7/docs/api/javax/swing/text/PasswordView.html
Patch =  https://docs.oracle.com/javase/7/docs/api/javax/sound/midi/Patch.html
Path =  https://docs.oracle.com/javase/7/docs/api/java/nio/file/Path.html
Path2D =  https://docs.oracle.com/javase/7/docs/api/java/awt/geom/Path2D.html
Path2D.Double =  https://docs.oracle.com/javase/7/docs/api/java/awt/geom/Path2D.Double.html
Path2D.Float =  https://docs.oracle.com/javase/7/docs/api/java/awt/geom/Path2D.Float.html
PathIterator =  https://docs.oracle.com/javase/7/docs/api/java/awt/geom/PathIterator.html
PathMatcher =  https://docs.oracle.com/javase/7/docs/api/java/nio/file/PathMatcher.html
Paths =  https://docs.oracle.com/javase/7/docs/api/java/nio/file/Paths.html
Pattern =  https://docs.oracle.com/javase/7/docs/api/java/util/regex/Pattern.html
PatternSyntaxException =  https://docs.oracle.com/javase/7/docs/api/java/util/regex/PatternSyntaxException.html
PBEKey =  https://docs.oracle.com/javase/7/docs/api/javax/crypto/interfaces/PBEKey.html
PBEKeySpec =  https://docs.oracle.com/javase/7/docs/api/javax/crypto/spec/PBEKeySpec.html
PBEParameterSpec =  https://docs.oracle.com/javase/7/docs/api/javax/crypto/spec/PBEParameterSpec.html
PDLOverrideSupported =  https://docs.oracle.com/javase/7/docs/api/javax/print/attribute/standard/PDLOverrideSupported.html
Permission =  https://docs.oracle.com/javase/7/docs/api/java/security/acl/Permission.html
Permission =  https://docs.oracle.com/javase/7/docs/api/java/security/Permission.html
PermissionCollection =  https://docs.oracle.com/javase/7/docs/api/java/security/PermissionCollection.html
Permissions =  https://docs.oracle.com/javase/7/docs/api/java/security/Permissions.html
PERSIST_STORE =  https://docs.oracle.com/javase/7/docs/api/org/omg/CORBA/PERSIST_STORE.html
PersistenceDelegate =  https://docs.oracle.com/javase/7/docs/api/java/beans/PersistenceDelegate.html
PersistentMBean =  https://docs.oracle.com/javase/7/docs/api/javax/management/PersistentMBean.html
PGPData =  https://docs.oracle.com/javase/7/docs/api/javax/xml/crypto/dsig/keyinfo/PGPData.html
PhantomReference =  https://docs.oracle.com/javase/7/docs/api/java/lang/ref/PhantomReference.html
Phaser =  https://docs.oracle.com/javase/7/docs/api/java/util/concurrent/Phaser.html
Pipe =  https://docs.oracle.com/javase/7/docs/api/java/nio/channels/Pipe.html
Pipe.SinkChannel =  https://docs.oracle.com/javase/7/docs/api/java/nio/channels/Pipe.SinkChannel.html
Pipe.SourceChannel =  https://docs.oracle.com/javase/7/docs/api/java/nio/channels/Pipe.SourceChannel.html
PipedInputStream =  https://docs.oracle.com/javase/7/docs/api/java/io/PipedInputStream.html
PipedOutputStream =  https://docs.oracle.com/javase/7/docs/api/java/io/PipedOutputStream.html
PipedReader =  https://docs.oracle.com/javase/7/docs/api/java/io/PipedReader.html
PipedWriter =  https://docs.oracle.com/javase/7/docs/api/java/io/PipedWriter.html
PixelGrabber =  https://docs.oracle.com/javase/7/docs/api/java/awt/image/PixelGrabber.html
PixelInterleavedSampleModel =  https://docs.oracle.com/javase/7/docs/api/java/awt/image/PixelInterleavedSampleModel.html
PKCS8EncodedKeySpec =  https://docs.oracle.com/javase/7/docs/api/java/security/spec/PKCS8EncodedKeySpec.html
PKIXBuilderParameters =  https://docs.oracle.com/javase/7/docs/api/java/security/cert/PKIXBuilderParameters.html
PKIXCertPathBuilderResult =  https://docs.oracle.com/javase/7/docs/api/java/security/cert/PKIXCertPathBuilderResult.html
PKIXCertPathChecker =  https://docs.oracle.com/javase/7/docs/api/java/security/cert/PKIXCertPathChecker.html
PKIXCertPathValidatorResult =  https://docs.oracle.com/javase/7/docs/api/java/security/cert/PKIXCertPathValidatorResult.html
PKIXParameters =  https://docs.oracle.com/javase/7/docs/api/java/security/cert/PKIXParameters.html
PKIXReason =  https://docs.oracle.com/javase/7/docs/api/java/security/cert/PKIXReason.html
PlainDocument =  https://docs.oracle.com/javase/7/docs/api/javax/swing/text/PlainDocument.html
PlainView =  https://docs.oracle.com/javase/7/docs/api/javax/swing/text/PlainView.html
PlatformLoggingMXBean =  https://docs.oracle.com/javase/7/docs/api/java/lang/management/PlatformLoggingMXBean.html
PlatformManagedObject =  https://docs.oracle.com/javase/7/docs/api/java/lang/management/PlatformManagedObject.html
POA =  https://docs.oracle.com/javase/7/docs/api/org/omg/PortableServer/POA.html
POAHelper =  https://docs.oracle.com/javase/7/docs/api/org/omg/PortableServer/POAHelper.html
POAManager =  https://docs.oracle.com/javase/7/docs/api/org/omg/PortableServer/POAManager.html
POAManagerOperations =  https://docs.oracle.com/javase/7/docs/api/org/omg/PortableServer/POAManagerOperations.html
POAOperations =  https://docs.oracle.com/javase/7/docs/api/org/omg/PortableServer/POAOperations.html
Point =  https://docs.oracle.com/javase/7/docs/api/java/awt/Point.html
Point2D =  https://docs.oracle.com/javase/7/docs/api/java/awt/geom/Point2D.html
Point2D.Double =  https://docs.oracle.com/javase/7/docs/api/java/awt/geom/Point2D.Double.html
Point2D.Float =  https://docs.oracle.com/javase/7/docs/api/java/awt/geom/Point2D.Float.html
PointerInfo =  https://docs.oracle.com/javase/7/docs/api/java/awt/PointerInfo.html
Policy =  https://docs.oracle.com/javase/7/docs/api/java/security/Policy.html
Policy =  https://docs.oracle.com/javase/7/docs/api/javax/security/auth/Policy.html
Policy =  https://docs.oracle.com/javase/7/docs/api/org/omg/CORBA/Policy.html
Policy.Parameters =  https://docs.oracle.com/javase/7/docs/api/java/security/Policy.Parameters.html
PolicyError =  https://docs.oracle.com/javase/7/docs/api/org/omg/CORBA/PolicyError.html
PolicyErrorCodeHelper =  https://docs.oracle.com/javase/7/docs/api/org/omg/CORBA/PolicyErrorCodeHelper.html
PolicyErrorHelper =  https://docs.oracle.com/javase/7/docs/api/org/omg/CORBA/PolicyErrorHelper.html
PolicyErrorHolder =  https://docs.oracle.com/javase/7/docs/api/org/omg/CORBA/PolicyErrorHolder.html
PolicyFactory =  https://docs.oracle.com/javase/7/docs/api/org/omg/PortableInterceptor/PolicyFactory.html
PolicyFactoryOperations =  https://docs.oracle.com/javase/7/docs/api/org/omg/PortableInterceptor/PolicyFactoryOperations.html
PolicyHelper =  https://docs.oracle.com/javase/7/docs/api/org/omg/CORBA/PolicyHelper.html
PolicyHolder =  https://docs.oracle.com/javase/7/docs/api/org/omg/CORBA/PolicyHolder.html
PolicyListHelper =  https://docs.oracle.com/javase/7/docs/api/org/omg/CORBA/PolicyListHelper.html
PolicyListHolder =  https://docs.oracle.com/javase/7/docs/api/org/omg/CORBA/PolicyListHolder.html
PolicyNode =  https://docs.oracle.com/javase/7/docs/api/java/security/cert/PolicyNode.html
PolicyOperations =  https://docs.oracle.com/javase/7/docs/api/org/omg/CORBA/PolicyOperations.html
PolicyQualifierInfo =  https://docs.oracle.com/javase/7/docs/api/java/security/cert/PolicyQualifierInfo.html
PolicySpi =  https://docs.oracle.com/javase/7/docs/api/java/security/PolicySpi.html
PolicyTypeHelper =  https://docs.oracle.com/javase/7/docs/api/org/omg/CORBA/PolicyTypeHelper.html
Polygon =  https://docs.oracle.com/javase/7/docs/api/java/awt/Polygon.html
PooledConnection =  https://docs.oracle.com/javase/7/docs/api/javax/sql/PooledConnection.html
Popup =  https://docs.oracle.com/javase/7/docs/api/javax/swing/Popup.html
PopupFactory =  https://docs.oracle.com/javase/7/docs/api/javax/swing/PopupFactory.html
PopupMenu =  https://docs.oracle.com/javase/7/docs/api/java/awt/PopupMenu.html
PopupMenuEvent =  https://docs.oracle.com/javase/7/docs/api/javax/swing/event/PopupMenuEvent.html
PopupMenuListener =  https://docs.oracle.com/javase/7/docs/api/javax/swing/event/PopupMenuListener.html
PopupMenuUI =  https://docs.oracle.com/javase/7/docs/api/javax/swing/plaf/PopupMenuUI.html
Port =  https://docs.oracle.com/javase/7/docs/api/javax/sound/sampled/Port.html
Port.Info =  https://docs.oracle.com/javase/7/docs/api/javax/sound/sampled/Port.Info.html
PortableRemoteObject =  https://docs.oracle.com/javase/7/docs/api/javax/rmi/PortableRemoteObject.html
PortableRemoteObjectDelegate =  https://docs.oracle.com/javase/7/docs/api/javax/rmi/CORBA/PortableRemoteObjectDelegate.html
PortInfo =  https://docs.oracle.com/javase/7/docs/api/javax/xml/ws/handler/PortInfo.html
PortUnreachableException =  https://docs.oracle.com/javase/7/docs/api/java/net/PortUnreachableException.html
Position =  https://docs.oracle.com/javase/7/docs/api/javax/swing/text/Position.html
Position.Bias =  https://docs.oracle.com/javase/7/docs/api/javax/swing/text/Position.Bias.html
PosixFileAttributes =  https://docs.oracle.com/javase/7/docs/api/java/nio/file/attribute/PosixFileAttributes.html
PosixFileAttributeView =  https://docs.oracle.com/javase/7/docs/api/java/nio/file/attribute/PosixFileAttributeView.html
PosixFilePermission =  https://docs.oracle.com/javase/7/docs/api/java/nio/file/attribute/PosixFilePermission.html
PosixFilePermissions =  https://docs.oracle.com/javase/7/docs/api/java/nio/file/attribute/PosixFilePermissions.html
PostConstruct =  https://docs.oracle.com/javase/7/docs/api/javax/annotation/PostConstruct.html
PreDestroy =  https://docs.oracle.com/javase/7/docs/api/javax/annotation/PreDestroy.html
Predicate =  https://docs.oracle.com/javase/7/docs/api/javax/sql/rowset/Predicate.html
PreferenceChangeEvent =  https://docs.oracle.com/javase/7/docs/api/java/util/prefs/PreferenceChangeEvent.html
PreferenceChangeListener =  https://docs.oracle.com/javase/7/docs/api/java/util/prefs/PreferenceChangeListener.html
Preferences =  https://docs.oracle.com/javase/7/docs/api/java/util/prefs/Preferences.html
PreferencesFactory =  https://docs.oracle.com/javase/7/docs/api/java/util/prefs/PreferencesFactory.html
PreparedStatement =  https://docs.oracle.com/javase/7/docs/api/java/sql/PreparedStatement.html
PresentationDirection =  https://docs.oracle.com/javase/7/docs/api/javax/print/attribute/standard/PresentationDirection.html
PrimitiveType =  https://docs.oracle.com/javase/7/docs/api/javax/lang/model/type/PrimitiveType.html
Principal =  https://docs.oracle.com/javase/7/docs/api/java/security/Principal.html
Principal =  https://docs.oracle.com/javase/7/docs/api/org/omg/CORBA/Principal.html
PrincipalHolder =  https://docs.oracle.com/javase/7/docs/api/org/omg/CORBA/PrincipalHolder.html
Printable =  https://docs.oracle.com/javase/7/docs/api/java/awt/print/Printable.html
PrintConversionEvent =  https://docs.oracle.com/javase/7/docs/api/javax/xml/bind/PrintConversionEvent.html
PrintConversionEventImpl =  https://docs.oracle.com/javase/7/docs/api/javax/xml/bind/helpers/PrintConversionEventImpl.html
PrinterAbortException =  https://docs.oracle.com/javase/7/docs/api/java/awt/print/PrinterAbortException.html
PrinterException =  https://docs.oracle.com/javase/7/docs/api/java/awt/print/PrinterException.html
PrinterGraphics =  https://docs.oracle.com/javase/7/docs/api/java/awt/print/PrinterGraphics.html
PrinterInfo =  https://docs.oracle.com/javase/7/docs/api/javax/print/attribute/standard/PrinterInfo.html
PrinterIOException =  https://docs.oracle.com/javase/7/docs/api/java/awt/print/PrinterIOException.html
PrinterIsAcceptingJobs =  https://docs.oracle.com/javase/7/docs/api/javax/print/attribute/standard/PrinterIsAcceptingJobs.html
PrinterJob =  https://docs.oracle.com/javase/7/docs/api/java/awt/print/PrinterJob.html
PrinterLocation =  https://docs.oracle.com/javase/7/docs/api/javax/print/attribute/standard/PrinterLocation.html
PrinterMakeAndModel =  https://docs.oracle.com/javase/7/docs/api/javax/print/attribute/standard/PrinterMakeAndModel.html
PrinterMessageFromOperator =  https://docs.oracle.com/javase/7/docs/api/javax/print/attribute/standard/PrinterMessageFromOperator.html
PrinterMoreInfo =  https://docs.oracle.com/javase/7/docs/api/javax/print/attribute/standard/PrinterMoreInfo.html
PrinterMoreInfoManufacturer =  https://docs.oracle.com/javase/7/docs/api/javax/print/attribute/standard/PrinterMoreInfoManufacturer.html
PrinterName =  https://docs.oracle.com/javase/7/docs/api/javax/print/attribute/standard/PrinterName.html
PrinterResolution =  https://docs.oracle.com/javase/7/docs/api/javax/print/attribute/standard/PrinterResolution.html
PrinterState =  https://docs.oracle.com/javase/7/docs/api/javax/print/attribute/standard/PrinterState.html
PrinterStateReason =  https://docs.oracle.com/javase/7/docs/api/javax/print/attribute/standard/PrinterStateReason.html
PrinterStateReasons =  https://docs.oracle.com/javase/7/docs/api/javax/print/attribute/standard/PrinterStateReasons.html
PrinterURI =  https://docs.oracle.com/javase/7/docs/api/javax/print/attribute/standard/PrinterURI.html
PrintEvent =  https://docs.oracle.com/javase/7/docs/api/javax/print/event/PrintEvent.html
PrintException =  https://docs.oracle.com/javase/7/docs/api/javax/print/PrintException.html
PrintGraphics =  https://docs.oracle.com/javase/7/docs/api/java/awt/PrintGraphics.html
PrintJob =  https://docs.oracle.com/javase/7/docs/api/java/awt/PrintJob.html
PrintJobAdapter =  https://docs.oracle.com/javase/7/docs/api/javax/print/event/PrintJobAdapter.html
PrintJobAttribute =  https://docs.oracle.com/javase/7/docs/api/javax/print/attribute/PrintJobAttribute.html
PrintJobAttributeEvent =  https://docs.oracle.com/javase/7/docs/api/javax/print/event/PrintJobAttributeEvent.html
PrintJobAttributeListener =  https://docs.oracle.com/javase/7/docs/api/javax/print/event/PrintJobAttributeListener.html
PrintJobAttributeSet =  https://docs.oracle.com/javase/7/docs/api/javax/print/attribute/PrintJobAttributeSet.html
PrintJobEvent =  https://docs.oracle.com/javase/7/docs/api/javax/print/event/PrintJobEvent.html
PrintJobListener =  https://docs.oracle.com/javase/7/docs/api/javax/print/event/PrintJobListener.html
PrintQuality =  https://docs.oracle.com/javase/7/docs/api/javax/print/attribute/standard/PrintQuality.html
PrintRequestAttribute =  https://docs.oracle.com/javase/7/docs/api/javax/print/attribute/PrintRequestAttribute.html
PrintRequestAttributeSet =  https://docs.oracle.com/javase/7/docs/api/javax/print/attribute/PrintRequestAttributeSet.html
PrintService =  https://docs.oracle.com/javase/7/docs/api/javax/print/PrintService.html
PrintServiceAttribute =  https://docs.oracle.com/javase/7/docs/api/javax/print/attribute/PrintServiceAttribute.html
PrintServiceAttributeEvent =  https://docs.oracle.com/javase/7/docs/api/javax/print/event/PrintServiceAttributeEvent.html
PrintServiceAttributeListener =  https://docs.oracle.com/javase/7/docs/api/javax/print/event/PrintServiceAttributeListener.html
PrintServiceAttributeSet =  https://docs.oracle.com/javase/7/docs/api/javax/print/attribute/PrintServiceAttributeSet.html
PrintServiceLookup =  https://docs.oracle.com/javase/7/docs/api/javax/print/PrintServiceLookup.html
PrintStream =  https://docs.oracle.com/javase/7/docs/api/java/io/PrintStream.html
PrintWriter =  https://docs.oracle.com/javase/7/docs/api/java/io/PrintWriter.html
PriorityBlockingQueue =  https://docs.oracle.com/javase/7/docs/api/java/util/concurrent/PriorityBlockingQueue.html
PriorityQueue =  https://docs.oracle.com/javase/7/docs/api/java/util/PriorityQueue.html
PRIVATE_MEMBER =  https://docs.oracle.com/javase/7/docs/api/org/omg/CORBA/PRIVATE_MEMBER.html
PrivateClassLoader =  https://docs.oracle.com/javase/7/docs/api/javax/management/loading/PrivateClassLoader.html
PrivateCredentialPermission =  https://docs.oracle.com/javase/7/docs/api/javax/security/auth/PrivateCredentialPermission.html
PrivateKey =  https://docs.oracle.com/javase/7/docs/api/java/security/PrivateKey.html
PrivateMLet =  https://docs.oracle.com/javase/7/docs/api/javax/management/loading/PrivateMLet.html
PrivilegedAction =  https://docs.oracle.com/javase/7/docs/api/java/security/PrivilegedAction.html
PrivilegedActionException =  https://docs.oracle.com/javase/7/docs/api/java/security/PrivilegedActionException.html
PrivilegedExceptionAction =  https://docs.oracle.com/javase/7/docs/api/java/security/PrivilegedExceptionAction.html
Process =  https://docs.oracle.com/javase/7/docs/api/java/lang/Process.html
ProcessBuilder =  https://docs.oracle.com/javase/7/docs/api/java/lang/ProcessBuilder.html
ProcessBuilder.Redirect =  https://docs.oracle.com/javase/7/docs/api/java/lang/ProcessBuilder.Redirect.html
ProcessBuilder.Redirect.Type =  https://docs.oracle.com/javase/7/docs/api/java/lang/ProcessBuilder.Redirect.Type.html
ProcessingEnvironment =  https://docs.oracle.com/javase/7/docs/api/javax/annotation/processing/ProcessingEnvironment.html
ProcessingInstruction =  https://docs.oracle.com/javase/7/docs/api/javax/xml/stream/events/ProcessingInstruction.html
ProcessingInstruction =  https://docs.oracle.com/javase/7/docs/api/org/w3c/dom/ProcessingInstruction.html
Processor =  https://docs.oracle.com/javase/7/docs/api/javax/annotation/processing/Processor.html
ProfileDataException =  https://docs.oracle.com/javase/7/docs/api/java/awt/color/ProfileDataException.html
ProfileIdHelper =  https://docs.oracle.com/javase/7/docs/api/org/omg/IOP/ProfileIdHelper.html
ProgressBarUI =  https://docs.oracle.com/javase/7/docs/api/javax/swing/plaf/ProgressBarUI.html
ProgressMonitor =  https://docs.oracle.com/javase/7/docs/api/javax/swing/ProgressMonitor.html
ProgressMonitorInputStream =  https://docs.oracle.com/javase/7/docs/api/javax/swing/ProgressMonitorInputStream.html
Properties =  https://docs.oracle.com/javase/7/docs/api/java/util/Properties.html
PropertyChangeEvent =  https://docs.oracle.com/javase/7/docs/api/java/beans/PropertyChangeEvent.html
PropertyChangeListener =  https://docs.oracle.com/javase/7/docs/api/java/beans/PropertyChangeListener.html
PropertyChangeListenerProxy =  https://docs.oracle.com/javase/7/docs/api/java/beans/PropertyChangeListenerProxy.html
PropertyChangeSupport =  https://docs.oracle.com/javase/7/docs/api/java/beans/PropertyChangeSupport.html
PropertyDescriptor =  https://docs.oracle.com/javase/7/docs/api/java/beans/PropertyDescriptor.html
PropertyEditor =  https://docs.oracle.com/javase/7/docs/api/java/beans/PropertyEditor.html
PropertyEditorManager =  https://docs.oracle.com/javase/7/docs/api/java/beans/PropertyEditorManager.html
PropertyEditorSupport =  https://docs.oracle.com/javase/7/docs/api/java/beans/PropertyEditorSupport.html
PropertyException =  https://docs.oracle.com/javase/7/docs/api/javax/xml/bind/PropertyException.html
PropertyPermission =  https://docs.oracle.com/javase/7/docs/api/java/util/PropertyPermission.html
PropertyResourceBundle =  https://docs.oracle.com/javase/7/docs/api/java/util/PropertyResourceBundle.html
PropertyVetoException =  https://docs.oracle.com/javase/7/docs/api/java/beans/PropertyVetoException.html
ProtectionDomain =  https://docs.oracle.com/javase/7/docs/api/java/security/ProtectionDomain.html
ProtocolException =  https://docs.oracle.com/javase/7/docs/api/java/net/ProtocolException.html
ProtocolException =  https://docs.oracle.com/javase/7/docs/api/javax/xml/ws/ProtocolException.html
ProtocolFamily =  https://docs.oracle.com/javase/7/docs/api/java/net/ProtocolFamily.html
Provider =  https://docs.oracle.com/javase/7/docs/api/java/security/Provider.html
Provider =  https://docs.oracle.com/javase/7/docs/api/javax/xml/ws/Provider.html
Provider =  https://docs.oracle.com/javase/7/docs/api/javax/xml/ws/spi/Provider.html
Provider.Service =  https://docs.oracle.com/javase/7/docs/api/java/security/Provider.Service.html
ProviderException =  https://docs.oracle.com/javase/7/docs/api/java/security/ProviderException.html
ProviderMismatchException =  https://docs.oracle.com/javase/7/docs/api/java/nio/file/ProviderMismatchException.html
ProviderNotFoundException =  https://docs.oracle.com/javase/7/docs/api/java/nio/file/ProviderNotFoundException.html
Proxy =  https://docs.oracle.com/javase/7/docs/api/java/lang/reflect/Proxy.html
Proxy =  https://docs.oracle.com/javase/7/docs/api/java/net/Proxy.html
Proxy.Type =  https://docs.oracle.com/javase/7/docs/api/java/net/Proxy.Type.html
ProxySelector =  https://docs.oracle.com/javase/7/docs/api/java/net/ProxySelector.html
PseudoColumnUsage =  https://docs.oracle.com/javase/7/docs/api/java/sql/PseudoColumnUsage.html
PSource =  https://docs.oracle.com/javase/7/docs/api/javax/crypto/spec/PSource.html
PSource.PSpecified =  https://docs.oracle.com/javase/7/docs/api/javax/crypto/spec/PSource.PSpecified.html
PSSParameterSpec =  https://docs.oracle.com/javase/7/docs/api/java/security/spec/PSSParameterSpec.html
PUBLIC_MEMBER =  https://docs.oracle.com/javase/7/docs/api/org/omg/CORBA/PUBLIC_MEMBER.html
PublicKey =  https://docs.oracle.com/javase/7/docs/api/java/security/PublicKey.html
PushbackInputStream =  https://docs.oracle.com/javase/7/docs/api/java/io/PushbackInputStream.html
PushbackReader =  https://docs.oracle.com/javase/7/docs/api/java/io/PushbackReader.html
QName =  https://docs.oracle.com/javase/7/docs/api/javax/xml/namespace/QName.html
QuadCurve2D =  https://docs.oracle.com/javase/7/docs/api/java/awt/geom/QuadCurve2D.html
QuadCurve2D.Double =  https://docs.oracle.com/javase/7/docs/api/java/awt/geom/QuadCurve2D.Double.html
QuadCurve2D.Float =  https://docs.oracle.com/javase/7/docs/api/java/awt/geom/QuadCurve2D.Float.html
QualifiedNameable =  https://docs.oracle.com/javase/7/docs/api/javax/lang/model/element/QualifiedNameable.html
Query =  https://docs.oracle.com/javase/7/docs/api/javax/management/Query.html
QueryEval =  https://docs.oracle.com/javase/7/docs/api/javax/management/QueryEval.html
QueryExp =  https://docs.oracle.com/javase/7/docs/api/javax/management/QueryExp.html
Queue =  https://docs.oracle.com/javase/7/docs/api/java/util/Queue.html
QueuedJobCount =  https://docs.oracle.com/javase/7/docs/api/javax/print/attribute/standard/QueuedJobCount.html
RadialGradientPaint =  https://docs.oracle.com/javase/7/docs/api/java/awt/RadialGradientPaint.html
Random =  https://docs.oracle.com/javase/7/docs/api/java/util/Random.html
RandomAccess =  https://docs.oracle.com/javase/7/docs/api/java/util/RandomAccess.html
RandomAccessFile =  https://docs.oracle.com/javase/7/docs/api/java/io/RandomAccessFile.html
Raster =  https://docs.oracle.com/javase/7/docs/api/java/awt/image/Raster.html
RasterFormatException =  https://docs.oracle.com/javase/7/docs/api/java/awt/image/RasterFormatException.html
RasterOp =  https://docs.oracle.com/javase/7/docs/api/java/awt/image/RasterOp.html
RC2ParameterSpec =  https://docs.oracle.com/javase/7/docs/api/javax/crypto/spec/RC2ParameterSpec.html
RC5ParameterSpec =  https://docs.oracle.com/javase/7/docs/api/javax/crypto/spec/RC5ParameterSpec.html
Rdn =  https://docs.oracle.com/javase/7/docs/api/javax/naming/ldap/Rdn.html
Readable =  https://docs.oracle.com/javase/7/docs/api/java/lang/Readable.html
ReadableByteChannel =  https://docs.oracle.com/javase/7/docs/api/java/nio/channels/ReadableByteChannel.html
Reader =  https://docs.oracle.com/javase/7/docs/api/java/io/Reader.html
ReadOnlyBufferException =  https://docs.oracle.com/javase/7/docs/api/java/nio/ReadOnlyBufferException.html
ReadOnlyFileSystemException =  https://docs.oracle.com/javase/7/docs/api/java/nio/file/ReadOnlyFileSystemException.html
ReadPendingException =  https://docs.oracle.com/javase/7/docs/api/java/nio/channels/ReadPendingException.html
ReadWriteLock =  https://docs.oracle.com/javase/7/docs/api/java/util/concurrent/locks/ReadWriteLock.html
RealmCallback =  https://docs.oracle.com/javase/7/docs/api/javax/security/sasl/RealmCallback.html
RealmChoiceCallback =  https://docs.oracle.com/javase/7/docs/api/javax/security/sasl/RealmChoiceCallback.html
REBIND =  https://docs.oracle.com/javase/7/docs/api/org/omg/CORBA/REBIND.html
Receiver =  https://docs.oracle.com/javase/7/docs/api/javax/sound/midi/Receiver.html
Rectangle =  https://docs.oracle.com/javase/7/docs/api/java/awt/Rectangle.html
Rectangle2D =  https://docs.oracle.com/javase/7/docs/api/java/awt/geom/Rectangle2D.html
Rectangle2D.Double =  https://docs.oracle.com/javase/7/docs/api/java/awt/geom/Rectangle2D.Double.html
Rectangle2D.Float =  https://docs.oracle.com/javase/7/docs/api/java/awt/geom/Rectangle2D.Float.html
RectangularShape =  https://docs.oracle.com/javase/7/docs/api/java/awt/geom/RectangularShape.html
RecursiveAction =  https://docs.oracle.com/javase/7/docs/api/java/util/concurrent/RecursiveAction.html
RecursiveTask =  https://docs.oracle.com/javase/7/docs/api/java/util/concurrent/RecursiveTask.html
ReentrantLock =  https://docs.oracle.com/javase/7/docs/api/java/util/concurrent/locks/ReentrantLock.html
ReentrantReadWriteLock =  https://docs.oracle.com/javase/7/docs/api/java/util/concurrent/locks/ReentrantReadWriteLock.html
ReentrantReadWriteLock.ReadLock =  https://docs.oracle.com/javase/7/docs/api/java/util/concurrent/locks/ReentrantReadWriteLock.ReadLock.html
ReentrantReadWriteLock.WriteLock =  https://docs.oracle.com/javase/7/docs/api/java/util/concurrent/locks/ReentrantReadWriteLock.WriteLock.html
Ref =  https://docs.oracle.com/javase/7/docs/api/java/sql/Ref.html
RefAddr =  https://docs.oracle.com/javase/7/docs/api/javax/naming/RefAddr.html
Reference =  https://docs.oracle.com/javase/7/docs/api/java/lang/ref/Reference.html
Reference =  https://docs.oracle.com/javase/7/docs/api/javax/naming/Reference.html
Reference =  https://docs.oracle.com/javase/7/docs/api/javax/xml/crypto/dsig/Reference.html
Referenceable =  https://docs.oracle.com/javase/7/docs/api/javax/naming/Referenceable.html
ReferenceQueue =  https://docs.oracle.com/javase/7/docs/api/java/lang/ref/ReferenceQueue.html
ReferenceType =  https://docs.oracle.com/javase/7/docs/api/javax/lang/model/type/ReferenceType.html
ReferenceUriSchemesSupported =  https://docs.oracle.com/javase/7/docs/api/javax/print/attribute/standard/ReferenceUriSchemesSupported.html
ReferralException =  https://docs.oracle.com/javase/7/docs/api/javax/naming/ReferralException.html
ReflectionException =  https://docs.oracle.com/javase/7/docs/api/javax/management/ReflectionException.html
ReflectiveOperationException =  https://docs.oracle.com/javase/7/docs/api/java/lang/ReflectiveOperationException.html
ReflectPermission =  https://docs.oracle.com/javase/7/docs/api/java/lang/reflect/ReflectPermission.html
Refreshable =  https://docs.oracle.com/javase/7/docs/api/javax/security/auth/Refreshable.html
RefreshFailedException =  https://docs.oracle.com/javase/7/docs/api/javax/security/auth/RefreshFailedException.html
Region =  https://docs.oracle.com/javase/7/docs/api/javax/swing/plaf/synth/Region.html
RegisterableService =  https://docs.oracle.com/javase/7/docs/api/javax/imageio/spi/RegisterableService.html
Registry =  https://docs.oracle.com/javase/7/docs/api/java/rmi/registry/Registry.html
RegistryHandler =  https://docs.oracle.com/javase/7/docs/api/java/rmi/registry/RegistryHandler.html
RejectedExecutionException =  https://docs.oracle.com/javase/7/docs/api/java/util/concurrent/RejectedExecutionException.html
RejectedExecutionHandler =  https://docs.oracle.com/javase/7/docs/api/java/util/concurrent/RejectedExecutionHandler.html
Relation =  https://docs.oracle.com/javase/7/docs/api/javax/management/relation/Relation.html
RelationException =  https://docs.oracle.com/javase/7/docs/api/javax/management/relation/RelationException.html
RelationNotFoundException =  https://docs.oracle.com/javase/7/docs/api/javax/management/relation/RelationNotFoundException.html
RelationNotification =  https://docs.oracle.com/javase/7/docs/api/javax/management/relation/RelationNotification.html
RelationService =  https://docs.oracle.com/javase/7/docs/api/javax/management/relation/RelationService.html
RelationServiceMBean =  https://docs.oracle.com/javase/7/docs/api/javax/management/relation/RelationServiceMBean.html
RelationServiceNotRegisteredException =  https://docs.oracle.com/javase/7/docs/api/javax/management/relation/RelationServiceNotRegisteredException.html
RelationSupport =  https://docs.oracle.com/javase/7/docs/api/javax/management/relation/RelationSupport.html
RelationSupportMBean =  https://docs.oracle.com/javase/7/docs/api/javax/management/relation/RelationSupportMBean.html
RelationType =  https://docs.oracle.com/javase/7/docs/api/javax/management/relation/RelationType.html
RelationTypeNotFoundException =  https://docs.oracle.com/javase/7/docs/api/javax/management/relation/RelationTypeNotFoundException.html
RelationTypeSupport =  https://docs.oracle.com/javase/7/docs/api/javax/management/relation/RelationTypeSupport.html
RemarshalException =  https://docs.oracle.com/javase/7/docs/api/org/omg/CORBA/portable/RemarshalException.html
Remote =  https://docs.oracle.com/javase/7/docs/api/java/rmi/Remote.html
RemoteCall =  https://docs.oracle.com/javase/7/docs/api/java/rmi/server/RemoteCall.html
RemoteException =  https://docs.oracle.com/javase/7/docs/api/java/rmi/RemoteException.html
RemoteObject =  https://docs.oracle.com/javase/7/docs/api/java/rmi/server/RemoteObject.html
RemoteObjectInvocationHandler =  https://docs.oracle.com/javase/7/docs/api/java/rmi/server/RemoteObjectInvocationHandler.html
RemoteRef =  https://docs.oracle.com/javase/7/docs/api/java/rmi/server/RemoteRef.html
RemoteServer =  https://docs.oracle.com/javase/7/docs/api/java/rmi/server/RemoteServer.html
RemoteStub =  https://docs.oracle.com/javase/7/docs/api/java/rmi/server/RemoteStub.html
RenderableImage =  https://docs.oracle.com/javase/7/docs/api/java/awt/image/renderable/RenderableImage.html
RenderableImageOp =  https://docs.oracle.com/javase/7/docs/api/java/awt/image/renderable/RenderableImageOp.html
RenderableImageProducer =  https://docs.oracle.com/javase/7/docs/api/java/awt/image/renderable/RenderableImageProducer.html
RenderContext =  https://docs.oracle.com/javase/7/docs/api/java/awt/image/renderable/RenderContext.html
RenderedImage =  https://docs.oracle.com/javase/7/docs/api/java/awt/image/RenderedImage.html
RenderedImageFactory =  https://docs.oracle.com/javase/7/docs/api/java/awt/image/renderable/RenderedImageFactory.html
Renderer =  https://docs.oracle.com/javase/7/docs/api/javax/swing/Renderer.html
RenderingHints =  https://docs.oracle.com/javase/7/docs/api/java/awt/RenderingHints.html
RenderingHints.Key =  https://docs.oracle.com/javase/7/docs/api/java/awt/RenderingHints.Key.html
RepaintManager =  https://docs.oracle.com/javase/7/docs/api/javax/swing/RepaintManager.html
ReplicateScaleFilter =  https://docs.oracle.com/javase/7/docs/api/java/awt/image/ReplicateScaleFilter.html
RepositoryIdHelper =  https://docs.oracle.com/javase/7/docs/api/org/omg/CORBA/RepositoryIdHelper.html
Request =  https://docs.oracle.com/javase/7/docs/api/org/omg/CORBA/Request.html
REQUEST_PROCESSING_POLICY_ID =  https://docs.oracle.com/javase/7/docs/api/org/omg/PortableServer/REQUEST_PROCESSING_POLICY_ID.html
RequestInfo =  https://docs.oracle.com/javase/7/docs/api/org/omg/PortableInterceptor/RequestInfo.html
RequestInfoOperations =  https://docs.oracle.com/javase/7/docs/api/org/omg/PortableInterceptor/RequestInfoOperations.html
RequestingUserName =  https://docs.oracle.com/javase/7/docs/api/javax/print/attribute/standard/RequestingUserName.html
RequestProcessingPolicy =  https://docs.oracle.com/javase/7/docs/api/org/omg/PortableServer/RequestProcessingPolicy.html
RequestProcessingPolicyOperations =  https://docs.oracle.com/javase/7/docs/api/org/omg/PortableServer/RequestProcessingPolicyOperations.html
RequestProcessingPolicyValue =  https://docs.oracle.com/javase/7/docs/api/org/omg/PortableServer/RequestProcessingPolicyValue.html
RequestWrapper =  https://docs.oracle.com/javase/7/docs/api/javax/xml/ws/RequestWrapper.html
RequiredModelMBean =  https://docs.oracle.com/javase/7/docs/api/javax/management/modelmbean/RequiredModelMBean.html
RescaleOp =  https://docs.oracle.com/javase/7/docs/api/java/awt/image/RescaleOp.html
ResolutionSyntax =  https://docs.oracle.com/javase/7/docs/api/javax/print/attribute/ResolutionSyntax.html
Resolver =  https://docs.oracle.com/javase/7/docs/api/javax/naming/spi/Resolver.html
ResolveResult =  https://docs.oracle.com/javase/7/docs/api/javax/naming/spi/ResolveResult.html
Resource =  https://docs.oracle.com/javase/7/docs/api/javax/annotation/Resource.html
Resource.AuthenticationType =  https://docs.oracle.com/javase/7/docs/api/javax/annotation/Resource.AuthenticationType.html
ResourceBundle =  https://docs.oracle.com/javase/7/docs/api/java/util/ResourceBundle.html
ResourceBundle.Control =  https://docs.oracle.com/javase/7/docs/api/java/util/ResourceBundle.Control.html
Resources =  https://docs.oracle.com/javase/7/docs/api/javax/annotation/Resources.html
RespectBinding =  https://docs.oracle.com/javase/7/docs/api/javax/xml/ws/RespectBinding.html
RespectBindingFeature =  https://docs.oracle.com/javase/7/docs/api/javax/xml/ws/RespectBindingFeature.html
Response =  https://docs.oracle.com/javase/7/docs/api/javax/xml/ws/Response.html
ResponseCache =  https://docs.oracle.com/javase/7/docs/api/java/net/ResponseCache.html
ResponseHandler =  https://docs.oracle.com/javase/7/docs/api/org/omg/CORBA/portable/ResponseHandler.html
ResponseWrapper =  https://docs.oracle.com/javase/7/docs/api/javax/xml/ws/ResponseWrapper.html
Result =  https://docs.oracle.com/javase/7/docs/api/javax/xml/transform/Result.html
ResultSet =  https://docs.oracle.com/javase/7/docs/api/java/sql/ResultSet.html
ResultSetMetaData =  https://docs.oracle.com/javase/7/docs/api/java/sql/ResultSetMetaData.html
Retention =  https://docs.oracle.com/javase/7/docs/api/java/lang/annotation/Retention.html
RetentionPolicy =  https://docs.oracle.com/javase/7/docs/api/java/lang/annotation/RetentionPolicy.html
RetrievalMethod =  https://docs.oracle.com/javase/7/docs/api/javax/xml/crypto/dsig/keyinfo/RetrievalMethod.html
ReverbType =  https://docs.oracle.com/javase/7/docs/api/javax/sound/sampled/ReverbType.html
RGBImageFilter =  https://docs.oracle.com/javase/7/docs/api/java/awt/image/RGBImageFilter.html
RMIClassLoader =  https://docs.oracle.com/javase/7/docs/api/java/rmi/server/RMIClassLoader.html
RMIClassLoaderSpi =  https://docs.oracle.com/javase/7/docs/api/java/rmi/server/RMIClassLoaderSpi.html
RMIClientSocketFactory =  https://docs.oracle.com/javase/7/docs/api/java/rmi/server/RMIClientSocketFactory.html
RMIConnection =  https://docs.oracle.com/javase/7/docs/api/javax/management/remote/rmi/RMIConnection.html
RMIConnectionImpl =  https://docs.oracle.com/javase/7/docs/api/javax/management/remote/rmi/RMIConnectionImpl.html
RMIConnectionImpl_Stub =  https://docs.oracle.com/javase/7/docs/api/javax/management/remote/rmi/RMIConnectionImpl_Stub.html
RMIConnector =  https://docs.oracle.com/javase/7/docs/api/javax/management/remote/rmi/RMIConnector.html
RMIConnectorServer =  https://docs.oracle.com/javase/7/docs/api/javax/management/remote/rmi/RMIConnectorServer.html
RMICustomMaxStreamFormat =  https://docs.oracle.com/javase/7/docs/api/org/omg/IOP/RMICustomMaxStreamFormat.html
RMIFailureHandler =  https://docs.oracle.com/javase/7/docs/api/java/rmi/server/RMIFailureHandler.html
RMIIIOPServerImpl =  https://docs.oracle.com/javase/7/docs/api/javax/management/remote/rmi/RMIIIOPServerImpl.html
RMIJRMPServerImpl =  https://docs.oracle.com/javase/7/docs/api/javax/management/remote/rmi/RMIJRMPServerImpl.html
RMISecurityException =  https://docs.oracle.com/javase/7/docs/api/java/rmi/RMISecurityException.html
RMISecurityManager =  https://docs.oracle.com/javase/7/docs/api/java/rmi/RMISecurityManager.html
RMIServer =  https://docs.oracle.com/javase/7/docs/api/javax/management/remote/rmi/RMIServer.html
RMIServerImpl =  https://docs.oracle.com/javase/7/docs/api/javax/management/remote/rmi/RMIServerImpl.html
RMIServerImpl_Stub =  https://docs.oracle.com/javase/7/docs/api/javax/management/remote/rmi/RMIServerImpl_Stub.html
RMIServerSocketFactory =  https://docs.oracle.com/javase/7/docs/api/java/rmi/server/RMIServerSocketFactory.html
RMISocketFactory =  https://docs.oracle.com/javase/7/docs/api/java/rmi/server/RMISocketFactory.html
Robot =  https://docs.oracle.com/javase/7/docs/api/java/awt/Robot.html
Role =  https://docs.oracle.com/javase/7/docs/api/javax/management/relation/Role.html
RoleInfo =  https://docs.oracle.com/javase/7/docs/api/javax/management/relation/RoleInfo.html
RoleInfoNotFoundException =  https://docs.oracle.com/javase/7/docs/api/javax/management/relation/RoleInfoNotFoundException.html
RoleList =  https://docs.oracle.com/javase/7/docs/api/javax/management/relation/RoleList.html
RoleNotFoundException =  https://docs.oracle.com/javase/7/docs/api/javax/management/relation/RoleNotFoundException.html
RoleResult =  https://docs.oracle.com/javase/7/docs/api/javax/management/relation/RoleResult.html
RoleStatus =  https://docs.oracle.com/javase/7/docs/api/javax/management/relation/RoleStatus.html
RoleUnresolved =  https://docs.oracle.com/javase/7/docs/api/javax/management/relation/RoleUnresolved.html
RoleUnresolvedList =  https://docs.oracle.com/javase/7/docs/api/javax/management/relation/RoleUnresolvedList.html
RootPaneContainer =  https://docs.oracle.com/javase/7/docs/api/javax/swing/RootPaneContainer.html
RootPaneUI =  https://docs.oracle.com/javase/7/docs/api/javax/swing/plaf/RootPaneUI.html
RoundEnvironment =  https://docs.oracle.com/javase/7/docs/api/javax/annotation/processing/RoundEnvironment.html
RoundingMode =  https://docs.oracle.com/javase/7/docs/api/java/math/RoundingMode.html
RoundRectangle2D =  https://docs.oracle.com/javase/7/docs/api/java/awt/geom/RoundRectangle2D.html
RoundRectangle2D.Double =  https://docs.oracle.com/javase/7/docs/api/java/awt/geom/RoundRectangle2D.Double.html
RoundRectangle2D.Float =  https://docs.oracle.com/javase/7/docs/api/java/awt/geom/RoundRectangle2D.Float.html
RowFilter =  https://docs.oracle.com/javase/7/docs/api/javax/swing/RowFilter.html
RowFilter.ComparisonType =  https://docs.oracle.com/javase/7/docs/api/javax/swing/RowFilter.ComparisonType.html
RowFilter.Entry =  https://docs.oracle.com/javase/7/docs/api/javax/swing/RowFilter.Entry.html
RowId =  https://docs.oracle.com/javase/7/docs/api/java/sql/RowId.html
RowIdLifetime =  https://docs.oracle.com/javase/7/docs/api/java/sql/RowIdLifetime.html
RowMapper =  https://docs.oracle.com/javase/7/docs/api/javax/swing/tree/RowMapper.html
RowSet =  https://docs.oracle.com/javase/7/docs/api/javax/sql/RowSet.html
RowSetEvent =  https://docs.oracle.com/javase/7/docs/api/javax/sql/RowSetEvent.html
RowSetFactory =  https://docs.oracle.com/javase/7/docs/api/javax/sql/rowset/RowSetFactory.html
RowSetInternal =  https://docs.oracle.com/javase/7/docs/api/javax/sql/RowSetInternal.html
RowSetListener =  https://docs.oracle.com/javase/7/docs/api/javax/sql/RowSetListener.html
RowSetMetaData =  https://docs.oracle.com/javase/7/docs/api/javax/sql/RowSetMetaData.html
RowSetMetaDataImpl =  https://docs.oracle.com/javase/7/docs/api/javax/sql/rowset/RowSetMetaDataImpl.html
RowSetProvider =  https://docs.oracle.com/javase/7/docs/api/javax/sql/rowset/RowSetProvider.html
RowSetReader =  https://docs.oracle.com/javase/7/docs/api/javax/sql/RowSetReader.html
RowSetWarning =  https://docs.oracle.com/javase/7/docs/api/javax/sql/rowset/RowSetWarning.html
RowSetWriter =  https://docs.oracle.com/javase/7/docs/api/javax/sql/RowSetWriter.html
RowSorter =  https://docs.oracle.com/javase/7/docs/api/javax/swing/RowSorter.html
RowSorter.SortKey =  https://docs.oracle.com/javase/7/docs/api/javax/swing/RowSorter.SortKey.html
RowSorterEvent =  https://docs.oracle.com/javase/7/docs/api/javax/swing/event/RowSorterEvent.html
RowSorterEvent.Type =  https://docs.oracle.com/javase/7/docs/api/javax/swing/event/RowSorterEvent.Type.html
RowSorterListener =  https://docs.oracle.com/javase/7/docs/api/javax/swing/event/RowSorterListener.html
RSAKey =  https://docs.oracle.com/javase/7/docs/api/java/security/interfaces/RSAKey.html
RSAKeyGenParameterSpec =  https://docs.oracle.com/javase/7/docs/api/java/security/spec/RSAKeyGenParameterSpec.html
RSAMultiPrimePrivateCrtKey =  https://docs.oracle.com/javase/7/docs/api/java/security/interfaces/RSAMultiPrimePrivateCrtKey.html
RSAMultiPrimePrivateCrtKeySpec =  https://docs.oracle.com/javase/7/docs/api/java/security/spec/RSAMultiPrimePrivateCrtKeySpec.html
RSAOtherPrimeInfo =  https://docs.oracle.com/javase/7/docs/api/java/security/spec/RSAOtherPrimeInfo.html
RSAPrivateCrtKey =  https://docs.oracle.com/javase/7/docs/api/java/security/interfaces/RSAPrivateCrtKey.html
RSAPrivateCrtKeySpec =  https://docs.oracle.com/javase/7/docs/api/java/security/spec/RSAPrivateCrtKeySpec.html
RSAPrivateKey =  https://docs.oracle.com/javase/7/docs/api/java/security/interfaces/RSAPrivateKey.html
RSAPrivateKeySpec =  https://docs.oracle.com/javase/7/docs/api/java/security/spec/RSAPrivateKeySpec.html
RSAPublicKey =  https://docs.oracle.com/javase/7/docs/api/java/security/interfaces/RSAPublicKey.html
RSAPublicKeySpec =  https://docs.oracle.com/javase/7/docs/api/java/security/spec/RSAPublicKeySpec.html
RTFEditorKit =  https://docs.oracle.com/javase/7/docs/api/javax/swing/text/rtf/RTFEditorKit.html
RuleBasedCollator =  https://docs.oracle.com/javase/7/docs/api/java/text/RuleBasedCollator.html
Runnable =  https://docs.oracle.com/javase/7/docs/api/java/lang/Runnable.html
RunnableFuture =  https://docs.oracle.com/javase/7/docs/api/java/util/concurrent/RunnableFuture.html
RunnableScheduledFuture =  https://docs.oracle.com/javase/7/docs/api/java/util/concurrent/RunnableScheduledFuture.html
Runtime =  https://docs.oracle.com/javase/7/docs/api/java/lang/Runtime.html
RunTime =  https://docs.oracle.com/javase/7/docs/api/org/omg/SendingContext/RunTime.html
RuntimeErrorException =  https://docs.oracle.com/javase/7/docs/api/javax/management/RuntimeErrorException.html
RuntimeException =  https://docs.oracle.com/javase/7/docs/api/java/lang/RuntimeException.html
RuntimeMBeanException =  https://docs.oracle.com/javase/7/docs/api/javax/management/RuntimeMBeanException.html
RuntimeMXBean =  https://docs.oracle.com/javase/7/docs/api/java/lang/management/RuntimeMXBean.html
RunTimeOperations =  https://docs.oracle.com/javase/7/docs/api/org/omg/SendingContext/RunTimeOperations.html
RuntimeOperationsException =  https://docs.oracle.com/javase/7/docs/api/javax/management/RuntimeOperationsException.html
RuntimePermission =  https://docs.oracle.com/javase/7/docs/api/java/lang/RuntimePermission.html
SAAJMetaFactory =  https://docs.oracle.com/javase/7/docs/api/javax/xml/soap/SAAJMetaFactory.html
SAAJResult =  https://docs.oracle.com/javase/7/docs/api/javax/xml/soap/SAAJResult.html
SafeVarargs =  https://docs.oracle.com/javase/7/docs/api/java/lang/SafeVarargs.html
SampleModel =  https://docs.oracle.com/javase/7/docs/api/java/awt/image/SampleModel.html
Sasl =  https://docs.oracle.com/javase/7/docs/api/javax/security/sasl/Sasl.html
SaslClient =  https://docs.oracle.com/javase/7/docs/api/javax/security/sasl/SaslClient.html
SaslClientFactory =  https://docs.oracle.com/javase/7/docs/api/javax/security/sasl/SaslClientFactory.html
SaslException =  https://docs.oracle.com/javase/7/docs/api/javax/security/sasl/SaslException.html
SaslServer =  https://docs.oracle.com/javase/7/docs/api/javax/security/sasl/SaslServer.html
SaslServerFactory =  https://docs.oracle.com/javase/7/docs/api/javax/security/sasl/SaslServerFactory.html
Savepoint =  https://docs.oracle.com/javase/7/docs/api/java/sql/Savepoint.html
SAXException =  https://docs.oracle.com/javase/7/docs/api/org/xml/sax/SAXException.html
SAXNotRecognizedException =  https://docs.oracle.com/javase/7/docs/api/org/xml/sax/SAXNotRecognizedException.html
SAXNotSupportedException =  https://docs.oracle.com/javase/7/docs/api/org/xml/sax/SAXNotSupportedException.html
SAXParseException =  https://docs.oracle.com/javase/7/docs/api/org/xml/sax/SAXParseException.html
SAXParser =  https://docs.oracle.com/javase/7/docs/api/javax/xml/parsers/SAXParser.html
SAXParserFactory =  https://docs.oracle.com/javase/7/docs/api/javax/xml/parsers/SAXParserFactory.html
SAXResult =  https://docs.oracle.com/javase/7/docs/api/javax/xml/transform/sax/SAXResult.html
SAXSource =  https://docs.oracle.com/javase/7/docs/api/javax/xml/transform/sax/SAXSource.html
SAXTransformerFactory =  https://docs.oracle.com/javase/7/docs/api/javax/xml/transform/sax/SAXTransformerFactory.html
Scanner =  https://docs.oracle.com/javase/7/docs/api/java/util/Scanner.html
ScatteringByteChannel =  https://docs.oracle.com/javase/7/docs/api/java/nio/channels/ScatteringByteChannel.html
ScheduledExecutorService =  https://docs.oracle.com/javase/7/docs/api/java/util/concurrent/ScheduledExecutorService.html
ScheduledFuture =  https://docs.oracle.com/javase/7/docs/api/java/util/concurrent/ScheduledFuture.html
ScheduledThreadPoolExecutor =  https://docs.oracle.com/javase/7/docs/api/java/util/concurrent/ScheduledThreadPoolExecutor.html
Schema =  https://docs.oracle.com/javase/7/docs/api/javax/xml/validation/Schema.html
SchemaFactory =  https://docs.oracle.com/javase/7/docs/api/javax/xml/validation/SchemaFactory.html
SchemaFactoryLoader =  https://docs.oracle.com/javase/7/docs/api/javax/xml/validation/SchemaFactoryLoader.html
SchemaOutputResolver =  https://docs.oracle.com/javase/7/docs/api/javax/xml/bind/SchemaOutputResolver.html
SchemaViolationException =  https://docs.oracle.com/javase/7/docs/api/javax/naming/directory/SchemaViolationException.html
ScriptContext =  https://docs.oracle.com/javase/7/docs/api/javax/script/ScriptContext.html
ScriptEngine =  https://docs.oracle.com/javase/7/docs/api/javax/script/ScriptEngine.html
ScriptEngineFactory =  https://docs.oracle.com/javase/7/docs/api/javax/script/ScriptEngineFactory.html
ScriptEngineManager =  https://docs.oracle.com/javase/7/docs/api/javax/script/ScriptEngineManager.html
ScriptException =  https://docs.oracle.com/javase/7/docs/api/javax/script/ScriptException.html
Scrollable =  https://docs.oracle.com/javase/7/docs/api/javax/swing/Scrollable.html
Scrollbar =  https://docs.oracle.com/javase/7/docs/api/java/awt/Scrollbar.html
ScrollBarUI =  https://docs.oracle.com/javase/7/docs/api/javax/swing/plaf/ScrollBarUI.html
ScrollPane =  https://docs.oracle.com/javase/7/docs/api/java/awt/ScrollPane.html
ScrollPaneAdjustable =  https://docs.oracle.com/javase/7/docs/api/java/awt/ScrollPaneAdjustable.html
ScrollPaneConstants =  https://docs.oracle.com/javase/7/docs/api/javax/swing/ScrollPaneConstants.html
ScrollPaneLayout =  https://docs.oracle.com/javase/7/docs/api/javax/swing/ScrollPaneLayout.html
ScrollPaneLayout.UIResource =  https://docs.oracle.com/javase/7/docs/api/javax/swing/ScrollPaneLayout.UIResource.html
ScrollPaneUI =  https://docs.oracle.com/javase/7/docs/api/javax/swing/plaf/ScrollPaneUI.html
SealedObject =  https://docs.oracle.com/javase/7/docs/api/javax/crypto/SealedObject.html
SearchControls =  https://docs.oracle.com/javase/7/docs/api/javax/naming/directory/SearchControls.html
SearchResult =  https://docs.oracle.com/javase/7/docs/api/javax/naming/directory/SearchResult.html
SecondaryLoop =  https://docs.oracle.com/javase/7/docs/api/java/awt/SecondaryLoop.html
SecretKey =  https://docs.oracle.com/javase/7/docs/api/javax/crypto/SecretKey.html
SecretKeyFactory =  https://docs.oracle.com/javase/7/docs/api/javax/crypto/SecretKeyFactory.html
SecretKeyFactorySpi =  https://docs.oracle.com/javase/7/docs/api/javax/crypto/SecretKeyFactorySpi.html
SecretKeySpec =  https://docs.oracle.com/javase/7/docs/api/javax/crypto/spec/SecretKeySpec.html
SecureCacheResponse =  https://docs.oracle.com/javase/7/docs/api/java/net/SecureCacheResponse.html
SecureClassLoader =  https://docs.oracle.com/javase/7/docs/api/java/security/SecureClassLoader.html
SecureDirectoryStream =  https://docs.oracle.com/javase/7/docs/api/java/nio/file/SecureDirectoryStream.html
SecureRandom =  https://docs.oracle.com/javase/7/docs/api/java/security/SecureRandom.html
SecureRandomSpi =  https://docs.oracle.com/javase/7/docs/api/java/security/SecureRandomSpi.html
Security =  https://docs.oracle.com/javase/7/docs/api/java/security/Security.html
SecurityException =  https://docs.oracle.com/javase/7/docs/api/java/lang/SecurityException.html
SecurityManager =  https://docs.oracle.com/javase/7/docs/api/java/lang/SecurityManager.html
SecurityPermission =  https://docs.oracle.com/javase/7/docs/api/java/security/SecurityPermission.html
SeekableByteChannel =  https://docs.oracle.com/javase/7/docs/api/java/nio/channels/SeekableByteChannel.html
Segment =  https://docs.oracle.com/javase/7/docs/api/javax/swing/text/Segment.html
SelectableChannel =  https://docs.oracle.com/javase/7/docs/api/java/nio/channels/SelectableChannel.html
SelectionKey =  https://docs.oracle.com/javase/7/docs/api/java/nio/channels/SelectionKey.html
Selector =  https://docs.oracle.com/javase/7/docs/api/java/nio/channels/Selector.html
SelectorProvider =  https://docs.oracle.com/javase/7/docs/api/java/nio/channels/spi/SelectorProvider.html
Semaphore =  https://docs.oracle.com/javase/7/docs/api/java/util/concurrent/Semaphore.html
SeparatorUI =  https://docs.oracle.com/javase/7/docs/api/javax/swing/plaf/SeparatorUI.html
Sequence =  https://docs.oracle.com/javase/7/docs/api/javax/sound/midi/Sequence.html
SequenceInputStream =  https://docs.oracle.com/javase/7/docs/api/java/io/SequenceInputStream.html
Sequencer =  https://docs.oracle.com/javase/7/docs/api/javax/sound/midi/Sequencer.html
Sequencer.SyncMode =  https://docs.oracle.com/javase/7/docs/api/javax/sound/midi/Sequencer.SyncMode.html
SerialArray =  https://docs.oracle.com/javase/7/docs/api/javax/sql/rowset/serial/SerialArray.html
SerialBlob =  https://docs.oracle.com/javase/7/docs/api/javax/sql/rowset/serial/SerialBlob.html
SerialClob =  https://docs.oracle.com/javase/7/docs/api/javax/sql/rowset/serial/SerialClob.html
SerialDatalink =  https://docs.oracle.com/javase/7/docs/api/javax/sql/rowset/serial/SerialDatalink.html
SerialException =  https://docs.oracle.com/javase/7/docs/api/javax/sql/rowset/serial/SerialException.html
Serializable =  https://docs.oracle.com/javase/7/docs/api/java/io/Serializable.html
SerializablePermission =  https://docs.oracle.com/javase/7/docs/api/java/io/SerializablePermission.html
SerialJavaObject =  https://docs.oracle.com/javase/7/docs/api/javax/sql/rowset/serial/SerialJavaObject.html
SerialRef =  https://docs.oracle.com/javase/7/docs/api/javax/sql/rowset/serial/SerialRef.html
SerialStruct =  https://docs.oracle.com/javase/7/docs/api/javax/sql/rowset/serial/SerialStruct.html
Servant =  https://docs.oracle.com/javase/7/docs/api/org/omg/PortableServer/Servant.html
SERVANT_RETENTION_POLICY_ID =  https://docs.oracle.com/javase/7/docs/api/org/omg/PortableServer/SERVANT_RETENTION_POLICY_ID.html
ServantActivator =  https://docs.oracle.com/javase/7/docs/api/org/omg/PortableServer/ServantActivator.html
ServantActivatorHelper =  https://docs.oracle.com/javase/7/docs/api/org/omg/PortableServer/ServantActivatorHelper.html
ServantActivatorOperations =  https://docs.oracle.com/javase/7/docs/api/org/omg/PortableServer/ServantActivatorOperations.html
ServantActivatorPOA =  https://docs.oracle.com/javase/7/docs/api/org/omg/PortableServer/ServantActivatorPOA.html
ServantAlreadyActive =  https://docs.oracle.com/javase/7/docs/api/org/omg/PortableServer/POAPackage/ServantAlreadyActive.html
ServantAlreadyActiveHelper =  https://docs.oracle.com/javase/7/docs/api/org/omg/PortableServer/POAPackage/ServantAlreadyActiveHelper.html
ServantLocator =  https://docs.oracle.com/javase/7/docs/api/org/omg/PortableServer/ServantLocator.html
ServantLocatorHelper =  https://docs.oracle.com/javase/7/docs/api/org/omg/PortableServer/ServantLocatorHelper.html
ServantLocatorOperations =  https://docs.oracle.com/javase/7/docs/api/org/omg/PortableServer/ServantLocatorOperations.html
ServantLocatorPOA =  https://docs.oracle.com/javase/7/docs/api/org/omg/PortableServer/ServantLocatorPOA.html
ServantManager =  https://docs.oracle.com/javase/7/docs/api/org/omg/PortableServer/ServantManager.html
ServantManagerOperations =  https://docs.oracle.com/javase/7/docs/api/org/omg/PortableServer/ServantManagerOperations.html
ServantNotActive =  https://docs.oracle.com/javase/7/docs/api/org/omg/PortableServer/POAPackage/ServantNotActive.html
ServantNotActiveHelper =  https://docs.oracle.com/javase/7/docs/api/org/omg/PortableServer/POAPackage/ServantNotActiveHelper.html
ServantObject =  https://docs.oracle.com/javase/7/docs/api/org/omg/CORBA/portable/ServantObject.html
ServantRetentionPolicy =  https://docs.oracle.com/javase/7/docs/api/org/omg/PortableServer/ServantRetentionPolicy.html
ServantRetentionPolicyOperations =  https://docs.oracle.com/javase/7/docs/api/org/omg/PortableServer/ServantRetentionPolicyOperations.html
ServantRetentionPolicyValue =  https://docs.oracle.com/javase/7/docs/api/org/omg/PortableServer/ServantRetentionPolicyValue.html
ServerCloneException =  https://docs.oracle.com/javase/7/docs/api/java/rmi/server/ServerCloneException.html
ServerError =  https://docs.oracle.com/javase/7/docs/api/java/rmi/ServerError.html
ServerException =  https://docs.oracle.com/javase/7/docs/api/java/rmi/ServerException.html
ServerIdHelper =  https://docs.oracle.com/javase/7/docs/api/org/omg/PortableInterceptor/ServerIdHelper.html
ServerNotActiveException =  https://docs.oracle.com/javase/7/docs/api/java/rmi/server/ServerNotActiveException.html
ServerRef =  https://docs.oracle.com/javase/7/docs/api/java/rmi/server/ServerRef.html
ServerRequest =  https://docs.oracle.com/javase/7/docs/api/org/omg/CORBA/ServerRequest.html
ServerRequestInfo =  https://docs.oracle.com/javase/7/docs/api/org/omg/PortableInterceptor/ServerRequestInfo.html
ServerRequestInfoOperations =  https://docs.oracle.com/javase/7/docs/api/org/omg/PortableInterceptor/ServerRequestInfoOperations.html
ServerRequestInterceptor =  https://docs.oracle.com/javase/7/docs/api/org/omg/PortableInterceptor/ServerRequestInterceptor.html
ServerRequestInterceptorOperations =  https://docs.oracle.com/javase/7/docs/api/org/omg/PortableInterceptor/ServerRequestInterceptorOperations.html
ServerRuntimeException =  https://docs.oracle.com/javase/7/docs/api/java/rmi/ServerRuntimeException.html
ServerSocket =  https://docs.oracle.com/javase/7/docs/api/java/net/ServerSocket.html
ServerSocketChannel =  https://docs.oracle.com/javase/7/docs/api/java/nio/channels/ServerSocketChannel.html
ServerSocketFactory =  https://docs.oracle.com/javase/7/docs/api/javax/net/ServerSocketFactory.html
Service =  https://docs.oracle.com/javase/7/docs/api/javax/xml/ws/Service.html
Service.Mode =  https://docs.oracle.com/javase/7/docs/api/javax/xml/ws/Service.Mode.html
ServiceConfigurationError =  https://docs.oracle.com/javase/7/docs/api/java/util/ServiceConfigurationError.html
ServiceContext =  https://docs.oracle.com/javase/7/docs/api/org/omg/IOP/ServiceContext.html
ServiceContextHelper =  https://docs.oracle.com/javase/7/docs/api/org/omg/IOP/ServiceContextHelper.html
ServiceContextHolder =  https://docs.oracle.com/javase/7/docs/api/org/omg/IOP/ServiceContextHolder.html
ServiceContextListHelper =  https://docs.oracle.com/javase/7/docs/api/org/omg/IOP/ServiceContextListHelper.html
ServiceContextListHolder =  https://docs.oracle.com/javase/7/docs/api/org/omg/IOP/ServiceContextListHolder.html
ServiceDelegate =  https://docs.oracle.com/javase/7/docs/api/javax/xml/ws/spi/ServiceDelegate.html
ServiceDetail =  https://docs.oracle.com/javase/7/docs/api/org/omg/CORBA/ServiceDetail.html
ServiceDetailHelper =  https://docs.oracle.com/javase/7/docs/api/org/omg/CORBA/ServiceDetailHelper.html
ServiceIdHelper =  https://docs.oracle.com/javase/7/docs/api/org/omg/IOP/ServiceIdHelper.html
ServiceInformation =  https://docs.oracle.com/javase/7/docs/api/org/omg/CORBA/ServiceInformation.html
ServiceInformationHelper =  https://docs.oracle.com/javase/7/docs/api/org/omg/CORBA/ServiceInformationHelper.html
ServiceInformationHolder =  https://docs.oracle.com/javase/7/docs/api/org/omg/CORBA/ServiceInformationHolder.html
ServiceLoader =  https://docs.oracle.com/javase/7/docs/api/java/util/ServiceLoader.html
ServiceMode =  https://docs.oracle.com/javase/7/docs/api/javax/xml/ws/ServiceMode.html
ServiceNotFoundException =  https://docs.oracle.com/javase/7/docs/api/javax/management/ServiceNotFoundException.html
ServicePermission =  https://docs.oracle.com/javase/7/docs/api/javax/security/auth/kerberos/ServicePermission.html
ServiceRegistry =  https://docs.oracle.com/javase/7/docs/api/javax/imageio/spi/ServiceRegistry.html
ServiceRegistry.Filter =  https://docs.oracle.com/javase/7/docs/api/javax/imageio/spi/ServiceRegistry.Filter.html
ServiceUI =  https://docs.oracle.com/javase/7/docs/api/javax/print/ServiceUI.html
ServiceUIFactory =  https://docs.oracle.com/javase/7/docs/api/javax/print/ServiceUIFactory.html
ServiceUnavailableException =  https://docs.oracle.com/javase/7/docs/api/javax/naming/ServiceUnavailableException.html
Set =  https://docs.oracle.com/javase/7/docs/api/java/util/Set.html
SetOfIntegerSyntax =  https://docs.oracle.com/javase/7/docs/api/javax/print/attribute/SetOfIntegerSyntax.html
SetOverrideType =  https://docs.oracle.com/javase/7/docs/api/org/omg/CORBA/SetOverrideType.html
SetOverrideTypeHelper =  https://docs.oracle.com/javase/7/docs/api/org/omg/CORBA/SetOverrideTypeHelper.html
Severity =  https://docs.oracle.com/javase/7/docs/api/javax/print/attribute/standard/Severity.html
Shape =  https://docs.oracle.com/javase/7/docs/api/java/awt/Shape.html
ShapeGraphicAttribute =  https://docs.oracle.com/javase/7/docs/api/java/awt/font/ShapeGraphicAttribute.html
SheetCollate =  https://docs.oracle.com/javase/7/docs/api/javax/print/attribute/standard/SheetCollate.html
Short =  https://docs.oracle.com/javase/7/docs/api/java/lang/Short.html
ShortBuffer =  https://docs.oracle.com/javase/7/docs/api/java/nio/ShortBuffer.html
ShortBufferException =  https://docs.oracle.com/javase/7/docs/api/javax/crypto/ShortBufferException.html
ShortHolder =  https://docs.oracle.com/javase/7/docs/api/org/omg/CORBA/ShortHolder.html
ShortLookupTable =  https://docs.oracle.com/javase/7/docs/api/java/awt/image/ShortLookupTable.html
ShortMessage =  https://docs.oracle.com/javase/7/docs/api/javax/sound/midi/ShortMessage.html
ShortSeqHelper =  https://docs.oracle.com/javase/7/docs/api/org/omg/CORBA/ShortSeqHelper.html
ShortSeqHolder =  https://docs.oracle.com/javase/7/docs/api/org/omg/CORBA/ShortSeqHolder.html
ShutdownChannelGroupException =  https://docs.oracle.com/javase/7/docs/api/java/nio/channels/ShutdownChannelGroupException.html
Sides =  https://docs.oracle.com/javase/7/docs/api/javax/print/attribute/standard/Sides.html
Signature =  https://docs.oracle.com/javase/7/docs/api/java/security/Signature.html
SignatureException =  https://docs.oracle.com/javase/7/docs/api/java/security/SignatureException.html
SignatureMethod =  https://docs.oracle.com/javase/7/docs/api/javax/xml/crypto/dsig/SignatureMethod.html
SignatureMethodParameterSpec =  https://docs.oracle.com/javase/7/docs/api/javax/xml/crypto/dsig/spec/SignatureMethodParameterSpec.html
SignatureProperties =  https://docs.oracle.com/javase/7/docs/api/javax/xml/crypto/dsig/SignatureProperties.html
SignatureProperty =  https://docs.oracle.com/javase/7/docs/api/javax/xml/crypto/dsig/SignatureProperty.html
SignatureSpi =  https://docs.oracle.com/javase/7/docs/api/java/security/SignatureSpi.html
SignedInfo =  https://docs.oracle.com/javase/7/docs/api/javax/xml/crypto/dsig/SignedInfo.html
SignedObject =  https://docs.oracle.com/javase/7/docs/api/java/security/SignedObject.html
Signer =  https://docs.oracle.com/javase/7/docs/api/java/security/Signer.html
SimpleAnnotationValueVisitor6 =  https://docs.oracle.com/javase/7/docs/api/javax/lang/model/util/SimpleAnnotationValueVisitor6.html
SimpleAnnotationValueVisitor7 =  https://docs.oracle.com/javase/7/docs/api/javax/lang/model/util/SimpleAnnotationValueVisitor7.html
SimpleAttributeSet =  https://docs.oracle.com/javase/7/docs/api/javax/swing/text/SimpleAttributeSet.html
SimpleBeanInfo =  https://docs.oracle.com/javase/7/docs/api/java/beans/SimpleBeanInfo.html
SimpleBindings =  https://docs.oracle.com/javase/7/docs/api/javax/script/SimpleBindings.html
SimpleDateFormat =  https://docs.oracle.com/javase/7/docs/api/java/text/SimpleDateFormat.html
SimpleDoc =  https://docs.oracle.com/javase/7/docs/api/javax/print/SimpleDoc.html
SimpleElementVisitor6 =  https://docs.oracle.com/javase/7/docs/api/javax/lang/model/util/SimpleElementVisitor6.html
SimpleElementVisitor7 =  https://docs.oracle.com/javase/7/docs/api/javax/lang/model/util/SimpleElementVisitor7.html
SimpleFileVisitor =  https://docs.oracle.com/javase/7/docs/api/java/nio/file/SimpleFileVisitor.html
SimpleFormatter =  https://docs.oracle.com/javase/7/docs/api/java/util/logging/SimpleFormatter.html
SimpleJavaFileObject =  https://docs.oracle.com/javase/7/docs/api/javax/tools/SimpleJavaFileObject.html
SimpleScriptContext =  https://docs.oracle.com/javase/7/docs/api/javax/script/SimpleScriptContext.html
SimpleTimeZone =  https://docs.oracle.com/javase/7/docs/api/java/util/SimpleTimeZone.html
SimpleType =  https://docs.oracle.com/javase/7/docs/api/javax/management/openmbean/SimpleType.html
SimpleTypeVisitor6 =  https://docs.oracle.com/javase/7/docs/api/javax/lang/model/util/SimpleTypeVisitor6.html
SimpleTypeVisitor7 =  https://docs.oracle.com/javase/7/docs/api/javax/lang/model/util/SimpleTypeVisitor7.html
SinglePixelPackedSampleModel =  https://docs.oracle.com/javase/7/docs/api/java/awt/image/SinglePixelPackedSampleModel.html
SingleSelectionModel =  https://docs.oracle.com/javase/7/docs/api/javax/swing/SingleSelectionModel.html
Size2DSyntax =  https://docs.oracle.com/javase/7/docs/api/javax/print/attribute/Size2DSyntax.html
SizeLimitExceededException =  https://docs.oracle.com/javase/7/docs/api/javax/naming/SizeLimitExceededException.html
SizeRequirements =  https://docs.oracle.com/javase/7/docs/api/javax/swing/SizeRequirements.html
SizeSequence =  https://docs.oracle.com/javase/7/docs/api/javax/swing/SizeSequence.html
Skeleton =  https://docs.oracle.com/javase/7/docs/api/java/rmi/server/Skeleton.html
SkeletonMismatchException =  https://docs.oracle.com/javase/7/docs/api/java/rmi/server/SkeletonMismatchException.html
SkeletonNotFoundException =  https://docs.oracle.com/javase/7/docs/api/java/rmi/server/SkeletonNotFoundException.html
SliderUI =  https://docs.oracle.com/javase/7/docs/api/javax/swing/plaf/SliderUI.html
SOAPBinding =  https://docs.oracle.com/javase/7/docs/api/javax/jws/soap/SOAPBinding.html
SOAPBinding =  https://docs.oracle.com/javase/7/docs/api/javax/xml/ws/soap/SOAPBinding.html
SOAPBinding.ParameterStyle =  https://docs.oracle.com/javase/7/docs/api/javax/jws/soap/SOAPBinding.ParameterStyle.html
SOAPBinding.Style =  https://docs.oracle.com/javase/7/docs/api/javax/jws/soap/SOAPBinding.Style.html
SOAPBinding.Use =  https://docs.oracle.com/javase/7/docs/api/javax/jws/soap/SOAPBinding.Use.html
SOAPBody =  https://docs.oracle.com/javase/7/docs/api/javax/xml/soap/SOAPBody.html
SOAPBodyElement =  https://docs.oracle.com/javase/7/docs/api/javax/xml/soap/SOAPBodyElement.html
SOAPConnection =  https://docs.oracle.com/javase/7/docs/api/javax/xml/soap/SOAPConnection.html
SOAPConnectionFactory =  https://docs.oracle.com/javase/7/docs/api/javax/xml/soap/SOAPConnectionFactory.html
SOAPConstants =  https://docs.oracle.com/javase/7/docs/api/javax/xml/soap/SOAPConstants.html
SOAPElement =  https://docs.oracle.com/javase/7/docs/api/javax/xml/soap/SOAPElement.html
SOAPElementFactory =  https://docs.oracle.com/javase/7/docs/api/javax/xml/soap/SOAPElementFactory.html
SOAPEnvelope =  https://docs.oracle.com/javase/7/docs/api/javax/xml/soap/SOAPEnvelope.html
SOAPException =  https://docs.oracle.com/javase/7/docs/api/javax/xml/soap/SOAPException.html
SOAPFactory =  https://docs.oracle.com/javase/7/docs/api/javax/xml/soap/SOAPFactory.html
SOAPFault =  https://docs.oracle.com/javase/7/docs/api/javax/xml/soap/SOAPFault.html
SOAPFaultElement =  https://docs.oracle.com/javase/7/docs/api/javax/xml/soap/SOAPFaultElement.html
SOAPFaultException =  https://docs.oracle.com/javase/7/docs/api/javax/xml/ws/soap/SOAPFaultException.html
SOAPHandler =  https://docs.oracle.com/javase/7/docs/api/javax/xml/ws/handler/soap/SOAPHandler.html
SOAPHeader =  https://docs.oracle.com/javase/7/docs/api/javax/xml/soap/SOAPHeader.html
SOAPHeaderElement =  https://docs.oracle.com/javase/7/docs/api/javax/xml/soap/SOAPHeaderElement.html
SOAPMessage =  https://docs.oracle.com/javase/7/docs/api/javax/xml/soap/SOAPMessage.html
SOAPMessageContext =  https://docs.oracle.com/javase/7/docs/api/javax/xml/ws/handler/soap/SOAPMessageContext.html
SOAPMessageHandler =  https://docs.oracle.com/javase/7/docs/api/javax/jws/soap/SOAPMessageHandler.html
SOAPMessageHandlers =  https://docs.oracle.com/javase/7/docs/api/javax/jws/soap/SOAPMessageHandlers.html
SOAPPart =  https://docs.oracle.com/javase/7/docs/api/javax/xml/soap/SOAPPart.html
Socket =  https://docs.oracle.com/javase/7/docs/api/java/net/Socket.html
SocketAddress =  https://docs.oracle.com/javase/7/docs/api/java/net/SocketAddress.html
SocketChannel =  https://docs.oracle.com/javase/7/docs/api/java/nio/channels/SocketChannel.html
SocketException =  https://docs.oracle.com/javase/7/docs/api/java/net/SocketException.html
SocketFactory =  https://docs.oracle.com/javase/7/docs/api/javax/net/SocketFactory.html
SocketHandler =  https://docs.oracle.com/javase/7/docs/api/java/util/logging/SocketHandler.html
SocketImpl =  https://docs.oracle.com/javase/7/docs/api/java/net/SocketImpl.html
SocketImplFactory =  https://docs.oracle.com/javase/7/docs/api/java/net/SocketImplFactory.html
SocketOption =  https://docs.oracle.com/javase/7/docs/api/java/net/SocketOption.html
SocketOptions =  https://docs.oracle.com/javase/7/docs/api/java/net/SocketOptions.html
SocketPermission =  https://docs.oracle.com/javase/7/docs/api/java/net/SocketPermission.html
SocketSecurityException =  https://docs.oracle.com/javase/7/docs/api/java/rmi/server/SocketSecurityException.html
SocketTimeoutException =  https://docs.oracle.com/javase/7/docs/api/java/net/SocketTimeoutException.html
SoftBevelBorder =  https://docs.oracle.com/javase/7/docs/api/javax/swing/border/SoftBevelBorder.html
SoftReference =  https://docs.oracle.com/javase/7/docs/api/java/lang/ref/SoftReference.html
SortControl =  https://docs.oracle.com/javase/7/docs/api/javax/naming/ldap/SortControl.html
SortedMap =  https://docs.oracle.com/javase/7/docs/api/java/util/SortedMap.html
SortedSet =  https://docs.oracle.com/javase/7/docs/api/java/util/SortedSet.html
SortingFocusTraversalPolicy =  https://docs.oracle.com/javase/7/docs/api/javax/swing/SortingFocusTraversalPolicy.html
SortKey =  https://docs.oracle.com/javase/7/docs/api/javax/naming/ldap/SortKey.html
SortOrder =  https://docs.oracle.com/javase/7/docs/api/javax/swing/SortOrder.html
SortResponseControl =  https://docs.oracle.com/javase/7/docs/api/javax/naming/ldap/SortResponseControl.html
Soundbank =  https://docs.oracle.com/javase/7/docs/api/javax/sound/midi/Soundbank.html
SoundbankReader =  https://docs.oracle.com/javase/7/docs/api/javax/sound/midi/spi/SoundbankReader.html
SoundbankResource =  https://docs.oracle.com/javase/7/docs/api/javax/sound/midi/SoundbankResource.html
Source =  https://docs.oracle.com/javase/7/docs/api/javax/xml/transform/Source.html
SourceDataLine =  https://docs.oracle.com/javase/7/docs/api/javax/sound/sampled/SourceDataLine.html
SourceLocator =  https://docs.oracle.com/javase/7/docs/api/javax/xml/transform/SourceLocator.html
SourceVersion =  https://docs.oracle.com/javase/7/docs/api/javax/lang/model/SourceVersion.html
SpinnerDateModel =  https://docs.oracle.com/javase/7/docs/api/javax/swing/SpinnerDateModel.html
SpinnerListModel =  https://docs.oracle.com/javase/7/docs/api/javax/swing/SpinnerListModel.html
SpinnerModel =  https://docs.oracle.com/javase/7/docs/api/javax/swing/SpinnerModel.html
SpinnerNumberModel =  https://docs.oracle.com/javase/7/docs/api/javax/swing/SpinnerNumberModel.html
SpinnerUI =  https://docs.oracle.com/javase/7/docs/api/javax/swing/plaf/SpinnerUI.html
SplashScreen =  https://docs.oracle.com/javase/7/docs/api/java/awt/SplashScreen.html
SplitPaneUI =  https://docs.oracle.com/javase/7/docs/api/javax/swing/plaf/SplitPaneUI.html
Spring =  https://docs.oracle.com/javase/7/docs/api/javax/swing/Spring.html
SpringLayout =  https://docs.oracle.com/javase/7/docs/api/javax/swing/SpringLayout.html
SpringLayout.Constraints =  https://docs.oracle.com/javase/7/docs/api/javax/swing/SpringLayout.Constraints.html
SQLClientInfoException =  https://docs.oracle.com/javase/7/docs/api/java/sql/SQLClientInfoException.html
SQLData =  https://docs.oracle.com/javase/7/docs/api/java/sql/SQLData.html
SQLDataException =  https://docs.oracle.com/javase/7/docs/api/java/sql/SQLDataException.html
SQLException =  https://docs.oracle.com/javase/7/docs/api/java/sql/SQLException.html
SQLFeatureNotSupportedException =  https://docs.oracle.com/javase/7/docs/api/java/sql/SQLFeatureNotSupportedException.html
SQLInput =  https://docs.oracle.com/javase/7/docs/api/java/sql/SQLInput.html
SQLInputImpl =  https://docs.oracle.com/javase/7/docs/api/javax/sql/rowset/serial/SQLInputImpl.html
SQLIntegrityConstraintViolationException =  https://docs.oracle.com/javase/7/docs/api/java/sql/SQLIntegrityConstraintViolationException.html
SQLInvalidAuthorizationSpecException =  https://docs.oracle.com/javase/7/docs/api/java/sql/SQLInvalidAuthorizationSpecException.html
SQLNonTransientConnectionException =  https://docs.oracle.com/javase/7/docs/api/java/sql/SQLNonTransientConnectionException.html
SQLNonTransientException =  https://docs.oracle.com/javase/7/docs/api/java/sql/SQLNonTransientException.html
SQLOutput =  https://docs.oracle.com/javase/7/docs/api/java/sql/SQLOutput.html
SQLOutputImpl =  https://docs.oracle.com/javase/7/docs/api/javax/sql/rowset/serial/SQLOutputImpl.html
SQLPermission =  https://docs.oracle.com/javase/7/docs/api/java/sql/SQLPermission.html
SQLRecoverableException =  https://docs.oracle.com/javase/7/docs/api/java/sql/SQLRecoverableException.html
SQLSyntaxErrorException =  https://docs.oracle.com/javase/7/docs/api/java/sql/SQLSyntaxErrorException.html
SQLTimeoutException =  https://docs.oracle.com/javase/7/docs/api/java/sql/SQLTimeoutException.html
SQLTransactionRollbackException =  https://docs.oracle.com/javase/7/docs/api/java/sql/SQLTransactionRollbackException.html
SQLTransientConnectionException =  https://docs.oracle.com/javase/7/docs/api/java/sql/SQLTransientConnectionException.html
SQLTransientException =  https://docs.oracle.com/javase/7/docs/api/java/sql/SQLTransientException.html
SQLWarning =  https://docs.oracle.com/javase/7/docs/api/java/sql/SQLWarning.html
SQLXML =  https://docs.oracle.com/javase/7/docs/api/java/sql/SQLXML.html
SSLContext =  https://docs.oracle.com/javase/7/docs/api/javax/net/ssl/SSLContext.html
SSLContextSpi =  https://docs.oracle.com/javase/7/docs/api/javax/net/ssl/SSLContextSpi.html
SSLEngine =  https://docs.oracle.com/javase/7/docs/api/javax/net/ssl/SSLEngine.html
SSLEngineResult =  https://docs.oracle.com/javase/7/docs/api/javax/net/ssl/SSLEngineResult.html
SSLEngineResult.HandshakeStatus =  https://docs.oracle.com/javase/7/docs/api/javax/net/ssl/SSLEngineResult.HandshakeStatus.html
SSLEngineResult.Status =  https://docs.oracle.com/javase/7/docs/api/javax/net/ssl/SSLEngineResult.Status.html
SSLException =  https://docs.oracle.com/javase/7/docs/api/javax/net/ssl/SSLException.html
SSLHandshakeException =  https://docs.oracle.com/javase/7/docs/api/javax/net/ssl/SSLHandshakeException.html
SSLKeyException =  https://docs.oracle.com/javase/7/docs/api/javax/net/ssl/SSLKeyException.html
SSLParameters =  https://docs.oracle.com/javase/7/docs/api/javax/net/ssl/SSLParameters.html
SSLPeerUnverifiedException =  https://docs.oracle.com/javase/7/docs/api/javax/net/ssl/SSLPeerUnverifiedException.html
SSLPermission =  https://docs.oracle.com/javase/7/docs/api/javax/net/ssl/SSLPermission.html
SSLProtocolException =  https://docs.oracle.com/javase/7/docs/api/javax/net/ssl/SSLProtocolException.html
SslRMIClientSocketFactory =  https://docs.oracle.com/javase/7/docs/api/javax/rmi/ssl/SslRMIClientSocketFactory.html
SslRMIServerSocketFactory =  https://docs.oracle.com/javase/7/docs/api/javax/rmi/ssl/SslRMIServerSocketFactory.html
SSLServerSocket =  https://docs.oracle.com/javase/7/docs/api/javax/net/ssl/SSLServerSocket.html
SSLServerSocketFactory =  https://docs.oracle.com/javase/7/docs/api/javax/net/ssl/SSLServerSocketFactory.html
SSLSession =  https://docs.oracle.com/javase/7/docs/api/javax/net/ssl/SSLSession.html
SSLSessionBindingEvent =  https://docs.oracle.com/javase/7/docs/api/javax/net/ssl/SSLSessionBindingEvent.html
SSLSessionBindingListener =  https://docs.oracle.com/javase/7/docs/api/javax/net/ssl/SSLSessionBindingListener.html
SSLSessionContext =  https://docs.oracle.com/javase/7/docs/api/javax/net/ssl/SSLSessionContext.html
SSLSocket =  https://docs.oracle.com/javase/7/docs/api/javax/net/ssl/SSLSocket.html
SSLSocketFactory =  https://docs.oracle.com/javase/7/docs/api/javax/net/ssl/SSLSocketFactory.html
Stack =  https://docs.oracle.com/javase/7/docs/api/java/util/Stack.html
StackOverflowError =  https://docs.oracle.com/javase/7/docs/api/java/lang/StackOverflowError.html
StackTraceElement =  https://docs.oracle.com/javase/7/docs/api/java/lang/StackTraceElement.html
StandardCharsets =  https://docs.oracle.com/javase/7/docs/api/java/nio/charset/StandardCharsets.html
StandardCopyOption =  https://docs.oracle.com/javase/7/docs/api/java/nio/file/StandardCopyOption.html
StandardEmitterMBean =  https://docs.oracle.com/javase/7/docs/api/javax/management/StandardEmitterMBean.html
StandardJavaFileManager =  https://docs.oracle.com/javase/7/docs/api/javax/tools/StandardJavaFileManager.html
StandardLocation =  https://docs.oracle.com/javase/7/docs/api/javax/tools/StandardLocation.html
StandardMBean =  https://docs.oracle.com/javase/7/docs/api/javax/management/StandardMBean.html
StandardOpenOption =  https://docs.oracle.com/javase/7/docs/api/java/nio/file/StandardOpenOption.html
StandardProtocolFamily =  https://docs.oracle.com/javase/7/docs/api/java/net/StandardProtocolFamily.html
StandardSocketOptions =  https://docs.oracle.com/javase/7/docs/api/java/net/StandardSocketOptions.html
StandardWatchEventKinds =  https://docs.oracle.com/javase/7/docs/api/java/nio/file/StandardWatchEventKinds.html
StartDocument =  https://docs.oracle.com/javase/7/docs/api/javax/xml/stream/events/StartDocument.html
StartElement =  https://docs.oracle.com/javase/7/docs/api/javax/xml/stream/events/StartElement.html
StartTlsRequest =  https://docs.oracle.com/javase/7/docs/api/javax/naming/ldap/StartTlsRequest.html
StartTlsResponse =  https://docs.oracle.com/javase/7/docs/api/javax/naming/ldap/StartTlsResponse.html
State =  https://docs.oracle.com/javase/7/docs/api/javax/swing/plaf/nimbus/State.html
State =  https://docs.oracle.com/javase/7/docs/api/org/omg/PortableServer/POAManagerPackage/State.html
StateEdit =  https://docs.oracle.com/javase/7/docs/api/javax/swing/undo/StateEdit.html
StateEditable =  https://docs.oracle.com/javase/7/docs/api/javax/swing/undo/StateEditable.html
StateFactory =  https://docs.oracle.com/javase/7/docs/api/javax/naming/spi/StateFactory.html
Statement =  https://docs.oracle.com/javase/7/docs/api/java/beans/Statement.html
Statement =  https://docs.oracle.com/javase/7/docs/api/java/sql/Statement.html
StatementEvent =  https://docs.oracle.com/javase/7/docs/api/javax/sql/StatementEvent.html
StatementEventListener =  https://docs.oracle.com/javase/7/docs/api/javax/sql/StatementEventListener.html
StAXResult =  https://docs.oracle.com/javase/7/docs/api/javax/xml/transform/stax/StAXResult.html
StAXSource =  https://docs.oracle.com/javase/7/docs/api/javax/xml/transform/stax/StAXSource.html
Streamable =  https://docs.oracle.com/javase/7/docs/api/org/omg/CORBA/portable/Streamable.html
StreamableValue =  https://docs.oracle.com/javase/7/docs/api/org/omg/CORBA/portable/StreamableValue.html
StreamCorruptedException =  https://docs.oracle.com/javase/7/docs/api/java/io/StreamCorruptedException.html
StreamFilter =  https://docs.oracle.com/javase/7/docs/api/javax/xml/stream/StreamFilter.html
StreamHandler =  https://docs.oracle.com/javase/7/docs/api/java/util/logging/StreamHandler.html
StreamPrintService =  https://docs.oracle.com/javase/7/docs/api/javax/print/StreamPrintService.html
StreamPrintServiceFactory =  https://docs.oracle.com/javase/7/docs/api/javax/print/StreamPrintServiceFactory.html
StreamReaderDelegate =  https://docs.oracle.com/javase/7/docs/api/javax/xml/stream/util/StreamReaderDelegate.html
StreamResult =  https://docs.oracle.com/javase/7/docs/api/javax/xml/transform/stream/StreamResult.html
StreamSource =  https://docs.oracle.com/javase/7/docs/api/javax/xml/transform/stream/StreamSource.html
StreamTokenizer =  https://docs.oracle.com/javase/7/docs/api/java/io/StreamTokenizer.html
StrictMath =  https://docs.oracle.com/javase/7/docs/api/java/lang/StrictMath.html
String =  https://docs.oracle.com/javase/7/docs/api/java/lang/String.html
StringBuffer =  https://docs.oracle.com/javase/7/docs/api/java/lang/StringBuffer.html
StringBufferInputStream =  https://docs.oracle.com/javase/7/docs/api/java/io/StringBufferInputStream.html
StringBuilder =  https://docs.oracle.com/javase/7/docs/api/java/lang/StringBuilder.html
StringCharacterIterator =  https://docs.oracle.com/javase/7/docs/api/java/text/StringCharacterIterator.html
StringContent =  https://docs.oracle.com/javase/7/docs/api/javax/swing/text/StringContent.html
StringHolder =  https://docs.oracle.com/javase/7/docs/api/org/omg/CORBA/StringHolder.html
StringIndexOutOfBoundsException =  https://docs.oracle.com/javase/7/docs/api/java/lang/StringIndexOutOfBoundsException.html
StringMonitor =  https://docs.oracle.com/javase/7/docs/api/javax/management/monitor/StringMonitor.html
StringMonitorMBean =  https://docs.oracle.com/javase/7/docs/api/javax/management/monitor/StringMonitorMBean.html
StringNameHelper =  https://docs.oracle.com/javase/7/docs/api/org/omg/CosNaming/NamingContextExtPackage/StringNameHelper.html
StringReader =  https://docs.oracle.com/javase/7/docs/api/java/io/StringReader.html
StringRefAddr =  https://docs.oracle.com/javase/7/docs/api/javax/naming/StringRefAddr.html
StringSelection =  https://docs.oracle.com/javase/7/docs/api/java/awt/datatransfer/StringSelection.html
StringSeqHelper =  https://docs.oracle.com/javase/7/docs/api/org/omg/CORBA/StringSeqHelper.html
StringSeqHolder =  https://docs.oracle.com/javase/7/docs/api/org/omg/CORBA/StringSeqHolder.html
StringTokenizer =  https://docs.oracle.com/javase/7/docs/api/java/util/StringTokenizer.html
StringValueExp =  https://docs.oracle.com/javase/7/docs/api/javax/management/StringValueExp.html
StringValueHelper =  https://docs.oracle.com/javase/7/docs/api/org/omg/CORBA/StringValueHelper.html
StringWriter =  https://docs.oracle.com/javase/7/docs/api/java/io/StringWriter.html
Stroke =  https://docs.oracle.com/javase/7/docs/api/java/awt/Stroke.html
StrokeBorder =  https://docs.oracle.com/javase/7/docs/api/javax/swing/border/StrokeBorder.html
Struct =  https://docs.oracle.com/javase/7/docs/api/java/sql/Struct.html
StructMember =  https://docs.oracle.com/javase/7/docs/api/org/omg/CORBA/StructMember.html
StructMemberHelper =  https://docs.oracle.com/javase/7/docs/api/org/omg/CORBA/StructMemberHelper.html
Stub =  https://docs.oracle.com/javase/7/docs/api/javax/rmi/CORBA/Stub.html
StubDelegate =  https://docs.oracle.com/javase/7/docs/api/javax/rmi/CORBA/StubDelegate.html
StubNotFoundException =  https://docs.oracle.com/javase/7/docs/api/java/rmi/StubNotFoundException.html
Style =  https://docs.oracle.com/javase/7/docs/api/javax/swing/text/Style.html
StyleConstants =  https://docs.oracle.com/javase/7/docs/api/javax/swing/text/StyleConstants.html
StyleConstants.CharacterConstants =  https://docs.oracle.com/javase/7/docs/api/javax/swing/text/StyleConstants.CharacterConstants.html
StyleConstants.ColorConstants =  https://docs.oracle.com/javase/7/docs/api/javax/swing/text/StyleConstants.ColorConstants.html
StyleConstants.FontConstants =  https://docs.oracle.com/javase/7/docs/api/javax/swing/text/StyleConstants.FontConstants.html
StyleConstants.ParagraphConstants =  https://docs.oracle.com/javase/7/docs/api/javax/swing/text/StyleConstants.ParagraphConstants.html
StyleContext =  https://docs.oracle.com/javase/7/docs/api/javax/swing/text/StyleContext.html
StyledDocument =  https://docs.oracle.com/javase/7/docs/api/javax/swing/text/StyledDocument.html
StyledEditorKit =  https://docs.oracle.com/javase/7/docs/api/javax/swing/text/StyledEditorKit.html
StyledEditorKit.AlignmentAction =  https://docs.oracle.com/javase/7/docs/api/javax/swing/text/StyledEditorKit.AlignmentAction.html
StyledEditorKit.BoldAction =  https://docs.oracle.com/javase/7/docs/api/javax/swing/text/StyledEditorKit.BoldAction.html
StyledEditorKit.FontFamilyAction =  https://docs.oracle.com/javase/7/docs/api/javax/swing/text/StyledEditorKit.FontFamilyAction.html
StyledEditorKit.FontSizeAction =  https://docs.oracle.com/javase/7/docs/api/javax/swing/text/StyledEditorKit.FontSizeAction.html
StyledEditorKit.ForegroundAction =  https://docs.oracle.com/javase/7/docs/api/javax/swing/text/StyledEditorKit.ForegroundAction.html
StyledEditorKit.ItalicAction =  https://docs.oracle.com/javase/7/docs/api/javax/swing/text/StyledEditorKit.ItalicAction.html
StyledEditorKit.StyledTextAction =  https://docs.oracle.com/javase/7/docs/api/javax/swing/text/StyledEditorKit.StyledTextAction.html
StyledEditorKit.UnderlineAction =  https://docs.oracle.com/javase/7/docs/api/javax/swing/text/StyledEditorKit.UnderlineAction.html
StyleSheet =  https://docs.oracle.com/javase/7/docs/api/javax/swing/text/html/StyleSheet.html
StyleSheet.BoxPainter =  https://docs.oracle.com/javase/7/docs/api/javax/swing/text/html/StyleSheet.BoxPainter.html
StyleSheet.ListPainter =  https://docs.oracle.com/javase/7/docs/api/javax/swing/text/html/StyleSheet.ListPainter.html
Subject =  https://docs.oracle.com/javase/7/docs/api/javax/security/auth/Subject.html
SubjectDelegationPermission =  https://docs.oracle.com/javase/7/docs/api/javax/management/remote/SubjectDelegationPermission.html
SubjectDomainCombiner =  https://docs.oracle.com/javase/7/docs/api/javax/security/auth/SubjectDomainCombiner.html
SUCCESSFUL =  https://docs.oracle.com/javase/7/docs/api/org/omg/PortableInterceptor/SUCCESSFUL.html
SupportedAnnotationTypes =  https://docs.oracle.com/javase/7/docs/api/javax/annotation/processing/SupportedAnnotationTypes.html
SupportedOptions =  https://docs.oracle.com/javase/7/docs/api/javax/annotation/processing/SupportedOptions.html
SupportedSourceVersion =  https://docs.oracle.com/javase/7/docs/api/javax/annotation/processing/SupportedSourceVersion.html
SupportedValuesAttribute =  https://docs.oracle.com/javase/7/docs/api/javax/print/attribute/SupportedValuesAttribute.html
SuppressWarnings =  https://docs.oracle.com/javase/7/docs/api/java/lang/SuppressWarnings.html
SwingConstants =  https://docs.oracle.com/javase/7/docs/api/javax/swing/SwingConstants.html
SwingPropertyChangeSupport =  https://docs.oracle.com/javase/7/docs/api/javax/swing/event/SwingPropertyChangeSupport.html
SwingUtilities =  https://docs.oracle.com/javase/7/docs/api/javax/swing/SwingUtilities.html
SwingWorker =  https://docs.oracle.com/javase/7/docs/api/javax/swing/SwingWorker.html
SwingWorker.StateValue =  https://docs.oracle.com/javase/7/docs/api/javax/swing/SwingWorker.StateValue.html
SwitchPoint =  https://docs.oracle.com/javase/7/docs/api/java/lang/invoke/SwitchPoint.html
SYNC_WITH_TRANSPORT =  https://docs.oracle.com/javase/7/docs/api/org/omg/Messaging/SYNC_WITH_TRANSPORT.html
SyncFactory =  https://docs.oracle.com/javase/7/docs/api/javax/sql/rowset/spi/SyncFactory.html
SyncFactoryException =  https://docs.oracle.com/javase/7/docs/api/javax/sql/rowset/spi/SyncFactoryException.html
SyncFailedException =  https://docs.oracle.com/javase/7/docs/api/java/io/SyncFailedException.html
SynchronousQueue =  https://docs.oracle.com/javase/7/docs/api/java/util/concurrent/SynchronousQueue.html
SyncProvider =  https://docs.oracle.com/javase/7/docs/api/javax/sql/rowset/spi/SyncProvider.html
SyncProviderException =  https://docs.oracle.com/javase/7/docs/api/javax/sql/rowset/spi/SyncProviderException.html
SyncResolver =  https://docs.oracle.com/javase/7/docs/api/javax/sql/rowset/spi/SyncResolver.html
SyncScopeHelper =  https://docs.oracle.com/javase/7/docs/api/org/omg/Messaging/SyncScopeHelper.html
SynthButtonUI =  https://docs.oracle.com/javase/7/docs/api/javax/swing/plaf/synth/SynthButtonUI.html
SynthCheckBoxMenuItemUI =  https://docs.oracle.com/javase/7/docs/api/javax/swing/plaf/synth/SynthCheckBoxMenuItemUI.html
SynthCheckBoxUI =  https://docs.oracle.com/javase/7/docs/api/javax/swing/plaf/synth/SynthCheckBoxUI.html
SynthColorChooserUI =  https://docs.oracle.com/javase/7/docs/api/javax/swing/plaf/synth/SynthColorChooserUI.html
SynthComboBoxUI =  https://docs.oracle.com/javase/7/docs/api/javax/swing/plaf/synth/SynthComboBoxUI.html
SynthConstants =  https://docs.oracle.com/javase/7/docs/api/javax/swing/plaf/synth/SynthConstants.html
SynthContext =  https://docs.oracle.com/javase/7/docs/api/javax/swing/plaf/synth/SynthContext.html
SynthDesktopIconUI =  https://docs.oracle.com/javase/7/docs/api/javax/swing/plaf/synth/SynthDesktopIconUI.html
SynthDesktopPaneUI =  https://docs.oracle.com/javase/7/docs/api/javax/swing/plaf/synth/SynthDesktopPaneUI.html
SynthEditorPaneUI =  https://docs.oracle.com/javase/7/docs/api/javax/swing/plaf/synth/SynthEditorPaneUI.html
Synthesizer =  https://docs.oracle.com/javase/7/docs/api/javax/sound/midi/Synthesizer.html
SynthFormattedTextFieldUI =  https://docs.oracle.com/javase/7/docs/api/javax/swing/plaf/synth/SynthFormattedTextFieldUI.html
SynthGraphicsUtils =  https://docs.oracle.com/javase/7/docs/api/javax/swing/plaf/synth/SynthGraphicsUtils.html
SynthInternalFrameUI =  https://docs.oracle.com/javase/7/docs/api/javax/swing/plaf/synth/SynthInternalFrameUI.html
SynthLabelUI =  https://docs.oracle.com/javase/7/docs/api/javax/swing/plaf/synth/SynthLabelUI.html
SynthListUI =  https://docs.oracle.com/javase/7/docs/api/javax/swing/plaf/synth/SynthListUI.html
SynthLookAndFeel =  https://docs.oracle.com/javase/7/docs/api/javax/swing/plaf/synth/SynthLookAndFeel.html
SynthMenuBarUI =  https://docs.oracle.com/javase/7/docs/api/javax/swing/plaf/synth/SynthMenuBarUI.html
SynthMenuItemUI =  https://docs.oracle.com/javase/7/docs/api/javax/swing/plaf/synth/SynthMenuItemUI.html
SynthMenuUI =  https://docs.oracle.com/javase/7/docs/api/javax/swing/plaf/synth/SynthMenuUI.html
SynthOptionPaneUI =  https://docs.oracle.com/javase/7/docs/api/javax/swing/plaf/synth/SynthOptionPaneUI.html
SynthPainter =  https://docs.oracle.com/javase/7/docs/api/javax/swing/plaf/synth/SynthPainter.html
SynthPanelUI =  https://docs.oracle.com/javase/7/docs/api/javax/swing/plaf/synth/SynthPanelUI.html
SynthPasswordFieldUI =  https://docs.oracle.com/javase/7/docs/api/javax/swing/plaf/synth/SynthPasswordFieldUI.html
SynthPopupMenuUI =  https://docs.oracle.com/javase/7/docs/api/javax/swing/plaf/synth/SynthPopupMenuUI.html
SynthProgressBarUI =  https://docs.oracle.com/javase/7/docs/api/javax/swing/plaf/synth/SynthProgressBarUI.html
SynthRadioButtonMenuItemUI =  https://docs.oracle.com/javase/7/docs/api/javax/swing/plaf/synth/SynthRadioButtonMenuItemUI.html
SynthRadioButtonUI =  https://docs.oracle.com/javase/7/docs/api/javax/swing/plaf/synth/SynthRadioButtonUI.html
SynthRootPaneUI =  https://docs.oracle.com/javase/7/docs/api/javax/swing/plaf/synth/SynthRootPaneUI.html
SynthScrollBarUI =  https://docs.oracle.com/javase/7/docs/api/javax/swing/plaf/synth/SynthScrollBarUI.html
SynthScrollPaneUI =  https://docs.oracle.com/javase/7/docs/api/javax/swing/plaf/synth/SynthScrollPaneUI.html
SynthSeparatorUI =  https://docs.oracle.com/javase/7/docs/api/javax/swing/plaf/synth/SynthSeparatorUI.html
SynthSliderUI =  https://docs.oracle.com/javase/7/docs/api/javax/swing/plaf/synth/SynthSliderUI.html
SynthSpinnerUI =  https://docs.oracle.com/javase/7/docs/api/javax/swing/plaf/synth/SynthSpinnerUI.html
SynthSplitPaneUI =  https://docs.oracle.com/javase/7/docs/api/javax/swing/plaf/synth/SynthSplitPaneUI.html
SynthStyle =  https://docs.oracle.com/javase/7/docs/api/javax/swing/plaf/synth/SynthStyle.html
SynthStyleFactory =  https://docs.oracle.com/javase/7/docs/api/javax/swing/plaf/synth/SynthStyleFactory.html
SynthTabbedPaneUI =  https://docs.oracle.com/javase/7/docs/api/javax/swing/plaf/synth/SynthTabbedPaneUI.html
SynthTableHeaderUI =  https://docs.oracle.com/javase/7/docs/api/javax/swing/plaf/synth/SynthTableHeaderUI.html
SynthTableUI =  https://docs.oracle.com/javase/7/docs/api/javax/swing/plaf/synth/SynthTableUI.html
SynthTextAreaUI =  https://docs.oracle.com/javase/7/docs/api/javax/swing/plaf/synth/SynthTextAreaUI.html
SynthTextFieldUI =  https://docs.oracle.com/javase/7/docs/api/javax/swing/plaf/synth/SynthTextFieldUI.html
SynthTextPaneUI =  https://docs.oracle.com/javase/7/docs/api/javax/swing/plaf/synth/SynthTextPaneUI.html
SynthToggleButtonUI =  https://docs.oracle.com/javase/7/docs/api/javax/swing/plaf/synth/SynthToggleButtonUI.html
SynthToolBarUI =  https://docs.oracle.com/javase/7/docs/api/javax/swing/plaf/synth/SynthToolBarUI.html
SynthToolTipUI =  https://docs.oracle.com/javase/7/docs/api/javax/swing/plaf/synth/SynthToolTipUI.html
SynthTreeUI =  https://docs.oracle.com/javase/7/docs/api/javax/swing/plaf/synth/SynthTreeUI.html
SynthUI =  https://docs.oracle.com/javase/7/docs/api/javax/swing/plaf/synth/SynthUI.html
SynthViewportUI =  https://docs.oracle.com/javase/7/docs/api/javax/swing/plaf/synth/SynthViewportUI.html
SysexMessage =  https://docs.oracle.com/javase/7/docs/api/javax/sound/midi/SysexMessage.html
System =  https://docs.oracle.com/javase/7/docs/api/java/lang/System.html
SYSTEM_EXCEPTION =  https://docs.oracle.com/javase/7/docs/api/org/omg/PortableInterceptor/SYSTEM_EXCEPTION.html
SystemColor =  https://docs.oracle.com/javase/7/docs/api/java/awt/SystemColor.html
SystemException =  https://docs.oracle.com/javase/7/docs/api/org/omg/CORBA/SystemException.html
SystemFlavorMap =  https://docs.oracle.com/javase/7/docs/api/java/awt/datatransfer/SystemFlavorMap.html
SystemTray =  https://docs.oracle.com/javase/7/docs/api/java/awt/SystemTray.html
TabableView =  https://docs.oracle.com/javase/7/docs/api/javax/swing/text/TabableView.html
TabbedPaneUI =  https://docs.oracle.com/javase/7/docs/api/javax/swing/plaf/TabbedPaneUI.html
TabExpander =  https://docs.oracle.com/javase/7/docs/api/javax/swing/text/TabExpander.html
TableCellEditor =  https://docs.oracle.com/javase/7/docs/api/javax/swing/table/TableCellEditor.html
TableCellRenderer =  https://docs.oracle.com/javase/7/docs/api/javax/swing/table/TableCellRenderer.html
TableColumn =  https://docs.oracle.com/javase/7/docs/api/javax/swing/table/TableColumn.html
TableColumnModel =  https://docs.oracle.com/javase/7/docs/api/javax/swing/table/TableColumnModel.html
TableColumnModelEvent =  https://docs.oracle.com/javase/7/docs/api/javax/swing/event/TableColumnModelEvent.html
TableColumnModelListener =  https://docs.oracle.com/javase/7/docs/api/javax/swing/event/TableColumnModelListener.html
TableHeaderUI =  https://docs.oracle.com/javase/7/docs/api/javax/swing/plaf/TableHeaderUI.html
TableModel =  https://docs.oracle.com/javase/7/docs/api/javax/swing/table/TableModel.html
TableModelEvent =  https://docs.oracle.com/javase/7/docs/api/javax/swing/event/TableModelEvent.html
TableModelListener =  https://docs.oracle.com/javase/7/docs/api/javax/swing/event/TableModelListener.html
TableRowSorter =  https://docs.oracle.com/javase/7/docs/api/javax/swing/table/TableRowSorter.html
TableStringConverter =  https://docs.oracle.com/javase/7/docs/api/javax/swing/table/TableStringConverter.html
TableUI =  https://docs.oracle.com/javase/7/docs/api/javax/swing/plaf/TableUI.html
TableView =  https://docs.oracle.com/javase/7/docs/api/javax/swing/text/TableView.html
TabSet =  https://docs.oracle.com/javase/7/docs/api/javax/swing/text/TabSet.html
TabStop =  https://docs.oracle.com/javase/7/docs/api/javax/swing/text/TabStop.html
TabularData =  https://docs.oracle.com/javase/7/docs/api/javax/management/openmbean/TabularData.html
TabularDataSupport =  https://docs.oracle.com/javase/7/docs/api/javax/management/openmbean/TabularDataSupport.html
TabularType =  https://docs.oracle.com/javase/7/docs/api/javax/management/openmbean/TabularType.html
TAG_ALTERNATE_IIOP_ADDRESS =  https://docs.oracle.com/javase/7/docs/api/org/omg/IOP/TAG_ALTERNATE_IIOP_ADDRESS.html
TAG_CODE_SETS =  https://docs.oracle.com/javase/7/docs/api/org/omg/IOP/TAG_CODE_SETS.html
TAG_INTERNET_IOP =  https://docs.oracle.com/javase/7/docs/api/org/omg/IOP/TAG_INTERNET_IOP.html
TAG_JAVA_CODEBASE =  https://docs.oracle.com/javase/7/docs/api/org/omg/IOP/TAG_JAVA_CODEBASE.html
TAG_MULTIPLE_COMPONENTS =  https://docs.oracle.com/javase/7/docs/api/org/omg/IOP/TAG_MULTIPLE_COMPONENTS.html
TAG_ORB_TYPE =  https://docs.oracle.com/javase/7/docs/api/org/omg/IOP/TAG_ORB_TYPE.html
TAG_POLICIES =  https://docs.oracle.com/javase/7/docs/api/org/omg/IOP/TAG_POLICIES.html
TAG_RMI_CUSTOM_MAX_STREAM_FORMAT =  https://docs.oracle.com/javase/7/docs/api/org/omg/IOP/TAG_RMI_CUSTOM_MAX_STREAM_FORMAT.html
TagElement =  https://docs.oracle.com/javase/7/docs/api/javax/swing/text/html/parser/TagElement.html
TaggedComponent =  https://docs.oracle.com/javase/7/docs/api/org/omg/IOP/TaggedComponent.html
TaggedComponentHelper =  https://docs.oracle.com/javase/7/docs/api/org/omg/IOP/TaggedComponentHelper.html
TaggedComponentHolder =  https://docs.oracle.com/javase/7/docs/api/org/omg/IOP/TaggedComponentHolder.html
TaggedProfile =  https://docs.oracle.com/javase/7/docs/api/org/omg/IOP/TaggedProfile.html
TaggedProfileHelper =  https://docs.oracle.com/javase/7/docs/api/org/omg/IOP/TaggedProfileHelper.html
TaggedProfileHolder =  https://docs.oracle.com/javase/7/docs/api/org/omg/IOP/TaggedProfileHolder.html
Target =  https://docs.oracle.com/javase/7/docs/api/java/lang/annotation/Target.html
TargetDataLine =  https://docs.oracle.com/javase/7/docs/api/javax/sound/sampled/TargetDataLine.html
TargetedNotification =  https://docs.oracle.com/javase/7/docs/api/javax/management/remote/TargetedNotification.html
TCKind =  https://docs.oracle.com/javase/7/docs/api/org/omg/CORBA/TCKind.html
Templates =  https://docs.oracle.com/javase/7/docs/api/javax/xml/transform/Templates.html
TemplatesHandler =  https://docs.oracle.com/javase/7/docs/api/javax/xml/transform/sax/TemplatesHandler.html
Text =  https://docs.oracle.com/javase/7/docs/api/javax/xml/soap/Text.html
Text =  https://docs.oracle.com/javase/7/docs/api/org/w3c/dom/Text.html
TextAction =  https://docs.oracle.com/javase/7/docs/api/javax/swing/text/TextAction.html
TextArea =  https://docs.oracle.com/javase/7/docs/api/java/awt/TextArea.html
TextAttribute =  https://docs.oracle.com/javase/7/docs/api/java/awt/font/TextAttribute.html
TextComponent =  https://docs.oracle.com/javase/7/docs/api/java/awt/TextComponent.html
TextEvent =  https://docs.oracle.com/javase/7/docs/api/java/awt/event/TextEvent.html
TextField =  https://docs.oracle.com/javase/7/docs/api/java/awt/TextField.html
TextHitInfo =  https://docs.oracle.com/javase/7/docs/api/java/awt/font/TextHitInfo.html
TextInputCallback =  https://docs.oracle.com/javase/7/docs/api/javax/security/auth/callback/TextInputCallback.html
TextLayout =  https://docs.oracle.com/javase/7/docs/api/java/awt/font/TextLayout.html
TextLayout.CaretPolicy =  https://docs.oracle.com/javase/7/docs/api/java/awt/font/TextLayout.CaretPolicy.html
TextListener =  https://docs.oracle.com/javase/7/docs/api/java/awt/event/TextListener.html
TextMeasurer =  https://docs.oracle.com/javase/7/docs/api/java/awt/font/TextMeasurer.html
TextOutputCallback =  https://docs.oracle.com/javase/7/docs/api/javax/security/auth/callback/TextOutputCallback.html
TextSyntax =  https://docs.oracle.com/javase/7/docs/api/javax/print/attribute/TextSyntax.html
TextUI =  https://docs.oracle.com/javase/7/docs/api/javax/swing/plaf/TextUI.html
TexturePaint =  https://docs.oracle.com/javase/7/docs/api/java/awt/TexturePaint.html
Thread =  https://docs.oracle.com/javase/7/docs/api/java/lang/Thread.html
Thread.State =  https://docs.oracle.com/javase/7/docs/api/java/lang/Thread.State.html
Thread.UncaughtExceptionHandler =  https://docs.oracle.com/javase/7/docs/api/java/lang/Thread.UncaughtExceptionHandler.html
THREAD_POLICY_ID =  https://docs.oracle.com/javase/7/docs/api/org/omg/PortableServer/THREAD_POLICY_ID.html
ThreadDeath =  https://docs.oracle.com/javase/7/docs/api/java/lang/ThreadDeath.html
ThreadFactory =  https://docs.oracle.com/javase/7/docs/api/java/util/concurrent/ThreadFactory.html
ThreadGroup =  https://docs.oracle.com/javase/7/docs/api/java/lang/ThreadGroup.html
ThreadInfo =  https://docs.oracle.com/javase/7/docs/api/java/lang/management/ThreadInfo.html
ThreadLocal =  https://docs.oracle.com/javase/7/docs/api/java/lang/ThreadLocal.html
ThreadLocalRandom =  https://docs.oracle.com/javase/7/docs/api/java/util/concurrent/ThreadLocalRandom.html
ThreadMXBean =  https://docs.oracle.com/javase/7/docs/api/java/lang/management/ThreadMXBean.html
ThreadPolicy =  https://docs.oracle.com/javase/7/docs/api/org/omg/PortableServer/ThreadPolicy.html
ThreadPolicyOperations =  https://docs.oracle.com/javase/7/docs/api/org/omg/PortableServer/ThreadPolicyOperations.html
ThreadPolicyValue =  https://docs.oracle.com/javase/7/docs/api/org/omg/PortableServer/ThreadPolicyValue.html
ThreadPoolExecutor =  https://docs.oracle.com/javase/7/docs/api/java/util/concurrent/ThreadPoolExecutor.html
ThreadPoolExecutor.AbortPolicy =  https://docs.oracle.com/javase/7/docs/api/java/util/concurrent/ThreadPoolExecutor.AbortPolicy.html
ThreadPoolExecutor.CallerRunsPolicy =  https://docs.oracle.com/javase/7/docs/api/java/util/concurrent/ThreadPoolExecutor.CallerRunsPolicy.html
ThreadPoolExecutor.DiscardOldestPolicy =  https://docs.oracle.com/javase/7/docs/api/java/util/concurrent/ThreadPoolExecutor.DiscardOldestPolicy.html
ThreadPoolExecutor.DiscardPolicy =  https://docs.oracle.com/javase/7/docs/api/java/util/concurrent/ThreadPoolExecutor.DiscardPolicy.html
Throwable =  https://docs.oracle.com/javase/7/docs/api/java/lang/Throwable.html
Tie =  https://docs.oracle.com/javase/7/docs/api/javax/rmi/CORBA/Tie.html
TileObserver =  https://docs.oracle.com/javase/7/docs/api/java/awt/image/TileObserver.html
Time =  https://docs.oracle.com/javase/7/docs/api/java/sql/Time.html
TimeLimitExceededException =  https://docs.oracle.com/javase/7/docs/api/javax/naming/TimeLimitExceededException.html
TIMEOUT =  https://docs.oracle.com/javase/7/docs/api/org/omg/CORBA/TIMEOUT.html
TimeoutException =  https://docs.oracle.com/javase/7/docs/api/java/util/concurrent/TimeoutException.html
Timer =  https://docs.oracle.com/javase/7/docs/api/java/util/Timer.html
Timer =  https://docs.oracle.com/javase/7/docs/api/javax/management/timer/Timer.html
Timer =  https://docs.oracle.com/javase/7/docs/api/javax/swing/Timer.html
TimerMBean =  https://docs.oracle.com/javase/7/docs/api/javax/management/timer/TimerMBean.html
TimerNotification =  https://docs.oracle.com/javase/7/docs/api/javax/management/timer/TimerNotification.html
TimerTask =  https://docs.oracle.com/javase/7/docs/api/java/util/TimerTask.html
Timestamp =  https://docs.oracle.com/javase/7/docs/api/java/security/Timestamp.html
Timestamp =  https://docs.oracle.com/javase/7/docs/api/java/sql/Timestamp.html
TimeUnit =  https://docs.oracle.com/javase/7/docs/api/java/util/concurrent/TimeUnit.html
TimeZone =  https://docs.oracle.com/javase/7/docs/api/java/util/TimeZone.html
TimeZoneNameProvider =  https://docs.oracle.com/javase/7/docs/api/java/util/spi/TimeZoneNameProvider.html
TitledBorder =  https://docs.oracle.com/javase/7/docs/api/javax/swing/border/TitledBorder.html
Tool =  https://docs.oracle.com/javase/7/docs/api/javax/tools/Tool.html
ToolBarUI =  https://docs.oracle.com/javase/7/docs/api/javax/swing/plaf/ToolBarUI.html
Toolkit =  https://docs.oracle.com/javase/7/docs/api/java/awt/Toolkit.html
ToolProvider =  https://docs.oracle.com/javase/7/docs/api/javax/tools/ToolProvider.html
ToolTipManager =  https://docs.oracle.com/javase/7/docs/api/javax/swing/ToolTipManager.html
ToolTipUI =  https://docs.oracle.com/javase/7/docs/api/javax/swing/plaf/ToolTipUI.html
TooManyListenersException =  https://docs.oracle.com/javase/7/docs/api/java/util/TooManyListenersException.html
Track =  https://docs.oracle.com/javase/7/docs/api/javax/sound/midi/Track.html
TRANSACTION_MODE =  https://docs.oracle.com/javase/7/docs/api/org/omg/CORBA/TRANSACTION_MODE.html
TRANSACTION_REQUIRED =  https://docs.oracle.com/javase/7/docs/api/org/omg/CORBA/TRANSACTION_REQUIRED.html
TRANSACTION_ROLLEDBACK =  https://docs.oracle.com/javase/7/docs/api/org/omg/CORBA/TRANSACTION_ROLLEDBACK.html
TRANSACTION_UNAVAILABLE =  https://docs.oracle.com/javase/7/docs/api/org/omg/CORBA/TRANSACTION_UNAVAILABLE.html
TransactionalWriter =  https://docs.oracle.com/javase/7/docs/api/javax/sql/rowset/spi/TransactionalWriter.html
TransactionRequiredException =  https://docs.oracle.com/javase/7/docs/api/javax/transaction/TransactionRequiredException.html
TransactionRolledbackException =  https://docs.oracle.com/javase/7/docs/api/javax/transaction/TransactionRolledbackException.html
TransactionService =  https://docs.oracle.com/javase/7/docs/api/org/omg/IOP/TransactionService.html
Transferable =  https://docs.oracle.com/javase/7/docs/api/java/awt/datatransfer/Transferable.html
TransferHandler =  https://docs.oracle.com/javase/7/docs/api/javax/swing/TransferHandler.html
TransferHandler.DropLocation =  https://docs.oracle.com/javase/7/docs/api/javax/swing/TransferHandler.DropLocation.html
TransferHandler.TransferSupport =  https://docs.oracle.com/javase/7/docs/api/javax/swing/TransferHandler.TransferSupport.html
TransferQueue =  https://docs.oracle.com/javase/7/docs/api/java/util/concurrent/TransferQueue.html
Transform =  https://docs.oracle.com/javase/7/docs/api/javax/xml/crypto/dsig/Transform.html
TransformAttribute =  https://docs.oracle.com/javase/7/docs/api/java/awt/font/TransformAttribute.html
Transformer =  https://docs.oracle.com/javase/7/docs/api/javax/xml/transform/Transformer.html
TransformerConfigurationException =  https://docs.oracle.com/javase/7/docs/api/javax/xml/transform/TransformerConfigurationException.html
TransformerException =  https://docs.oracle.com/javase/7/docs/api/javax/xml/transform/TransformerException.html
TransformerFactory =  https://docs.oracle.com/javase/7/docs/api/javax/xml/transform/TransformerFactory.html
TransformerFactoryConfigurationError =  https://docs.oracle.com/javase/7/docs/api/javax/xml/transform/TransformerFactoryConfigurationError.html
TransformerHandler =  https://docs.oracle.com/javase/7/docs/api/javax/xml/transform/sax/TransformerHandler.html
TransformException =  https://docs.oracle.com/javase/7/docs/api/javax/xml/crypto/dsig/TransformException.html
TransformParameterSpec =  https://docs.oracle.com/javase/7/docs/api/javax/xml/crypto/dsig/spec/TransformParameterSpec.html
TransformService =  https://docs.oracle.com/javase/7/docs/api/javax/xml/crypto/dsig/TransformService.html
Transient =  https://docs.oracle.com/javase/7/docs/api/java/beans/Transient.html
TRANSIENT =  https://docs.oracle.com/javase/7/docs/api/org/omg/CORBA/TRANSIENT.html
Transmitter =  https://docs.oracle.com/javase/7/docs/api/javax/sound/midi/Transmitter.html
Transparency =  https://docs.oracle.com/javase/7/docs/api/java/awt/Transparency.html
TRANSPORT_RETRY =  https://docs.oracle.com/javase/7/docs/api/org/omg/PortableInterceptor/TRANSPORT_RETRY.html
TrayIcon =  https://docs.oracle.com/javase/7/docs/api/java/awt/TrayIcon.html
TrayIcon.MessageType =  https://docs.oracle.com/javase/7/docs/api/java/awt/TrayIcon.MessageType.html
TreeCellEditor =  https://docs.oracle.com/javase/7/docs/api/javax/swing/tree/TreeCellEditor.html
TreeCellRenderer =  https://docs.oracle.com/javase/7/docs/api/javax/swing/tree/TreeCellRenderer.html
TreeExpansionEvent =  https://docs.oracle.com/javase/7/docs/api/javax/swing/event/TreeExpansionEvent.html
TreeExpansionListener =  https://docs.oracle.com/javase/7/docs/api/javax/swing/event/TreeExpansionListener.html
TreeMap =  https://docs.oracle.com/javase/7/docs/api/java/util/TreeMap.html
TreeModel =  https://docs.oracle.com/javase/7/docs/api/javax/swing/tree/TreeModel.html
TreeModelEvent =  https://docs.oracle.com/javase/7/docs/api/javax/swing/event/TreeModelEvent.html
TreeModelListener =  https://docs.oracle.com/javase/7/docs/api/javax/swing/event/TreeModelListener.html
TreeNode =  https://docs.oracle.com/javase/7/docs/api/javax/swing/tree/TreeNode.html
TreePath =  https://docs.oracle.com/javase/7/docs/api/javax/swing/tree/TreePath.html
TreeSelectionEvent =  https://docs.oracle.com/javase/7/docs/api/javax/swing/event/TreeSelectionEvent.html
TreeSelectionListener =  https://docs.oracle.com/javase/7/docs/api/javax/swing/event/TreeSelectionListener.html
TreeSelectionModel =  https://docs.oracle.com/javase/7/docs/api/javax/swing/tree/TreeSelectionModel.html
TreeSet =  https://docs.oracle.com/javase/7/docs/api/java/util/TreeSet.html
TreeUI =  https://docs.oracle.com/javase/7/docs/api/javax/swing/plaf/TreeUI.html
TreeWillExpandListener =  https://docs.oracle.com/javase/7/docs/api/javax/swing/event/TreeWillExpandListener.html
TrustAnchor =  https://docs.oracle.com/javase/7/docs/api/java/security/cert/TrustAnchor.html
TrustManager =  https://docs.oracle.com/javase/7/docs/api/javax/net/ssl/TrustManager.html
TrustManagerFactory =  https://docs.oracle.com/javase/7/docs/api/javax/net/ssl/TrustManagerFactory.html
TrustManagerFactorySpi =  https://docs.oracle.com/javase/7/docs/api/javax/net/ssl/TrustManagerFactorySpi.html
Type =  https://docs.oracle.com/javase/7/docs/api/java/lang/reflect/Type.html
TypeCode =  https://docs.oracle.com/javase/7/docs/api/org/omg/CORBA/TypeCode.html
TypeCodeHolder =  https://docs.oracle.com/javase/7/docs/api/org/omg/CORBA/TypeCodeHolder.html
TypeConstraintException =  https://docs.oracle.com/javase/7/docs/api/javax/xml/bind/TypeConstraintException.html
TypeElement =  https://docs.oracle.com/javase/7/docs/api/javax/lang/model/element/TypeElement.html
TypeInfo =  https://docs.oracle.com/javase/7/docs/api/org/w3c/dom/TypeInfo.html
TypeInfoProvider =  https://docs.oracle.com/javase/7/docs/api/javax/xml/validation/TypeInfoProvider.html
TypeKind =  https://docs.oracle.com/javase/7/docs/api/javax/lang/model/type/TypeKind.html
TypeKindVisitor6 =  https://docs.oracle.com/javase/7/docs/api/javax/lang/model/util/TypeKindVisitor6.html
TypeKindVisitor7 =  https://docs.oracle.com/javase/7/docs/api/javax/lang/model/util/TypeKindVisitor7.html
TypeMirror =  https://docs.oracle.com/javase/7/docs/api/javax/lang/model/type/TypeMirror.html
TypeMismatch =  https://docs.oracle.com/javase/7/docs/api/org/omg/CORBA/DynAnyPackage/TypeMismatch.html
TypeMismatch =  https://docs.oracle.com/javase/7/docs/api/org/omg/DynamicAny/DynAnyPackage/TypeMismatch.html
TypeMismatch =  https://docs.oracle.com/javase/7/docs/api/org/omg/IOP/CodecPackage/TypeMismatch.html
TypeMismatchHelper =  https://docs.oracle.com/javase/7/docs/api/org/omg/DynamicAny/DynAnyPackage/TypeMismatchHelper.html
TypeMismatchHelper =  https://docs.oracle.com/javase/7/docs/api/org/omg/IOP/CodecPackage/TypeMismatchHelper.html
TypeNotPresentException =  https://docs.oracle.com/javase/7/docs/api/java/lang/TypeNotPresentException.html
TypeParameterElement =  https://docs.oracle.com/javase/7/docs/api/javax/lang/model/element/TypeParameterElement.html
Types =  https://docs.oracle.com/javase/7/docs/api/java/sql/Types.html
Types =  https://docs.oracle.com/javase/7/docs/api/javax/lang/model/util/Types.html
TypeVariable =  https://docs.oracle.com/javase/7/docs/api/java/lang/reflect/TypeVariable.html
TypeVariable =  https://docs.oracle.com/javase/7/docs/api/javax/lang/model/type/TypeVariable.html
TypeVisitor =  https://docs.oracle.com/javase/7/docs/api/javax/lang/model/type/TypeVisitor.html
UID =  https://docs.oracle.com/javase/7/docs/api/java/rmi/server/UID.html
UIDefaults =  https://docs.oracle.com/javase/7/docs/api/javax/swing/UIDefaults.html
UIDefaults.ActiveValue =  https://docs.oracle.com/javase/7/docs/api/javax/swing/UIDefaults.ActiveValue.html
UIDefaults.LazyInputMap =  https://docs.oracle.com/javase/7/docs/api/javax/swing/UIDefaults.LazyInputMap.html
UIDefaults.LazyValue =  https://docs.oracle.com/javase/7/docs/api/javax/swing/UIDefaults.LazyValue.html
UIDefaults.ProxyLazyValue =  https://docs.oracle.com/javase/7/docs/api/javax/swing/UIDefaults.ProxyLazyValue.html
UIEvent =  https://docs.oracle.com/javase/7/docs/api/org/w3c/dom/events/UIEvent.html
UIManager =  https://docs.oracle.com/javase/7/docs/api/javax/swing/UIManager.html
UIManager.LookAndFeelInfo =  https://docs.oracle.com/javase/7/docs/api/javax/swing/UIManager.LookAndFeelInfo.html
UIResource =  https://docs.oracle.com/javase/7/docs/api/javax/swing/plaf/UIResource.html
ULongLongSeqHelper =  https://docs.oracle.com/javase/7/docs/api/org/omg/CORBA/ULongLongSeqHelper.html
ULongLongSeqHolder =  https://docs.oracle.com/javase/7/docs/api/org/omg/CORBA/ULongLongSeqHolder.html
ULongSeqHelper =  https://docs.oracle.com/javase/7/docs/api/org/omg/CORBA/ULongSeqHelper.html
ULongSeqHolder =  https://docs.oracle.com/javase/7/docs/api/org/omg/CORBA/ULongSeqHolder.html
UndeclaredThrowableException =  https://docs.oracle.com/javase/7/docs/api/java/lang/reflect/UndeclaredThrowableException.html
UndoableEdit =  https://docs.oracle.com/javase/7/docs/api/javax/swing/undo/UndoableEdit.html
UndoableEditEvent =  https://docs.oracle.com/javase/7/docs/api/javax/swing/event/UndoableEditEvent.html
UndoableEditListener =  https://docs.oracle.com/javase/7/docs/api/javax/swing/event/UndoableEditListener.html
UndoableEditSupport =  https://docs.oracle.com/javase/7/docs/api/javax/swing/undo/UndoableEditSupport.html
UndoManager =  https://docs.oracle.com/javase/7/docs/api/javax/swing/undo/UndoManager.html
UnexpectedException =  https://docs.oracle.com/javase/7/docs/api/java/rmi/UnexpectedException.html
UnicastRemoteObject =  https://docs.oracle.com/javase/7/docs/api/java/rmi/server/UnicastRemoteObject.html
UnionMember =  https://docs.oracle.com/javase/7/docs/api/org/omg/CORBA/UnionMember.html
UnionMemberHelper =  https://docs.oracle.com/javase/7/docs/api/org/omg/CORBA/UnionMemberHelper.html
UnionType =  https://docs.oracle.com/javase/7/docs/api/javax/lang/model/type/UnionType.html
UNKNOWN =  https://docs.oracle.com/javase/7/docs/api/org/omg/CORBA/UNKNOWN.html
UNKNOWN =  https://docs.oracle.com/javase/7/docs/api/org/omg/PortableInterceptor/UNKNOWN.html
UnknownAnnotationValueException =  https://docs.oracle.com/javase/7/docs/api/javax/lang/model/element/UnknownAnnotationValueException.html
UnknownElementException =  https://docs.oracle.com/javase/7/docs/api/javax/lang/model/element/UnknownElementException.html
UnknownEncoding =  https://docs.oracle.com/javase/7/docs/api/org/omg/IOP/CodecFactoryPackage/UnknownEncoding.html
UnknownEncodingHelper =  https://docs.oracle.com/javase/7/docs/api/org/omg/IOP/CodecFactoryPackage/UnknownEncodingHelper.html
UnknownEntityException =  https://docs.oracle.com/javase/7/docs/api/javax/lang/model/UnknownEntityException.html
UnknownError =  https://docs.oracle.com/javase/7/docs/api/java/lang/UnknownError.html
UnknownException =  https://docs.oracle.com/javase/7/docs/api/org/omg/CORBA/portable/UnknownException.html
UnknownFormatConversionException =  https://docs.oracle.com/javase/7/docs/api/java/util/UnknownFormatConversionException.html
UnknownFormatFlagsException =  https://docs.oracle.com/javase/7/docs/api/java/util/UnknownFormatFlagsException.html
UnknownGroupException =  https://docs.oracle.com/javase/7/docs/api/java/rmi/activation/UnknownGroupException.html
UnknownHostException =  https://docs.oracle.com/javase/7/docs/api/java/net/UnknownHostException.html
UnknownHostException =  https://docs.oracle.com/javase/7/docs/api/java/rmi/UnknownHostException.html
UnknownObjectException =  https://docs.oracle.com/javase/7/docs/api/java/rmi/activation/UnknownObjectException.html
UnknownServiceException =  https://docs.oracle.com/javase/7/docs/api/java/net/UnknownServiceException.html
UnknownTypeException =  https://docs.oracle.com/javase/7/docs/api/javax/lang/model/type/UnknownTypeException.html
UnknownUserException =  https://docs.oracle.com/javase/7/docs/api/org/omg/CORBA/UnknownUserException.html
UnknownUserExceptionHelper =  https://docs.oracle.com/javase/7/docs/api/org/omg/CORBA/UnknownUserExceptionHelper.html
UnknownUserExceptionHolder =  https://docs.oracle.com/javase/7/docs/api/org/omg/CORBA/UnknownUserExceptionHolder.html
UnmappableCharacterException =  https://docs.oracle.com/javase/7/docs/api/java/nio/charset/UnmappableCharacterException.html
UnmarshalException =  https://docs.oracle.com/javase/7/docs/api/java/rmi/UnmarshalException.html
UnmarshalException =  https://docs.oracle.com/javase/7/docs/api/javax/xml/bind/UnmarshalException.html
Unmarshaller =  https://docs.oracle.com/javase/7/docs/api/javax/xml/bind/Unmarshaller.html
Unmarshaller.Listener =  https://docs.oracle.com/javase/7/docs/api/javax/xml/bind/Unmarshaller.Listener.html
UnmarshallerHandler =  https://docs.oracle.com/javase/7/docs/api/javax/xml/bind/UnmarshallerHandler.html
UnmodifiableClassException =  https://docs.oracle.com/javase/7/docs/api/java/lang/instrument/UnmodifiableClassException.html
UnmodifiableSetException =  https://docs.oracle.com/javase/7/docs/api/javax/print/attribute/UnmodifiableSetException.html
UnrecoverableEntryException =  https://docs.oracle.com/javase/7/docs/api/java/security/UnrecoverableEntryException.html
UnrecoverableKeyException =  https://docs.oracle.com/javase/7/docs/api/java/security/UnrecoverableKeyException.html
Unreferenced =  https://docs.oracle.com/javase/7/docs/api/java/rmi/server/Unreferenced.html
UnresolvedAddressException =  https://docs.oracle.com/javase/7/docs/api/java/nio/channels/UnresolvedAddressException.html
UnresolvedPermission =  https://docs.oracle.com/javase/7/docs/api/java/security/UnresolvedPermission.html
UnsatisfiedLinkError =  https://docs.oracle.com/javase/7/docs/api/java/lang/UnsatisfiedLinkError.html
UnsolicitedNotification =  https://docs.oracle.com/javase/7/docs/api/javax/naming/ldap/UnsolicitedNotification.html
UnsolicitedNotificationEvent =  https://docs.oracle.com/javase/7/docs/api/javax/naming/ldap/UnsolicitedNotificationEvent.html
UnsolicitedNotificationListener =  https://docs.oracle.com/javase/7/docs/api/javax/naming/ldap/UnsolicitedNotificationListener.html
UNSUPPORTED_POLICY =  https://docs.oracle.com/javase/7/docs/api/org/omg/CORBA/UNSUPPORTED_POLICY.html
UNSUPPORTED_POLICY_VALUE =  https://docs.oracle.com/javase/7/docs/api/org/omg/CORBA/UNSUPPORTED_POLICY_VALUE.html
UnsupportedAddressTypeException =  https://docs.oracle.com/javase/7/docs/api/java/nio/channels/UnsupportedAddressTypeException.html
UnsupportedAudioFileException =  https://docs.oracle.com/javase/7/docs/api/javax/sound/sampled/UnsupportedAudioFileException.html
UnsupportedCallbackException =  https://docs.oracle.com/javase/7/docs/api/javax/security/auth/callback/UnsupportedCallbackException.html
UnsupportedCharsetException =  https://docs.oracle.com/javase/7/docs/api/java/nio/charset/UnsupportedCharsetException.html
UnsupportedClassVersionError =  https://docs.oracle.com/javase/7/docs/api/java/lang/UnsupportedClassVersionError.html
UnsupportedDataTypeException =  https://docs.oracle.com/javase/7/docs/api/javax/activation/UnsupportedDataTypeException.html
UnsupportedEncodingException =  https://docs.oracle.com/javase/7/docs/api/java/io/UnsupportedEncodingException.html
UnsupportedFlavorException =  https://docs.oracle.com/javase/7/docs/api/java/awt/datatransfer/UnsupportedFlavorException.html
UnsupportedLookAndFeelException =  https://docs.oracle.com/javase/7/docs/api/javax/swing/UnsupportedLookAndFeelException.html
UnsupportedOperationException =  https://docs.oracle.com/javase/7/docs/api/java/lang/UnsupportedOperationException.html
URI =  https://docs.oracle.com/javase/7/docs/api/java/net/URI.html
URIDereferencer =  https://docs.oracle.com/javase/7/docs/api/javax/xml/crypto/URIDereferencer.html
URIException =  https://docs.oracle.com/javase/7/docs/api/javax/print/URIException.html
URIParameter =  https://docs.oracle.com/javase/7/docs/api/java/security/URIParameter.html
URIReference =  https://docs.oracle.com/javase/7/docs/api/javax/xml/crypto/URIReference.html
URIReferenceException =  https://docs.oracle.com/javase/7/docs/api/javax/xml/crypto/URIReferenceException.html
URIResolver =  https://docs.oracle.com/javase/7/docs/api/javax/xml/transform/URIResolver.html
URISyntax =  https://docs.oracle.com/javase/7/docs/api/javax/print/attribute/URISyntax.html
URISyntaxException =  https://docs.oracle.com/javase/7/docs/api/java/net/URISyntaxException.html
URL =  https://docs.oracle.com/javase/7/docs/api/java/net/URL.html
URLClassLoader =  https://docs.oracle.com/javase/7/docs/api/java/net/URLClassLoader.html
URLConnection =  https://docs.oracle.com/javase/7/docs/api/java/net/URLConnection.html
URLDataSource =  https://docs.oracle.com/javase/7/docs/api/javax/activation/URLDataSource.html
URLDecoder =  https://docs.oracle.com/javase/7/docs/api/java/net/URLDecoder.html
URLEncoder =  https://docs.oracle.com/javase/7/docs/api/java/net/URLEncoder.html
URLStreamHandler =  https://docs.oracle.com/javase/7/docs/api/java/net/URLStreamHandler.html
URLStreamHandlerFactory =  https://docs.oracle.com/javase/7/docs/api/java/net/URLStreamHandlerFactory.html
URLStringHelper =  https://docs.oracle.com/javase/7/docs/api/org/omg/CosNaming/NamingContextExtPackage/URLStringHelper.html
USER_EXCEPTION =  https://docs.oracle.com/javase/7/docs/api/org/omg/PortableInterceptor/USER_EXCEPTION.html
UserDataHandler =  https://docs.oracle.com/javase/7/docs/api/org/w3c/dom/UserDataHandler.html
UserDefinedFileAttributeView =  https://docs.oracle.com/javase/7/docs/api/java/nio/file/attribute/UserDefinedFileAttributeView.html
UserException =  https://docs.oracle.com/javase/7/docs/api/org/omg/CORBA/UserException.html
UserPrincipal =  https://docs.oracle.com/javase/7/docs/api/java/nio/file/attribute/UserPrincipal.html
UserPrincipalLookupService =  https://docs.oracle.com/javase/7/docs/api/java/nio/file/attribute/UserPrincipalLookupService.html
UserPrincipalNotFoundException =  https://docs.oracle.com/javase/7/docs/api/java/nio/file/attribute/UserPrincipalNotFoundException.html
UShortSeqHelper =  https://docs.oracle.com/javase/7/docs/api/org/omg/CORBA/UShortSeqHelper.html
UShortSeqHolder =  https://docs.oracle.com/javase/7/docs/api/org/omg/CORBA/UShortSeqHolder.html
UTFDataFormatException =  https://docs.oracle.com/javase/7/docs/api/java/io/UTFDataFormatException.html
Util =  https://docs.oracle.com/javase/7/docs/api/javax/rmi/CORBA/Util.html
UtilDelegate =  https://docs.oracle.com/javase/7/docs/api/javax/rmi/CORBA/UtilDelegate.html
Utilities =  https://docs.oracle.com/javase/7/docs/api/javax/swing/text/Utilities.html
UUID =  https://docs.oracle.com/javase/7/docs/api/java/util/UUID.html
ValidationEvent =  https://docs.oracle.com/javase/7/docs/api/javax/xml/bind/ValidationEvent.html
ValidationEventCollector =  https://docs.oracle.com/javase/7/docs/api/javax/xml/bind/util/ValidationEventCollector.html
ValidationEventHandler =  https://docs.oracle.com/javase/7/docs/api/javax/xml/bind/ValidationEventHandler.html
ValidationEventImpl =  https://docs.oracle.com/javase/7/docs/api/javax/xml/bind/helpers/ValidationEventImpl.html
ValidationEventLocator =  https://docs.oracle.com/javase/7/docs/api/javax/xml/bind/ValidationEventLocator.html
ValidationEventLocatorImpl =  https://docs.oracle.com/javase/7/docs/api/javax/xml/bind/helpers/ValidationEventLocatorImpl.html
ValidationException =  https://docs.oracle.com/javase/7/docs/api/javax/xml/bind/ValidationException.html
Validator =  https://docs.oracle.com/javase/7/docs/api/javax/xml/bind/Validator.html
Validator =  https://docs.oracle.com/javase/7/docs/api/javax/xml/validation/Validator.html
ValidatorHandler =  https://docs.oracle.com/javase/7/docs/api/javax/xml/validation/ValidatorHandler.html
ValueBase =  https://docs.oracle.com/javase/7/docs/api/org/omg/CORBA/portable/ValueBase.html
ValueBaseHelper =  https://docs.oracle.com/javase/7/docs/api/org/omg/CORBA/ValueBaseHelper.html
ValueBaseHolder =  https://docs.oracle.com/javase/7/docs/api/org/omg/CORBA/ValueBaseHolder.html
ValueExp =  https://docs.oracle.com/javase/7/docs/api/javax/management/ValueExp.html
ValueFactory =  https://docs.oracle.com/javase/7/docs/api/org/omg/CORBA/portable/ValueFactory.html
ValueHandler =  https://docs.oracle.com/javase/7/docs/api/javax/rmi/CORBA/ValueHandler.html
ValueHandlerMultiFormat =  https://docs.oracle.com/javase/7/docs/api/javax/rmi/CORBA/ValueHandlerMultiFormat.html
ValueInputStream =  https://docs.oracle.com/javase/7/docs/api/org/omg/CORBA/portable/ValueInputStream.html
ValueMember =  https://docs.oracle.com/javase/7/docs/api/org/omg/CORBA/ValueMember.html
ValueMemberHelper =  https://docs.oracle.com/javase/7/docs/api/org/omg/CORBA/ValueMemberHelper.html
ValueOutputStream =  https://docs.oracle.com/javase/7/docs/api/org/omg/CORBA/portable/ValueOutputStream.html
VariableElement =  https://docs.oracle.com/javase/7/docs/api/javax/lang/model/element/VariableElement.html
VariableHeightLayoutCache =  https://docs.oracle.com/javase/7/docs/api/javax/swing/tree/VariableHeightLayoutCache.html
Vector =  https://docs.oracle.com/javase/7/docs/api/java/util/Vector.html
VerifyError =  https://docs.oracle.com/javase/7/docs/api/java/lang/VerifyError.html
VersionSpecHelper =  https://docs.oracle.com/javase/7/docs/api/org/omg/CORBA/VersionSpecHelper.html
VetoableChangeListener =  https://docs.oracle.com/javase/7/docs/api/java/beans/VetoableChangeListener.html
VetoableChangeListenerProxy =  https://docs.oracle.com/javase/7/docs/api/java/beans/VetoableChangeListenerProxy.html
VetoableChangeSupport =  https://docs.oracle.com/javase/7/docs/api/java/beans/VetoableChangeSupport.html
View =  https://docs.oracle.com/javase/7/docs/api/javax/swing/text/View.html
ViewFactory =  https://docs.oracle.com/javase/7/docs/api/javax/swing/text/ViewFactory.html
ViewportLayout =  https://docs.oracle.com/javase/7/docs/api/javax/swing/ViewportLayout.html
ViewportUI =  https://docs.oracle.com/javase/7/docs/api/javax/swing/plaf/ViewportUI.html
VirtualMachineError =  https://docs.oracle.com/javase/7/docs/api/java/lang/VirtualMachineError.html
Visibility =  https://docs.oracle.com/javase/7/docs/api/java/beans/Visibility.html
VisibilityHelper =  https://docs.oracle.com/javase/7/docs/api/org/omg/CORBA/VisibilityHelper.html
VM_ABSTRACT =  https://docs.oracle.com/javase/7/docs/api/org/omg/CORBA/VM_ABSTRACT.html
VM_CUSTOM =  https://docs.oracle.com/javase/7/docs/api/org/omg/CORBA/VM_CUSTOM.html
VM_NONE =  https://docs.oracle.com/javase/7/docs/api/org/omg/CORBA/VM_NONE.html
VM_TRUNCATABLE =  https://docs.oracle.com/javase/7/docs/api/org/omg/CORBA/VM_TRUNCATABLE.html
VMID =  https://docs.oracle.com/javase/7/docs/api/java/rmi/dgc/VMID.html
VoiceStatus =  https://docs.oracle.com/javase/7/docs/api/javax/sound/midi/VoiceStatus.html
Void =  https://docs.oracle.com/javase/7/docs/api/java/lang/Void.html
VolatileCallSite =  https://docs.oracle.com/javase/7/docs/api/java/lang/invoke/VolatileCallSite.html
VolatileImage =  https://docs.oracle.com/javase/7/docs/api/java/awt/image/VolatileImage.html
W3CDomHandler =  https://docs.oracle.com/javase/7/docs/api/javax/xml/bind/annotation/W3CDomHandler.html
W3CEndpointReference =  https://docs.oracle.com/javase/7/docs/api/javax/xml/ws/wsaddressing/W3CEndpointReference.html
W3CEndpointReferenceBuilder =  https://docs.oracle.com/javase/7/docs/api/javax/xml/ws/wsaddressing/W3CEndpointReferenceBuilder.html
Watchable =  https://docs.oracle.com/javase/7/docs/api/java/nio/file/Watchable.html
WatchEvent =  https://docs.oracle.com/javase/7/docs/api/java/nio/file/WatchEvent.html
WatchEvent.Kind =  https://docs.oracle.com/javase/7/docs/api/java/nio/file/WatchEvent.Kind.html
WatchEvent.Modifier =  https://docs.oracle.com/javase/7/docs/api/java/nio/file/WatchEvent.Modifier.html
WatchKey =  https://docs.oracle.com/javase/7/docs/api/java/nio/file/WatchKey.html
WatchService =  https://docs.oracle.com/javase/7/docs/api/java/nio/file/WatchService.html
WCharSeqHelper =  https://docs.oracle.com/javase/7/docs/api/org/omg/CORBA/WCharSeqHelper.html
WCharSeqHolder =  https://docs.oracle.com/javase/7/docs/api/org/omg/CORBA/WCharSeqHolder.html
WeakHashMap =  https://docs.oracle.com/javase/7/docs/api/java/util/WeakHashMap.html
WeakReference =  https://docs.oracle.com/javase/7/docs/api/java/lang/ref/WeakReference.html
WebEndpoint =  https://docs.oracle.com/javase/7/docs/api/javax/xml/ws/WebEndpoint.html
WebFault =  https://docs.oracle.com/javase/7/docs/api/javax/xml/ws/WebFault.html
WebMethod =  https://docs.oracle.com/javase/7/docs/api/javax/jws/WebMethod.html
WebParam =  https://docs.oracle.com/javase/7/docs/api/javax/jws/WebParam.html
WebParam.Mode =  https://docs.oracle.com/javase/7/docs/api/javax/jws/WebParam.Mode.html
WebResult =  https://docs.oracle.com/javase/7/docs/api/javax/jws/WebResult.html
WebRowSet =  https://docs.oracle.com/javase/7/docs/api/javax/sql/rowset/WebRowSet.html
WebService =  https://docs.oracle.com/javase/7/docs/api/javax/jws/WebService.html
WebServiceClient =  https://docs.oracle.com/javase/7/docs/api/javax/xml/ws/WebServiceClient.html
WebServiceContext =  https://docs.oracle.com/javase/7/docs/api/javax/xml/ws/WebServiceContext.html
WebServiceException =  https://docs.oracle.com/javase/7/docs/api/javax/xml/ws/WebServiceException.html
WebServiceFeature =  https://docs.oracle.com/javase/7/docs/api/javax/xml/ws/WebServiceFeature.html
WebServiceFeatureAnnotation =  https://docs.oracle.com/javase/7/docs/api/javax/xml/ws/spi/WebServiceFeatureAnnotation.html
WebServicePermission =  https://docs.oracle.com/javase/7/docs/api/javax/xml/ws/WebServicePermission.html
WebServiceProvider =  https://docs.oracle.com/javase/7/docs/api/javax/xml/ws/WebServiceProvider.html
WebServiceRef =  https://docs.oracle.com/javase/7/docs/api/javax/xml/ws/WebServiceRef.html
WebServiceRefs =  https://docs.oracle.com/javase/7/docs/api/javax/xml/ws/WebServiceRefs.html
WildcardType =  https://docs.oracle.com/javase/7/docs/api/java/lang/reflect/WildcardType.html
WildcardType =  https://docs.oracle.com/javase/7/docs/api/javax/lang/model/type/WildcardType.html
Window =  https://docs.oracle.com/javase/7/docs/api/java/awt/Window.html
Window.Type =  https://docs.oracle.com/javase/7/docs/api/java/awt/Window.Type.html
WindowAdapter =  https://docs.oracle.com/javase/7/docs/api/java/awt/event/WindowAdapter.html
WindowConstants =  https://docs.oracle.com/javase/7/docs/api/javax/swing/WindowConstants.html
WindowEvent =  https://docs.oracle.com/javase/7/docs/api/java/awt/event/WindowEvent.html
WindowFocusListener =  https://docs.oracle.com/javase/7/docs/api/java/awt/event/WindowFocusListener.html
WindowListener =  https://docs.oracle.com/javase/7/docs/api/java/awt/event/WindowListener.html
WindowStateListener =  https://docs.oracle.com/javase/7/docs/api/java/awt/event/WindowStateListener.html
WrappedPlainView =  https://docs.oracle.com/javase/7/docs/api/javax/swing/text/WrappedPlainView.html
Wrapper =  https://docs.oracle.com/javase/7/docs/api/java/sql/Wrapper.html
WritableByteChannel =  https://docs.oracle.com/javase/7/docs/api/java/nio/channels/WritableByteChannel.html
WritableRaster =  https://docs.oracle.com/javase/7/docs/api/java/awt/image/WritableRaster.html
WritableRenderedImage =  https://docs.oracle.com/javase/7/docs/api/java/awt/image/WritableRenderedImage.html
WriteAbortedException =  https://docs.oracle.com/javase/7/docs/api/java/io/WriteAbortedException.html
WritePendingException =  https://docs.oracle.com/javase/7/docs/api/java/nio/channels/WritePendingException.html
Writer =  https://docs.oracle.com/javase/7/docs/api/java/io/Writer.html
WrongAdapter =  https://docs.oracle.com/javase/7/docs/api/org/omg/PortableServer/POAPackage/WrongAdapter.html
WrongAdapterHelper =  https://docs.oracle.com/javase/7/docs/api/org/omg/PortableServer/POAPackage/WrongAdapterHelper.html
WrongMethodTypeException =  https://docs.oracle.com/javase/7/docs/api/java/lang/invoke/WrongMethodTypeException.html
WrongPolicy =  https://docs.oracle.com/javase/7/docs/api/org/omg/PortableServer/POAPackage/WrongPolicy.html
WrongPolicyHelper =  https://docs.oracle.com/javase/7/docs/api/org/omg/PortableServer/POAPackage/WrongPolicyHelper.html
WrongTransaction =  https://docs.oracle.com/javase/7/docs/api/org/omg/CORBA/WrongTransaction.html
WrongTransactionHelper =  https://docs.oracle.com/javase/7/docs/api/org/omg/CORBA/WrongTransactionHelper.html
WrongTransactionHolder =  https://docs.oracle.com/javase/7/docs/api/org/omg/CORBA/WrongTransactionHolder.html
WStringSeqHelper =  https://docs.oracle.com/javase/7/docs/api/org/omg/CORBA/WStringSeqHelper.html
WStringSeqHolder =  https://docs.oracle.com/javase/7/docs/api/org/omg/CORBA/WStringSeqHolder.html
WStringValueHelper =  https://docs.oracle.com/javase/7/docs/api/org/omg/CORBA/WStringValueHelper.html
X500Principal =  https://docs.oracle.com/javase/7/docs/api/javax/security/auth/x500/X500Principal.html
X500PrivateCredential =  https://docs.oracle.com/javase/7/docs/api/javax/security/auth/x500/X500PrivateCredential.html
X509Certificate =  https://docs.oracle.com/javase/7/docs/api/java/security/cert/X509Certificate.html
X509Certificate =  https://docs.oracle.com/javase/7/docs/api/javax/security/cert/X509Certificate.html
X509CertSelector =  https://docs.oracle.com/javase/7/docs/api/java/security/cert/X509CertSelector.html
X509CRL =  https://docs.oracle.com/javase/7/docs/api/java/security/cert/X509CRL.html
X509CRLEntry =  https://docs.oracle.com/javase/7/docs/api/java/security/cert/X509CRLEntry.html
X509CRLSelector =  https://docs.oracle.com/javase/7/docs/api/java/security/cert/X509CRLSelector.html
X509Data =  https://docs.oracle.com/javase/7/docs/api/javax/xml/crypto/dsig/keyinfo/X509Data.html
X509EncodedKeySpec =  https://docs.oracle.com/javase/7/docs/api/java/security/spec/X509EncodedKeySpec.html
X509ExtendedKeyManager =  https://docs.oracle.com/javase/7/docs/api/javax/net/ssl/X509ExtendedKeyManager.html
X509ExtendedTrustManager =  https://docs.oracle.com/javase/7/docs/api/javax/net/ssl/X509ExtendedTrustManager.html
X509Extension =  https://docs.oracle.com/javase/7/docs/api/java/security/cert/X509Extension.html
X509IssuerSerial =  https://docs.oracle.com/javase/7/docs/api/javax/xml/crypto/dsig/keyinfo/X509IssuerSerial.html
X509KeyManager =  https://docs.oracle.com/javase/7/docs/api/javax/net/ssl/X509KeyManager.html
X509TrustManager =  https://docs.oracle.com/javase/7/docs/api/javax/net/ssl/X509TrustManager.html
XAConnection =  https://docs.oracle.com/javase/7/docs/api/javax/sql/XAConnection.html
XADataSource =  https://docs.oracle.com/javase/7/docs/api/javax/sql/XADataSource.html
XAException =  https://docs.oracle.com/javase/7/docs/api/javax/transaction/xa/XAException.html
XAResource =  https://docs.oracle.com/javase/7/docs/api/javax/transaction/xa/XAResource.html
Xid =  https://docs.oracle.com/javase/7/docs/api/javax/transaction/xa/Xid.html
XmlAccessOrder =  https://docs.oracle.com/javase/7/docs/api/javax/xml/bind/annotation/XmlAccessOrder.html
XmlAccessorOrder =  https://docs.oracle.com/javase/7/docs/api/javax/xml/bind/annotation/XmlAccessorOrder.html
XmlAccessorType =  https://docs.oracle.com/javase/7/docs/api/javax/xml/bind/annotation/XmlAccessorType.html
XmlAccessType =  https://docs.oracle.com/javase/7/docs/api/javax/xml/bind/annotation/XmlAccessType.html
XmlAdapter =  https://docs.oracle.com/javase/7/docs/api/javax/xml/bind/annotation/adapters/XmlAdapter.html
XmlAnyAttribute =  https://docs.oracle.com/javase/7/docs/api/javax/xml/bind/annotation/XmlAnyAttribute.html
XmlAnyElement =  https://docs.oracle.com/javase/7/docs/api/javax/xml/bind/annotation/XmlAnyElement.html
XmlAttachmentRef =  https://docs.oracle.com/javase/7/docs/api/javax/xml/bind/annotation/XmlAttachmentRef.html
XmlAttribute =  https://docs.oracle.com/javase/7/docs/api/javax/xml/bind/annotation/XmlAttribute.html
XMLConstants =  https://docs.oracle.com/javase/7/docs/api/javax/xml/XMLConstants.html
XMLCryptoContext =  https://docs.oracle.com/javase/7/docs/api/javax/xml/crypto/XMLCryptoContext.html
XMLDecoder =  https://docs.oracle.com/javase/7/docs/api/java/beans/XMLDecoder.html
XmlElement =  https://docs.oracle.com/javase/7/docs/api/javax/xml/bind/annotation/XmlElement.html
XmlElement.DEFAULT =  https://docs.oracle.com/javase/7/docs/api/javax/xml/bind/annotation/XmlElement.DEFAULT.html
XmlElementDecl =  https://docs.oracle.com/javase/7/docs/api/javax/xml/bind/annotation/XmlElementDecl.html
XmlElementDecl.GLOBAL =  https://docs.oracle.com/javase/7/docs/api/javax/xml/bind/annotation/XmlElementDecl.GLOBAL.html
XmlElementRef =  https://docs.oracle.com/javase/7/docs/api/javax/xml/bind/annotation/XmlElementRef.html
XmlElementRef.DEFAULT =  https://docs.oracle.com/javase/7/docs/api/javax/xml/bind/annotation/XmlElementRef.DEFAULT.html
XmlElementRefs =  https://docs.oracle.com/javase/7/docs/api/javax/xml/bind/annotation/XmlElementRefs.html
XmlElements =  https://docs.oracle.com/javase/7/docs/api/javax/xml/bind/annotation/XmlElements.html
XmlElementWrapper =  https://docs.oracle.com/javase/7/docs/api/javax/xml/bind/annotation/XmlElementWrapper.html
XMLEncoder =  https://docs.oracle.com/javase/7/docs/api/java/beans/XMLEncoder.html
XmlEnum =  https://docs.oracle.com/javase/7/docs/api/javax/xml/bind/annotation/XmlEnum.html
XmlEnumValue =  https://docs.oracle.com/javase/7/docs/api/javax/xml/bind/annotation/XmlEnumValue.html
XMLEvent =  https://docs.oracle.com/javase/7/docs/api/javax/xml/stream/events/XMLEvent.html
XMLEventAllocator =  https://docs.oracle.com/javase/7/docs/api/javax/xml/stream/util/XMLEventAllocator.html
XMLEventConsumer =  https://docs.oracle.com/javase/7/docs/api/javax/xml/stream/util/XMLEventConsumer.html
XMLEventFactory =  https://docs.oracle.com/javase/7/docs/api/javax/xml/stream/XMLEventFactory.html
XMLEventReader =  https://docs.oracle.com/javase/7/docs/api/javax/xml/stream/XMLEventReader.html
XMLEventWriter =  https://docs.oracle.com/javase/7/docs/api/javax/xml/stream/XMLEventWriter.html
XMLFilter =  https://docs.oracle.com/javase/7/docs/api/org/xml/sax/XMLFilter.html
XMLFilterImpl =  https://docs.oracle.com/javase/7/docs/api/org/xml/sax/helpers/XMLFilterImpl.html
XMLFormatter =  https://docs.oracle.com/javase/7/docs/api/java/util/logging/XMLFormatter.html
XMLGregorianCalendar =  https://docs.oracle.com/javase/7/docs/api/javax/xml/datatype/XMLGregorianCalendar.html
XmlID =  https://docs.oracle.com/javase/7/docs/api/javax/xml/bind/annotation/XmlID.html
XmlIDREF =  https://docs.oracle.com/javase/7/docs/api/javax/xml/bind/annotation/XmlIDREF.html
XmlInlineBinaryData =  https://docs.oracle.com/javase/7/docs/api/javax/xml/bind/annotation/XmlInlineBinaryData.html
XMLInputFactory =  https://docs.oracle.com/javase/7/docs/api/javax/xml/stream/XMLInputFactory.html
XmlJavaTypeAdapter =  https://docs.oracle.com/javase/7/docs/api/javax/xml/bind/annotation/adapters/XmlJavaTypeAdapter.html
XmlJavaTypeAdapter.DEFAULT =  https://docs.oracle.com/javase/7/docs/api/javax/xml/bind/annotation/adapters/XmlJavaTypeAdapter.DEFAULT.html
XmlJavaTypeAdapters =  https://docs.oracle.com/javase/7/docs/api/javax/xml/bind/annotation/adapters/XmlJavaTypeAdapters.html
XmlList =  https://docs.oracle.com/javase/7/docs/api/javax/xml/bind/annotation/XmlList.html
XmlMimeType =  https://docs.oracle.com/javase/7/docs/api/javax/xml/bind/annotation/XmlMimeType.html
XmlMixed =  https://docs.oracle.com/javase/7/docs/api/javax/xml/bind/annotation/XmlMixed.html
XmlNs =  https://docs.oracle.com/javase/7/docs/api/javax/xml/bind/annotation/XmlNs.html
XmlNsForm =  https://docs.oracle.com/javase/7/docs/api/javax/xml/bind/annotation/XmlNsForm.html
XMLObject =  https://docs.oracle.com/javase/7/docs/api/javax/xml/crypto/dsig/XMLObject.html
XMLOutputFactory =  https://docs.oracle.com/javase/7/docs/api/javax/xml/stream/XMLOutputFactory.html
XMLParseException =  https://docs.oracle.com/javase/7/docs/api/javax/management/modelmbean/XMLParseException.html
XmlReader =  https://docs.oracle.com/javase/7/docs/api/javax/sql/rowset/spi/XmlReader.html
XMLReader =  https://docs.oracle.com/javase/7/docs/api/org/xml/sax/XMLReader.html
XMLReaderAdapter =  https://docs.oracle.com/javase/7/docs/api/org/xml/sax/helpers/XMLReaderAdapter.html
XMLReaderFactory =  https://docs.oracle.com/javase/7/docs/api/org/xml/sax/helpers/XMLReaderFactory.html
XmlRegistry =  https://docs.oracle.com/javase/7/docs/api/javax/xml/bind/annotation/XmlRegistry.html
XMLReporter =  https://docs.oracle.com/javase/7/docs/api/javax/xml/stream/XMLReporter.html
XMLResolver =  https://docs.oracle.com/javase/7/docs/api/javax/xml/stream/XMLResolver.html
XmlRootElement =  https://docs.oracle.com/javase/7/docs/api/javax/xml/bind/annotation/XmlRootElement.html
XmlSchema =  https://docs.oracle.com/javase/7/docs/api/javax/xml/bind/annotation/XmlSchema.html
XmlSchemaType =  https://docs.oracle.com/javase/7/docs/api/javax/xml/bind/annotation/XmlSchemaType.html
XmlSchemaType.DEFAULT =  https://docs.oracle.com/javase/7/docs/api/javax/xml/bind/annotation/XmlSchemaType.DEFAULT.html
XmlSchemaTypes =  https://docs.oracle.com/javase/7/docs/api/javax/xml/bind/annotation/XmlSchemaTypes.html
XmlSeeAlso =  https://docs.oracle.com/javase/7/docs/api/javax/xml/bind/annotation/XmlSeeAlso.html
XMLSignature =  https://docs.oracle.com/javase/7/docs/api/javax/xml/crypto/dsig/XMLSignature.html
XMLSignature.SignatureValue =  https://docs.oracle.com/javase/7/docs/api/javax/xml/crypto/dsig/XMLSignature.SignatureValue.html
XMLSignatureException =  https://docs.oracle.com/javase/7/docs/api/javax/xml/crypto/dsig/XMLSignatureException.html
XMLSignatureFactory =  https://docs.oracle.com/javase/7/docs/api/javax/xml/crypto/dsig/XMLSignatureFactory.html
XMLSignContext =  https://docs.oracle.com/javase/7/docs/api/javax/xml/crypto/dsig/XMLSignContext.html
XMLStreamConstants =  https://docs.oracle.com/javase/7/docs/api/javax/xml/stream/XMLStreamConstants.html
XMLStreamException =  https://docs.oracle.com/javase/7/docs/api/javax/xml/stream/XMLStreamException.html
XMLStreamReader =  https://docs.oracle.com/javase/7/docs/api/javax/xml/stream/XMLStreamReader.html
XMLStreamWriter =  https://docs.oracle.com/javase/7/docs/api/javax/xml/stream/XMLStreamWriter.html
XMLStructure =  https://docs.oracle.com/javase/7/docs/api/javax/xml/crypto/XMLStructure.html
XmlTransient =  https://docs.oracle.com/javase/7/docs/api/javax/xml/bind/annotation/XmlTransient.html
XmlType =  https://docs.oracle.com/javase/7/docs/api/javax/xml/bind/annotation/XmlType.html
XmlType.DEFAULT =  https://docs.oracle.com/javase/7/docs/api/javax/xml/bind/annotation/XmlType.DEFAULT.html
XMLValidateContext =  https://docs.oracle.com/javase/7/docs/api/javax/xml/crypto/dsig/XMLValidateContext.html
XmlValue =  https://docs.oracle.com/javase/7/docs/api/javax/xml/bind/annotation/XmlValue.html
XmlWriter =  https://docs.oracle.com/javase/7/docs/api/javax/sql/rowset/spi/XmlWriter.html
XPath =  https://docs.oracle.com/javase/7/docs/api/javax/xml/xpath/XPath.html
XPathConstants =  https://docs.oracle.com/javase/7/docs/api/javax/xml/xpath/XPathConstants.html
XPathException =  https://docs.oracle.com/javase/7/docs/api/javax/xml/xpath/XPathException.html
XPathExpression =  https://docs.oracle.com/javase/7/docs/api/javax/xml/xpath/XPathExpression.html
XPathExpressionException =  https://docs.oracle.com/javase/7/docs/api/javax/xml/xpath/XPathExpressionException.html
XPathFactory =  https://docs.oracle.com/javase/7/docs/api/javax/xml/xpath/XPathFactory.html
XPathFactoryConfigurationException =  https://docs.oracle.com/javase/7/docs/api/javax/xml/xpath/XPathFactoryConfigurationException.html
XPathFilter2ParameterSpec =  https://docs.oracle.com/javase/7/docs/api/javax/xml/crypto/dsig/spec/XPathFilter2ParameterSpec.html
XPathFilterParameterSpec =  https://docs.oracle.com/javase/7/docs/api/javax/xml/crypto/dsig/spec/XPathFilterParameterSpec.html
XPathFunction =  https://docs.oracle.com/javase/7/docs/api/javax/xml/xpath/XPathFunction.html
XPathFunctionException =  https://docs.oracle.com/javase/7/docs/api/javax/xml/xpath/XPathFunctionException.html
XPathFunctionResolver =  https://docs.oracle.com/javase/7/docs/api/javax/xml/xpath/XPathFunctionResolver.html
XPathType =  https://docs.oracle.com/javase/7/docs/api/javax/xml/crypto/dsig/spec/XPathType.html
XPathType.Filter =  https://docs.oracle.com/javase/7/docs/api/javax/xml/crypto/dsig/spec/XPathType.Filter.html
XPathVariableResolver =  https://docs.oracle.com/javase/7/docs/api/javax/xml/xpath/XPathVariableResolver.html
XSLTTransformParameterSpec =  https://docs.oracle.com/javase/7/docs/api/javax/xml/crypto/dsig/spec/XSLTTransformParameterSpec.html
ZipEntry =  https://docs.oracle.com/javase/7/docs/api/java/util/zip/ZipEntry.html
ZipError =  https://docs.oracle.com/javase/7/docs/api/java/util/zip/ZipError.html
ZipException =  https://docs.oracle.com/javase/7/docs/api/java/util/zip/ZipException.html
ZipFile =  https://docs.oracle.com/javase/7/docs/api/java/util/zip/ZipFile.html
ZipInputStream =  https://docs.oracle.com/javase/7/docs/api/java/util/zip/ZipInputStream.html
ZipOutputStream =  https://docs.oracle.com/javase/7/docs/api/java/util/zip/ZipOutputStream.html
ZoneView =  https://docs.oracle.com/javase/7/docs/api/javax/swing/text/ZoneView.html
_BindingIteratorImplBase =  https://docs.oracle.com/javase/7/docs/api/org/omg/CosNaming/_BindingIteratorImplBase.html
_BindingIteratorStub =  https://docs.oracle.com/javase/7/docs/api/org/omg/CosNaming/_BindingIteratorStub.html
_DynAnyFactoryStub =  https://docs.oracle.com/javase/7/docs/api/org/omg/DynamicAny/_DynAnyFactoryStub.html
_DynAnyStub =  https://docs.oracle.com/javase/7/docs/api/org/omg/DynamicAny/_DynAnyStub.html
_DynArrayStub =  https://docs.oracle.com/javase/7/docs/api/org/omg/DynamicAny/_DynArrayStub.html
_DynEnumStub =  https://docs.oracle.com/javase/7/docs/api/org/omg/DynamicAny/_DynEnumStub.html
_DynFixedStub =  https://docs.oracle.com/javase/7/docs/api/org/omg/DynamicAny/_DynFixedStub.html
_DynSequenceStub =  https://docs.oracle.com/javase/7/docs/api/org/omg/DynamicAny/_DynSequenceStub.html
_DynStructStub =  https://docs.oracle.com/javase/7/docs/api/org/omg/DynamicAny/_DynStructStub.html
_DynUnionStub =  https://docs.oracle.com/javase/7/docs/api/org/omg/DynamicAny/_DynUnionStub.html
_DynValueStub =  https://docs.oracle.com/javase/7/docs/api/org/omg/DynamicAny/_DynValueStub.html
_IDLTypeStub =  https://docs.oracle.com/javase/7/docs/api/org/omg/CORBA/_IDLTypeStub.html
_NamingContextExtStub =  https://docs.oracle.com/javase/7/docs/api/org/omg/CosNaming/_NamingContextExtStub.html
_NamingContextImplBase =  https://docs.oracle.com/javase/7/docs/api/org/omg/CosNaming/_NamingContextImplBase.html
_NamingContextStub =  https://docs.oracle.com/javase/7/docs/api/org/omg/CosNaming/_NamingContextStub.html
_PolicyStub =  https://docs.oracle.com/javase/7/docs/api/org/omg/CORBA/_PolicyStub.html
_Remote_Stub =  https://docs.oracle.com/javase/7/docs/api/org/omg/stub/java/rmi/_Remote_Stub.html
_ServantActivatorStub =  https://docs.oracle.com/javase/7/docs/api/org/omg/PortableServer/_ServantActivatorStub.html
_ServantLocatorStub =  https://docs.oracle.com/javase/7/docs/api/org/omg/PortableServer/_ServantLocatorStub.html
Total number of links: ===4024
----------classFrame--------------------
URL'https://docs.oracle.com/javase/7/docs/api/
java.applet
Provides the classes necessary to create an applet and the classes an applet uses to communicate with its applet context. =  null
java.awt
Contains all of the classes for creating user interfaces and for painting graphics and images. =  null
java.awt.color
Provides classes for color spaces. =  null
java.awt.datatransfer
Provides interfaces and classes for transferring data between and within applications. =  null
java.awt.dnd
Drag and Drop is a direct manipulation gesture found in many Graphical User Interface systems that provides a mechanism to transfer information between two entities logically associated with presentation elements in the GUI. =  null
java.awt.event
Provides interfaces and classes for dealing with different types of events fired by AWT components. =  null
java.awt.font
Provides classes and interface relating to fonts. =  null
java.awt.geom
Provides the Java 2D classes for defining and performing operations on objects related to two-dimensional geometry. =  null
java.awt.im
Provides classes and interfaces for the input method framework. =  null
java.awt.im.spi
Provides interfaces that enable the development of input methods that can be used with any Java runtime environment. =  null
java.awt.image
Provides classes for creating and modifying images. =  null
java.awt.image.renderable
Provides classes and interfaces for producing rendering-independent images. =  null
java.awt.print
Provides classes and interfaces for a general printing API. =  null
java.beans
Contains classes related to developing beans -- components based on the JavaBeans™ architecture. =  null
java.beans.beancontext
Provides classes and interfaces relating to bean context. =  null
java.io
Provides for system input and output through data streams, serialization and the file system. =  null
java.lang
Provides classes that are fundamental to the design of the Java programming language. =  null
java.lang.annotation
Provides library support for the Java programming language annotation facility. =  null
java.lang.instrument
Provides services that allow Java programming language agents to instrument programs running on the JVM. =  null
java.lang.invoke
The java.lang.invoke package contains dynamic language support provided directly by the Java core class libraries and virtual machine. =  null
java.lang.management
Provides the management interfaces for monitoring and management of the Java virtual machine and other components in the Java runtime. =  null
java.lang.ref
Provides reference-object classes, which support a limited degree of interaction with the garbage collector. =  null
java.lang.reflect
Provides classes and interfaces for obtaining reflective information about classes and objects. =  null
java.math
Provides classes for performing arbitrary-precision integer arithmetic (BigInteger) and arbitrary-precision decimal arithmetic (BigDecimal). =  null
java.net
Provides the classes for implementing networking applications. =  null
java.nio
Defines buffers, which are containers for data, and provides an overview of the other NIO packages. =  null
java.nio.channels
Defines channels, which represent connections to entities that are capable of performing I/O operations, such as files and sockets; defines selectors, for multiplexed, non-blocking I/O operations. =  null
java.nio.channels.spi
Service-provider classes for the java.nio.channels package. =  null
java.nio.charset
Defines charsets, decoders, and encoders, for translating between bytes and Unicode characters. =  null
java.nio.charset.spi
Service-provider classes for the java.nio.charset package. =  null
java.nio.file
Defines interfaces and classes for the Java virtual machine to access files, file attributes, and file systems. =  null
java.nio.file.attribute
Interfaces and classes providing access to file and file system attributes. =  null
java.nio.file.spi
Service-provider classes for the java.nio.file package. =  null
java.rmi
Provides the RMI package. =  null
java.rmi.activation
Provides support for RMI Object Activation. =  null
java.rmi.dgc
Provides classes and interface for RMI distributed garbage-collection (DGC). =  null
java.rmi.registry
Provides a class and two interfaces for the RMI registry. =  null
java.rmi.server
Provides classes and interfaces for supporting the server side of RMI. =  null
java.security
Provides the classes and interfaces for the security framework. =  null
java.security.acl
The classes and interfaces in this package have been superseded by classes in the java.security package. =  null
java.security.cert
Provides classes and interfaces for parsing and managing certificates, certificate revocation lists (CRLs), and certification paths. =  null
java.security.interfaces
Provides interfaces for generating RSA (Rivest, Shamir and Adleman AsymmetricCipher algorithm) keys as defined in the RSA Laboratory Technical Note PKCS#1, and DSA (Digital Signature Algorithm) keys as defined in NIST's FIPS-186. =  null
java.security.spec
Provides classes and interfaces for key specifications and algorithm parameter specifications. =  null
java.sql
Provides the API for accessing and processing data stored in a data source (usually a relational database) using the JavaTM programming language. =  null
java.text
Provides classes and interfaces for handling text, dates, numbers, and messages in a manner independent of natural languages. =  null
java.text.spi
Service provider classes for the classes in the java.text package. =  null
java.util
Contains the collections framework, legacy collection classes, event model, date and time facilities, internationalization, and miscellaneous utility classes (a string tokenizer, a random-number generator, and a bit array). =  null
java.util.concurrent
Utility classes commonly useful in concurrent programming. =  null
java.util.concurrent.atomic
A small toolkit of classes that support lock-free thread-safe programming on single variables. =  null
java.util.concurrent.locks
Interfaces and classes providing a framework for locking and waiting for conditions that is distinct from built-in synchronization and monitors. =  null
java.util.jar
Provides classes for reading and writing the JAR (Java ARchive) file format, which is based on the standard ZIP file format with an optional manifest file. =  null
java.util.logging
Provides the classes and interfaces of the JavaTM 2 platform's core logging facilities. =  null
java.util.prefs
This package allows applications to store and retrieve user and system preference and configuration data. =  null
java.util.regex
Classes for matching character sequences against patterns specified by regular expressions. =  null
java.util.spi
Service provider classes for the classes in the java.util package. =  null
java.util.zip
Provides classes for reading and writing the standard ZIP and GZIP file formats. =  null
javax.accessibility
Defines a contract between user-interface components and an assistive technology that provides access to those components. =  null
javax.activation   =  null
javax.activity
Contains Activity service related exceptions thrown by the ORB machinery during unmarshalling. =  null
javax.annotation   =  null
javax.annotation.processing
Facilities for declaring annotation processors and for allowing annotation processors to communicate with an annotation processing tool environment. =  null
javax.crypto
Provides the classes and interfaces for cryptographic operations. =  null
javax.crypto.interfaces
Provides interfaces for Diffie-Hellman keys as defined in RSA Laboratories' PKCS #3. =  null
javax.crypto.spec
Provides classes and interfaces for key specifications and algorithm parameter specifications. =  null
javax.imageio
The main package of the Java Image I/O API. =  null
javax.imageio.event
A package of the Java Image I/O API dealing with synchronous notification of events during the reading and writing of images. =  null
javax.imageio.metadata
A package of the Java Image I/O API dealing with reading and writing metadata. =  null
javax.imageio.plugins.bmp
Package containing the public classes used by the built-in BMP plug-in. =  null
javax.imageio.plugins.jpeg
Classes supporting the built-in JPEG plug-in. =  null
javax.imageio.spi
A package of the Java Image I/O API containing the plug-in interfaces for readers, writers, transcoders, and streams, and a runtime registry. =  null
javax.imageio.stream
A package of the Java Image I/O API dealing with low-level I/O from files and streams. =  null
javax.jws   =  null
javax.jws.soap   =  null
javax.lang.model
Classes and hierarchies of packages used to model the Java programming language. =  null
javax.lang.model.element
Interfaces used to model elements of the Java programming language. =  null
javax.lang.model.type
Interfaces used to model Java programming language types. =  null
javax.lang.model.util
Utilities to assist in the processing of program elements and types. =  null
javax.management
Provides the core classes for the Java Management Extensions. =  null
javax.management.loading
Provides the classes which implement advanced dynamic loading. =  null
javax.management.modelmbean
Provides the definition of the ModelMBean classes. =  null
javax.management.monitor
Provides the definition of the monitor classes. =  null
javax.management.openmbean
Provides the open data types and Open MBean descriptor classes. =  null
javax.management.relation
Provides the definition of the Relation Service. =  null
javax.management.remote
Interfaces for remote access to JMX MBean servers. =  null
javax.management.remote.rmi
The RMI connector is a connector for the JMX Remote API that uses RMI to transmit client requests to a remote MBean server. =  null
javax.management.timer
Provides the definition of the Timer MBean. =  null
javax.naming
Provides the classes and interfaces for accessing naming services. =  null
javax.naming.directory
Extends the javax.naming package to provide functionality for accessing directory services. =  null
javax.naming.event
Provides support for event notification when accessing naming and directory services. =  null
javax.naming.ldap
Provides support for LDAPv3 extended operations and controls. =  null
javax.naming.spi   =  null
javax.net
Provides classes for networking applications. =  null
javax.net.ssl
Provides classes for the secure socket package. =  null
javax.print
Provides the principal classes and interfaces for the JavaTM Print Service API. =  null
javax.print.attribute
Provides classes and interfaces that describe the types of JavaTM Print Service attributes and how they can be collected into attribute sets. =  null
javax.print.attribute.standard
Package javax.print.attribute.standard contains classes for specific printing attributes. =  null
javax.print.event
Package javax.print.event contains event classes and listener interfaces. =  null
javax.rmi
Contains user APIs for RMI-IIOP. =  null
javax.rmi.CORBA
Contains portability APIs for RMI-IIOP. =  null
javax.rmi.ssl
Provides implementations of RMIClientSocketFactory and RMIServerSocketFactory over the Secure Sockets Layer (SSL) or Transport Layer Security (TLS) protocols. =  null
javax.script
The scripting API consists of interfaces and classes that define Java TM Scripting Engines and provides a framework for their use in Java applications. =  null
javax.security.auth
This package provides a framework for authentication and authorization. =  null
javax.security.auth.callback
This package provides the classes necessary for services to interact with applications in order to retrieve information (authentication data including usernames or passwords, for example) or to display information (error and warning messages, for example). =  null
javax.security.auth.kerberos
This package contains utility classes related to the Kerberos network authentication protocol. =  null
javax.security.auth.login
This package provides a pluggable authentication framework. =  null
javax.security.auth.spi
This package provides the interface to be used for implementing pluggable authentication modules. =  null
javax.security.auth.x500
This package contains the classes that should be used to store X500 Principal and X500 Private Crendentials in a Subject. =  null
javax.security.cert
Provides classes for public key certificates. =  null
javax.security.sasl
Contains class and interfaces for supporting SASL. =  null
javax.sound.midi
Provides interfaces and classes for I/O, sequencing, and synthesis of MIDI (Musical Instrument Digital Interface) data. =  null
javax.sound.midi.spi
Supplies interfaces for service providers to implement when offering new MIDI devices, MIDI file readers and writers, or sound bank readers. =  null
javax.sound.sampled
Provides interfaces and classes for capture, processing, and playback of sampled audio data. =  null
javax.sound.sampled.spi
Supplies abstract classes for service providers to subclass when offering new audio devices, sound file readers and writers, or audio format converters. =  null
javax.sql
Provides the API for server side data source access and processing from the JavaTM programming language. =  null
javax.sql.rowset
Standard interfaces and base classes for JDBC RowSet implementations. =  null
javax.sql.rowset.serial
Provides utility classes to allow serializable mappings between SQL types and data types in the Java programming language. =  null
javax.sql.rowset.spi
The standard classes and interfaces that a third party vendor has to use in its implementation of a synchronization provider. =  null
javax.swing
Provides a set of "lightweight" (all-Java language) components that, to the maximum degree possible, work the same on all platforms. =  null
javax.swing.border
Provides classes and interface for drawing specialized borders around a Swing component. =  null
javax.swing.colorchooser
Contains classes and interfaces used by the JColorChooser component. =  null
javax.swing.event
Provides for events fired by Swing components. =  null
javax.swing.filechooser
Contains classes and interfaces used by the JFileChooser component. =  null
javax.swing.plaf
Provides one interface and many abstract classes that Swing uses to provide its pluggable look-and-feel capabilities. =  null
javax.swing.plaf.basic
Provides user interface objects built according to the Basic look and feel. =  null
javax.swing.plaf.metal
Provides user interface objects built according to the Java look and feel (once codenamed Metal), which is the default look and feel. =  null
javax.swing.plaf.multi
Provides user interface objects that combine two or more look and feels. =  null
javax.swing.plaf.nimbus
Provides user interface objects built according to the cross-platform Nimbus look and feel. =  null
javax.swing.plaf.synth
Synth is a skinnable look and feel in which all painting is delegated. =  null
javax.swing.table
Provides classes and interfaces for dealing with javax.swing.JTable. =  null
javax.swing.text
Provides classes and interfaces that deal with editable and noneditable text components. =  null
javax.swing.text.html
Provides the class HTMLEditorKit and supporting classes for creating HTML text editors. =  null
javax.swing.text.html.parser
Provides the default HTML parser, along with support classes. =  null
javax.swing.text.rtf
Provides a class (RTFEditorKit) for creating Rich-Text-Format text editors. =  null
javax.swing.tree
Provides classes and interfaces for dealing with javax.swing.JTree. =  null
javax.swing.undo
Allows developers to provide support for undo/redo in applications such as text editors. =  null
javax.tools
Provides interfaces for tools which can be invoked from a program, for example, compilers. =  null
javax.transaction
Contains three exceptions thrown by the ORB machinery during unmarshalling. =  null
javax.transaction.xa
Provides the API that defines the contract between the transaction manager and the resource manager, which allows the transaction manager to enlist and delist resource objects (supplied by the resource manager driver) in JTA transactions. =  null
javax.xml   =  null
javax.xml.bind
Provides a runtime binding framework for client applications including unmarshalling, marshalling, and validation capabilities. =  null
javax.xml.bind.annotation
Defines annotations for customizing Java program elements to XML Schema mapping. =  null
javax.xml.bind.annotation.adapters
XmlAdapter and its spec-defined sub-classes to allow arbitrary Java classes to be used with JAXB. =  null
javax.xml.bind.attachment
This package is implemented by a MIME-based package processor that enables the interpretation and creation of optimized binary data within an MIME-based package format. =  null
javax.xml.bind.helpers
JAXB Provider Use Only: Provides partial default implementations for some of the javax.xml.bind interfaces. =  null
javax.xml.bind.util
Useful client utility classes. =  null
javax.xml.crypto
Common classes for XML cryptography. =  null
javax.xml.crypto.dom
DOM-specific classes for the javax.xml.crypto package. =  null
javax.xml.crypto.dsig
Classes for generating and validating XML digital signatures. =  null
javax.xml.crypto.dsig.dom
DOM-specific classes for the javax.xml.crypto.dsig package. =  null
javax.xml.crypto.dsig.keyinfo
Classes for parsing and processing KeyInfo elements and structures. =  null
javax.xml.crypto.dsig.spec
Parameter classes for XML digital signatures. =  null
javax.xml.datatype
XML/Java Type Mappings. =  null
javax.xml.namespace
XML Namespace processing. =  null
javax.xml.parsers
Provides classes allowing the processing of XML documents. =  null
javax.xml.soap
Provides the API for creating and building SOAP messages. =  null
javax.xml.stream   =  null
javax.xml.stream.events   =  null
javax.xml.stream.util   =  null
javax.xml.transform
This package defines the generic APIs for processing transformation instructions, and performing a transformation from source to result. =  null
javax.xml.transform.dom
This package implements DOM-specific transformation APIs. =  null
javax.xml.transform.sax
This package implements SAX2-specific transformation APIs. =  null
javax.xml.transform.stax
Provides for StAX-specific transformation APIs. =  null
javax.xml.transform.stream
This package implements stream- and URI- specific transformation APIs. =  null
javax.xml.validation
This package provides an API for validation of XML documents. =  null
javax.xml.ws
This package contains the core JAX-WS APIs. =  null
javax.xml.ws.handler
This package defines APIs for message handlers. =  null
javax.xml.ws.handler.soap
This package defines APIs for SOAP message handlers. =  null
javax.xml.ws.http
This package defines APIs specific to the HTTP binding. =  null
javax.xml.ws.soap
This package defines APIs specific to the SOAP binding. =  null
javax.xml.ws.spi
This package defines SPIs for JAX-WS. =  null
javax.xml.ws.spi.http
Provides HTTP SPI that is used for portable deployment of JAX-WS web services in containers(for e.g. =  null
javax.xml.ws.wsaddressing
This package defines APIs related to WS-Addressing. =  null
javax.xml.xpath
This package provides an object-model neutral API for the evaluation of XPath expressions and access to the evaluation environment. =  null
org.ietf.jgss
This package presents a framework that allows application developers to make use of security services like authentication, data integrity and data confidentiality from a variety of underlying security mechanisms like Kerberos, using a unified API. =  null
org.omg.CORBA
Provides the mapping of the OMG CORBA APIs to the JavaTM programming language, including the class ORB, which is implemented so that a programmer can use it as a fully-functional Object Request Broker (ORB). =  null
org.omg.CORBA_2_3
The CORBA_2_3 package defines additions to existing CORBA interfaces in the Java[tm] Standard Edition 6.   These changes occurred in recent revisions to the CORBA API defined by the OMG.  The new methods were added to  interfaces derived from the corresponding interfaces in the CORBA package.  This provides backward compatibility and avoids breaking the JCK tests. =  null
org.omg.CORBA_2_3.portable
Provides methods for the input and output of value types, and contains other updates to the org/omg/CORBA/portable package. =  null
org.omg.CORBA.DynAnyPackage
Provides the exceptions used with the DynAny interface (InvalidValue, Invalid, InvalidSeq, and TypeMismatch). =  null
org.omg.CORBA.ORBPackage
Provides the exception InvalidName, which is thrown by the method ORB.resolve_initial_references and the exception InconsistentTypeCode, which is thrown by the Dynamic Any creation methods in the ORB class. =  null
org.omg.CORBA.portable
Provides a portability layer, that is, a set of ORB APIs that makes it possible for code generated by one vendor to run on another vendor's ORB. =  null
org.omg.CORBA.TypeCodePackage
Provides the user-defined exceptions BadKind and Bounds, which are thrown by methods in in the class TypeCode. =  null
org.omg.CosNaming
Provides a naming service for Java IDL. =  null
org.omg.CosNaming.NamingContextExtPackage
This package contains the following classes, which are used in org.omg.CosNaming.NamingContextExt: =  null
org.omg.CosNaming.NamingContextPackage
This package contains Exception classes for the org.omg.CosNaming package. =  null
org.omg.Dynamic
This package contains the Dynamic module specified in the OMG Portable Interceptor specification, http://cgi.omg.org/cgi-bin/doc?ptc/2000-08-06, section 21.9. =  null
org.omg.DynamicAny
Provides classes and interfaces that enable traversal of the data value associated with an any at runtime, and extraction of the primitive constituents of the data value. =  null
org.omg.DynamicAny.DynAnyFactoryPackage
This package contains classes and exceptions from the DynAnyFactory interface of the DynamicAny module specified in the OMG The Common Object Request Broker: Architecture and Specification, http://cgi.omg.org/cgi-bin/doc?formal/99-10-07, section 9.2.2. =  null
org.omg.DynamicAny.DynAnyPackage
This package contains classes and exceptions from the DynAny interface of the DynamicAny module specified in the OMG The Common Object Request Broker: Architecture and Specification, http://cgi.omg.org/cgi-bin/doc?formal/99-10-07, section 9.2. =  null
org.omg.IOP
This package contains the IOP module specified in the OMG document The Common Object Request Broker: Architecture and Specification, http://cgi.omg.org/cgi-bin/doc?formal/99-10-07, section 13.6. =  null
org.omg.IOP.CodecFactoryPackage
This package contains the exceptions specified in the IOP::CodeFactory interface (as part of the Portable Interceptors spec). =  null
org.omg.IOP.CodecPackage
This package is generated from the IOP::Codec IDL interface definition. =  null
org.omg.Messaging
This package contains the Messaging module specified in the OMG CORBA Messaging specification, http://cgi.omg.org/cgi-bin/doc?formal/99-10-07. =  null
org.omg.PortableInterceptor
Provides a mechanism to register ORB hooks through which ORB services can intercept the normal flow of execution of the ORB. =  null
org.omg.PortableInterceptor.ORBInitInfoPackage
This package contains the exceptions and typedefs from the ORBInitInfo local interface of the PortableInterceptor module specified in the OMG Portable Interceptor specification, http://cgi.omg.org/cgi-bin/doc?ptc/2000-08-06, section 21.7.2. =  null
org.omg.PortableServer
Provides classes and interfaces for making the server side of your applications portable across multivendor ORBs. =  null
org.omg.PortableServer.CurrentPackage
Provides method implementations with access to the identity of the object on which the method was invoked. =  null
org.omg.PortableServer.POAManagerPackage
Encapsulates the processing state of the POAs it is associated with. =  null
org.omg.PortableServer.POAPackage
Allows programmers to construct object implementations that are portable between different ORB products. =  null
org.omg.PortableServer.portable
Provides classes and interfaces for making the server side of your applications portable across multivendor ORBs. =  null
org.omg.PortableServer.ServantLocatorPackage
Provides classes and interfaces for locating the servant. =  null
org.omg.SendingContext
Provides support for the marshalling of value types. =  null
org.omg.stub.java.rmi
Contains RMI-IIOP Stubs for the Remote types that occur in the java.rmi package. =  null
org.w3c.dom
Provides the interfaces for the Document Object Model (DOM) which is a component API of the Java API for XML Processing. =  null
org.w3c.dom.bootstrap   =  null
org.w3c.dom.events   =  null
org.w3c.dom.ls   =  null
org.xml.sax
This package provides the core SAX APIs. =  null
org.xml.sax.ext
This package contains interfaces to SAX2 facilities that conformant SAX drivers won't necessarily support. =  null
org.xml.sax.helpers
This package contains "helper" classes, including support for bootstrapping SAX-based applications. =  null
Total number of links: ===209
Count total number of frame ==  3]]>
    </system-out>
  </testcase> <!-- method -->
  <testcase classname="test.FrameLogic" name="beforeMethod" time="0.001">
    <system-out>
      <![CDATA[Before Method= ]]>
    </system-out>
  </testcase> <!-- beforeMethod -->
  <system-out>
    <![CDATA[Actual Result= 
Actual Result= 
Actual Result= 
Actual Result= 
page load stopped
Cricket tab is visible
page load stopped
Home tab is visible
page load stopped
Sport tab is visible
https://www.rediff.com/
Date of birth :24-11-1989
FullName: name6e083c0d
selectRediffID: login6e083c0d
Password: passwd6e083c0d
Alternet address name: altemail6e083c0d
mobile name: mobno6e083c0d
https://register.rediff.com/register/register.php?FormName=user_details
Actual Result= 
Before Method= 
Before Method= 
Actual Result= 
Before Method= 
----------packageListFrame--------------------
URL'https://docs.oracle.com/javase/7/docs/api/
java.applet =  https://docs.oracle.com/javase/7/docs/api/java/applet/package-frame.html
java.awt =  https://docs.oracle.com/javase/7/docs/api/java/awt/package-frame.html
java.awt.color =  https://docs.oracle.com/javase/7/docs/api/java/awt/color/package-frame.html
java.awt.datatransfer =  https://docs.oracle.com/javase/7/docs/api/java/awt/datatransfer/package-frame.html
java.awt.dnd =  https://docs.oracle.com/javase/7/docs/api/java/awt/dnd/package-frame.html
java.awt.event =  https://docs.oracle.com/javase/7/docs/api/java/awt/event/package-frame.html
java.awt.font =  https://docs.oracle.com/javase/7/docs/api/java/awt/font/package-frame.html
java.awt.geom =  https://docs.oracle.com/javase/7/docs/api/java/awt/geom/package-frame.html
java.awt.im =  https://docs.oracle.com/javase/7/docs/api/java/awt/im/package-frame.html
java.awt.im.spi =  https://docs.oracle.com/javase/7/docs/api/java/awt/im/spi/package-frame.html
java.awt.image =  https://docs.oracle.com/javase/7/docs/api/java/awt/image/package-frame.html
java.awt.image.renderable =  https://docs.oracle.com/javase/7/docs/api/java/awt/image/renderable/package-frame.html
java.awt.print =  https://docs.oracle.com/javase/7/docs/api/java/awt/print/package-frame.html
java.beans =  https://docs.oracle.com/javase/7/docs/api/java/beans/package-frame.html
java.beans.beancontext =  https://docs.oracle.com/javase/7/docs/api/java/beans/beancontext/package-frame.html
java.io =  https://docs.oracle.com/javase/7/docs/api/java/io/package-frame.html
java.lang =  https://docs.oracle.com/javase/7/docs/api/java/lang/package-frame.html
java.lang.annotation =  https://docs.oracle.com/javase/7/docs/api/java/lang/annotation/package-frame.html
java.lang.instrument =  https://docs.oracle.com/javase/7/docs/api/java/lang/instrument/package-frame.html
java.lang.invoke =  https://docs.oracle.com/javase/7/docs/api/java/lang/invoke/package-frame.html
java.lang.management =  https://docs.oracle.com/javase/7/docs/api/java/lang/management/package-frame.html
java.lang.ref =  https://docs.oracle.com/javase/7/docs/api/java/lang/ref/package-frame.html
java.lang.reflect =  https://docs.oracle.com/javase/7/docs/api/java/lang/reflect/package-frame.html
java.math =  https://docs.oracle.com/javase/7/docs/api/java/math/package-frame.html
java.net =  https://docs.oracle.com/javase/7/docs/api/java/net/package-frame.html
java.nio =  https://docs.oracle.com/javase/7/docs/api/java/nio/package-frame.html
java.nio.channels =  https://docs.oracle.com/javase/7/docs/api/java/nio/channels/package-frame.html
java.nio.channels.spi =  https://docs.oracle.com/javase/7/docs/api/java/nio/channels/spi/package-frame.html
java.nio.charset =  https://docs.oracle.com/javase/7/docs/api/java/nio/charset/package-frame.html
java.nio.charset.spi =  https://docs.oracle.com/javase/7/docs/api/java/nio/charset/spi/package-frame.html
java.nio.file =  https://docs.oracle.com/javase/7/docs/api/java/nio/file/package-frame.html
java.nio.file.attribute =  https://docs.oracle.com/javase/7/docs/api/java/nio/file/attribute/package-frame.html
java.nio.file.spi =  https://docs.oracle.com/javase/7/docs/api/java/nio/file/spi/package-frame.html
java.rmi =  https://docs.oracle.com/javase/7/docs/api/java/rmi/package-frame.html
java.rmi.activation =  https://docs.oracle.com/javase/7/docs/api/java/rmi/activation/package-frame.html
java.rmi.dgc =  https://docs.oracle.com/javase/7/docs/api/java/rmi/dgc/package-frame.html
java.rmi.registry =  https://docs.oracle.com/javase/7/docs/api/java/rmi/registry/package-frame.html
java.rmi.server =  https://docs.oracle.com/javase/7/docs/api/java/rmi/server/package-frame.html
java.security =  https://docs.oracle.com/javase/7/docs/api/java/security/package-frame.html
java.security.acl =  https://docs.oracle.com/javase/7/docs/api/java/security/acl/package-frame.html
java.security.cert =  https://docs.oracle.com/javase/7/docs/api/java/security/cert/package-frame.html
java.security.interfaces =  https://docs.oracle.com/javase/7/docs/api/java/security/interfaces/package-frame.html
java.security.spec =  https://docs.oracle.com/javase/7/docs/api/java/security/spec/package-frame.html
java.sql =  https://docs.oracle.com/javase/7/docs/api/java/sql/package-frame.html
java.text =  https://docs.oracle.com/javase/7/docs/api/java/text/package-frame.html
java.text.spi =  https://docs.oracle.com/javase/7/docs/api/java/text/spi/package-frame.html
java.util =  https://docs.oracle.com/javase/7/docs/api/java/util/package-frame.html
java.util.concurrent =  https://docs.oracle.com/javase/7/docs/api/java/util/concurrent/package-frame.html
java.util.concurrent.atomic =  https://docs.oracle.com/javase/7/docs/api/java/util/concurrent/atomic/package-frame.html
java.util.concurrent.locks =  https://docs.oracle.com/javase/7/docs/api/java/util/concurrent/locks/package-frame.html
java.util.jar =  https://docs.oracle.com/javase/7/docs/api/java/util/jar/package-frame.html
java.util.logging =  https://docs.oracle.com/javase/7/docs/api/java/util/logging/package-frame.html
java.util.prefs =  https://docs.oracle.com/javase/7/docs/api/java/util/prefs/package-frame.html
java.util.regex =  https://docs.oracle.com/javase/7/docs/api/java/util/regex/package-frame.html
java.util.spi =  https://docs.oracle.com/javase/7/docs/api/java/util/spi/package-frame.html
java.util.zip =  https://docs.oracle.com/javase/7/docs/api/java/util/zip/package-frame.html
javax.accessibility =  https://docs.oracle.com/javase/7/docs/api/javax/accessibility/package-frame.html
javax.activation =  https://docs.oracle.com/javase/7/docs/api/javax/activation/package-frame.html
javax.activity =  https://docs.oracle.com/javase/7/docs/api/javax/activity/package-frame.html
javax.annotation =  https://docs.oracle.com/javase/7/docs/api/javax/annotation/package-frame.html
javax.annotation.processing =  https://docs.oracle.com/javase/7/docs/api/javax/annotation/processing/package-frame.html
javax.crypto =  https://docs.oracle.com/javase/7/docs/api/javax/crypto/package-frame.html
javax.crypto.interfaces =  https://docs.oracle.com/javase/7/docs/api/javax/crypto/interfaces/package-frame.html
javax.crypto.spec =  https://docs.oracle.com/javase/7/docs/api/javax/crypto/spec/package-frame.html
javax.imageio =  https://docs.oracle.com/javase/7/docs/api/javax/imageio/package-frame.html
javax.imageio.event =  https://docs.oracle.com/javase/7/docs/api/javax/imageio/event/package-frame.html
javax.imageio.metadata =  https://docs.oracle.com/javase/7/docs/api/javax/imageio/metadata/package-frame.html
javax.imageio.plugins.bmp =  https://docs.oracle.com/javase/7/docs/api/javax/imageio/plugins/bmp/package-frame.html
javax.imageio.plugins.jpeg =  https://docs.oracle.com/javase/7/docs/api/javax/imageio/plugins/jpeg/package-frame.html
javax.imageio.spi =  https://docs.oracle.com/javase/7/docs/api/javax/imageio/spi/package-frame.html
javax.imageio.stream =  https://docs.oracle.com/javase/7/docs/api/javax/imageio/stream/package-frame.html
javax.jws =  https://docs.oracle.com/javase/7/docs/api/javax/jws/package-frame.html
javax.jws.soap =  https://docs.oracle.com/javase/7/docs/api/javax/jws/soap/package-frame.html
javax.lang.model =  https://docs.oracle.com/javase/7/docs/api/javax/lang/model/package-frame.html
javax.lang.model.element =  https://docs.oracle.com/javase/7/docs/api/javax/lang/model/element/package-frame.html
javax.lang.model.type =  https://docs.oracle.com/javase/7/docs/api/javax/lang/model/type/package-frame.html
javax.lang.model.util =  https://docs.oracle.com/javase/7/docs/api/javax/lang/model/util/package-frame.html
javax.management =  https://docs.oracle.com/javase/7/docs/api/javax/management/package-frame.html
javax.management.loading =  https://docs.oracle.com/javase/7/docs/api/javax/management/loading/package-frame.html
javax.management.modelmbean =  https://docs.oracle.com/javase/7/docs/api/javax/management/modelmbean/package-frame.html
javax.management.monitor =  https://docs.oracle.com/javase/7/docs/api/javax/management/monitor/package-frame.html
javax.management.openmbean =  https://docs.oracle.com/javase/7/docs/api/javax/management/openmbean/package-frame.html
javax.management.relation =  https://docs.oracle.com/javase/7/docs/api/javax/management/relation/package-frame.html
javax.management.remote =  https://docs.oracle.com/javase/7/docs/api/javax/management/remote/package-frame.html
javax.management.remote.rmi =  https://docs.oracle.com/javase/7/docs/api/javax/management/remote/rmi/package-frame.html
javax.management.timer =  https://docs.oracle.com/javase/7/docs/api/javax/management/timer/package-frame.html
javax.naming =  https://docs.oracle.com/javase/7/docs/api/javax/naming/package-frame.html
javax.naming.directory =  https://docs.oracle.com/javase/7/docs/api/javax/naming/directory/package-frame.html
javax.naming.event =  https://docs.oracle.com/javase/7/docs/api/javax/naming/event/package-frame.html
javax.naming.ldap =  https://docs.oracle.com/javase/7/docs/api/javax/naming/ldap/package-frame.html
javax.naming.spi =  https://docs.oracle.com/javase/7/docs/api/javax/naming/spi/package-frame.html
javax.net =  https://docs.oracle.com/javase/7/docs/api/javax/net/package-frame.html
javax.net.ssl =  https://docs.oracle.com/javase/7/docs/api/javax/net/ssl/package-frame.html
javax.print =  https://docs.oracle.com/javase/7/docs/api/javax/print/package-frame.html
javax.print.attribute =  https://docs.oracle.com/javase/7/docs/api/javax/print/attribute/package-frame.html
javax.print.attribute.standard =  https://docs.oracle.com/javase/7/docs/api/javax/print/attribute/standard/package-frame.html
javax.print.event =  https://docs.oracle.com/javase/7/docs/api/javax/print/event/package-frame.html
javax.rmi =  https://docs.oracle.com/javase/7/docs/api/javax/rmi/package-frame.html
javax.rmi.CORBA =  https://docs.oracle.com/javase/7/docs/api/javax/rmi/CORBA/package-frame.html
javax.rmi.ssl =  https://docs.oracle.com/javase/7/docs/api/javax/rmi/ssl/package-frame.html
javax.script =  https://docs.oracle.com/javase/7/docs/api/javax/script/package-frame.html
javax.security.auth =  https://docs.oracle.com/javase/7/docs/api/javax/security/auth/package-frame.html
javax.security.auth.callback =  https://docs.oracle.com/javase/7/docs/api/javax/security/auth/callback/package-frame.html
javax.security.auth.kerberos =  https://docs.oracle.com/javase/7/docs/api/javax/security/auth/kerberos/package-frame.html
javax.security.auth.login =  https://docs.oracle.com/javase/7/docs/api/javax/security/auth/login/package-frame.html
javax.security.auth.spi =  https://docs.oracle.com/javase/7/docs/api/javax/security/auth/spi/package-frame.html
javax.security.auth.x500 =  https://docs.oracle.com/javase/7/docs/api/javax/security/auth/x500/package-frame.html
javax.security.cert =  https://docs.oracle.com/javase/7/docs/api/javax/security/cert/package-frame.html
javax.security.sasl =  https://docs.oracle.com/javase/7/docs/api/javax/security/sasl/package-frame.html
javax.sound.midi =  https://docs.oracle.com/javase/7/docs/api/javax/sound/midi/package-frame.html
javax.sound.midi.spi =  https://docs.oracle.com/javase/7/docs/api/javax/sound/midi/spi/package-frame.html
javax.sound.sampled =  https://docs.oracle.com/javase/7/docs/api/javax/sound/sampled/package-frame.html
javax.sound.sampled.spi =  https://docs.oracle.com/javase/7/docs/api/javax/sound/sampled/spi/package-frame.html
javax.sql =  https://docs.oracle.com/javase/7/docs/api/javax/sql/package-frame.html
javax.sql.rowset =  https://docs.oracle.com/javase/7/docs/api/javax/sql/rowset/package-frame.html
javax.sql.rowset.serial =  https://docs.oracle.com/javase/7/docs/api/javax/sql/rowset/serial/package-frame.html
javax.sql.rowset.spi =  https://docs.oracle.com/javase/7/docs/api/javax/sql/rowset/spi/package-frame.html
javax.swing =  https://docs.oracle.com/javase/7/docs/api/javax/swing/package-frame.html
javax.swing.border =  https://docs.oracle.com/javase/7/docs/api/javax/swing/border/package-frame.html
javax.swing.colorchooser =  https://docs.oracle.com/javase/7/docs/api/javax/swing/colorchooser/package-frame.html
javax.swing.event =  https://docs.oracle.com/javase/7/docs/api/javax/swing/event/package-frame.html
javax.swing.filechooser =  https://docs.oracle.com/javase/7/docs/api/javax/swing/filechooser/package-frame.html
javax.swing.plaf =  https://docs.oracle.com/javase/7/docs/api/javax/swing/plaf/package-frame.html
javax.swing.plaf.basic =  https://docs.oracle.com/javase/7/docs/api/javax/swing/plaf/basic/package-frame.html
javax.swing.plaf.metal =  https://docs.oracle.com/javase/7/docs/api/javax/swing/plaf/metal/package-frame.html
javax.swing.plaf.multi =  https://docs.oracle.com/javase/7/docs/api/javax/swing/plaf/multi/package-frame.html
javax.swing.plaf.nimbus =  https://docs.oracle.com/javase/7/docs/api/javax/swing/plaf/nimbus/package-frame.html
javax.swing.plaf.synth =  https://docs.oracle.com/javase/7/docs/api/javax/swing/plaf/synth/package-frame.html
javax.swing.table =  https://docs.oracle.com/javase/7/docs/api/javax/swing/table/package-frame.html
javax.swing.text =  https://docs.oracle.com/javase/7/docs/api/javax/swing/text/package-frame.html
javax.swing.text.html =  https://docs.oracle.com/javase/7/docs/api/javax/swing/text/html/package-frame.html
javax.swing.text.html.parser =  https://docs.oracle.com/javase/7/docs/api/javax/swing/text/html/parser/package-frame.html
javax.swing.text.rtf =  https://docs.oracle.com/javase/7/docs/api/javax/swing/text/rtf/package-frame.html
javax.swing.tree =  https://docs.oracle.com/javase/7/docs/api/javax/swing/tree/package-frame.html
javax.swing.undo =  https://docs.oracle.com/javase/7/docs/api/javax/swing/undo/package-frame.html
javax.tools =  https://docs.oracle.com/javase/7/docs/api/javax/tools/package-frame.html
javax.transaction =  https://docs.oracle.com/javase/7/docs/api/javax/transaction/package-frame.html
javax.transaction.xa =  https://docs.oracle.com/javase/7/docs/api/javax/transaction/xa/package-frame.html
javax.xml =  https://docs.oracle.com/javase/7/docs/api/javax/xml/package-frame.html
javax.xml.bind =  https://docs.oracle.com/javase/7/docs/api/javax/xml/bind/package-frame.html
javax.xml.bind.annotation =  https://docs.oracle.com/javase/7/docs/api/javax/xml/bind/annotation/package-frame.html
javax.xml.bind.annotation.adapters =  https://docs.oracle.com/javase/7/docs/api/javax/xml/bind/annotation/adapters/package-frame.html
javax.xml.bind.attachment =  https://docs.oracle.com/javase/7/docs/api/javax/xml/bind/attachment/package-frame.html
javax.xml.bind.helpers =  https://docs.oracle.com/javase/7/docs/api/javax/xml/bind/helpers/package-frame.html
javax.xml.bind.util =  https://docs.oracle.com/javase/7/docs/api/javax/xml/bind/util/package-frame.html
javax.xml.crypto =  https://docs.oracle.com/javase/7/docs/api/javax/xml/crypto/package-frame.html
javax.xml.crypto.dom =  https://docs.oracle.com/javase/7/docs/api/javax/xml/crypto/dom/package-frame.html
javax.xml.crypto.dsig =  https://docs.oracle.com/javase/7/docs/api/javax/xml/crypto/dsig/package-frame.html
javax.xml.crypto.dsig.dom =  https://docs.oracle.com/javase/7/docs/api/javax/xml/crypto/dsig/dom/package-frame.html
javax.xml.crypto.dsig.keyinfo =  https://docs.oracle.com/javase/7/docs/api/javax/xml/crypto/dsig/keyinfo/package-frame.html
javax.xml.crypto.dsig.spec =  https://docs.oracle.com/javase/7/docs/api/javax/xml/crypto/dsig/spec/package-frame.html
javax.xml.datatype =  https://docs.oracle.com/javase/7/docs/api/javax/xml/datatype/package-frame.html
javax.xml.namespace =  https://docs.oracle.com/javase/7/docs/api/javax/xml/namespace/package-frame.html
javax.xml.parsers =  https://docs.oracle.com/javase/7/docs/api/javax/xml/parsers/package-frame.html
javax.xml.soap =  https://docs.oracle.com/javase/7/docs/api/javax/xml/soap/package-frame.html
javax.xml.stream =  https://docs.oracle.com/javase/7/docs/api/javax/xml/stream/package-frame.html
javax.xml.stream.events =  https://docs.oracle.com/javase/7/docs/api/javax/xml/stream/events/package-frame.html
javax.xml.stream.util =  https://docs.oracle.com/javase/7/docs/api/javax/xml/stream/util/package-frame.html
javax.xml.transform =  https://docs.oracle.com/javase/7/docs/api/javax/xml/transform/package-frame.html
javax.xml.transform.dom =  https://docs.oracle.com/javase/7/docs/api/javax/xml/transform/dom/package-frame.html
javax.xml.transform.sax =  https://docs.oracle.com/javase/7/docs/api/javax/xml/transform/sax/package-frame.html
javax.xml.transform.stax =  https://docs.oracle.com/javase/7/docs/api/javax/xml/transform/stax/package-frame.html
javax.xml.transform.stream =  https://docs.oracle.com/javase/7/docs/api/javax/xml/transform/stream/package-frame.html
javax.xml.validation =  https://docs.oracle.com/javase/7/docs/api/javax/xml/validation/package-frame.html
javax.xml.ws =  https://docs.oracle.com/javase/7/docs/api/javax/xml/ws/package-frame.html
javax.xml.ws.handler =  https://docs.oracle.com/javase/7/docs/api/javax/xml/ws/handler/package-frame.html
javax.xml.ws.handler.soap =  https://docs.oracle.com/javase/7/docs/api/javax/xml/ws/handler/soap/package-frame.html
javax.xml.ws.http =  https://docs.oracle.com/javase/7/docs/api/javax/xml/ws/http/package-frame.html
javax.xml.ws.soap =  https://docs.oracle.com/javase/7/docs/api/javax/xml/ws/soap/package-frame.html
javax.xml.ws.spi =  https://docs.oracle.com/javase/7/docs/api/javax/xml/ws/spi/package-frame.html
javax.xml.ws.spi.http =  https://docs.oracle.com/javase/7/docs/api/javax/xml/ws/spi/http/package-frame.html
javax.xml.ws.wsaddressing =  https://docs.oracle.com/javase/7/docs/api/javax/xml/ws/wsaddressing/package-frame.html
javax.xml.xpath =  https://docs.oracle.com/javase/7/docs/api/javax/xml/xpath/package-frame.html
org.ietf.jgss =  https://docs.oracle.com/javase/7/docs/api/org/ietf/jgss/package-frame.html
org.omg.CORBA =  https://docs.oracle.com/javase/7/docs/api/org/omg/CORBA/package-frame.html
org.omg.CORBA_2_3 =  https://docs.oracle.com/javase/7/docs/api/org/omg/CORBA_2_3/package-frame.html
org.omg.CORBA_2_3.portable =  https://docs.oracle.com/javase/7/docs/api/org/omg/CORBA_2_3/portable/package-frame.html
org.omg.CORBA.DynAnyPackage =  https://docs.oracle.com/javase/7/docs/api/org/omg/CORBA/DynAnyPackage/package-frame.html
org.omg.CORBA.ORBPackage =  https://docs.oracle.com/javase/7/docs/api/org/omg/CORBA/ORBPackage/package-frame.html
org.omg.CORBA.portable =  https://docs.oracle.com/javase/7/docs/api/org/omg/CORBA/portable/package-frame.html
org.omg.CORBA.TypeCodePackage =  https://docs.oracle.com/javase/7/docs/api/org/omg/CORBA/TypeCodePackage/package-frame.html
org.omg.CosNaming =  https://docs.oracle.com/javase/7/docs/api/org/omg/CosNaming/package-frame.html
org.omg.CosNaming.NamingContextExtPackage =  https://docs.oracle.com/javase/7/docs/api/org/omg/CosNaming/NamingContextExtPackage/package-frame.html
org.omg.CosNaming.NamingContextPackage =  https://docs.oracle.com/javase/7/docs/api/org/omg/CosNaming/NamingContextPackage/package-frame.html
org.omg.Dynamic =  https://docs.oracle.com/javase/7/docs/api/org/omg/Dynamic/package-frame.html
org.omg.DynamicAny =  https://docs.oracle.com/javase/7/docs/api/org/omg/DynamicAny/package-frame.html
org.omg.DynamicAny.DynAnyFactoryPackage =  https://docs.oracle.com/javase/7/docs/api/org/omg/DynamicAny/DynAnyFactoryPackage/package-frame.html
org.omg.DynamicAny.DynAnyPackage =  https://docs.oracle.com/javase/7/docs/api/org/omg/DynamicAny/DynAnyPackage/package-frame.html
org.omg.IOP =  https://docs.oracle.com/javase/7/docs/api/org/omg/IOP/package-frame.html
org.omg.IOP.CodecFactoryPackage =  https://docs.oracle.com/javase/7/docs/api/org/omg/IOP/CodecFactoryPackage/package-frame.html
org.omg.IOP.CodecPackage =  https://docs.oracle.com/javase/7/docs/api/org/omg/IOP/CodecPackage/package-frame.html
org.omg.Messaging =  https://docs.oracle.com/javase/7/docs/api/org/omg/Messaging/package-frame.html
org.omg.PortableInterceptor =  https://docs.oracle.com/javase/7/docs/api/org/omg/PortableInterceptor/package-frame.html
org.omg.PortableInterceptor.ORBInitInfoPackage =  https://docs.oracle.com/javase/7/docs/api/org/omg/PortableInterceptor/ORBInitInfoPackage/package-frame.html
org.omg.PortableServer =  https://docs.oracle.com/javase/7/docs/api/org/omg/PortableServer/package-frame.html
org.omg.PortableServer.CurrentPackage =  https://docs.oracle.com/javase/7/docs/api/org/omg/PortableServer/CurrentPackage/package-frame.html
org.omg.PortableServer.POAManagerPackage =  https://docs.oracle.com/javase/7/docs/api/org/omg/PortableServer/POAManagerPackage/package-frame.html
org.omg.PortableServer.POAPackage =  https://docs.oracle.com/javase/7/docs/api/org/omg/PortableServer/POAPackage/package-frame.html
org.omg.PortableServer.portable =  https://docs.oracle.com/javase/7/docs/api/org/omg/PortableServer/portable/package-frame.html
org.omg.PortableServer.ServantLocatorPackage =  https://docs.oracle.com/javase/7/docs/api/org/omg/PortableServer/ServantLocatorPackage/package-frame.html
org.omg.SendingContext =  https://docs.oracle.com/javase/7/docs/api/org/omg/SendingContext/package-frame.html
org.omg.stub.java.rmi =  https://docs.oracle.com/javase/7/docs/api/org/omg/stub/java/rmi/package-frame.html
org.w3c.dom =  https://docs.oracle.com/javase/7/docs/api/org/w3c/dom/package-frame.html
org.w3c.dom.bootstrap =  https://docs.oracle.com/javase/7/docs/api/org/w3c/dom/bootstrap/package-frame.html
org.w3c.dom.events =  https://docs.oracle.com/javase/7/docs/api/org/w3c/dom/events/package-frame.html
org.w3c.dom.ls =  https://docs.oracle.com/javase/7/docs/api/org/w3c/dom/ls/package-frame.html
org.xml.sax =  https://docs.oracle.com/javase/7/docs/api/org/xml/sax/package-frame.html
org.xml.sax.ext =  https://docs.oracle.com/javase/7/docs/api/org/xml/sax/ext/package-frame.html
org.xml.sax.helpers =  https://docs.oracle.com/javase/7/docs/api/org/xml/sax/helpers/package-frame.html
Total number of links: ===209
----------packageFrame--------------------
URL'https://docs.oracle.com/javase/7/docs/api/
AbstractAction =  https://docs.oracle.com/javase/7/docs/api/javax/swing/AbstractAction.html
AbstractAnnotationValueVisitor6 =  https://docs.oracle.com/javase/7/docs/api/javax/lang/model/util/AbstractAnnotationValueVisitor6.html
AbstractAnnotationValueVisitor7 =  https://docs.oracle.com/javase/7/docs/api/javax/lang/model/util/AbstractAnnotationValueVisitor7.html
AbstractBorder =  https://docs.oracle.com/javase/7/docs/api/javax/swing/border/AbstractBorder.html
AbstractButton =  https://docs.oracle.com/javase/7/docs/api/javax/swing/AbstractButton.html
AbstractCellEditor =  https://docs.oracle.com/javase/7/docs/api/javax/swing/AbstractCellEditor.html
AbstractCollection =  https://docs.oracle.com/javase/7/docs/api/java/util/AbstractCollection.html
AbstractColorChooserPanel =  https://docs.oracle.com/javase/7/docs/api/javax/swing/colorchooser/AbstractColorChooserPanel.html
AbstractDocument =  https://docs.oracle.com/javase/7/docs/api/javax/swing/text/AbstractDocument.html
AbstractDocument.AttributeContext =  https://docs.oracle.com/javase/7/docs/api/javax/swing/text/AbstractDocument.AttributeContext.html
AbstractDocument.Content =  https://docs.oracle.com/javase/7/docs/api/javax/swing/text/AbstractDocument.Content.html
AbstractDocument.ElementEdit =  https://docs.oracle.com/javase/7/docs/api/javax/swing/text/AbstractDocument.ElementEdit.html
AbstractElementVisitor6 =  https://docs.oracle.com/javase/7/docs/api/javax/lang/model/util/AbstractElementVisitor6.html
AbstractElementVisitor7 =  https://docs.oracle.com/javase/7/docs/api/javax/lang/model/util/AbstractElementVisitor7.html
AbstractExecutorService =  https://docs.oracle.com/javase/7/docs/api/java/util/concurrent/AbstractExecutorService.html
AbstractInterruptibleChannel =  https://docs.oracle.com/javase/7/docs/api/java/nio/channels/spi/AbstractInterruptibleChannel.html
AbstractLayoutCache =  https://docs.oracle.com/javase/7/docs/api/javax/swing/tree/AbstractLayoutCache.html
AbstractLayoutCache.NodeDimensions =  https://docs.oracle.com/javase/7/docs/api/javax/swing/tree/AbstractLayoutCache.NodeDimensions.html
AbstractList =  https://docs.oracle.com/javase/7/docs/api/java/util/AbstractList.html
AbstractListModel =  https://docs.oracle.com/javase/7/docs/api/javax/swing/AbstractListModel.html
AbstractMap =  https://docs.oracle.com/javase/7/docs/api/java/util/AbstractMap.html
AbstractMap.SimpleEntry =  https://docs.oracle.com/javase/7/docs/api/java/util/AbstractMap.SimpleEntry.html
AbstractMap.SimpleImmutableEntry =  https://docs.oracle.com/javase/7/docs/api/java/util/AbstractMap.SimpleImmutableEntry.html
AbstractMarshallerImpl =  https://docs.oracle.com/javase/7/docs/api/javax/xml/bind/helpers/AbstractMarshallerImpl.html
AbstractMethodError =  https://docs.oracle.com/javase/7/docs/api/java/lang/AbstractMethodError.html
AbstractOwnableSynchronizer =  https://docs.oracle.com/javase/7/docs/api/java/util/concurrent/locks/AbstractOwnableSynchronizer.html
AbstractPreferences =  https://docs.oracle.com/javase/7/docs/api/java/util/prefs/AbstractPreferences.html
AbstractProcessor =  https://docs.oracle.com/javase/7/docs/api/javax/annotation/processing/AbstractProcessor.html
AbstractQueue =  https://docs.oracle.com/javase/7/docs/api/java/util/AbstractQueue.html
AbstractQueuedLongSynchronizer =  https://docs.oracle.com/javase/7/docs/api/java/util/concurrent/locks/AbstractQueuedLongSynchronizer.html
AbstractQueuedSynchronizer =  https://docs.oracle.com/javase/7/docs/api/java/util/concurrent/locks/AbstractQueuedSynchronizer.html
AbstractRegionPainter =  https://docs.oracle.com/javase/7/docs/api/javax/swing/plaf/nimbus/AbstractRegionPainter.html
AbstractRegionPainter.PaintContext =  https://docs.oracle.com/javase/7/docs/api/javax/swing/plaf/nimbus/AbstractRegionPainter.PaintContext.html
AbstractRegionPainter.PaintContext.CacheMode =  https://docs.oracle.com/javase/7/docs/api/javax/swing/plaf/nimbus/AbstractRegionPainter.PaintContext.CacheMode.html
AbstractScriptEngine =  https://docs.oracle.com/javase/7/docs/api/javax/script/AbstractScriptEngine.html
AbstractSelectableChannel =  https://docs.oracle.com/javase/7/docs/api/java/nio/channels/spi/AbstractSelectableChannel.html
AbstractSelectionKey =  https://docs.oracle.com/javase/7/docs/api/java/nio/channels/spi/AbstractSelectionKey.html
AbstractSelector =  https://docs.oracle.com/javase/7/docs/api/java/nio/channels/spi/AbstractSelector.html
AbstractSequentialList =  https://docs.oracle.com/javase/7/docs/api/java/util/AbstractSequentialList.html
AbstractSet =  https://docs.oracle.com/javase/7/docs/api/java/util/AbstractSet.html
AbstractSpinnerModel =  https://docs.oracle.com/javase/7/docs/api/javax/swing/AbstractSpinnerModel.html
AbstractTableModel =  https://docs.oracle.com/javase/7/docs/api/javax/swing/table/AbstractTableModel.html
AbstractTypeVisitor6 =  https://docs.oracle.com/javase/7/docs/api/javax/lang/model/util/AbstractTypeVisitor6.html
AbstractTypeVisitor7 =  https://docs.oracle.com/javase/7/docs/api/javax/lang/model/util/AbstractTypeVisitor7.html
AbstractUndoableEdit =  https://docs.oracle.com/javase/7/docs/api/javax/swing/undo/AbstractUndoableEdit.html
AbstractUnmarshallerImpl =  https://docs.oracle.com/javase/7/docs/api/javax/xml/bind/helpers/AbstractUnmarshallerImpl.html
AbstractWriter =  https://docs.oracle.com/javase/7/docs/api/javax/swing/text/AbstractWriter.html
AcceptPendingException =  https://docs.oracle.com/javase/7/docs/api/java/nio/channels/AcceptPendingException.html
AccessControlContext =  https://docs.oracle.com/javase/7/docs/api/java/security/AccessControlContext.html
AccessControlException =  https://docs.oracle.com/javase/7/docs/api/java/security/AccessControlException.html
AccessController =  https://docs.oracle.com/javase/7/docs/api/java/security/AccessController.html
AccessDeniedException =  https://docs.oracle.com/javase/7/docs/api/java/nio/file/AccessDeniedException.html
AccessException =  https://docs.oracle.com/javase/7/docs/api/java/rmi/AccessException.html
Accessible =  https://docs.oracle.com/javase/7/docs/api/javax/accessibility/Accessible.html
AccessibleAction =  https://docs.oracle.com/javase/7/docs/api/javax/accessibility/AccessibleAction.html
AccessibleAttributeSequence =  https://docs.oracle.com/javase/7/docs/api/javax/accessibility/AccessibleAttributeSequence.html
AccessibleBundle =  https://docs.oracle.com/javase/7/docs/api/javax/accessibility/AccessibleBundle.html
AccessibleComponent =  https://docs.oracle.com/javase/7/docs/api/javax/accessibility/AccessibleComponent.html
AccessibleContext =  https://docs.oracle.com/javase/7/docs/api/javax/accessibility/AccessibleContext.html
AccessibleEditableText =  https://docs.oracle.com/javase/7/docs/api/javax/accessibility/AccessibleEditableText.html
AccessibleExtendedComponent =  https://docs.oracle.com/javase/7/docs/api/javax/accessibility/AccessibleExtendedComponent.html
AccessibleExtendedTable =  https://docs.oracle.com/javase/7/docs/api/javax/accessibility/AccessibleExtendedTable.html
AccessibleExtendedText =  https://docs.oracle.com/javase/7/docs/api/javax/accessibility/AccessibleExtendedText.html
AccessibleHyperlink =  https://docs.oracle.com/javase/7/docs/api/javax/accessibility/AccessibleHyperlink.html
AccessibleHypertext =  https://docs.oracle.com/javase/7/docs/api/javax/accessibility/AccessibleHypertext.html
AccessibleIcon =  https://docs.oracle.com/javase/7/docs/api/javax/accessibility/AccessibleIcon.html
AccessibleKeyBinding =  https://docs.oracle.com/javase/7/docs/api/javax/accessibility/AccessibleKeyBinding.html
AccessibleObject =  https://docs.oracle.com/javase/7/docs/api/java/lang/reflect/AccessibleObject.html
AccessibleRelation =  https://docs.oracle.com/javase/7/docs/api/javax/accessibility/AccessibleRelation.html
AccessibleRelationSet =  https://docs.oracle.com/javase/7/docs/api/javax/accessibility/AccessibleRelationSet.html
AccessibleResourceBundle =  https://docs.oracle.com/javase/7/docs/api/javax/accessibility/AccessibleResourceBundle.html
AccessibleRole =  https://docs.oracle.com/javase/7/docs/api/javax/accessibility/AccessibleRole.html
AccessibleSelection =  https://docs.oracle.com/javase/7/docs/api/javax/accessibility/AccessibleSelection.html
AccessibleState =  https://docs.oracle.com/javase/7/docs/api/javax/accessibility/AccessibleState.html
AccessibleStateSet =  https://docs.oracle.com/javase/7/docs/api/javax/accessibility/AccessibleStateSet.html
AccessibleStreamable =  https://docs.oracle.com/javase/7/docs/api/javax/accessibility/AccessibleStreamable.html
AccessibleTable =  https://docs.oracle.com/javase/7/docs/api/javax/accessibility/AccessibleTable.html
AccessibleTableModelChange =  https://docs.oracle.com/javase/7/docs/api/javax/accessibility/AccessibleTableModelChange.html
AccessibleText =  https://docs.oracle.com/javase/7/docs/api/javax/accessibility/AccessibleText.html
AccessibleTextSequence =  https://docs.oracle.com/javase/7/docs/api/javax/accessibility/AccessibleTextSequence.html
AccessibleValue =  https://docs.oracle.com/javase/7/docs/api/javax/accessibility/AccessibleValue.html
AccessMode =  https://docs.oracle.com/javase/7/docs/api/java/nio/file/AccessMode.html
AccountException =  https://docs.oracle.com/javase/7/docs/api/javax/security/auth/login/AccountException.html
AccountExpiredException =  https://docs.oracle.com/javase/7/docs/api/javax/security/auth/login/AccountExpiredException.html
AccountLockedException =  https://docs.oracle.com/javase/7/docs/api/javax/security/auth/login/AccountLockedException.html
AccountNotFoundException =  https://docs.oracle.com/javase/7/docs/api/javax/security/auth/login/AccountNotFoundException.html
Acl =  https://docs.oracle.com/javase/7/docs/api/java/security/acl/Acl.html
AclEntry =  https://docs.oracle.com/javase/7/docs/api/java/nio/file/attribute/AclEntry.html
AclEntry =  https://docs.oracle.com/javase/7/docs/api/java/security/acl/AclEntry.html
AclEntry.Builder =  https://docs.oracle.com/javase/7/docs/api/java/nio/file/attribute/AclEntry.Builder.html
AclEntryFlag =  https://docs.oracle.com/javase/7/docs/api/java/nio/file/attribute/AclEntryFlag.html
AclEntryPermission =  https://docs.oracle.com/javase/7/docs/api/java/nio/file/attribute/AclEntryPermission.html
AclEntryType =  https://docs.oracle.com/javase/7/docs/api/java/nio/file/attribute/AclEntryType.html
AclFileAttributeView =  https://docs.oracle.com/javase/7/docs/api/java/nio/file/attribute/AclFileAttributeView.html
AclNotFoundException =  https://docs.oracle.com/javase/7/docs/api/java/security/acl/AclNotFoundException.html
Action =  https://docs.oracle.com/javase/7/docs/api/javax/swing/Action.html
Action =  https://docs.oracle.com/javase/7/docs/api/javax/xml/ws/Action.html
ActionEvent =  https://docs.oracle.com/javase/7/docs/api/java/awt/event/ActionEvent.html
ActionListener =  https://docs.oracle.com/javase/7/docs/api/java/awt/event/ActionListener.html
ActionMap =  https://docs.oracle.com/javase/7/docs/api/javax/swing/ActionMap.html
ActionMapUIResource =  https://docs.oracle.com/javase/7/docs/api/javax/swing/plaf/ActionMapUIResource.html
Activatable =  https://docs.oracle.com/javase/7/docs/api/java/rmi/activation/Activatable.html
ActivateFailedException =  https://docs.oracle.com/javase/7/docs/api/java/rmi/activation/ActivateFailedException.html
ActivationDataFlavor =  https://docs.oracle.com/javase/7/docs/api/javax/activation/ActivationDataFlavor.html
ActivationDesc =  https://docs.oracle.com/javase/7/docs/api/java/rmi/activation/ActivationDesc.html
ActivationException =  https://docs.oracle.com/javase/7/docs/api/java/rmi/activation/ActivationException.html
ActivationGroup =  https://docs.oracle.com/javase/7/docs/api/java/rmi/activation/ActivationGroup.html
ActivationGroup_Stub =  https://docs.oracle.com/javase/7/docs/api/java/rmi/activation/ActivationGroup_Stub.html
ActivationGroupDesc =  https://docs.oracle.com/javase/7/docs/api/java/rmi/activation/ActivationGroupDesc.html
ActivationGroupDesc.CommandEnvironment =  https://docs.oracle.com/javase/7/docs/api/java/rmi/activation/ActivationGroupDesc.CommandEnvironment.html
ActivationGroupID =  https://docs.oracle.com/javase/7/docs/api/java/rmi/activation/ActivationGroupID.html
ActivationID =  https://docs.oracle.com/javase/7/docs/api/java/rmi/activation/ActivationID.html
ActivationInstantiator =  https://docs.oracle.com/javase/7/docs/api/java/rmi/activation/ActivationInstantiator.html
ActivationMonitor =  https://docs.oracle.com/javase/7/docs/api/java/rmi/activation/ActivationMonitor.html
ActivationSystem =  https://docs.oracle.com/javase/7/docs/api/java/rmi/activation/ActivationSystem.html
Activator =  https://docs.oracle.com/javase/7/docs/api/java/rmi/activation/Activator.html
ACTIVE =  https://docs.oracle.com/javase/7/docs/api/org/omg/PortableInterceptor/ACTIVE.html
ActiveEvent =  https://docs.oracle.com/javase/7/docs/api/java/awt/ActiveEvent.html
ACTIVITY_COMPLETED =  https://docs.oracle.com/javase/7/docs/api/org/omg/CORBA/ACTIVITY_COMPLETED.html
ACTIVITY_REQUIRED =  https://docs.oracle.com/javase/7/docs/api/org/omg/CORBA/ACTIVITY_REQUIRED.html
ActivityCompletedException =  https://docs.oracle.com/javase/7/docs/api/javax/activity/ActivityCompletedException.html
ActivityRequiredException =  https://docs.oracle.com/javase/7/docs/api/javax/activity/ActivityRequiredException.html
AdapterActivator =  https://docs.oracle.com/javase/7/docs/api/org/omg/PortableServer/AdapterActivator.html
AdapterActivatorOperations =  https://docs.oracle.com/javase/7/docs/api/org/omg/PortableServer/AdapterActivatorOperations.html
AdapterAlreadyExists =  https://docs.oracle.com/javase/7/docs/api/org/omg/PortableServer/POAPackage/AdapterAlreadyExists.html
AdapterAlreadyExistsHelper =  https://docs.oracle.com/javase/7/docs/api/org/omg/PortableServer/POAPackage/AdapterAlreadyExistsHelper.html
AdapterInactive =  https://docs.oracle.com/javase/7/docs/api/org/omg/PortableServer/POAManagerPackage/AdapterInactive.html
AdapterInactiveHelper =  https://docs.oracle.com/javase/7/docs/api/org/omg/PortableServer/POAManagerPackage/AdapterInactiveHelper.html
AdapterManagerIdHelper =  https://docs.oracle.com/javase/7/docs/api/org/omg/PortableInterceptor/AdapterManagerIdHelper.html
AdapterNameHelper =  https://docs.oracle.com/javase/7/docs/api/org/omg/PortableInterceptor/AdapterNameHelper.html
AdapterNonExistent =  https://docs.oracle.com/javase/7/docs/api/org/omg/PortableServer/POAPackage/AdapterNonExistent.html
AdapterNonExistentHelper =  https://docs.oracle.com/javase/7/docs/api/org/omg/PortableServer/POAPackage/AdapterNonExistentHelper.html
AdapterStateHelper =  https://docs.oracle.com/javase/7/docs/api/org/omg/PortableInterceptor/AdapterStateHelper.html
AddressHelper =  https://docs.oracle.com/javase/7/docs/api/org/omg/CosNaming/NamingContextExtPackage/AddressHelper.html
Addressing =  https://docs.oracle.com/javase/7/docs/api/javax/xml/ws/soap/Addressing.html
AddressingFeature =  https://docs.oracle.com/javase/7/docs/api/javax/xml/ws/soap/AddressingFeature.html
AddressingFeature.Responses =  https://docs.oracle.com/javase/7/docs/api/javax/xml/ws/soap/AddressingFeature.Responses.html
Adjustable =  https://docs.oracle.com/javase/7/docs/api/java/awt/Adjustable.html
AdjustmentEvent =  https://docs.oracle.com/javase/7/docs/api/java/awt/event/AdjustmentEvent.html
AdjustmentListener =  https://docs.oracle.com/javase/7/docs/api/java/awt/event/AdjustmentListener.html
Adler32 =  https://docs.oracle.com/javase/7/docs/api/java/util/zip/Adler32.html
AEADBadTagException =  https://docs.oracle.com/javase/7/docs/api/javax/crypto/AEADBadTagException.html
AffineTransform =  https://docs.oracle.com/javase/7/docs/api/java/awt/geom/AffineTransform.html
AffineTransformOp =  https://docs.oracle.com/javase/7/docs/api/java/awt/image/AffineTransformOp.html
AlgorithmConstraints =  https://docs.oracle.com/javase/7/docs/api/java/security/AlgorithmConstraints.html
AlgorithmMethod =  https://docs.oracle.com/javase/7/docs/api/javax/xml/crypto/AlgorithmMethod.html
AlgorithmParameterGenerator =  https://docs.oracle.com/javase/7/docs/api/java/security/AlgorithmParameterGenerator.html
AlgorithmParameterGeneratorSpi =  https://docs.oracle.com/javase/7/docs/api/java/security/AlgorithmParameterGeneratorSpi.html
AlgorithmParameters =  https://docs.oracle.com/javase/7/docs/api/java/security/AlgorithmParameters.html
AlgorithmParameterSpec =  https://docs.oracle.com/javase/7/docs/api/java/security/spec/AlgorithmParameterSpec.html
AlgorithmParametersSpi =  https://docs.oracle.com/javase/7/docs/api/java/security/AlgorithmParametersSpi.html
AllPermission =  https://docs.oracle.com/javase/7/docs/api/java/security/AllPermission.html
AlphaComposite =  https://docs.oracle.com/javase/7/docs/api/java/awt/AlphaComposite.html
AlreadyBound =  https://docs.oracle.com/javase/7/docs/api/org/omg/CosNaming/NamingContextPackage/AlreadyBound.html
AlreadyBoundException =  https://docs.oracle.com/javase/7/docs/api/java/nio/channels/AlreadyBoundException.html
AlreadyBoundException =  https://docs.oracle.com/javase/7/docs/api/java/rmi/AlreadyBoundException.html
AlreadyBoundHelper =  https://docs.oracle.com/javase/7/docs/api/org/omg/CosNaming/NamingContextPackage/AlreadyBoundHelper.html
AlreadyBoundHolder =  https://docs.oracle.com/javase/7/docs/api/org/omg/CosNaming/NamingContextPackage/AlreadyBoundHolder.html
AlreadyConnectedException =  https://docs.oracle.com/javase/7/docs/api/java/nio/channels/AlreadyConnectedException.html
AncestorEvent =  https://docs.oracle.com/javase/7/docs/api/javax/swing/event/AncestorEvent.html
AncestorListener =  https://docs.oracle.com/javase/7/docs/api/javax/swing/event/AncestorListener.html
AnnotatedElement =  https://docs.oracle.com/javase/7/docs/api/java/lang/reflect/AnnotatedElement.html
Annotation =  https://docs.oracle.com/javase/7/docs/api/java/lang/annotation/Annotation.html
Annotation =  https://docs.oracle.com/javase/7/docs/api/java/text/Annotation.html
AnnotationFormatError =  https://docs.oracle.com/javase/7/docs/api/java/lang/annotation/AnnotationFormatError.html
AnnotationMirror =  https://docs.oracle.com/javase/7/docs/api/javax/lang/model/element/AnnotationMirror.html
AnnotationTypeMismatchException =  https://docs.oracle.com/javase/7/docs/api/java/lang/annotation/AnnotationTypeMismatchException.html
AnnotationValue =  https://docs.oracle.com/javase/7/docs/api/javax/lang/model/element/AnnotationValue.html
AnnotationValueVisitor =  https://docs.oracle.com/javase/7/docs/api/javax/lang/model/element/AnnotationValueVisitor.html
Any =  https://docs.oracle.com/javase/7/docs/api/org/omg/CORBA/Any.html
AnyHolder =  https://docs.oracle.com/javase/7/docs/api/org/omg/CORBA/AnyHolder.html
AnySeqHelper =  https://docs.oracle.com/javase/7/docs/api/org/omg/CORBA/AnySeqHelper.html
AnySeqHelper =  https://docs.oracle.com/javase/7/docs/api/org/omg/DynamicAny/AnySeqHelper.html
AnySeqHolder =  https://docs.oracle.com/javase/7/docs/api/org/omg/CORBA/AnySeqHolder.html
AppConfigurationEntry =  https://docs.oracle.com/javase/7/docs/api/javax/security/auth/login/AppConfigurationEntry.html
AppConfigurationEntry.LoginModuleControlFlag =  https://docs.oracle.com/javase/7/docs/api/javax/security/auth/login/AppConfigurationEntry.LoginModuleControlFlag.html
Appendable =  https://docs.oracle.com/javase/7/docs/api/java/lang/Appendable.html
Applet =  https://docs.oracle.com/javase/7/docs/api/java/applet/Applet.html
AppletContext =  https://docs.oracle.com/javase/7/docs/api/java/applet/AppletContext.html
AppletInitializer =  https://docs.oracle.com/javase/7/docs/api/java/beans/AppletInitializer.html
AppletStub =  https://docs.oracle.com/javase/7/docs/api/java/applet/AppletStub.html
ApplicationException =  https://docs.oracle.com/javase/7/docs/api/org/omg/CORBA/portable/ApplicationException.html
Arc2D =  https://docs.oracle.com/javase/7/docs/api/java/awt/geom/Arc2D.html
Arc2D.Double =  https://docs.oracle.com/javase/7/docs/api/java/awt/geom/Arc2D.Double.html
Arc2D.Float =  https://docs.oracle.com/javase/7/docs/api/java/awt/geom/Arc2D.Float.html
Area =  https://docs.oracle.com/javase/7/docs/api/java/awt/geom/Area.html
AreaAveragingScaleFilter =  https://docs.oracle.com/javase/7/docs/api/java/awt/image/AreaAveragingScaleFilter.html
ARG_IN =  https://docs.oracle.com/javase/7/docs/api/org/omg/CORBA/ARG_IN.html
ARG_INOUT =  https://docs.oracle.com/javase/7/docs/api/org/omg/CORBA/ARG_INOUT.html
ARG_OUT =  https://docs.oracle.com/javase/7/docs/api/org/omg/CORBA/ARG_OUT.html
ArithmeticException =  https://docs.oracle.com/javase/7/docs/api/java/lang/ArithmeticException.html
Array =  https://docs.oracle.com/javase/7/docs/api/java/lang/reflect/Array.html
Array =  https://docs.oracle.com/javase/7/docs/api/java/sql/Array.html
ArrayBlockingQueue =  https://docs.oracle.com/javase/7/docs/api/java/util/concurrent/ArrayBlockingQueue.html
ArrayDeque =  https://docs.oracle.com/javase/7/docs/api/java/util/ArrayDeque.html
ArrayIndexOutOfBoundsException =  https://docs.oracle.com/javase/7/docs/api/java/lang/ArrayIndexOutOfBoundsException.html
ArrayList =  https://docs.oracle.com/javase/7/docs/api/java/util/ArrayList.html
Arrays =  https://docs.oracle.com/javase/7/docs/api/java/util/Arrays.html
ArrayStoreException =  https://docs.oracle.com/javase/7/docs/api/java/lang/ArrayStoreException.html
ArrayType =  https://docs.oracle.com/javase/7/docs/api/javax/lang/model/type/ArrayType.html
ArrayType =  https://docs.oracle.com/javase/7/docs/api/javax/management/openmbean/ArrayType.html
AssertionError =  https://docs.oracle.com/javase/7/docs/api/java/lang/AssertionError.html
AsyncBoxView =  https://docs.oracle.com/javase/7/docs/api/javax/swing/text/AsyncBoxView.html
AsyncHandler =  https://docs.oracle.com/javase/7/docs/api/javax/xml/ws/AsyncHandler.html
AsynchronousByteChannel =  https://docs.oracle.com/javase/7/docs/api/java/nio/channels/AsynchronousByteChannel.html
AsynchronousChannel =  https://docs.oracle.com/javase/7/docs/api/java/nio/channels/AsynchronousChannel.html
AsynchronousChannelGroup =  https://docs.oracle.com/javase/7/docs/api/java/nio/channels/AsynchronousChannelGroup.html
AsynchronousChannelProvider =  https://docs.oracle.com/javase/7/docs/api/java/nio/channels/spi/AsynchronousChannelProvider.html
AsynchronousCloseException =  https://docs.oracle.com/javase/7/docs/api/java/nio/channels/AsynchronousCloseException.html
AsynchronousFileChannel =  https://docs.oracle.com/javase/7/docs/api/java/nio/channels/AsynchronousFileChannel.html
AsynchronousServerSocketChannel =  https://docs.oracle.com/javase/7/docs/api/java/nio/channels/AsynchronousServerSocketChannel.html
AsynchronousSocketChannel =  https://docs.oracle.com/javase/7/docs/api/java/nio/channels/AsynchronousSocketChannel.html
AtomicBoolean =  https://docs.oracle.com/javase/7/docs/api/java/util/concurrent/atomic/AtomicBoolean.html
AtomicInteger =  https://docs.oracle.com/javase/7/docs/api/java/util/concurrent/atomic/AtomicInteger.html
AtomicIntegerArray =  https://docs.oracle.com/javase/7/docs/api/java/util/concurrent/atomic/AtomicIntegerArray.html
AtomicIntegerFieldUpdater =  https://docs.oracle.com/javase/7/docs/api/java/util/concurrent/atomic/AtomicIntegerFieldUpdater.html
AtomicLong =  https://docs.oracle.com/javase/7/docs/api/java/util/concurrent/atomic/AtomicLong.html
AtomicLongArray =  https://docs.oracle.com/javase/7/docs/api/java/util/concurrent/atomic/AtomicLongArray.html
AtomicLongFieldUpdater =  https://docs.oracle.com/javase/7/docs/api/java/util/concurrent/atomic/AtomicLongFieldUpdater.html
AtomicMarkableReference =  https://docs.oracle.com/javase/7/docs/api/java/util/concurrent/atomic/AtomicMarkableReference.html
AtomicMoveNotSupportedException =  https://docs.oracle.com/javase/7/docs/api/java/nio/file/AtomicMoveNotSupportedException.html
AtomicReference =  https://docs.oracle.com/javase/7/docs/api/java/util/concurrent/atomic/AtomicReference.html
AtomicReferenceArray =  https://docs.oracle.com/javase/7/docs/api/java/util/concurrent/atomic/AtomicReferenceArray.html
AtomicReferenceFieldUpdater =  https://docs.oracle.com/javase/7/docs/api/java/util/concurrent/atomic/AtomicReferenceFieldUpdater.html
AtomicStampedReference =  https://docs.oracle.com/javase/7/docs/api/java/util/concurrent/atomic/AtomicStampedReference.html
AttachmentMarshaller =  https://docs.oracle.com/javase/7/docs/api/javax/xml/bind/attachment/AttachmentMarshaller.html
AttachmentPart =  https://docs.oracle.com/javase/7/docs/api/javax/xml/soap/AttachmentPart.html
AttachmentUnmarshaller =  https://docs.oracle.com/javase/7/docs/api/javax/xml/bind/attachment/AttachmentUnmarshaller.html
Attr =  https://docs.oracle.com/javase/7/docs/api/org/w3c/dom/Attr.html
Attribute =  https://docs.oracle.com/javase/7/docs/api/javax/management/Attribute.html
Attribute =  https://docs.oracle.com/javase/7/docs/api/javax/naming/directory/Attribute.html
Attribute =  https://docs.oracle.com/javase/7/docs/api/javax/print/attribute/Attribute.html
Attribute =  https://docs.oracle.com/javase/7/docs/api/javax/xml/stream/events/Attribute.html
AttributeChangeNotification =  https://docs.oracle.com/javase/7/docs/api/javax/management/AttributeChangeNotification.html
AttributeChangeNotificationFilter =  https://docs.oracle.com/javase/7/docs/api/javax/management/AttributeChangeNotificationFilter.html
AttributedCharacterIterator =  https://docs.oracle.com/javase/7/docs/api/java/text/AttributedCharacterIterator.html
AttributedCharacterIterator.Attribute =  https://docs.oracle.com/javase/7/docs/api/java/text/AttributedCharacterIterator.Attribute.html
AttributedString =  https://docs.oracle.com/javase/7/docs/api/java/text/AttributedString.html
AttributeException =  https://docs.oracle.com/javase/7/docs/api/javax/print/AttributeException.html
AttributeInUseException =  https://docs.oracle.com/javase/7/docs/api/javax/naming/directory/AttributeInUseException.html
AttributeList =  https://docs.oracle.com/javase/7/docs/api/javax/management/AttributeList.html
AttributeList =  https://docs.oracle.com/javase/7/docs/api/javax/swing/text/html/parser/AttributeList.html
AttributeList =  https://docs.oracle.com/javase/7/docs/api/org/xml/sax/AttributeList.html
AttributeListImpl =  https://docs.oracle.com/javase/7/docs/api/org/xml/sax/helpers/AttributeListImpl.html
AttributeModificationException =  https://docs.oracle.com/javase/7/docs/api/javax/naming/directory/AttributeModificationException.html
AttributeNotFoundException =  https://docs.oracle.com/javase/7/docs/api/javax/management/AttributeNotFoundException.html
Attributes =  https://docs.oracle.com/javase/7/docs/api/java/util/jar/Attributes.html
Attributes =  https://docs.oracle.com/javase/7/docs/api/javax/naming/directory/Attributes.html
Attributes =  https://docs.oracle.com/javase/7/docs/api/org/xml/sax/Attributes.html
Attributes.Name =  https://docs.oracle.com/javase/7/docs/api/java/util/jar/Attributes.Name.html
Attributes2 =  https://docs.oracle.com/javase/7/docs/api/org/xml/sax/ext/Attributes2.html
Attributes2Impl =  https://docs.oracle.com/javase/7/docs/api/org/xml/sax/ext/Attributes2Impl.html
AttributeSet =  https://docs.oracle.com/javase/7/docs/api/javax/print/attribute/AttributeSet.html
AttributeSet =  https://docs.oracle.com/javase/7/docs/api/javax/swing/text/AttributeSet.html
AttributeSet.CharacterAttribute =  https://docs.oracle.com/javase/7/docs/api/javax/swing/text/AttributeSet.CharacterAttribute.html
AttributeSet.ColorAttribute =  https://docs.oracle.com/javase/7/docs/api/javax/swing/text/AttributeSet.ColorAttribute.html
AttributeSet.FontAttribute =  https://docs.oracle.com/javase/7/docs/api/javax/swing/text/AttributeSet.FontAttribute.html
AttributeSet.ParagraphAttribute =  https://docs.oracle.com/javase/7/docs/api/javax/swing/text/AttributeSet.ParagraphAttribute.html
AttributeSetUtilities =  https://docs.oracle.com/javase/7/docs/api/javax/print/attribute/AttributeSetUtilities.html
AttributesImpl =  https://docs.oracle.com/javase/7/docs/api/org/xml/sax/helpers/AttributesImpl.html
AttributeValueExp =  https://docs.oracle.com/javase/7/docs/api/javax/management/AttributeValueExp.html
AttributeView =  https://docs.oracle.com/javase/7/docs/api/java/nio/file/attribute/AttributeView.html
AudioClip =  https://docs.oracle.com/javase/7/docs/api/java/applet/AudioClip.html
AudioFileFormat =  https://docs.oracle.com/javase/7/docs/api/javax/sound/sampled/AudioFileFormat.html
AudioFileFormat.Type =  https://docs.oracle.com/javase/7/docs/api/javax/sound/sampled/AudioFileFormat.Type.html
AudioFileReader =  https://docs.oracle.com/javase/7/docs/api/javax/sound/sampled/spi/AudioFileReader.html
AudioFileWriter =  https://docs.oracle.com/javase/7/docs/api/javax/sound/sampled/spi/AudioFileWriter.html
AudioFormat =  https://docs.oracle.com/javase/7/docs/api/javax/sound/sampled/AudioFormat.html
AudioFormat.Encoding =  https://docs.oracle.com/javase/7/docs/api/javax/sound/sampled/AudioFormat.Encoding.html
AudioInputStream =  https://docs.oracle.com/javase/7/docs/api/javax/sound/sampled/AudioInputStream.html
AudioPermission =  https://docs.oracle.com/javase/7/docs/api/javax/sound/sampled/AudioPermission.html
AudioSystem =  https://docs.oracle.com/javase/7/docs/api/javax/sound/sampled/AudioSystem.html
AuthenticationException =  https://docs.oracle.com/javase/7/docs/api/javax/naming/AuthenticationException.html
AuthenticationException =  https://docs.oracle.com/javase/7/docs/api/javax/security/sasl/AuthenticationException.html
AuthenticationNotSupportedException =  https://docs.oracle.com/javase/7/docs/api/javax/naming/AuthenticationNotSupportedException.html
Authenticator =  https://docs.oracle.com/javase/7/docs/api/java/net/Authenticator.html
Authenticator.RequestorType =  https://docs.oracle.com/javase/7/docs/api/java/net/Authenticator.RequestorType.html
AuthorizeCallback =  https://docs.oracle.com/javase/7/docs/api/javax/security/sasl/AuthorizeCallback.html
AuthPermission =  https://docs.oracle.com/javase/7/docs/api/javax/security/auth/AuthPermission.html
AuthProvider =  https://docs.oracle.com/javase/7/docs/api/java/security/AuthProvider.html
AutoCloseable =  https://docs.oracle.com/javase/7/docs/api/java/lang/AutoCloseable.html
Autoscroll =  https://docs.oracle.com/javase/7/docs/api/java/awt/dnd/Autoscroll.html
AWTError =  https://docs.oracle.com/javase/7/docs/api/java/awt/AWTError.html
AWTEvent =  https://docs.oracle.com/javase/7/docs/api/java/awt/AWTEvent.html
AWTEventListener =  https://docs.oracle.com/javase/7/docs/api/java/awt/event/AWTEventListener.html
AWTEventListenerProxy =  https://docs.oracle.com/javase/7/docs/api/java/awt/event/AWTEventListenerProxy.html
AWTEventMulticaster =  https://docs.oracle.com/javase/7/docs/api/java/awt/AWTEventMulticaster.html
AWTException =  https://docs.oracle.com/javase/7/docs/api/java/awt/AWTException.html
AWTKeyStroke =  https://docs.oracle.com/javase/7/docs/api/java/awt/AWTKeyStroke.html
AWTPermission =  https://docs.oracle.com/javase/7/docs/api/java/awt/AWTPermission.html
BackingStoreException =  https://docs.oracle.com/javase/7/docs/api/java/util/prefs/BackingStoreException.html
BAD_CONTEXT =  https://docs.oracle.com/javase/7/docs/api/org/omg/CORBA/BAD_CONTEXT.html
BAD_INV_ORDER =  https://docs.oracle.com/javase/7/docs/api/org/omg/CORBA/BAD_INV_ORDER.html
BAD_OPERATION =  https://docs.oracle.com/javase/7/docs/api/org/omg/CORBA/BAD_OPERATION.html
BAD_PARAM =  https://docs.oracle.com/javase/7/docs/api/org/omg/CORBA/BAD_PARAM.html
BAD_POLICY =  https://docs.oracle.com/javase/7/docs/api/org/omg/CORBA/BAD_POLICY.html
BAD_POLICY_TYPE =  https://docs.oracle.com/javase/7/docs/api/org/omg/CORBA/BAD_POLICY_TYPE.html
BAD_POLICY_VALUE =  https://docs.oracle.com/javase/7/docs/api/org/omg/CORBA/BAD_POLICY_VALUE.html
BAD_QOS =  https://docs.oracle.com/javase/7/docs/api/org/omg/CORBA/BAD_QOS.html
BAD_TYPECODE =  https://docs.oracle.com/javase/7/docs/api/org/omg/CORBA/BAD_TYPECODE.html
BadAttributeValueExpException =  https://docs.oracle.com/javase/7/docs/api/javax/management/BadAttributeValueExpException.html
BadBinaryOpValueExpException =  https://docs.oracle.com/javase/7/docs/api/javax/management/BadBinaryOpValueExpException.html
BadKind =  https://docs.oracle.com/javase/7/docs/api/org/omg/CORBA/TypeCodePackage/BadKind.html
BadLocationException =  https://docs.oracle.com/javase/7/docs/api/javax/swing/text/BadLocationException.html
BadPaddingException =  https://docs.oracle.com/javase/7/docs/api/javax/crypto/BadPaddingException.html
BadStringOperationException =  https://docs.oracle.com/javase/7/docs/api/javax/management/BadStringOperationException.html
BandCombineOp =  https://docs.oracle.com/javase/7/docs/api/java/awt/image/BandCombineOp.html
BandedSampleModel =  https://docs.oracle.com/javase/7/docs/api/java/awt/image/BandedSampleModel.html
BaseRowSet =  https://docs.oracle.com/javase/7/docs/api/javax/sql/rowset/BaseRowSet.html
BasicArrowButton =  https://docs.oracle.com/javase/7/docs/api/javax/swing/plaf/basic/BasicArrowButton.html
BasicAttribute =  https://docs.oracle.com/javase/7/docs/api/javax/naming/directory/BasicAttribute.html
BasicAttributes =  https://docs.oracle.com/javase/7/docs/api/javax/naming/directory/BasicAttributes.html
BasicBorders =  https://docs.oracle.com/javase/7/docs/api/javax/swing/plaf/basic/BasicBorders.html
BasicBorders.ButtonBorder =  https://docs.oracle.com/javase/7/docs/api/javax/swing/plaf/basic/BasicBorders.ButtonBorder.html
BasicBorders.FieldBorder =  https://docs.oracle.com/javase/7/docs/api/javax/swing/plaf/basic/BasicBorders.FieldBorder.html
BasicBorders.MarginBorder =  https://docs.oracle.com/javase/7/docs/api/javax/swing/plaf/basic/BasicBorders.MarginBorder.html
BasicBorders.MenuBarBorder =  https://docs.oracle.com/javase/7/docs/api/javax/swing/plaf/basic/BasicBorders.MenuBarBorder.html
BasicBorders.RadioButtonBorder =  https://docs.oracle.com/javase/7/docs/api/javax/swing/plaf/basic/BasicBorders.RadioButtonBorder.html
BasicBorders.RolloverButtonBorder =  https://docs.oracle.com/javase/7/docs/api/javax/swing/plaf/basic/BasicBorders.RolloverButtonBorder.html
BasicBorders.SplitPaneBorder =  https://docs.oracle.com/javase/7/docs/api/javax/swing/plaf/basic/BasicBorders.SplitPaneBorder.html
BasicBorders.ToggleButtonBorder =  https://docs.oracle.com/javase/7/docs/api/javax/swing/plaf/basic/BasicBorders.ToggleButtonBorder.html
BasicButtonListener =  https://docs.oracle.com/javase/7/docs/api/javax/swing/plaf/basic/BasicButtonListener.html
BasicButtonUI =  https://docs.oracle.com/javase/7/docs/api/javax/swing/plaf/basic/BasicButtonUI.html
BasicCheckBoxMenuItemUI =  https://docs.oracle.com/javase/7/docs/api/javax/swing/plaf/basic/BasicCheckBoxMenuItemUI.html
BasicCheckBoxUI =  https://docs.oracle.com/javase/7/docs/api/javax/swing/plaf/basic/BasicCheckBoxUI.html
BasicColorChooserUI =  https://docs.oracle.com/javase/7/docs/api/javax/swing/plaf/basic/BasicColorChooserUI.html
BasicComboBoxEditor =  https://docs.oracle.com/javase/7/docs/api/javax/swing/plaf/basic/BasicComboBoxEditor.html
BasicComboBoxEditor.UIResource =  https://docs.oracle.com/javase/7/docs/api/javax/swing/plaf/basic/BasicComboBoxEditor.UIResource.html
BasicComboBoxRenderer =  https://docs.oracle.com/javase/7/docs/api/javax/swing/plaf/basic/BasicComboBoxRenderer.html
BasicComboBoxRenderer.UIResource =  https://docs.oracle.com/javase/7/docs/api/javax/swing/plaf/basic/BasicComboBoxRenderer.UIResource.html
BasicComboBoxUI =  https://docs.oracle.com/javase/7/docs/api/javax/swing/plaf/basic/BasicComboBoxUI.html
BasicComboPopup =  https://docs.oracle.com/javase/7/docs/api/javax/swing/plaf/basic/BasicComboPopup.html
BasicControl =  https://docs.oracle.com/javase/7/docs/api/javax/naming/ldap/BasicControl.html
BasicDesktopIconUI =  https://docs.oracle.com/javase/7/docs/api/javax/swing/plaf/basic/BasicDesktopIconUI.html
BasicDesktopPaneUI =  https://docs.oracle.com/javase/7/docs/api/javax/swing/plaf/basic/BasicDesktopPaneUI.html
BasicDirectoryModel =  https://docs.oracle.com/javase/7/docs/api/javax/swing/plaf/basic/BasicDirectoryModel.html
BasicEditorPaneUI =  https://docs.oracle.com/javase/7/docs/api/javax/swing/plaf/basic/BasicEditorPaneUI.html
BasicFileAttributes =  https://docs.oracle.com/javase/7/docs/api/java/nio/file/attribute/BasicFileAttributes.html
BasicFileAttributeView =  https://docs.oracle.com/javase/7/docs/api/java/nio/file/attribute/BasicFileAttributeView.html
BasicFileChooserUI =  https://docs.oracle.com/javase/7/docs/api/javax/swing/plaf/basic/BasicFileChooserUI.html
BasicFormattedTextFieldUI =  https://docs.oracle.com/javase/7/docs/api/javax/swing/plaf/basic/BasicFormattedTextFieldUI.html
BasicGraphicsUtils =  https://docs.oracle.com/javase/7/docs/api/javax/swing/plaf/basic/BasicGraphicsUtils.html
BasicHTML =  https://docs.oracle.com/javase/7/docs/api/javax/swing/plaf/basic/BasicHTML.html
BasicIconFactory =  https://docs.oracle.com/javase/7/docs/api/javax/swing/plaf/basic/BasicIconFactory.html
BasicInternalFrameTitlePane =  https://docs.oracle.com/javase/7/docs/api/javax/swing/plaf/basic/BasicInternalFrameTitlePane.html
BasicInternalFrameUI =  https://docs.oracle.com/javase/7/docs/api/javax/swing/plaf/basic/BasicInternalFrameUI.html
BasicLabelUI =  https://docs.oracle.com/javase/7/docs/api/javax/swing/plaf/basic/BasicLabelUI.html
BasicListUI =  https://docs.oracle.com/javase/7/docs/api/javax/swing/plaf/basic/BasicListUI.html
BasicLookAndFeel =  https://docs.oracle.com/javase/7/docs/api/javax/swing/plaf/basic/BasicLookAndFeel.html
BasicMenuBarUI =  https://docs.oracle.com/javase/7/docs/api/javax/swing/plaf/basic/BasicMenuBarUI.html
BasicMenuItemUI =  https://docs.oracle.com/javase/7/docs/api/javax/swing/plaf/basic/BasicMenuItemUI.html
BasicMenuUI =  https://docs.oracle.com/javase/7/docs/api/javax/swing/plaf/basic/BasicMenuUI.html
BasicOptionPaneUI =  https://docs.oracle.com/javase/7/docs/api/javax/swing/plaf/basic/BasicOptionPaneUI.html
BasicOptionPaneUI.ButtonAreaLayout =  https://docs.oracle.com/javase/7/docs/api/javax/swing/plaf/basic/BasicOptionPaneUI.ButtonAreaLayout.html
BasicPanelUI =  https://docs.oracle.com/javase/7/docs/api/javax/swing/plaf/basic/BasicPanelUI.html
BasicPasswordFieldUI =  https://docs.oracle.com/javase/7/docs/api/javax/swing/plaf/basic/BasicPasswordFieldUI.html
BasicPermission =  https://docs.oracle.com/javase/7/docs/api/java/security/BasicPermission.html
BasicPopupMenuSeparatorUI =  https://docs.oracle.com/javase/7/docs/api/javax/swing/plaf/basic/BasicPopupMenuSeparatorUI.html
BasicPopupMenuUI =  https://docs.oracle.com/javase/7/docs/api/javax/swing/plaf/basic/BasicPopupMenuUI.html
BasicProgressBarUI =  https://docs.oracle.com/javase/7/docs/api/javax/swing/plaf/basic/BasicProgressBarUI.html
BasicRadioButtonMenuItemUI =  https://docs.oracle.com/javase/7/docs/api/javax/swing/plaf/basic/BasicRadioButtonMenuItemUI.html
BasicRadioButtonUI =  https://docs.oracle.com/javase/7/docs/api/javax/swing/plaf/basic/BasicRadioButtonUI.html
BasicRootPaneUI =  https://docs.oracle.com/javase/7/docs/api/javax/swing/plaf/basic/BasicRootPaneUI.html
BasicScrollBarUI =  https://docs.oracle.com/javase/7/docs/api/javax/swing/plaf/basic/BasicScrollBarUI.html
BasicScrollPaneUI =  https://docs.oracle.com/javase/7/docs/api/javax/swing/plaf/basic/BasicScrollPaneUI.html
BasicSeparatorUI =  https://docs.oracle.com/javase/7/docs/api/javax/swing/plaf/basic/BasicSeparatorUI.html
BasicSliderUI =  https://docs.oracle.com/javase/7/docs/api/javax/swing/plaf/basic/BasicSliderUI.html
BasicSpinnerUI =  https://docs.oracle.com/javase/7/docs/api/javax/swing/plaf/basic/BasicSpinnerUI.html
BasicSplitPaneDivider =  https://docs.oracle.com/javase/7/docs/api/javax/swing/plaf/basic/BasicSplitPaneDivider.html
BasicSplitPaneUI =  https://docs.oracle.com/javase/7/docs/api/javax/swing/plaf/basic/BasicSplitPaneUI.html
BasicStroke =  https://docs.oracle.com/javase/7/docs/api/java/awt/BasicStroke.html
BasicTabbedPaneUI =  https://docs.oracle.com/javase/7/docs/api/javax/swing/plaf/basic/BasicTabbedPaneUI.html
BasicTableHeaderUI =  https://docs.oracle.com/javase/7/docs/api/javax/swing/plaf/basic/BasicTableHeaderUI.html
BasicTableUI =  https://docs.oracle.com/javase/7/docs/api/javax/swing/plaf/basic/BasicTableUI.html
BasicTextAreaUI =  https://docs.oracle.com/javase/7/docs/api/javax/swing/plaf/basic/BasicTextAreaUI.html
BasicTextFieldUI =  https://docs.oracle.com/javase/7/docs/api/javax/swing/plaf/basic/BasicTextFieldUI.html
BasicTextPaneUI =  https://docs.oracle.com/javase/7/docs/api/javax/swing/plaf/basic/BasicTextPaneUI.html
BasicTextUI =  https://docs.oracle.com/javase/7/docs/api/javax/swing/plaf/basic/BasicTextUI.html
BasicTextUI.BasicCaret =  https://docs.oracle.com/javase/7/docs/api/javax/swing/plaf/basic/BasicTextUI.BasicCaret.html
BasicTextUI.BasicHighlighter =  https://docs.oracle.com/javase/7/docs/api/javax/swing/plaf/basic/BasicTextUI.BasicHighlighter.html
BasicToggleButtonUI =  https://docs.oracle.com/javase/7/docs/api/javax/swing/plaf/basic/BasicToggleButtonUI.html
BasicToolBarSeparatorUI =  https://docs.oracle.com/javase/7/docs/api/javax/swing/plaf/basic/BasicToolBarSeparatorUI.html
BasicToolBarUI =  https://docs.oracle.com/javase/7/docs/api/javax/swing/plaf/basic/BasicToolBarUI.html
BasicToolTipUI =  https://docs.oracle.com/javase/7/docs/api/javax/swing/plaf/basic/BasicToolTipUI.html
BasicTreeUI =  https://docs.oracle.com/javase/7/docs/api/javax/swing/plaf/basic/BasicTreeUI.html
BasicViewportUI =  https://docs.oracle.com/javase/7/docs/api/javax/swing/plaf/basic/BasicViewportUI.html
BatchUpdateException =  https://docs.oracle.com/javase/7/docs/api/java/sql/BatchUpdateException.html
BeanContext =  https://docs.oracle.com/javase/7/docs/api/java/beans/beancontext/BeanContext.html
BeanContextChild =  https://docs.oracle.com/javase/7/docs/api/java/beans/beancontext/BeanContextChild.html
BeanContextChildComponentProxy =  https://docs.oracle.com/javase/7/docs/api/java/beans/beancontext/BeanContextChildComponentProxy.html
BeanContextChildSupport =  https://docs.oracle.com/javase/7/docs/api/java/beans/beancontext/BeanContextChildSupport.html
BeanContextContainerProxy =  https://docs.oracle.com/javase/7/docs/api/java/beans/beancontext/BeanContextContainerProxy.html
BeanContextEvent =  https://docs.oracle.com/javase/7/docs/api/java/beans/beancontext/BeanContextEvent.html
BeanContextMembershipEvent =  https://docs.oracle.com/javase/7/docs/api/java/beans/beancontext/BeanContextMembershipEvent.html
BeanContextMembershipListener =  https://docs.oracle.com/javase/7/docs/api/java/beans/beancontext/BeanContextMembershipListener.html
BeanContextProxy =  https://docs.oracle.com/javase/7/docs/api/java/beans/beancontext/BeanContextProxy.html
BeanContextServiceAvailableEvent =  https://docs.oracle.com/javase/7/docs/api/java/beans/beancontext/BeanContextServiceAvailableEvent.html
BeanContextServiceProvider =  https://docs.oracle.com/javase/7/docs/api/java/beans/beancontext/BeanContextServiceProvider.html
BeanContextServiceProviderBeanInfo =  https://docs.oracle.com/javase/7/docs/api/java/beans/beancontext/BeanContextServiceProviderBeanInfo.html
BeanContextServiceRevokedEvent =  https://docs.oracle.com/javase/7/docs/api/java/beans/beancontext/BeanContextServiceRevokedEvent.html
BeanContextServiceRevokedListener =  https://docs.oracle.com/javase/7/docs/api/java/beans/beancontext/BeanContextServiceRevokedListener.html
BeanContextServices =  https://docs.oracle.com/javase/7/docs/api/java/beans/beancontext/BeanContextServices.html
BeanContextServicesListener =  https://docs.oracle.com/javase/7/docs/api/java/beans/beancontext/BeanContextServicesListener.html
BeanContextServicesSupport =  https://docs.oracle.com/javase/7/docs/api/java/beans/beancontext/BeanContextServicesSupport.html
BeanContextServicesSupport.BCSSServiceProvider =  https://docs.oracle.com/javase/7/docs/api/java/beans/beancontext/BeanContextServicesSupport.BCSSServiceProvider.html
BeanContextSupport =  https://docs.oracle.com/javase/7/docs/api/java/beans/beancontext/BeanContextSupport.html
BeanContextSupport.BCSIterator =  https://docs.oracle.com/javase/7/docs/api/java/beans/beancontext/BeanContextSupport.BCSIterator.html
BeanDescriptor =  https://docs.oracle.com/javase/7/docs/api/java/beans/BeanDescriptor.html
BeanInfo =  https://docs.oracle.com/javase/7/docs/api/java/beans/BeanInfo.html
Beans =  https://docs.oracle.com/javase/7/docs/api/java/beans/Beans.html
BevelBorder =  https://docs.oracle.com/javase/7/docs/api/javax/swing/border/BevelBorder.html
Bidi =  https://docs.oracle.com/javase/7/docs/api/java/text/Bidi.html
BigDecimal =  https://docs.oracle.com/javase/7/docs/api/java/math/BigDecimal.html
BigInteger =  https://docs.oracle.com/javase/7/docs/api/java/math/BigInteger.html
BinaryRefAddr =  https://docs.oracle.com/javase/7/docs/api/javax/naming/BinaryRefAddr.html
Binder =  https://docs.oracle.com/javase/7/docs/api/javax/xml/bind/Binder.html
BindException =  https://docs.oracle.com/javase/7/docs/api/java/net/BindException.html
Binding =  https://docs.oracle.com/javase/7/docs/api/javax/naming/Binding.html
Binding =  https://docs.oracle.com/javase/7/docs/api/javax/xml/ws/Binding.html
Binding =  https://docs.oracle.com/javase/7/docs/api/org/omg/CosNaming/Binding.html
BindingHelper =  https://docs.oracle.com/javase/7/docs/api/org/omg/CosNaming/BindingHelper.html
BindingHolder =  https://docs.oracle.com/javase/7/docs/api/org/omg/CosNaming/BindingHolder.html
BindingIterator =  https://docs.oracle.com/javase/7/docs/api/org/omg/CosNaming/BindingIterator.html
BindingIteratorHelper =  https://docs.oracle.com/javase/7/docs/api/org/omg/CosNaming/BindingIteratorHelper.html
BindingIteratorHolder =  https://docs.oracle.com/javase/7/docs/api/org/omg/CosNaming/BindingIteratorHolder.html
BindingIteratorOperations =  https://docs.oracle.com/javase/7/docs/api/org/omg/CosNaming/BindingIteratorOperations.html
BindingIteratorPOA =  https://docs.oracle.com/javase/7/docs/api/org/omg/CosNaming/BindingIteratorPOA.html
BindingListHelper =  https://docs.oracle.com/javase/7/docs/api/org/omg/CosNaming/BindingListHelper.html
BindingListHolder =  https://docs.oracle.com/javase/7/docs/api/org/omg/CosNaming/BindingListHolder.html
BindingProvider =  https://docs.oracle.com/javase/7/docs/api/javax/xml/ws/BindingProvider.html
Bindings =  https://docs.oracle.com/javase/7/docs/api/javax/script/Bindings.html
BindingType =  https://docs.oracle.com/javase/7/docs/api/javax/xml/ws/BindingType.html
BindingType =  https://docs.oracle.com/javase/7/docs/api/org/omg/CosNaming/BindingType.html
BindingTypeHelper =  https://docs.oracle.com/javase/7/docs/api/org/omg/CosNaming/BindingTypeHelper.html
BindingTypeHolder =  https://docs.oracle.com/javase/7/docs/api/org/omg/CosNaming/BindingTypeHolder.html
BitSet =  https://docs.oracle.com/javase/7/docs/api/java/util/BitSet.html
Blob =  https://docs.oracle.com/javase/7/docs/api/java/sql/Blob.html
BlockingDeque =  https://docs.oracle.com/javase/7/docs/api/java/util/concurrent/BlockingDeque.html
BlockingQueue =  https://docs.oracle.com/javase/7/docs/api/java/util/concurrent/BlockingQueue.html
BlockView =  https://docs.oracle.com/javase/7/docs/api/javax/swing/text/html/BlockView.html
BMPImageWriteParam =  https://docs.oracle.com/javase/7/docs/api/javax/imageio/plugins/bmp/BMPImageWriteParam.html
Book =  https://docs.oracle.com/javase/7/docs/api/java/awt/print/Book.html
Boolean =  https://docs.oracle.com/javase/7/docs/api/java/lang/Boolean.html
BooleanControl =  https://docs.oracle.com/javase/7/docs/api/javax/sound/sampled/BooleanControl.html
BooleanControl.Type =  https://docs.oracle.com/javase/7/docs/api/javax/sound/sampled/BooleanControl.Type.html
BooleanHolder =  https://docs.oracle.com/javase/7/docs/api/org/omg/CORBA/BooleanHolder.html
BooleanSeqHelper =  https://docs.oracle.com/javase/7/docs/api/org/omg/CORBA/BooleanSeqHelper.html
BooleanSeqHolder =  https://docs.oracle.com/javase/7/docs/api/org/omg/CORBA/BooleanSeqHolder.html
BootstrapMethodError =  https://docs.oracle.com/javase/7/docs/api/java/lang/BootstrapMethodError.html
Border =  https://docs.oracle.com/javase/7/docs/api/javax/swing/border/Border.html
BorderFactory =  https://docs.oracle.com/javase/7/docs/api/javax/swing/BorderFactory.html
BorderLayout =  https://docs.oracle.com/javase/7/docs/api/java/awt/BorderLayout.html
BorderUIResource =  https://docs.oracle.com/javase/7/docs/api/javax/swing/plaf/BorderUIResource.html
BorderUIResource.BevelBorderUIResource =  https://docs.oracle.com/javase/7/docs/api/javax/swing/plaf/BorderUIResource.BevelBorderUIResource.html
BorderUIResource.CompoundBorderUIResource =  https://docs.oracle.com/javase/7/docs/api/javax/swing/plaf/BorderUIResource.CompoundBorderUIResource.html
BorderUIResource.EmptyBorderUIResource =  https://docs.oracle.com/javase/7/docs/api/javax/swing/plaf/BorderUIResource.EmptyBorderUIResource.html
BorderUIResource.EtchedBorderUIResource =  https://docs.oracle.com/javase/7/docs/api/javax/swing/plaf/BorderUIResource.EtchedBorderUIResource.html
BorderUIResource.LineBorderUIResource =  https://docs.oracle.com/javase/7/docs/api/javax/swing/plaf/BorderUIResource.LineBorderUIResource.html
BorderUIResource.MatteBorderUIResource =  https://docs.oracle.com/javase/7/docs/api/javax/swing/plaf/BorderUIResource.MatteBorderUIResource.html
BorderUIResource.TitledBorderUIResource =  https://docs.oracle.com/javase/7/docs/api/javax/swing/plaf/BorderUIResource.TitledBorderUIResource.html
BoundedRangeModel =  https://docs.oracle.com/javase/7/docs/api/javax/swing/BoundedRangeModel.html
Bounds =  https://docs.oracle.com/javase/7/docs/api/org/omg/CORBA/Bounds.html
Bounds =  https://docs.oracle.com/javase/7/docs/api/org/omg/CORBA/TypeCodePackage/Bounds.html
Box =  https://docs.oracle.com/javase/7/docs/api/javax/swing/Box.html
Box.Filler =  https://docs.oracle.com/javase/7/docs/api/javax/swing/Box.Filler.html
BoxedValueHelper =  https://docs.oracle.com/javase/7/docs/api/org/omg/CORBA/portable/BoxedValueHelper.html
BoxLayout =  https://docs.oracle.com/javase/7/docs/api/javax/swing/BoxLayout.html
BoxView =  https://docs.oracle.com/javase/7/docs/api/javax/swing/text/BoxView.html
BreakIterator =  https://docs.oracle.com/javase/7/docs/api/java/text/BreakIterator.html
BreakIteratorProvider =  https://docs.oracle.com/javase/7/docs/api/java/text/spi/BreakIteratorProvider.html
BrokenBarrierException =  https://docs.oracle.com/javase/7/docs/api/java/util/concurrent/BrokenBarrierException.html
Buffer =  https://docs.oracle.com/javase/7/docs/api/java/nio/Buffer.html
BufferCapabilities =  https://docs.oracle.com/javase/7/docs/api/java/awt/BufferCapabilities.html
BufferCapabilities.FlipContents =  https://docs.oracle.com/javase/7/docs/api/java/awt/BufferCapabilities.FlipContents.html
BufferedImage =  https://docs.oracle.com/javase/7/docs/api/java/awt/image/BufferedImage.html
BufferedImageFilter =  https://docs.oracle.com/javase/7/docs/api/java/awt/image/BufferedImageFilter.html
BufferedImageOp =  https://docs.oracle.com/javase/7/docs/api/java/awt/image/BufferedImageOp.html
BufferedInputStream =  https://docs.oracle.com/javase/7/docs/api/java/io/BufferedInputStream.html
BufferedOutputStream =  https://docs.oracle.com/javase/7/docs/api/java/io/BufferedOutputStream.html
BufferedReader =  https://docs.oracle.com/javase/7/docs/api/java/io/BufferedReader.html
BufferedWriter =  https://docs.oracle.com/javase/7/docs/api/java/io/BufferedWriter.html
BufferOverflowException =  https://docs.oracle.com/javase/7/docs/api/java/nio/BufferOverflowException.html
BufferPoolMXBean =  https://docs.oracle.com/javase/7/docs/api/java/lang/management/BufferPoolMXBean.html
BufferStrategy =  https://docs.oracle.com/javase/7/docs/api/java/awt/image/BufferStrategy.html
BufferUnderflowException =  https://docs.oracle.com/javase/7/docs/api/java/nio/BufferUnderflowException.html
Button =  https://docs.oracle.com/javase/7/docs/api/java/awt/Button.html
ButtonGroup =  https://docs.oracle.com/javase/7/docs/api/javax/swing/ButtonGroup.html
ButtonModel =  https://docs.oracle.com/javase/7/docs/api/javax/swing/ButtonModel.html
ButtonUI =  https://docs.oracle.com/javase/7/docs/api/javax/swing/plaf/ButtonUI.html
Byte =  https://docs.oracle.com/javase/7/docs/api/java/lang/Byte.html
ByteArrayInputStream =  https://docs.oracle.com/javase/7/docs/api/java/io/ByteArrayInputStream.html
ByteArrayOutputStream =  https://docs.oracle.com/javase/7/docs/api/java/io/ByteArrayOutputStream.html
ByteBuffer =  https://docs.oracle.com/javase/7/docs/api/java/nio/ByteBuffer.html
ByteChannel =  https://docs.oracle.com/javase/7/docs/api/java/nio/channels/ByteChannel.html
ByteHolder =  https://docs.oracle.com/javase/7/docs/api/org/omg/CORBA/ByteHolder.html
ByteLookupTable =  https://docs.oracle.com/javase/7/docs/api/java/awt/image/ByteLookupTable.html
ByteOrder =  https://docs.oracle.com/javase/7/docs/api/java/nio/ByteOrder.html
C14NMethodParameterSpec =  https://docs.oracle.com/javase/7/docs/api/javax/xml/crypto/dsig/spec/C14NMethodParameterSpec.html
CachedRowSet =  https://docs.oracle.com/javase/7/docs/api/javax/sql/rowset/CachedRowSet.html
CacheRequest =  https://docs.oracle.com/javase/7/docs/api/java/net/CacheRequest.html
CacheResponse =  https://docs.oracle.com/javase/7/docs/api/java/net/CacheResponse.html
Calendar =  https://docs.oracle.com/javase/7/docs/api/java/util/Calendar.html
Callable =  https://docs.oracle.com/javase/7/docs/api/java/util/concurrent/Callable.html
CallableStatement =  https://docs.oracle.com/javase/7/docs/api/java/sql/CallableStatement.html
Callback =  https://docs.oracle.com/javase/7/docs/api/javax/security/auth/callback/Callback.html
CallbackHandler =  https://docs.oracle.com/javase/7/docs/api/javax/security/auth/callback/CallbackHandler.html
CallSite =  https://docs.oracle.com/javase/7/docs/api/java/lang/invoke/CallSite.html
CancelablePrintJob =  https://docs.oracle.com/javase/7/docs/api/javax/print/CancelablePrintJob.html
CancellationException =  https://docs.oracle.com/javase/7/docs/api/java/util/concurrent/CancellationException.html
CancelledKeyException =  https://docs.oracle.com/javase/7/docs/api/java/nio/channels/CancelledKeyException.html
CannotProceed =  https://docs.oracle.com/javase/7/docs/api/org/omg/CosNaming/NamingContextPackage/CannotProceed.html
CannotProceedException =  https://docs.oracle.com/javase/7/docs/api/javax/naming/CannotProceedException.html
CannotProceedHelper =  https://docs.oracle.com/javase/7/docs/api/org/omg/CosNaming/NamingContextPackage/CannotProceedHelper.html
CannotProceedHolder =  https://docs.oracle.com/javase/7/docs/api/org/omg/CosNaming/NamingContextPackage/CannotProceedHolder.html
CannotRedoException =  https://docs.oracle.com/javase/7/docs/api/javax/swing/undo/CannotRedoException.html
CannotUndoException =  https://docs.oracle.com/javase/7/docs/api/javax/swing/undo/CannotUndoException.html
CanonicalizationMethod =  https://docs.oracle.com/javase/7/docs/api/javax/xml/crypto/dsig/CanonicalizationMethod.html
Canvas =  https://docs.oracle.com/javase/7/docs/api/java/awt/Canvas.html
CardLayout =  https://docs.oracle.com/javase/7/docs/api/java/awt/CardLayout.html
Caret =  https://docs.oracle.com/javase/7/docs/api/javax/swing/text/Caret.html
CaretEvent =  https://docs.oracle.com/javase/7/docs/api/javax/swing/event/CaretEvent.html
CaretListener =  https://docs.oracle.com/javase/7/docs/api/javax/swing/event/CaretListener.html
CDATASection =  https://docs.oracle.com/javase/7/docs/api/org/w3c/dom/CDATASection.html
CellEditor =  https://docs.oracle.com/javase/7/docs/api/javax/swing/CellEditor.html
CellEditorListener =  https://docs.oracle.com/javase/7/docs/api/javax/swing/event/CellEditorListener.html
CellRendererPane =  https://docs.oracle.com/javase/7/docs/api/javax/swing/CellRendererPane.html
Certificate =  https://docs.oracle.com/javase/7/docs/api/java/security/cert/Certificate.html
Certificate =  https://docs.oracle.com/javase/7/docs/api/java/security/Certificate.html
Certificate =  https://docs.oracle.com/javase/7/docs/api/javax/security/cert/Certificate.html
Certificate.CertificateRep =  https://docs.oracle.com/javase/7/docs/api/java/security/cert/Certificate.CertificateRep.html
CertificateEncodingException =  https://docs.oracle.com/javase/7/docs/api/java/security/cert/CertificateEncodingException.html
CertificateEncodingException =  https://docs.oracle.com/javase/7/docs/api/javax/security/cert/CertificateEncodingException.html
CertificateException =  https://docs.oracle.com/javase/7/docs/api/java/security/cert/CertificateException.html
CertificateException =  https://docs.oracle.com/javase/7/docs/api/javax/security/cert/CertificateException.html
CertificateExpiredException =  https://docs.oracle.com/javase/7/docs/api/java/security/cert/CertificateExpiredException.html
CertificateExpiredException =  https://docs.oracle.com/javase/7/docs/api/javax/security/cert/CertificateExpiredException.html
CertificateFactory =  https://docs.oracle.com/javase/7/docs/api/java/security/cert/CertificateFactory.html
CertificateFactorySpi =  https://docs.oracle.com/javase/7/docs/api/java/security/cert/CertificateFactorySpi.html
CertificateNotYetValidException =  https://docs.oracle.com/javase/7/docs/api/java/security/cert/CertificateNotYetValidException.html
CertificateNotYetValidException =  https://docs.oracle.com/javase/7/docs/api/javax/security/cert/CertificateNotYetValidException.html
CertificateParsingException =  https://docs.oracle.com/javase/7/docs/api/java/security/cert/CertificateParsingException.html
CertificateParsingException =  https://docs.oracle.com/javase/7/docs/api/javax/security/cert/CertificateParsingException.html
CertificateRevokedException =  https://docs.oracle.com/javase/7/docs/api/java/security/cert/CertificateRevokedException.html
CertPath =  https://docs.oracle.com/javase/7/docs/api/java/security/cert/CertPath.html
CertPath.CertPathRep =  https://docs.oracle.com/javase/7/docs/api/java/security/cert/CertPath.CertPathRep.html
CertPathBuilder =  https://docs.oracle.com/javase/7/docs/api/java/security/cert/CertPathBuilder.html
CertPathBuilderException =  https://docs.oracle.com/javase/7/docs/api/java/security/cert/CertPathBuilderException.html
CertPathBuilderResult =  https://docs.oracle.com/javase/7/docs/api/java/security/cert/CertPathBuilderResult.html
CertPathBuilderSpi =  https://docs.oracle.com/javase/7/docs/api/java/security/cert/CertPathBuilderSpi.html
CertPathParameters =  https://docs.oracle.com/javase/7/docs/api/java/security/cert/CertPathParameters.html
CertPathTrustManagerParameters =  https://docs.oracle.com/javase/7/docs/api/javax/net/ssl/CertPathTrustManagerParameters.html
CertPathValidator =  https://docs.oracle.com/javase/7/docs/api/java/security/cert/CertPathValidator.html
CertPathValidatorException =  https://docs.oracle.com/javase/7/docs/api/java/security/cert/CertPathValidatorException.html
CertPathValidatorException.BasicReason =  https://docs.oracle.com/javase/7/docs/api/java/security/cert/CertPathValidatorException.BasicReason.html
CertPathValidatorException.Reason =  https://docs.oracle.com/javase/7/docs/api/java/security/cert/CertPathValidatorException.Reason.html
CertPathValidatorResult =  https://docs.oracle.com/javase/7/docs/api/java/security/cert/CertPathValidatorResult.html
CertPathValidatorSpi =  https://docs.oracle.com/javase/7/docs/api/java/security/cert/CertPathValidatorSpi.html
CertSelector =  https://docs.oracle.com/javase/7/docs/api/java/security/cert/CertSelector.html
CertStore =  https://docs.oracle.com/javase/7/docs/api/java/security/cert/CertStore.html
CertStoreException =  https://docs.oracle.com/javase/7/docs/api/java/security/cert/CertStoreException.html
CertStoreParameters =  https://docs.oracle.com/javase/7/docs/api/java/security/cert/CertStoreParameters.html
CertStoreSpi =  https://docs.oracle.com/javase/7/docs/api/java/security/cert/CertStoreSpi.html
ChangedCharSetException =  https://docs.oracle.com/javase/7/docs/api/javax/swing/text/ChangedCharSetException.html
ChangeEvent =  https://docs.oracle.com/javase/7/docs/api/javax/swing/event/ChangeEvent.html
ChangeListener =  https://docs.oracle.com/javase/7/docs/api/javax/swing/event/ChangeListener.html
Channel =  https://docs.oracle.com/javase/7/docs/api/java/nio/channels/Channel.html
ChannelBinding =  https://docs.oracle.com/javase/7/docs/api/org/ietf/jgss/ChannelBinding.html
Channels =  https://docs.oracle.com/javase/7/docs/api/java/nio/channels/Channels.html
Character =  https://docs.oracle.com/javase/7/docs/api/java/lang/Character.html
Character.Subset =  https://docs.oracle.com/javase/7/docs/api/java/lang/Character.Subset.html
Character.UnicodeBlock =  https://docs.oracle.com/javase/7/docs/api/java/lang/Character.UnicodeBlock.html
Character.UnicodeScript =  https://docs.oracle.com/javase/7/docs/api/java/lang/Character.UnicodeScript.html
CharacterCodingException =  https://docs.oracle.com/javase/7/docs/api/java/nio/charset/CharacterCodingException.html
CharacterData =  https://docs.oracle.com/javase/7/docs/api/org/w3c/dom/CharacterData.html
CharacterIterator =  https://docs.oracle.com/javase/7/docs/api/java/text/CharacterIterator.html
Characters =  https://docs.oracle.com/javase/7/docs/api/javax/xml/stream/events/Characters.html
CharArrayReader =  https://docs.oracle.com/javase/7/docs/api/java/io/CharArrayReader.html
CharArrayWriter =  https://docs.oracle.com/javase/7/docs/api/java/io/CharArrayWriter.html
CharBuffer =  https://docs.oracle.com/javase/7/docs/api/java/nio/CharBuffer.html
CharConversionException =  https://docs.oracle.com/javase/7/docs/api/java/io/CharConversionException.html
CharHolder =  https://docs.oracle.com/javase/7/docs/api/org/omg/CORBA/CharHolder.html
CharSeqHelper =  https://docs.oracle.com/javase/7/docs/api/org/omg/CORBA/CharSeqHelper.html
CharSeqHolder =  https://docs.oracle.com/javase/7/docs/api/org/omg/CORBA/CharSeqHolder.html
CharSequence =  https://docs.oracle.com/javase/7/docs/api/java/lang/CharSequence.html
Charset =  https://docs.oracle.com/javase/7/docs/api/java/nio/charset/Charset.html
CharsetDecoder =  https://docs.oracle.com/javase/7/docs/api/java/nio/charset/CharsetDecoder.html
CharsetEncoder =  https://docs.oracle.com/javase/7/docs/api/java/nio/charset/CharsetEncoder.html
CharsetProvider =  https://docs.oracle.com/javase/7/docs/api/java/nio/charset/spi/CharsetProvider.html
Checkbox =  https://docs.oracle.com/javase/7/docs/api/java/awt/Checkbox.html
CheckboxGroup =  https://docs.oracle.com/javase/7/docs/api/java/awt/CheckboxGroup.html
CheckboxMenuItem =  https://docs.oracle.com/javase/7/docs/api/java/awt/CheckboxMenuItem.html
CheckedInputStream =  https://docs.oracle.com/javase/7/docs/api/java/util/zip/CheckedInputStream.html
CheckedOutputStream =  https://docs.oracle.com/javase/7/docs/api/java/util/zip/CheckedOutputStream.html
Checksum =  https://docs.oracle.com/javase/7/docs/api/java/util/zip/Checksum.html
Choice =  https://docs.oracle.com/javase/7/docs/api/java/awt/Choice.html
ChoiceCallback =  https://docs.oracle.com/javase/7/docs/api/javax/security/auth/callback/ChoiceCallback.html
ChoiceFormat =  https://docs.oracle.com/javase/7/docs/api/java/text/ChoiceFormat.html
Chromaticity =  https://docs.oracle.com/javase/7/docs/api/javax/print/attribute/standard/Chromaticity.html
Cipher =  https://docs.oracle.com/javase/7/docs/api/javax/crypto/Cipher.html
CipherInputStream =  https://docs.oracle.com/javase/7/docs/api/javax/crypto/CipherInputStream.html
CipherOutputStream =  https://docs.oracle.com/javase/7/docs/api/javax/crypto/CipherOutputStream.html
CipherSpi =  https://docs.oracle.com/javase/7/docs/api/javax/crypto/CipherSpi.html
Class =  https://docs.oracle.com/javase/7/docs/api/java/lang/Class.html
ClassCastException =  https://docs.oracle.com/javase/7/docs/api/java/lang/ClassCastException.html
ClassCircularityError =  https://docs.oracle.com/javase/7/docs/api/java/lang/ClassCircularityError.html
ClassDefinition =  https://docs.oracle.com/javase/7/docs/api/java/lang/instrument/ClassDefinition.html
ClassDesc =  https://docs.oracle.com/javase/7/docs/api/javax/rmi/CORBA/ClassDesc.html
ClassFileTransformer =  https://docs.oracle.com/javase/7/docs/api/java/lang/instrument/ClassFileTransformer.html
ClassFormatError =  https://docs.oracle.com/javase/7/docs/api/java/lang/ClassFormatError.html
ClassLoader =  https://docs.oracle.com/javase/7/docs/api/java/lang/ClassLoader.html
ClassLoaderRepository =  https://docs.oracle.com/javase/7/docs/api/javax/management/loading/ClassLoaderRepository.html
ClassLoadingMXBean =  https://docs.oracle.com/javase/7/docs/api/java/lang/management/ClassLoadingMXBean.html
ClassNotFoundException =  https://docs.oracle.com/javase/7/docs/api/java/lang/ClassNotFoundException.html
ClassValue =  https://docs.oracle.com/javase/7/docs/api/java/lang/ClassValue.html
ClientInfoStatus =  https://docs.oracle.com/javase/7/docs/api/java/sql/ClientInfoStatus.html
ClientRequestInfo =  https://docs.oracle.com/javase/7/docs/api/org/omg/PortableInterceptor/ClientRequestInfo.html
ClientRequestInfoOperations =  https://docs.oracle.com/javase/7/docs/api/org/omg/PortableInterceptor/ClientRequestInfoOperations.html
ClientRequestInterceptor =  https://docs.oracle.com/javase/7/docs/api/org/omg/PortableInterceptor/ClientRequestInterceptor.html
ClientRequestInterceptorOperations =  https://docs.oracle.com/javase/7/docs/api/org/omg/PortableInterceptor/ClientRequestInterceptorOperations.html
Clip =  https://docs.oracle.com/javase/7/docs/api/javax/sound/sampled/Clip.html
Clipboard =  https://docs.oracle.com/javase/7/docs/api/java/awt/datatransfer/Clipboard.html
ClipboardOwner =  https://docs.oracle.com/javase/7/docs/api/java/awt/datatransfer/ClipboardOwner.html
Clob =  https://docs.oracle.com/javase/7/docs/api/java/sql/Clob.html
Cloneable =  https://docs.oracle.com/javase/7/docs/api/java/lang/Cloneable.html
CloneNotSupportedException =  https://docs.oracle.com/javase/7/docs/api/java/lang/CloneNotSupportedException.html
Closeable =  https://docs.oracle.com/javase/7/docs/api/java/io/Closeable.html
ClosedByInterruptException =  https://docs.oracle.com/javase/7/docs/api/java/nio/channels/ClosedByInterruptException.html
ClosedChannelException =  https://docs.oracle.com/javase/7/docs/api/java/nio/channels/ClosedChannelException.html
ClosedDirectoryStreamException =  https://docs.oracle.com/javase/7/docs/api/java/nio/file/ClosedDirectoryStreamException.html
ClosedFileSystemException =  https://docs.oracle.com/javase/7/docs/api/java/nio/file/ClosedFileSystemException.html
ClosedSelectorException =  https://docs.oracle.com/javase/7/docs/api/java/nio/channels/ClosedSelectorException.html
ClosedWatchServiceException =  https://docs.oracle.com/javase/7/docs/api/java/nio/file/ClosedWatchServiceException.html
CMMException =  https://docs.oracle.com/javase/7/docs/api/java/awt/color/CMMException.html
Codec =  https://docs.oracle.com/javase/7/docs/api/org/omg/IOP/Codec.html
CodecFactory =  https://docs.oracle.com/javase/7/docs/api/org/omg/IOP/CodecFactory.html
CodecFactoryHelper =  https://docs.oracle.com/javase/7/docs/api/org/omg/IOP/CodecFactoryHelper.html
CodecFactoryOperations =  https://docs.oracle.com/javase/7/docs/api/org/omg/IOP/CodecFactoryOperations.html
CodecOperations =  https://docs.oracle.com/javase/7/docs/api/org/omg/IOP/CodecOperations.html
CoderMalfunctionError =  https://docs.oracle.com/javase/7/docs/api/java/nio/charset/CoderMalfunctionError.html
CoderResult =  https://docs.oracle.com/javase/7/docs/api/java/nio/charset/CoderResult.html
CODESET_INCOMPATIBLE =  https://docs.oracle.com/javase/7/docs/api/org/omg/CORBA/CODESET_INCOMPATIBLE.html
CodeSets =  https://docs.oracle.com/javase/7/docs/api/org/omg/IOP/CodeSets.html
CodeSigner =  https://docs.oracle.com/javase/7/docs/api/java/security/CodeSigner.html
CodeSource =  https://docs.oracle.com/javase/7/docs/api/java/security/CodeSource.html
CodingErrorAction =  https://docs.oracle.com/javase/7/docs/api/java/nio/charset/CodingErrorAction.html
CollapsedStringAdapter =  https://docs.oracle.com/javase/7/docs/api/javax/xml/bind/annotation/adapters/CollapsedStringAdapter.html
CollationElementIterator =  https://docs.oracle.com/javase/7/docs/api/java/text/CollationElementIterator.html
CollationKey =  https://docs.oracle.com/javase/7/docs/api/java/text/CollationKey.html
Collator =  https://docs.oracle.com/javase/7/docs/api/java/text/Collator.html
CollatorProvider =  https://docs.oracle.com/javase/7/docs/api/java/text/spi/CollatorProvider.html
Collection =  https://docs.oracle.com/javase/7/docs/api/java/util/Collection.html
CollectionCertStoreParameters =  https://docs.oracle.com/javase/7/docs/api/java/security/cert/CollectionCertStoreParameters.html
Collections =  https://docs.oracle.com/javase/7/docs/api/java/util/Collections.html
Color =  https://docs.oracle.com/javase/7/docs/api/java/awt/Color.html
ColorChooserComponentFactory =  https://docs.oracle.com/javase/7/docs/api/javax/swing/colorchooser/ColorChooserComponentFactory.html
ColorChooserUI =  https://docs.oracle.com/javase/7/docs/api/javax/swing/plaf/ColorChooserUI.html
ColorConvertOp =  https://docs.oracle.com/javase/7/docs/api/java/awt/image/ColorConvertOp.html
ColorModel =  https://docs.oracle.com/javase/7/docs/api/java/awt/image/ColorModel.html
ColorSelectionModel =  https://docs.oracle.com/javase/7/docs/api/javax/swing/colorchooser/ColorSelectionModel.html
ColorSpace =  https://docs.oracle.com/javase/7/docs/api/java/awt/color/ColorSpace.html
ColorSupported =  https://docs.oracle.com/javase/7/docs/api/javax/print/attribute/standard/ColorSupported.html
ColorType =  https://docs.oracle.com/javase/7/docs/api/javax/swing/plaf/synth/ColorType.html
ColorUIResource =  https://docs.oracle.com/javase/7/docs/api/javax/swing/plaf/ColorUIResource.html
ComboBoxEditor =  https://docs.oracle.com/javase/7/docs/api/javax/swing/ComboBoxEditor.html
ComboBoxModel =  https://docs.oracle.com/javase/7/docs/api/javax/swing/ComboBoxModel.html
ComboBoxUI =  https://docs.oracle.com/javase/7/docs/api/javax/swing/plaf/ComboBoxUI.html
ComboPopup =  https://docs.oracle.com/javase/7/docs/api/javax/swing/plaf/basic/ComboPopup.html
COMM_FAILURE =  https://docs.oracle.com/javase/7/docs/api/org/omg/CORBA/COMM_FAILURE.html
CommandInfo =  https://docs.oracle.com/javase/7/docs/api/javax/activation/CommandInfo.html
CommandMap =  https://docs.oracle.com/javase/7/docs/api/javax/activation/CommandMap.html
CommandObject =  https://docs.oracle.com/javase/7/docs/api/javax/activation/CommandObject.html
Comment =  https://docs.oracle.com/javase/7/docs/api/javax/xml/stream/events/Comment.html
Comment =  https://docs.oracle.com/javase/7/docs/api/org/w3c/dom/Comment.html
CommonDataSource =  https://docs.oracle.com/javase/7/docs/api/javax/sql/CommonDataSource.html
CommunicationException =  https://docs.oracle.com/javase/7/docs/api/javax/naming/CommunicationException.html
Comparable =  https://docs.oracle.com/javase/7/docs/api/java/lang/Comparable.html
Comparator =  https://docs.oracle.com/javase/7/docs/api/java/util/Comparator.html
Compilable =  https://docs.oracle.com/javase/7/docs/api/javax/script/Compilable.html
CompilationMXBean =  https://docs.oracle.com/javase/7/docs/api/java/lang/management/CompilationMXBean.html
CompiledScript =  https://docs.oracle.com/javase/7/docs/api/javax/script/CompiledScript.html
Compiler =  https://docs.oracle.com/javase/7/docs/api/java/lang/Compiler.html
Completion =  https://docs.oracle.com/javase/7/docs/api/javax/annotation/processing/Completion.html
CompletionHandler =  https://docs.oracle.com/javase/7/docs/api/java/nio/channels/CompletionHandler.html
Completions =  https://docs.oracle.com/javase/7/docs/api/javax/annotation/processing/Completions.html
CompletionService =  https://docs.oracle.com/javase/7/docs/api/java/util/concurrent/CompletionService.html
CompletionStatus =  https://docs.oracle.com/javase/7/docs/api/org/omg/CORBA/CompletionStatus.html
CompletionStatusHelper =  https://docs.oracle.com/javase/7/docs/api/org/omg/CORBA/CompletionStatusHelper.html
Component =  https://docs.oracle.com/javase/7/docs/api/java/awt/Component.html
Component.BaselineResizeBehavior =  https://docs.oracle.com/javase/7/docs/api/java/awt/Component.BaselineResizeBehavior.html
ComponentAdapter =  https://docs.oracle.com/javase/7/docs/api/java/awt/event/ComponentAdapter.html
ComponentColorModel =  https://docs.oracle.com/javase/7/docs/api/java/awt/image/ComponentColorModel.html
ComponentEvent =  https://docs.oracle.com/javase/7/docs/api/java/awt/event/ComponentEvent.html
ComponentIdHelper =  https://docs.oracle.com/javase/7/docs/api/org/omg/IOP/ComponentIdHelper.html
ComponentInputMap =  https://docs.oracle.com/javase/7/docs/api/javax/swing/ComponentInputMap.html
ComponentInputMapUIResource =  https://docs.oracle.com/javase/7/docs/api/javax/swing/plaf/ComponentInputMapUIResource.html
ComponentListener =  https://docs.oracle.com/javase/7/docs/api/java/awt/event/ComponentListener.html
ComponentOrientation =  https://docs.oracle.com/javase/7/docs/api/java/awt/ComponentOrientation.html
ComponentSampleModel =  https://docs.oracle.com/javase/7/docs/api/java/awt/image/ComponentSampleModel.html
ComponentUI =  https://docs.oracle.com/javase/7/docs/api/javax/swing/plaf/ComponentUI.html
ComponentView =  https://docs.oracle.com/javase/7/docs/api/javax/swing/text/ComponentView.html
Composite =  https://docs.oracle.com/javase/7/docs/api/java/awt/Composite.html
CompositeContext =  https://docs.oracle.com/javase/7/docs/api/java/awt/CompositeContext.html
CompositeData =  https://docs.oracle.com/javase/7/docs/api/javax/management/openmbean/CompositeData.html
CompositeDataInvocationHandler =  https://docs.oracle.com/javase/7/docs/api/javax/management/openmbean/CompositeDataInvocationHandler.html
CompositeDataSupport =  https://docs.oracle.com/javase/7/docs/api/javax/management/openmbean/CompositeDataSupport.html
CompositeDataView =  https://docs.oracle.com/javase/7/docs/api/javax/management/openmbean/CompositeDataView.html
CompositeName =  https://docs.oracle.com/javase/7/docs/api/javax/naming/CompositeName.html
CompositeType =  https://docs.oracle.com/javase/7/docs/api/javax/management/openmbean/CompositeType.html
CompositeView =  https://docs.oracle.com/javase/7/docs/api/javax/swing/text/CompositeView.html
CompoundBorder =  https://docs.oracle.com/javase/7/docs/api/javax/swing/border/CompoundBorder.html
CompoundControl =  https://docs.oracle.com/javase/7/docs/api/javax/sound/sampled/CompoundControl.html
CompoundControl.Type =  https://docs.oracle.com/javase/7/docs/api/javax/sound/sampled/CompoundControl.Type.html
CompoundEdit =  https://docs.oracle.com/javase/7/docs/api/javax/swing/undo/CompoundEdit.html
CompoundName =  https://docs.oracle.com/javase/7/docs/api/javax/naming/CompoundName.html
Compression =  https://docs.oracle.com/javase/7/docs/api/javax/print/attribute/standard/Compression.html
ConcurrentHashMap =  https://docs.oracle.com/javase/7/docs/api/java/util/concurrent/ConcurrentHashMap.html
ConcurrentLinkedDeque =  https://docs.oracle.com/javase/7/docs/api/java/util/concurrent/ConcurrentLinkedDeque.html
ConcurrentLinkedQueue =  https://docs.oracle.com/javase/7/docs/api/java/util/concurrent/ConcurrentLinkedQueue.html
ConcurrentMap =  https://docs.oracle.com/javase/7/docs/api/java/util/concurrent/ConcurrentMap.html
ConcurrentModificationException =  https://docs.oracle.com/javase/7/docs/api/java/util/ConcurrentModificationException.html
ConcurrentNavigableMap =  https://docs.oracle.com/javase/7/docs/api/java/util/concurrent/ConcurrentNavigableMap.html
ConcurrentSkipListMap =  https://docs.oracle.com/javase/7/docs/api/java/util/concurrent/ConcurrentSkipListMap.html
ConcurrentSkipListSet =  https://docs.oracle.com/javase/7/docs/api/java/util/concurrent/ConcurrentSkipListSet.html
Condition =  https://docs.oracle.com/javase/7/docs/api/java/util/concurrent/locks/Condition.html
Configuration =  https://docs.oracle.com/javase/7/docs/api/javax/security/auth/login/Configuration.html
Configuration.Parameters =  https://docs.oracle.com/javase/7/docs/api/javax/security/auth/login/Configuration.Parameters.html
ConfigurationException =  https://docs.oracle.com/javase/7/docs/api/javax/naming/ConfigurationException.html
ConfigurationSpi =  https://docs.oracle.com/javase/7/docs/api/javax/security/auth/login/ConfigurationSpi.html
ConfirmationCallback =  https://docs.oracle.com/javase/7/docs/api/javax/security/auth/callback/ConfirmationCallback.html
ConnectException =  https://docs.oracle.com/javase/7/docs/api/java/net/ConnectException.html
ConnectException =  https://docs.oracle.com/javase/7/docs/api/java/rmi/ConnectException.html
ConnectIOException =  https://docs.oracle.com/javase/7/docs/api/java/rmi/ConnectIOException.html
Connection =  https://docs.oracle.com/javase/7/docs/api/java/sql/Connection.html
ConnectionEvent =  https://docs.oracle.com/javase/7/docs/api/javax/sql/ConnectionEvent.html
ConnectionEventListener =  https://docs.oracle.com/javase/7/docs/api/javax/sql/ConnectionEventListener.html
ConnectionPendingException =  https://docs.oracle.com/javase/7/docs/api/java/nio/channels/ConnectionPendingException.html
ConnectionPoolDataSource =  https://docs.oracle.com/javase/7/docs/api/javax/sql/ConnectionPoolDataSource.html
Console =  https://docs.oracle.com/javase/7/docs/api/java/io/Console.html
ConsoleHandler =  https://docs.oracle.com/javase/7/docs/api/java/util/logging/ConsoleHandler.html
ConstantCallSite =  https://docs.oracle.com/javase/7/docs/api/java/lang/invoke/ConstantCallSite.html
Constructor =  https://docs.oracle.com/javase/7/docs/api/java/lang/reflect/Constructor.html
ConstructorProperties =  https://docs.oracle.com/javase/7/docs/api/java/beans/ConstructorProperties.html
Container =  https://docs.oracle.com/javase/7/docs/api/java/awt/Container.html
ContainerAdapter =  https://docs.oracle.com/javase/7/docs/api/java/awt/event/ContainerAdapter.html
ContainerEvent =  https://docs.oracle.com/javase/7/docs/api/java/awt/event/ContainerEvent.html
ContainerListener =  https://docs.oracle.com/javase/7/docs/api/java/awt/event/ContainerListener.html
ContainerOrderFocusTraversalPolicy =  https://docs.oracle.com/javase/7/docs/api/java/awt/ContainerOrderFocusTraversalPolicy.html
ContentHandler =  https://docs.oracle.com/javase/7/docs/api/java/net/ContentHandler.html
ContentHandler =  https://docs.oracle.com/javase/7/docs/api/org/xml/sax/ContentHandler.html
ContentHandlerFactory =  https://docs.oracle.com/javase/7/docs/api/java/net/ContentHandlerFactory.html
ContentModel =  https://docs.oracle.com/javase/7/docs/api/javax/swing/text/html/parser/ContentModel.html
Context =  https://docs.oracle.com/javase/7/docs/api/javax/naming/Context.html
Context =  https://docs.oracle.com/javase/7/docs/api/org/omg/CORBA/Context.html
ContextList =  https://docs.oracle.com/javase/7/docs/api/org/omg/CORBA/ContextList.html
ContextNotEmptyException =  https://docs.oracle.com/javase/7/docs/api/javax/naming/ContextNotEmptyException.html
ContextualRenderedImageFactory =  https://docs.oracle.com/javase/7/docs/api/java/awt/image/renderable/ContextualRenderedImageFactory.html
Control =  https://docs.oracle.com/javase/7/docs/api/javax/naming/ldap/Control.html
Control =  https://docs.oracle.com/javase/7/docs/api/javax/sound/sampled/Control.html
Control.Type =  https://docs.oracle.com/javase/7/docs/api/javax/sound/sampled/Control.Type.html
ControlFactory =  https://docs.oracle.com/javase/7/docs/api/javax/naming/ldap/ControlFactory.html
ControllerEventListener =  https://docs.oracle.com/javase/7/docs/api/javax/sound/midi/ControllerEventListener.html
ConvolveOp =  https://docs.oracle.com/javase/7/docs/api/java/awt/image/ConvolveOp.html
CookieHandler =  https://docs.oracle.com/javase/7/docs/api/java/net/CookieHandler.html
CookieHolder =  https://docs.oracle.com/javase/7/docs/api/org/omg/PortableServer/ServantLocatorPackage/CookieHolder.html
CookieManager =  https://docs.oracle.com/javase/7/docs/api/java/net/CookieManager.html
CookiePolicy =  https://docs.oracle.com/javase/7/docs/api/java/net/CookiePolicy.html
CookieStore =  https://docs.oracle.com/javase/7/docs/api/java/net/CookieStore.html
Copies =  https://docs.oracle.com/javase/7/docs/api/javax/print/attribute/standard/Copies.html
CopiesSupported =  https://docs.oracle.com/javase/7/docs/api/javax/print/attribute/standard/CopiesSupported.html
CopyOnWriteArrayList =  https://docs.oracle.com/javase/7/docs/api/java/util/concurrent/CopyOnWriteArrayList.html
CopyOnWriteArraySet =  https://docs.oracle.com/javase/7/docs/api/java/util/concurrent/CopyOnWriteArraySet.html
CopyOption =  https://docs.oracle.com/javase/7/docs/api/java/nio/file/CopyOption.html
CountDownLatch =  https://docs.oracle.com/javase/7/docs/api/java/util/concurrent/CountDownLatch.html
CounterMonitor =  https://docs.oracle.com/javase/7/docs/api/javax/management/monitor/CounterMonitor.html
CounterMonitorMBean =  https://docs.oracle.com/javase/7/docs/api/javax/management/monitor/CounterMonitorMBean.html
CRC32 =  https://docs.oracle.com/javase/7/docs/api/java/util/zip/CRC32.html
CredentialException =  https://docs.oracle.com/javase/7/docs/api/javax/security/auth/login/CredentialException.html
CredentialExpiredException =  https://docs.oracle.com/javase/7/docs/api/javax/security/auth/login/CredentialExpiredException.html
CredentialNotFoundException =  https://docs.oracle.com/javase/7/docs/api/javax/security/auth/login/CredentialNotFoundException.html
CRL =  https://docs.oracle.com/javase/7/docs/api/java/security/cert/CRL.html
CRLException =  https://docs.oracle.com/javase/7/docs/api/java/security/cert/CRLException.html
CRLReason =  https://docs.oracle.com/javase/7/docs/api/java/security/cert/CRLReason.html
CRLSelector =  https://docs.oracle.com/javase/7/docs/api/java/security/cert/CRLSelector.html
CropImageFilter =  https://docs.oracle.com/javase/7/docs/api/java/awt/image/CropImageFilter.html
CryptoPrimitive =  https://docs.oracle.com/javase/7/docs/api/java/security/CryptoPrimitive.html
CSS =  https://docs.oracle.com/javase/7/docs/api/javax/swing/text/html/CSS.html
CSS.Attribute =  https://docs.oracle.com/javase/7/docs/api/javax/swing/text/html/CSS.Attribute.html
CTX_RESTRICT_SCOPE =  https://docs.oracle.com/javase/7/docs/api/org/omg/CORBA/CTX_RESTRICT_SCOPE.html
CubicCurve2D =  https://docs.oracle.com/javase/7/docs/api/java/awt/geom/CubicCurve2D.html
CubicCurve2D.Double =  https://docs.oracle.com/javase/7/docs/api/java/awt/geom/CubicCurve2D.Double.html
CubicCurve2D.Float =  https://docs.oracle.com/javase/7/docs/api/java/awt/geom/CubicCurve2D.Float.html
Currency =  https://docs.oracle.com/javase/7/docs/api/java/util/Currency.html
CurrencyNameProvider =  https://docs.oracle.com/javase/7/docs/api/java/util/spi/CurrencyNameProvider.html
Current =  https://docs.oracle.com/javase/7/docs/api/org/omg/CORBA/Current.html
Current =  https://docs.oracle.com/javase/7/docs/api/org/omg/PortableInterceptor/Current.html
Current =  https://docs.oracle.com/javase/7/docs/api/org/omg/PortableServer/Current.html
CurrentHelper =  https://docs.oracle.com/javase/7/docs/api/org/omg/CORBA/CurrentHelper.html
CurrentHelper =  https://docs.oracle.com/javase/7/docs/api/org/omg/PortableInterceptor/CurrentHelper.html
CurrentHelper =  https://docs.oracle.com/javase/7/docs/api/org/omg/PortableServer/CurrentHelper.html
CurrentHolder =  https://docs.oracle.com/javase/7/docs/api/org/omg/CORBA/CurrentHolder.html
CurrentOperations =  https://docs.oracle.com/javase/7/docs/api/org/omg/CORBA/CurrentOperations.html
CurrentOperations =  https://docs.oracle.com/javase/7/docs/api/org/omg/PortableInterceptor/CurrentOperations.html
CurrentOperations =  https://docs.oracle.com/javase/7/docs/api/org/omg/PortableServer/CurrentOperations.html
Cursor =  https://docs.oracle.com/javase/7/docs/api/java/awt/Cursor.html
Customizer =  https://docs.oracle.com/javase/7/docs/api/java/beans/Customizer.html
CustomMarshal =  https://docs.oracle.com/javase/7/docs/api/org/omg/CORBA/CustomMarshal.html
CustomValue =  https://docs.oracle.com/javase/7/docs/api/org/omg/CORBA/portable/CustomValue.html
CyclicBarrier =  https://docs.oracle.com/javase/7/docs/api/java/util/concurrent/CyclicBarrier.html
Data =  https://docs.oracle.com/javase/7/docs/api/javax/xml/crypto/Data.html
DATA_CONVERSION =  https://docs.oracle.com/javase/7/docs/api/org/omg/CORBA/DATA_CONVERSION.html
DatabaseMetaData =  https://docs.oracle.com/javase/7/docs/api/java/sql/DatabaseMetaData.html
DataBindingException =  https://docs.oracle.com/javase/7/docs/api/javax/xml/bind/DataBindingException.html
DataBuffer =  https://docs.oracle.com/javase/7/docs/api/java/awt/image/DataBuffer.html
DataBufferByte =  https://docs.oracle.com/javase/7/docs/api/java/awt/image/DataBufferByte.html
DataBufferDouble =  https://docs.oracle.com/javase/7/docs/api/java/awt/image/DataBufferDouble.html
DataBufferFloat =  https://docs.oracle.com/javase/7/docs/api/java/awt/image/DataBufferFloat.html
DataBufferInt =  https://docs.oracle.com/javase/7/docs/api/java/awt/image/DataBufferInt.html
DataBufferShort =  https://docs.oracle.com/javase/7/docs/api/java/awt/image/DataBufferShort.html
DataBufferUShort =  https://docs.oracle.com/javase/7/docs/api/java/awt/image/DataBufferUShort.html
DataContentHandler =  https://docs.oracle.com/javase/7/docs/api/javax/activation/DataContentHandler.html
DataContentHandlerFactory =  https://docs.oracle.com/javase/7/docs/api/javax/activation/DataContentHandlerFactory.html
DataFlavor =  https://docs.oracle.com/javase/7/docs/api/java/awt/datatransfer/DataFlavor.html
DataFormatException =  https://docs.oracle.com/javase/7/docs/api/java/util/zip/DataFormatException.html
DatagramChannel =  https://docs.oracle.com/javase/7/docs/api/java/nio/channels/DatagramChannel.html
DatagramPacket =  https://docs.oracle.com/javase/7/docs/api/java/net/DatagramPacket.html
DatagramSocket =  https://docs.oracle.com/javase/7/docs/api/java/net/DatagramSocket.html
DatagramSocketImpl =  https://docs.oracle.com/javase/7/docs/api/java/net/DatagramSocketImpl.html
DatagramSocketImplFactory =  https://docs.oracle.com/javase/7/docs/api/java/net/DatagramSocketImplFactory.html
DataHandler =  https://docs.oracle.com/javase/7/docs/api/javax/activation/DataHandler.html
DataInput =  https://docs.oracle.com/javase/7/docs/api/java/io/DataInput.html
DataInputStream =  https://docs.oracle.com/javase/7/docs/api/java/io/DataInputStream.html
DataInputStream =  https://docs.oracle.com/javase/7/docs/api/org/omg/CORBA/DataInputStream.html
DataLine =  https://docs.oracle.com/javase/7/docs/api/javax/sound/sampled/DataLine.html
DataLine.Info =  https://docs.oracle.com/javase/7/docs/api/javax/sound/sampled/DataLine.Info.html
DataOutput =  https://docs.oracle.com/javase/7/docs/api/java/io/DataOutput.html
DataOutputStream =  https://docs.oracle.com/javase/7/docs/api/java/io/DataOutputStream.html
DataOutputStream =  https://docs.oracle.com/javase/7/docs/api/org/omg/CORBA/DataOutputStream.html
DataSource =  https://docs.oracle.com/javase/7/docs/api/javax/activation/DataSource.html
DataSource =  https://docs.oracle.com/javase/7/docs/api/javax/sql/DataSource.html
DataTruncation =  https://docs.oracle.com/javase/7/docs/api/java/sql/DataTruncation.html
DatatypeConfigurationException =  https://docs.oracle.com/javase/7/docs/api/javax/xml/datatype/DatatypeConfigurationException.html
DatatypeConstants =  https://docs.oracle.com/javase/7/docs/api/javax/xml/datatype/DatatypeConstants.html
DatatypeConstants.Field =  https://docs.oracle.com/javase/7/docs/api/javax/xml/datatype/DatatypeConstants.Field.html
DatatypeConverter =  https://docs.oracle.com/javase/7/docs/api/javax/xml/bind/DatatypeConverter.html
DatatypeConverterInterface =  https://docs.oracle.com/javase/7/docs/api/javax/xml/bind/DatatypeConverterInterface.html
DatatypeFactory =  https://docs.oracle.com/javase/7/docs/api/javax/xml/datatype/DatatypeFactory.html
Date =  https://docs.oracle.com/javase/7/docs/api/java/sql/Date.html
Date =  https://docs.oracle.com/javase/7/docs/api/java/util/Date.html
DateFormat =  https://docs.oracle.com/javase/7/docs/api/java/text/DateFormat.html
DateFormat.Field =  https://docs.oracle.com/javase/7/docs/api/java/text/DateFormat.Field.html
DateFormatProvider =  https://docs.oracle.com/javase/7/docs/api/java/text/spi/DateFormatProvider.html
DateFormatSymbols =  https://docs.oracle.com/javase/7/docs/api/java/text/DateFormatSymbols.html
DateFormatSymbolsProvider =  https://docs.oracle.com/javase/7/docs/api/java/text/spi/DateFormatSymbolsProvider.html
DateFormatter =  https://docs.oracle.com/javase/7/docs/api/javax/swing/text/DateFormatter.html
DateTimeAtCompleted =  https://docs.oracle.com/javase/7/docs/api/javax/print/attribute/standard/DateTimeAtCompleted.html
DateTimeAtCreation =  https://docs.oracle.com/javase/7/docs/api/javax/print/attribute/standard/DateTimeAtCreation.html
DateTimeAtProcessing =  https://docs.oracle.com/javase/7/docs/api/javax/print/attribute/standard/DateTimeAtProcessing.html
DateTimeSyntax =  https://docs.oracle.com/javase/7/docs/api/javax/print/attribute/DateTimeSyntax.html
DebugGraphics =  https://docs.oracle.com/javase/7/docs/api/javax/swing/DebugGraphics.html
DecimalFormat =  https://docs.oracle.com/javase/7/docs/api/java/text/DecimalFormat.html
DecimalFormatSymbols =  https://docs.oracle.com/javase/7/docs/api/java/text/DecimalFormatSymbols.html
DecimalFormatSymbolsProvider =  https://docs.oracle.com/javase/7/docs/api/java/text/spi/DecimalFormatSymbolsProvider.html
DeclaredType =  https://docs.oracle.com/javase/7/docs/api/javax/lang/model/type/DeclaredType.html
DeclHandler =  https://docs.oracle.com/javase/7/docs/api/org/xml/sax/ext/DeclHandler.html
DefaultBoundedRangeModel =  https://docs.oracle.com/javase/7/docs/api/javax/swing/DefaultBoundedRangeModel.html
DefaultButtonModel =  https://docs.oracle.com/javase/7/docs/api/javax/swing/DefaultButtonModel.html
DefaultCaret =  https://docs.oracle.com/javase/7/docs/api/javax/swing/text/DefaultCaret.html
DefaultCellEditor =  https://docs.oracle.com/javase/7/docs/api/javax/swing/DefaultCellEditor.html
DefaultColorSelectionModel =  https://docs.oracle.com/javase/7/docs/api/javax/swing/colorchooser/DefaultColorSelectionModel.html
DefaultComboBoxModel =  https://docs.oracle.com/javase/7/docs/api/javax/swing/DefaultComboBoxModel.html
DefaultDesktopManager =  https://docs.oracle.com/javase/7/docs/api/javax/swing/DefaultDesktopManager.html
DefaultEditorKit =  https://docs.oracle.com/javase/7/docs/api/javax/swing/text/DefaultEditorKit.html
DefaultEditorKit.BeepAction =  https://docs.oracle.com/javase/7/docs/api/javax/swing/text/DefaultEditorKit.BeepAction.html
DefaultEditorKit.CopyAction =  https://docs.oracle.com/javase/7/docs/api/javax/swing/text/DefaultEditorKit.CopyAction.html
DefaultEditorKit.CutAction =  https://docs.oracle.com/javase/7/docs/api/javax/swing/text/DefaultEditorKit.CutAction.html
DefaultEditorKit.DefaultKeyTypedAction =  https://docs.oracle.com/javase/7/docs/api/javax/swing/text/DefaultEditorKit.DefaultKeyTypedAction.html
DefaultEditorKit.InsertBreakAction =  https://docs.oracle.com/javase/7/docs/api/javax/swing/text/DefaultEditorKit.InsertBreakAction.html
DefaultEditorKit.InsertContentAction =  https://docs.oracle.com/javase/7/docs/api/javax/swing/text/DefaultEditorKit.InsertContentAction.html
DefaultEditorKit.InsertTabAction =  https://docs.oracle.com/javase/7/docs/api/javax/swing/text/DefaultEditorKit.InsertTabAction.html
DefaultEditorKit.PasteAction =  https://docs.oracle.com/javase/7/docs/api/javax/swing/text/DefaultEditorKit.PasteAction.html
DefaultFocusManager =  https://docs.oracle.com/javase/7/docs/api/javax/swing/DefaultFocusManager.html
DefaultFocusTraversalPolicy =  https://docs.oracle.com/javase/7/docs/api/java/awt/DefaultFocusTraversalPolicy.html
DefaultFormatter =  https://docs.oracle.com/javase/7/docs/api/javax/swing/text/DefaultFormatter.html
DefaultFormatterFactory =  https://docs.oracle.com/javase/7/docs/api/javax/swing/text/DefaultFormatterFactory.html
DefaultHandler =  https://docs.oracle.com/javase/7/docs/api/org/xml/sax/helpers/DefaultHandler.html
DefaultHandler2 =  https://docs.oracle.com/javase/7/docs/api/org/xml/sax/ext/DefaultHandler2.html
DefaultHighlighter =  https://docs.oracle.com/javase/7/docs/api/javax/swing/text/DefaultHighlighter.html
DefaultHighlighter.DefaultHighlightPainter =  https://docs.oracle.com/javase/7/docs/api/javax/swing/text/DefaultHighlighter.DefaultHighlightPainter.html
DefaultKeyboardFocusManager =  https://docs.oracle.com/javase/7/docs/api/java/awt/DefaultKeyboardFocusManager.html
DefaultListCellRenderer =  https://docs.oracle.com/javase/7/docs/api/javax/swing/DefaultListCellRenderer.html
DefaultListCellRenderer.UIResource =  https://docs.oracle.com/javase/7/docs/api/javax/swing/DefaultListCellRenderer.UIResource.html
DefaultListModel =  https://docs.oracle.com/javase/7/docs/api/javax/swing/DefaultListModel.html
DefaultListSelectionModel =  https://docs.oracle.com/javase/7/docs/api/javax/swing/DefaultListSelectionModel.html
DefaultLoaderRepository =  https://docs.oracle.com/javase/7/docs/api/javax/management/DefaultLoaderRepository.html
DefaultLoaderRepository =  https://docs.oracle.com/javase/7/docs/api/javax/management/loading/DefaultLoaderRepository.html
DefaultMenuLayout =  https://docs.oracle.com/javase/7/docs/api/javax/swing/plaf/basic/DefaultMenuLayout.html
DefaultMetalTheme =  https://docs.oracle.com/javase/7/docs/api/javax/swing/plaf/metal/DefaultMetalTheme.html
DefaultMutableTreeNode =  https://docs.oracle.com/javase/7/docs/api/javax/swing/tree/DefaultMutableTreeNode.html
DefaultPersistenceDelegate =  https://docs.oracle.com/javase/7/docs/api/java/beans/DefaultPersistenceDelegate.html
DefaultRowSorter =  https://docs.oracle.com/javase/7/docs/api/javax/swing/DefaultRowSorter.html
DefaultRowSorter.ModelWrapper =  https://docs.oracle.com/javase/7/docs/api/javax/swing/DefaultRowSorter.ModelWrapper.html
DefaultSingleSelectionModel =  https://docs.oracle.com/javase/7/docs/api/javax/swing/DefaultSingleSelectionModel.html
DefaultStyledDocument =  https://docs.oracle.com/javase/7/docs/api/javax/swing/text/DefaultStyledDocument.html
DefaultStyledDocument.AttributeUndoableEdit =  https://docs.oracle.com/javase/7/docs/api/javax/swing/text/DefaultStyledDocument.AttributeUndoableEdit.html
DefaultStyledDocument.ElementSpec =  https://docs.oracle.com/javase/7/docs/api/javax/swing/text/DefaultStyledDocument.ElementSpec.html
DefaultTableCellRenderer =  https://docs.oracle.com/javase/7/docs/api/javax/swing/table/DefaultTableCellRenderer.html
DefaultTableCellRenderer.UIResource =  https://docs.oracle.com/javase/7/docs/api/javax/swing/table/DefaultTableCellRenderer.UIResource.html
DefaultTableColumnModel =  https://docs.oracle.com/javase/7/docs/api/javax/swing/table/DefaultTableColumnModel.html
DefaultTableModel =  https://docs.oracle.com/javase/7/docs/api/javax/swing/table/DefaultTableModel.html
DefaultTextUI =  https://docs.oracle.com/javase/7/docs/api/javax/swing/text/DefaultTextUI.html
DefaultTreeCellEditor =  https://docs.oracle.com/javase/7/docs/api/javax/swing/tree/DefaultTreeCellEditor.html
DefaultTreeCellRenderer =  https://docs.oracle.com/javase/7/docs/api/javax/swing/tree/DefaultTreeCellRenderer.html
DefaultTreeModel =  https://docs.oracle.com/javase/7/docs/api/javax/swing/tree/DefaultTreeModel.html
DefaultTreeSelectionModel =  https://docs.oracle.com/javase/7/docs/api/javax/swing/tree/DefaultTreeSelectionModel.html
DefaultValidationEventHandler =  https://docs.oracle.com/javase/7/docs/api/javax/xml/bind/helpers/DefaultValidationEventHandler.html
DefinitionKind =  https://docs.oracle.com/javase/7/docs/api/org/omg/CORBA/DefinitionKind.html
DefinitionKindHelper =  https://docs.oracle.com/javase/7/docs/api/org/omg/CORBA/DefinitionKindHelper.html
Deflater =  https://docs.oracle.com/javase/7/docs/api/java/util/zip/Deflater.html
DeflaterInputStream =  https://docs.oracle.com/javase/7/docs/api/java/util/zip/DeflaterInputStream.html
DeflaterOutputStream =  https://docs.oracle.com/javase/7/docs/api/java/util/zip/DeflaterOutputStream.html
Delayed =  https://docs.oracle.com/javase/7/docs/api/java/util/concurrent/Delayed.html
DelayQueue =  https://docs.oracle.com/javase/7/docs/api/java/util/concurrent/DelayQueue.html
Delegate =  https://docs.oracle.com/javase/7/docs/api/org/omg/CORBA/portable/Delegate.html
Delegate =  https://docs.oracle.com/javase/7/docs/api/org/omg/CORBA_2_3/portable/Delegate.html
Delegate =  https://docs.oracle.com/javase/7/docs/api/org/omg/PortableServer/portable/Delegate.html
DelegationPermission =  https://docs.oracle.com/javase/7/docs/api/javax/security/auth/kerberos/DelegationPermission.html
Deprecated =  https://docs.oracle.com/javase/7/docs/api/java/lang/Deprecated.html
Deque =  https://docs.oracle.com/javase/7/docs/api/java/util/Deque.html
Descriptor =  https://docs.oracle.com/javase/7/docs/api/javax/management/Descriptor.html
DescriptorAccess =  https://docs.oracle.com/javase/7/docs/api/javax/management/DescriptorAccess.html
DescriptorKey =  https://docs.oracle.com/javase/7/docs/api/javax/management/DescriptorKey.html
DescriptorRead =  https://docs.oracle.com/javase/7/docs/api/javax/management/DescriptorRead.html
DescriptorSupport =  https://docs.oracle.com/javase/7/docs/api/javax/management/modelmbean/DescriptorSupport.html
DESedeKeySpec =  https://docs.oracle.com/javase/7/docs/api/javax/crypto/spec/DESedeKeySpec.html
DesignMode =  https://docs.oracle.com/javase/7/docs/api/java/beans/DesignMode.html
DESKeySpec =  https://docs.oracle.com/javase/7/docs/api/javax/crypto/spec/DESKeySpec.html
Desktop =  https://docs.oracle.com/javase/7/docs/api/java/awt/Desktop.html
Desktop.Action =  https://docs.oracle.com/javase/7/docs/api/java/awt/Desktop.Action.html
DesktopIconUI =  https://docs.oracle.com/javase/7/docs/api/javax/swing/plaf/DesktopIconUI.html
DesktopManager =  https://docs.oracle.com/javase/7/docs/api/javax/swing/DesktopManager.html
DesktopPaneUI =  https://docs.oracle.com/javase/7/docs/api/javax/swing/plaf/DesktopPaneUI.html
Destination =  https://docs.oracle.com/javase/7/docs/api/javax/print/attribute/standard/Destination.html
Destroyable =  https://docs.oracle.com/javase/7/docs/api/javax/security/auth/Destroyable.html
DestroyFailedException =  https://docs.oracle.com/javase/7/docs/api/javax/security/auth/DestroyFailedException.html
Detail =  https://docs.oracle.com/javase/7/docs/api/javax/xml/soap/Detail.html
DetailEntry =  https://docs.oracle.com/javase/7/docs/api/javax/xml/soap/DetailEntry.html
DGC =  https://docs.oracle.com/javase/7/docs/api/java/rmi/dgc/DGC.html
DHGenParameterSpec =  https://docs.oracle.com/javase/7/docs/api/javax/crypto/spec/DHGenParameterSpec.html
DHKey =  https://docs.oracle.com/javase/7/docs/api/javax/crypto/interfaces/DHKey.html
DHParameterSpec =  https://docs.oracle.com/javase/7/docs/api/javax/crypto/spec/DHParameterSpec.html
DHPrivateKey =  https://docs.oracle.com/javase/7/docs/api/javax/crypto/interfaces/DHPrivateKey.html
DHPrivateKeySpec =  https://docs.oracle.com/javase/7/docs/api/javax/crypto/spec/DHPrivateKeySpec.html
DHPublicKey =  https://docs.oracle.com/javase/7/docs/api/javax/crypto/interfaces/DHPublicKey.html
DHPublicKeySpec =  https://docs.oracle.com/javase/7/docs/api/javax/crypto/spec/DHPublicKeySpec.html
Diagnostic =  https://docs.oracle.com/javase/7/docs/api/javax/tools/Diagnostic.html
Diagnostic.Kind =  https://docs.oracle.com/javase/7/docs/api/javax/tools/Diagnostic.Kind.html
DiagnosticCollector =  https://docs.oracle.com/javase/7/docs/api/javax/tools/DiagnosticCollector.html
DiagnosticListener =  https://docs.oracle.com/javase/7/docs/api/javax/tools/DiagnosticListener.html
Dialog =  https://docs.oracle.com/javase/7/docs/api/java/awt/Dialog.html
Dialog.ModalExclusionType =  https://docs.oracle.com/javase/7/docs/api/java/awt/Dialog.ModalExclusionType.html
Dialog.ModalityType =  https://docs.oracle.com/javase/7/docs/api/java/awt/Dialog.ModalityType.html
DialogTypeSelection =  https://docs.oracle.com/javase/7/docs/api/javax/print/attribute/standard/DialogTypeSelection.html
Dictionary =  https://docs.oracle.com/javase/7/docs/api/java/util/Dictionary.html
DigestException =  https://docs.oracle.com/javase/7/docs/api/java/security/DigestException.html
DigestInputStream =  https://docs.oracle.com/javase/7/docs/api/java/security/DigestInputStream.html
DigestMethod =  https://docs.oracle.com/javase/7/docs/api/javax/xml/crypto/dsig/DigestMethod.html
DigestMethodParameterSpec =  https://docs.oracle.com/javase/7/docs/api/javax/xml/crypto/dsig/spec/DigestMethodParameterSpec.html
DigestOutputStream =  https://docs.oracle.com/javase/7/docs/api/java/security/DigestOutputStream.html
Dimension =  https://docs.oracle.com/javase/7/docs/api/java/awt/Dimension.html
Dimension2D =  https://docs.oracle.com/javase/7/docs/api/java/awt/geom/Dimension2D.html
DimensionUIResource =  https://docs.oracle.com/javase/7/docs/api/javax/swing/plaf/DimensionUIResource.html
DirContext =  https://docs.oracle.com/javase/7/docs/api/javax/naming/directory/DirContext.html
DirectColorModel =  https://docs.oracle.com/javase/7/docs/api/java/awt/image/DirectColorModel.html
DirectoryIteratorException =  https://docs.oracle.com/javase/7/docs/api/java/nio/file/DirectoryIteratorException.html
DirectoryManager =  https://docs.oracle.com/javase/7/docs/api/javax/naming/spi/DirectoryManager.html
DirectoryNotEmptyException =  https://docs.oracle.com/javase/7/docs/api/java/nio/file/DirectoryNotEmptyException.html
DirectoryStream =  https://docs.oracle.com/javase/7/docs/api/java/nio/file/DirectoryStream.html
DirectoryStream.Filter =  https://docs.oracle.com/javase/7/docs/api/java/nio/file/DirectoryStream.Filter.html
DirObjectFactory =  https://docs.oracle.com/javase/7/docs/api/javax/naming/spi/DirObjectFactory.html
DirStateFactory =  https://docs.oracle.com/javase/7/docs/api/javax/naming/spi/DirStateFactory.html
DirStateFactory.Result =  https://docs.oracle.com/javase/7/docs/api/javax/naming/spi/DirStateFactory.Result.html
DISCARDING =  https://docs.oracle.com/javase/7/docs/api/org/omg/PortableInterceptor/DISCARDING.html
Dispatch =  https://docs.oracle.com/javase/7/docs/api/javax/xml/ws/Dispatch.html
DisplayMode =  https://docs.oracle.com/javase/7/docs/api/java/awt/DisplayMode.html
DnDConstants =  https://docs.oracle.com/javase/7/docs/api/java/awt/dnd/DnDConstants.html
Doc =  https://docs.oracle.com/javase/7/docs/api/javax/print/Doc.html
DocAttribute =  https://docs.oracle.com/javase/7/docs/api/javax/print/attribute/DocAttribute.html
DocAttributeSet =  https://docs.oracle.com/javase/7/docs/api/javax/print/attribute/DocAttributeSet.html
DocFlavor =  https://docs.oracle.com/javase/7/docs/api/javax/print/DocFlavor.html
DocFlavor.BYTE_ARRAY =  https://docs.oracle.com/javase/7/docs/api/javax/print/DocFlavor.BYTE_ARRAY.html
DocFlavor.CHAR_ARRAY =  https://docs.oracle.com/javase/7/docs/api/javax/print/DocFlavor.CHAR_ARRAY.html
DocFlavor.INPUT_STREAM =  https://docs.oracle.com/javase/7/docs/api/javax/print/DocFlavor.INPUT_STREAM.html
DocFlavor.READER =  https://docs.oracle.com/javase/7/docs/api/javax/print/DocFlavor.READER.html
DocFlavor.SERVICE_FORMATTED =  https://docs.oracle.com/javase/7/docs/api/javax/print/DocFlavor.SERVICE_FORMATTED.html
DocFlavor.STRING =  https://docs.oracle.com/javase/7/docs/api/javax/print/DocFlavor.STRING.html
DocFlavor.URL =  https://docs.oracle.com/javase/7/docs/api/javax/print/DocFlavor.URL.html
DocPrintJob =  https://docs.oracle.com/javase/7/docs/api/javax/print/DocPrintJob.html
Document =  https://docs.oracle.com/javase/7/docs/api/javax/swing/text/Document.html
Document =  https://docs.oracle.com/javase/7/docs/api/org/w3c/dom/Document.html
DocumentBuilder =  https://docs.oracle.com/javase/7/docs/api/javax/xml/parsers/DocumentBuilder.html
DocumentBuilderFactory =  https://docs.oracle.com/javase/7/docs/api/javax/xml/parsers/DocumentBuilderFactory.html
Documented =  https://docs.oracle.com/javase/7/docs/api/java/lang/annotation/Documented.html
DocumentEvent =  https://docs.oracle.com/javase/7/docs/api/javax/swing/event/DocumentEvent.html
DocumentEvent =  https://docs.oracle.com/javase/7/docs/api/org/w3c/dom/events/DocumentEvent.html
DocumentEvent.ElementChange =  https://docs.oracle.com/javase/7/docs/api/javax/swing/event/DocumentEvent.ElementChange.html
DocumentEvent.EventType =  https://docs.oracle.com/javase/7/docs/api/javax/swing/event/DocumentEvent.EventType.html
DocumentFilter =  https://docs.oracle.com/javase/7/docs/api/javax/swing/text/DocumentFilter.html
DocumentFilter.FilterBypass =  https://docs.oracle.com/javase/7/docs/api/javax/swing/text/DocumentFilter.FilterBypass.html
DocumentFragment =  https://docs.oracle.com/javase/7/docs/api/org/w3c/dom/DocumentFragment.html
DocumentHandler =  https://docs.oracle.com/javase/7/docs/api/org/xml/sax/DocumentHandler.html
DocumentListener =  https://docs.oracle.com/javase/7/docs/api/javax/swing/event/DocumentListener.html
DocumentName =  https://docs.oracle.com/javase/7/docs/api/javax/print/attribute/standard/DocumentName.html
DocumentParser =  https://docs.oracle.com/javase/7/docs/api/javax/swing/text/html/parser/DocumentParser.html
DocumentType =  https://docs.oracle.com/javase/7/docs/api/org/w3c/dom/DocumentType.html
DomainCombiner =  https://docs.oracle.com/javase/7/docs/api/java/security/DomainCombiner.html
DomainManager =  https://docs.oracle.com/javase/7/docs/api/org/omg/CORBA/DomainManager.html
DomainManagerOperations =  https://docs.oracle.com/javase/7/docs/api/org/omg/CORBA/DomainManagerOperations.html
DOMConfiguration =  https://docs.oracle.com/javase/7/docs/api/org/w3c/dom/DOMConfiguration.html
DOMCryptoContext =  https://docs.oracle.com/javase/7/docs/api/javax/xml/crypto/dom/DOMCryptoContext.html
DOMError =  https://docs.oracle.com/javase/7/docs/api/org/w3c/dom/DOMError.html
DOMErrorHandler =  https://docs.oracle.com/javase/7/docs/api/org/w3c/dom/DOMErrorHandler.html
DOMException =  https://docs.oracle.com/javase/7/docs/api/org/w3c/dom/DOMException.html
DomHandler =  https://docs.oracle.com/javase/7/docs/api/javax/xml/bind/annotation/DomHandler.html
DOMImplementation =  https://docs.oracle.com/javase/7/docs/api/org/w3c/dom/DOMImplementation.html
DOMImplementationList =  https://docs.oracle.com/javase/7/docs/api/org/w3c/dom/DOMImplementationList.html
DOMImplementationLS =  https://docs.oracle.com/javase/7/docs/api/org/w3c/dom/ls/DOMImplementationLS.html
DOMImplementationRegistry =  https://docs.oracle.com/javase/7/docs/api/org/w3c/dom/bootstrap/DOMImplementationRegistry.html
DOMImplementationSource =  https://docs.oracle.com/javase/7/docs/api/org/w3c/dom/DOMImplementationSource.html
DOMLocator =  https://docs.oracle.com/javase/7/docs/api/javax/xml/transform/dom/DOMLocator.html
DOMLocator =  https://docs.oracle.com/javase/7/docs/api/org/w3c/dom/DOMLocator.html
DOMResult =  https://docs.oracle.com/javase/7/docs/api/javax/xml/transform/dom/DOMResult.html
DOMSignContext =  https://docs.oracle.com/javase/7/docs/api/javax/xml/crypto/dsig/dom/DOMSignContext.html
DOMSource =  https://docs.oracle.com/javase/7/docs/api/javax/xml/transform/dom/DOMSource.html
DOMStringList =  https://docs.oracle.com/javase/7/docs/api/org/w3c/dom/DOMStringList.html
DOMStructure =  https://docs.oracle.com/javase/7/docs/api/javax/xml/crypto/dom/DOMStructure.html
DOMURIReference =  https://docs.oracle.com/javase/7/docs/api/javax/xml/crypto/dom/DOMURIReference.html
DOMValidateContext =  https://docs.oracle.com/javase/7/docs/api/javax/xml/crypto/dsig/dom/DOMValidateContext.html
DosFileAttributes =  https://docs.oracle.com/javase/7/docs/api/java/nio/file/attribute/DosFileAttributes.html
DosFileAttributeView =  https://docs.oracle.com/javase/7/docs/api/java/nio/file/attribute/DosFileAttributeView.html
Double =  https://docs.oracle.com/javase/7/docs/api/java/lang/Double.html
DoubleBuffer =  https://docs.oracle.com/javase/7/docs/api/java/nio/DoubleBuffer.html
DoubleHolder =  https://docs.oracle.com/javase/7/docs/api/org/omg/CORBA/DoubleHolder.html
DoubleSeqHelper =  https://docs.oracle.com/javase/7/docs/api/org/omg/CORBA/DoubleSeqHelper.html
DoubleSeqHolder =  https://docs.oracle.com/javase/7/docs/api/org/omg/CORBA/DoubleSeqHolder.html
DragGestureEvent =  https://docs.oracle.com/javase/7/docs/api/java/awt/dnd/DragGestureEvent.html
DragGestureListener =  https://docs.oracle.com/javase/7/docs/api/java/awt/dnd/DragGestureListener.html
DragGestureRecognizer =  https://docs.oracle.com/javase/7/docs/api/java/awt/dnd/DragGestureRecognizer.html
DragSource =  https://docs.oracle.com/javase/7/docs/api/java/awt/dnd/DragSource.html
DragSourceAdapter =  https://docs.oracle.com/javase/7/docs/api/java/awt/dnd/DragSourceAdapter.html
DragSourceContext =  https://docs.oracle.com/javase/7/docs/api/java/awt/dnd/DragSourceContext.html
DragSourceDragEvent =  https://docs.oracle.com/javase/7/docs/api/java/awt/dnd/DragSourceDragEvent.html
DragSourceDropEvent =  https://docs.oracle.com/javase/7/docs/api/java/awt/dnd/DragSourceDropEvent.html
DragSourceEvent =  https://docs.oracle.com/javase/7/docs/api/java/awt/dnd/DragSourceEvent.html
DragSourceListener =  https://docs.oracle.com/javase/7/docs/api/java/awt/dnd/DragSourceListener.html
DragSourceMotionListener =  https://docs.oracle.com/javase/7/docs/api/java/awt/dnd/DragSourceMotionListener.html
Driver =  https://docs.oracle.com/javase/7/docs/api/java/sql/Driver.html
DriverManager =  https://docs.oracle.com/javase/7/docs/api/java/sql/DriverManager.html
DriverPropertyInfo =  https://docs.oracle.com/javase/7/docs/api/java/sql/DriverPropertyInfo.html
DropMode =  https://docs.oracle.com/javase/7/docs/api/javax/swing/DropMode.html
DropTarget =  https://docs.oracle.com/javase/7/docs/api/java/awt/dnd/DropTarget.html
DropTarget.DropTargetAutoScroller =  https://docs.oracle.com/javase/7/docs/api/java/awt/dnd/DropTarget.DropTargetAutoScroller.html
DropTargetAdapter =  https://docs.oracle.com/javase/7/docs/api/java/awt/dnd/DropTargetAdapter.html
DropTargetContext =  https://docs.oracle.com/javase/7/docs/api/java/awt/dnd/DropTargetContext.html
DropTargetDragEvent =  https://docs.oracle.com/javase/7/docs/api/java/awt/dnd/DropTargetDragEvent.html
DropTargetDropEvent =  https://docs.oracle.com/javase/7/docs/api/java/awt/dnd/DropTargetDropEvent.html
DropTargetEvent =  https://docs.oracle.com/javase/7/docs/api/java/awt/dnd/DropTargetEvent.html
DropTargetListener =  https://docs.oracle.com/javase/7/docs/api/java/awt/dnd/DropTargetListener.html
DSAKey =  https://docs.oracle.com/javase/7/docs/api/java/security/interfaces/DSAKey.html
DSAKeyPairGenerator =  https://docs.oracle.com/javase/7/docs/api/java/security/interfaces/DSAKeyPairGenerator.html
DSAParameterSpec =  https://docs.oracle.com/javase/7/docs/api/java/security/spec/DSAParameterSpec.html
DSAParams =  https://docs.oracle.com/javase/7/docs/api/java/security/interfaces/DSAParams.html
DSAPrivateKey =  https://docs.oracle.com/javase/7/docs/api/java/security/interfaces/DSAPrivateKey.html
DSAPrivateKeySpec =  https://docs.oracle.com/javase/7/docs/api/java/security/spec/DSAPrivateKeySpec.html
DSAPublicKey =  https://docs.oracle.com/javase/7/docs/api/java/security/interfaces/DSAPublicKey.html
DSAPublicKeySpec =  https://docs.oracle.com/javase/7/docs/api/java/security/spec/DSAPublicKeySpec.html
DTD =  https://docs.oracle.com/javase/7/docs/api/javax/swing/text/html/parser/DTD.html
DTD =  https://docs.oracle.com/javase/7/docs/api/javax/xml/stream/events/DTD.html
DTDConstants =  https://docs.oracle.com/javase/7/docs/api/javax/swing/text/html/parser/DTDConstants.html
DTDHandler =  https://docs.oracle.com/javase/7/docs/api/org/xml/sax/DTDHandler.html
DuplicateFormatFlagsException =  https://docs.oracle.com/javase/7/docs/api/java/util/DuplicateFormatFlagsException.html
DuplicateName =  https://docs.oracle.com/javase/7/docs/api/org/omg/PortableInterceptor/ORBInitInfoPackage/DuplicateName.html
DuplicateNameHelper =  https://docs.oracle.com/javase/7/docs/api/org/omg/PortableInterceptor/ORBInitInfoPackage/DuplicateNameHelper.html
Duration =  https://docs.oracle.com/javase/7/docs/api/javax/xml/datatype/Duration.html
DynamicImplementation =  https://docs.oracle.com/javase/7/docs/api/org/omg/CORBA/DynamicImplementation.html
DynamicImplementation =  https://docs.oracle.com/javase/7/docs/api/org/omg/PortableServer/DynamicImplementation.html
DynamicMBean =  https://docs.oracle.com/javase/7/docs/api/javax/management/DynamicMBean.html
DynAny =  https://docs.oracle.com/javase/7/docs/api/org/omg/CORBA/DynAny.html
DynAny =  https://docs.oracle.com/javase/7/docs/api/org/omg/DynamicAny/DynAny.html
DynAnyFactory =  https://docs.oracle.com/javase/7/docs/api/org/omg/DynamicAny/DynAnyFactory.html
DynAnyFactoryHelper =  https://docs.oracle.com/javase/7/docs/api/org/omg/DynamicAny/DynAnyFactoryHelper.html
DynAnyFactoryOperations =  https://docs.oracle.com/javase/7/docs/api/org/omg/DynamicAny/DynAnyFactoryOperations.html
DynAnyHelper =  https://docs.oracle.com/javase/7/docs/api/org/omg/DynamicAny/DynAnyHelper.html
DynAnyOperations =  https://docs.oracle.com/javase/7/docs/api/org/omg/DynamicAny/DynAnyOperations.html
DynAnySeqHelper =  https://docs.oracle.com/javase/7/docs/api/org/omg/DynamicAny/DynAnySeqHelper.html
DynArray =  https://docs.oracle.com/javase/7/docs/api/org/omg/CORBA/DynArray.html
DynArray =  https://docs.oracle.com/javase/7/docs/api/org/omg/DynamicAny/DynArray.html
DynArrayHelper =  https://docs.oracle.com/javase/7/docs/api/org/omg/DynamicAny/DynArrayHelper.html
DynArrayOperations =  https://docs.oracle.com/javase/7/docs/api/org/omg/DynamicAny/DynArrayOperations.html
DynEnum =  https://docs.oracle.com/javase/7/docs/api/org/omg/CORBA/DynEnum.html
DynEnum =  https://docs.oracle.com/javase/7/docs/api/org/omg/DynamicAny/DynEnum.html
DynEnumHelper =  https://docs.oracle.com/javase/7/docs/api/org/omg/DynamicAny/DynEnumHelper.html
DynEnumOperations =  https://docs.oracle.com/javase/7/docs/api/org/omg/DynamicAny/DynEnumOperations.html
DynFixed =  https://docs.oracle.com/javase/7/docs/api/org/omg/CORBA/DynFixed.html
DynFixed =  https://docs.oracle.com/javase/7/docs/api/org/omg/DynamicAny/DynFixed.html
DynFixedHelper =  https://docs.oracle.com/javase/7/docs/api/org/omg/DynamicAny/DynFixedHelper.html
DynFixedOperations =  https://docs.oracle.com/javase/7/docs/api/org/omg/DynamicAny/DynFixedOperations.html
DynSequence =  https://docs.oracle.com/javase/7/docs/api/org/omg/CORBA/DynSequence.html
DynSequence =  https://docs.oracle.com/javase/7/docs/api/org/omg/DynamicAny/DynSequence.html
DynSequenceHelper =  https://docs.oracle.com/javase/7/docs/api/org/omg/DynamicAny/DynSequenceHelper.html
DynSequenceOperations =  https://docs.oracle.com/javase/7/docs/api/org/omg/DynamicAny/DynSequenceOperations.html
DynStruct =  https://docs.oracle.com/javase/7/docs/api/org/omg/CORBA/DynStruct.html
DynStruct =  https://docs.oracle.com/javase/7/docs/api/org/omg/DynamicAny/DynStruct.html
DynStructHelper =  https://docs.oracle.com/javase/7/docs/api/org/omg/DynamicAny/DynStructHelper.html
DynStructOperations =  https://docs.oracle.com/javase/7/docs/api/org/omg/DynamicAny/DynStructOperations.html
DynUnion =  https://docs.oracle.com/javase/7/docs/api/org/omg/CORBA/DynUnion.html
DynUnion =  https://docs.oracle.com/javase/7/docs/api/org/omg/DynamicAny/DynUnion.html
DynUnionHelper =  https://docs.oracle.com/javase/7/docs/api/org/omg/DynamicAny/DynUnionHelper.html
DynUnionOperations =  https://docs.oracle.com/javase/7/docs/api/org/omg/DynamicAny/DynUnionOperations.html
DynValue =  https://docs.oracle.com/javase/7/docs/api/org/omg/CORBA/DynValue.html
DynValue =  https://docs.oracle.com/javase/7/docs/api/org/omg/DynamicAny/DynValue.html
DynValueBox =  https://docs.oracle.com/javase/7/docs/api/org/omg/DynamicAny/DynValueBox.html
DynValueBoxOperations =  https://docs.oracle.com/javase/7/docs/api/org/omg/DynamicAny/DynValueBoxOperations.html
DynValueCommon =  https://docs.oracle.com/javase/7/docs/api/org/omg/DynamicAny/DynValueCommon.html
DynValueCommonOperations =  https://docs.oracle.com/javase/7/docs/api/org/omg/DynamicAny/DynValueCommonOperations.html
DynValueHelper =  https://docs.oracle.com/javase/7/docs/api/org/omg/DynamicAny/DynValueHelper.html
DynValueOperations =  https://docs.oracle.com/javase/7/docs/api/org/omg/DynamicAny/DynValueOperations.html
ECField =  https://docs.oracle.com/javase/7/docs/api/java/security/spec/ECField.html
ECFieldF2m =  https://docs.oracle.com/javase/7/docs/api/java/security/spec/ECFieldF2m.html
ECFieldFp =  https://docs.oracle.com/javase/7/docs/api/java/security/spec/ECFieldFp.html
ECGenParameterSpec =  https://docs.oracle.com/javase/7/docs/api/java/security/spec/ECGenParameterSpec.html
ECKey =  https://docs.oracle.com/javase/7/docs/api/java/security/interfaces/ECKey.html
ECParameterSpec =  https://docs.oracle.com/javase/7/docs/api/java/security/spec/ECParameterSpec.html
ECPoint =  https://docs.oracle.com/javase/7/docs/api/java/security/spec/ECPoint.html
ECPrivateKey =  https://docs.oracle.com/javase/7/docs/api/java/security/interfaces/ECPrivateKey.html
ECPrivateKeySpec =  https://docs.oracle.com/javase/7/docs/api/java/security/spec/ECPrivateKeySpec.html
ECPublicKey =  https://docs.oracle.com/javase/7/docs/api/java/security/interfaces/ECPublicKey.html
ECPublicKeySpec =  https://docs.oracle.com/javase/7/docs/api/java/security/spec/ECPublicKeySpec.html
EditorKit =  https://docs.oracle.com/javase/7/docs/api/javax/swing/text/EditorKit.html
Element =  https://docs.oracle.com/javase/7/docs/api/javax/lang/model/element/Element.html
Element =  https://docs.oracle.com/javase/7/docs/api/javax/swing/text/Element.html
Element =  https://docs.oracle.com/javase/7/docs/api/javax/swing/text/html/parser/Element.html
Element =  https://docs.oracle.com/javase/7/docs/api/javax/xml/bind/Element.html
Element =  https://docs.oracle.com/javase/7/docs/api/org/w3c/dom/Element.html
ElementFilter =  https://docs.oracle.com/javase/7/docs/api/javax/lang/model/util/ElementFilter.html
ElementIterator =  https://docs.oracle.com/javase/7/docs/api/javax/swing/text/ElementIterator.html
ElementKind =  https://docs.oracle.com/javase/7/docs/api/javax/lang/model/element/ElementKind.html
ElementKindVisitor6 =  https://docs.oracle.com/javase/7/docs/api/javax/lang/model/util/ElementKindVisitor6.html
ElementKindVisitor7 =  https://docs.oracle.com/javase/7/docs/api/javax/lang/model/util/ElementKindVisitor7.html
Elements =  https://docs.oracle.com/javase/7/docs/api/javax/lang/model/util/Elements.html
ElementScanner6 =  https://docs.oracle.com/javase/7/docs/api/javax/lang/model/util/ElementScanner6.html
ElementScanner7 =  https://docs.oracle.com/javase/7/docs/api/javax/lang/model/util/ElementScanner7.html
ElementType =  https://docs.oracle.com/javase/7/docs/api/java/lang/annotation/ElementType.html
ElementVisitor =  https://docs.oracle.com/javase/7/docs/api/javax/lang/model/element/ElementVisitor.html
Ellipse2D =  https://docs.oracle.com/javase/7/docs/api/java/awt/geom/Ellipse2D.html
Ellipse2D.Double =  https://docs.oracle.com/javase/7/docs/api/java/awt/geom/Ellipse2D.Double.html
Ellipse2D.Float =  https://docs.oracle.com/javase/7/docs/api/java/awt/geom/Ellipse2D.Float.html
EllipticCurve =  https://docs.oracle.com/javase/7/docs/api/java/security/spec/EllipticCurve.html
EmptyBorder =  https://docs.oracle.com/javase/7/docs/api/javax/swing/border/EmptyBorder.html
EmptyStackException =  https://docs.oracle.com/javase/7/docs/api/java/util/EmptyStackException.html
EncodedKeySpec =  https://docs.oracle.com/javase/7/docs/api/java/security/spec/EncodedKeySpec.html
Encoder =  https://docs.oracle.com/javase/7/docs/api/java/beans/Encoder.html
Encoding =  https://docs.oracle.com/javase/7/docs/api/org/omg/IOP/Encoding.html
ENCODING_CDR_ENCAPS =  https://docs.oracle.com/javase/7/docs/api/org/omg/IOP/ENCODING_CDR_ENCAPS.html
EncryptedPrivateKeyInfo =  https://docs.oracle.com/javase/7/docs/api/javax/crypto/EncryptedPrivateKeyInfo.html
EndDocument =  https://docs.oracle.com/javase/7/docs/api/javax/xml/stream/events/EndDocument.html
EndElement =  https://docs.oracle.com/javase/7/docs/api/javax/xml/stream/events/EndElement.html
Endpoint =  https://docs.oracle.com/javase/7/docs/api/javax/xml/ws/Endpoint.html
EndpointContext =  https://docs.oracle.com/javase/7/docs/api/javax/xml/ws/EndpointContext.html
EndpointReference =  https://docs.oracle.com/javase/7/docs/api/javax/xml/ws/EndpointReference.html
Entity =  https://docs.oracle.com/javase/7/docs/api/javax/swing/text/html/parser/Entity.html
Entity =  https://docs.oracle.com/javase/7/docs/api/org/w3c/dom/Entity.html
EntityDeclaration =  https://docs.oracle.com/javase/7/docs/api/javax/xml/stream/events/EntityDeclaration.html
EntityReference =  https://docs.oracle.com/javase/7/docs/api/javax/xml/stream/events/EntityReference.html
EntityReference =  https://docs.oracle.com/javase/7/docs/api/org/w3c/dom/EntityReference.html
EntityResolver =  https://docs.oracle.com/javase/7/docs/api/org/xml/sax/EntityResolver.html
EntityResolver2 =  https://docs.oracle.com/javase/7/docs/api/org/xml/sax/ext/EntityResolver2.html
Enum =  https://docs.oracle.com/javase/7/docs/api/java/lang/Enum.html
EnumConstantNotPresentException =  https://docs.oracle.com/javase/7/docs/api/java/lang/EnumConstantNotPresentException.html
EnumControl =  https://docs.oracle.com/javase/7/docs/api/javax/sound/sampled/EnumControl.html
EnumControl.Type =  https://docs.oracle.com/javase/7/docs/api/javax/sound/sampled/EnumControl.Type.html
Enumeration =  https://docs.oracle.com/javase/7/docs/api/java/util/Enumeration.html
EnumMap =  https://docs.oracle.com/javase/7/docs/api/java/util/EnumMap.html
EnumSet =  https://docs.oracle.com/javase/7/docs/api/java/util/EnumSet.html
EnumSyntax =  https://docs.oracle.com/javase/7/docs/api/javax/print/attribute/EnumSyntax.html
Environment =  https://docs.oracle.com/javase/7/docs/api/org/omg/CORBA/Environment.html
EOFException =  https://docs.oracle.com/javase/7/docs/api/java/io/EOFException.html
Error =  https://docs.oracle.com/javase/7/docs/api/java/lang/Error.html
ErrorHandler =  https://docs.oracle.com/javase/7/docs/api/org/xml/sax/ErrorHandler.html
ErrorListener =  https://docs.oracle.com/javase/7/docs/api/javax/xml/transform/ErrorListener.html
ErrorManager =  https://docs.oracle.com/javase/7/docs/api/java/util/logging/ErrorManager.html
ErrorType =  https://docs.oracle.com/javase/7/docs/api/javax/lang/model/type/ErrorType.html
EtchedBorder =  https://docs.oracle.com/javase/7/docs/api/javax/swing/border/EtchedBorder.html
Event =  https://docs.oracle.com/javase/7/docs/api/java/awt/Event.html
Event =  https://docs.oracle.com/javase/7/docs/api/org/w3c/dom/events/Event.html
EventContext =  https://docs.oracle.com/javase/7/docs/api/javax/naming/event/EventContext.html
EventDirContext =  https://docs.oracle.com/javase/7/docs/api/javax/naming/event/EventDirContext.html
EventException =  https://docs.oracle.com/javase/7/docs/api/org/w3c/dom/events/EventException.html
EventFilter =  https://docs.oracle.com/javase/7/docs/api/javax/xml/stream/EventFilter.html
EventHandler =  https://docs.oracle.com/javase/7/docs/api/java/beans/EventHandler.html
EventListener =  https://docs.oracle.com/javase/7/docs/api/java/util/EventListener.html
EventListener =  https://docs.oracle.com/javase/7/docs/api/org/w3c/dom/events/EventListener.html
EventListenerList =  https://docs.oracle.com/javase/7/docs/api/javax/swing/event/EventListenerList.html
EventListenerProxy =  https://docs.oracle.com/javase/7/docs/api/java/util/EventListenerProxy.html
EventObject =  https://docs.oracle.com/javase/7/docs/api/java/util/EventObject.html
EventQueue =  https://docs.oracle.com/javase/7/docs/api/java/awt/EventQueue.html
EventReaderDelegate =  https://docs.oracle.com/javase/7/docs/api/javax/xml/stream/util/EventReaderDelegate.html
EventSetDescriptor =  https://docs.oracle.com/javase/7/docs/api/java/beans/EventSetDescriptor.html
EventTarget =  https://docs.oracle.com/javase/7/docs/api/org/w3c/dom/events/EventTarget.html
ExcC14NParameterSpec =  https://docs.oracle.com/javase/7/docs/api/javax/xml/crypto/dsig/spec/ExcC14NParameterSpec.html
Exception =  https://docs.oracle.com/javase/7/docs/api/java/lang/Exception.html
ExceptionDetailMessage =  https://docs.oracle.com/javase/7/docs/api/org/omg/IOP/ExceptionDetailMessage.html
ExceptionInInitializerError =  https://docs.oracle.com/javase/7/docs/api/java/lang/ExceptionInInitializerError.html
ExceptionList =  https://docs.oracle.com/javase/7/docs/api/org/omg/CORBA/ExceptionList.html
ExceptionListener =  https://docs.oracle.com/javase/7/docs/api/java/beans/ExceptionListener.html
Exchanger =  https://docs.oracle.com/javase/7/docs/api/java/util/concurrent/Exchanger.html
ExecutableElement =  https://docs.oracle.com/javase/7/docs/api/javax/lang/model/element/ExecutableElement.html
ExecutableType =  https://docs.oracle.com/javase/7/docs/api/javax/lang/model/type/ExecutableType.html
ExecutionException =  https://docs.oracle.com/javase/7/docs/api/java/util/concurrent/ExecutionException.html
Executor =  https://docs.oracle.com/javase/7/docs/api/java/util/concurrent/Executor.html
ExecutorCompletionService =  https://docs.oracle.com/javase/7/docs/api/java/util/concurrent/ExecutorCompletionService.html
Executors =  https://docs.oracle.com/javase/7/docs/api/java/util/concurrent/Executors.html
ExecutorService =  https://docs.oracle.com/javase/7/docs/api/java/util/concurrent/ExecutorService.html
ExemptionMechanism =  https://docs.oracle.com/javase/7/docs/api/javax/crypto/ExemptionMechanism.html
ExemptionMechanismException =  https://docs.oracle.com/javase/7/docs/api/javax/crypto/ExemptionMechanismException.html
ExemptionMechanismSpi =  https://docs.oracle.com/javase/7/docs/api/javax/crypto/ExemptionMechanismSpi.html
ExpandVetoException =  https://docs.oracle.com/javase/7/docs/api/javax/swing/tree/ExpandVetoException.html
ExportException =  https://docs.oracle.com/javase/7/docs/api/java/rmi/server/ExportException.html
Expression =  https://docs.oracle.com/javase/7/docs/api/java/beans/Expression.html
ExtendedRequest =  https://docs.oracle.com/javase/7/docs/api/javax/naming/ldap/ExtendedRequest.html
ExtendedResponse =  https://docs.oracle.com/javase/7/docs/api/javax/naming/ldap/ExtendedResponse.html
ExtendedSSLSession =  https://docs.oracle.com/javase/7/docs/api/javax/net/ssl/ExtendedSSLSession.html
Extension =  https://docs.oracle.com/javase/7/docs/api/java/security/cert/Extension.html
Externalizable =  https://docs.oracle.com/javase/7/docs/api/java/io/Externalizable.html
FactoryConfigurationError =  https://docs.oracle.com/javase/7/docs/api/javax/xml/parsers/FactoryConfigurationError.html
FactoryConfigurationError =  https://docs.oracle.com/javase/7/docs/api/javax/xml/stream/FactoryConfigurationError.html
FailedLoginException =  https://docs.oracle.com/javase/7/docs/api/javax/security/auth/login/FailedLoginException.html
FaultAction =  https://docs.oracle.com/javase/7/docs/api/javax/xml/ws/FaultAction.html
FeatureDescriptor =  https://docs.oracle.com/javase/7/docs/api/java/beans/FeatureDescriptor.html
Fidelity =  https://docs.oracle.com/javase/7/docs/api/javax/print/attribute/standard/Fidelity.html
Field =  https://docs.oracle.com/javase/7/docs/api/java/lang/reflect/Field.html
FieldNameHelper =  https://docs.oracle.com/javase/7/docs/api/org/omg/CORBA/FieldNameHelper.html
FieldNameHelper =  https://docs.oracle.com/javase/7/docs/api/org/omg/DynamicAny/FieldNameHelper.html
FieldPosition =  https://docs.oracle.com/javase/7/docs/api/java/text/FieldPosition.html
FieldView =  https://docs.oracle.com/javase/7/docs/api/javax/swing/text/FieldView.html
File =  https://docs.oracle.com/javase/7/docs/api/java/io/File.html
FileAlreadyExistsException =  https://docs.oracle.com/javase/7/docs/api/java/nio/file/FileAlreadyExistsException.html
FileAttribute =  https://docs.oracle.com/javase/7/docs/api/java/nio/file/attribute/FileAttribute.html
FileAttributeView =  https://docs.oracle.com/javase/7/docs/api/java/nio/file/attribute/FileAttributeView.html
FileCacheImageInputStream =  https://docs.oracle.com/javase/7/docs/api/javax/imageio/stream/FileCacheImageInputStream.html
FileCacheImageOutputStream =  https://docs.oracle.com/javase/7/docs/api/javax/imageio/stream/FileCacheImageOutputStream.html
FileChannel =  https://docs.oracle.com/javase/7/docs/api/java/nio/channels/FileChannel.html
FileChannel.MapMode =  https://docs.oracle.com/javase/7/docs/api/java/nio/channels/FileChannel.MapMode.html
FileChooserUI =  https://docs.oracle.com/javase/7/docs/api/javax/swing/plaf/FileChooserUI.html
FileDataSource =  https://docs.oracle.com/javase/7/docs/api/javax/activation/FileDataSource.html
FileDescriptor =  https://docs.oracle.com/javase/7/docs/api/java/io/FileDescriptor.html
FileDialog =  https://docs.oracle.com/javase/7/docs/api/java/awt/FileDialog.html
FileFilter =  https://docs.oracle.com/javase/7/docs/api/java/io/FileFilter.html
FileFilter =  https://docs.oracle.com/javase/7/docs/api/javax/swing/filechooser/FileFilter.html
FileHandler =  https://docs.oracle.com/javase/7/docs/api/java/util/logging/FileHandler.html
FileImageInputStream =  https://docs.oracle.com/javase/7/docs/api/javax/imageio/stream/FileImageInputStream.html
FileImageOutputStream =  https://docs.oracle.com/javase/7/docs/api/javax/imageio/stream/FileImageOutputStream.html
FileInputStream =  https://docs.oracle.com/javase/7/docs/api/java/io/FileInputStream.html
FileLock =  https://docs.oracle.com/javase/7/docs/api/java/nio/channels/FileLock.html
FileLockInterruptionException =  https://docs.oracle.com/javase/7/docs/api/java/nio/channels/FileLockInterruptionException.html
FileNameExtensionFilter =  https://docs.oracle.com/javase/7/docs/api/javax/swing/filechooser/FileNameExtensionFilter.html
FilenameFilter =  https://docs.oracle.com/javase/7/docs/api/java/io/FilenameFilter.html
FileNameMap =  https://docs.oracle.com/javase/7/docs/api/java/net/FileNameMap.html
FileNotFoundException =  https://docs.oracle.com/javase/7/docs/api/java/io/FileNotFoundException.html
FileObject =  https://docs.oracle.com/javase/7/docs/api/javax/tools/FileObject.html
FileOutputStream =  https://docs.oracle.com/javase/7/docs/api/java/io/FileOutputStream.html
FileOwnerAttributeView =  https://docs.oracle.com/javase/7/docs/api/java/nio/file/attribute/FileOwnerAttributeView.html
FilePermission =  https://docs.oracle.com/javase/7/docs/api/java/io/FilePermission.html
Filer =  https://docs.oracle.com/javase/7/docs/api/javax/annotation/processing/Filer.html
FileReader =  https://docs.oracle.com/javase/7/docs/api/java/io/FileReader.html
FilerException =  https://docs.oracle.com/javase/7/docs/api/javax/annotation/processing/FilerException.html
Files =  https://docs.oracle.com/javase/7/docs/api/java/nio/file/Files.html
FileStore =  https://docs.oracle.com/javase/7/docs/api/java/nio/file/FileStore.html
FileStoreAttributeView =  https://docs.oracle.com/javase/7/docs/api/java/nio/file/attribute/FileStoreAttributeView.html
FileSystem =  https://docs.oracle.com/javase/7/docs/api/java/nio/file/FileSystem.html
FileSystemAlreadyExistsException =  https://docs.oracle.com/javase/7/docs/api/java/nio/file/FileSystemAlreadyExistsException.html
FileSystemException =  https://docs.oracle.com/javase/7/docs/api/java/nio/file/FileSystemException.html
FileSystemLoopException =  https://docs.oracle.com/javase/7/docs/api/java/nio/file/FileSystemLoopException.html
FileSystemNotFoundException =  https://docs.oracle.com/javase/7/docs/api/java/nio/file/FileSystemNotFoundException.html
FileSystemProvider =  https://docs.oracle.com/javase/7/docs/api/java/nio/file/spi/FileSystemProvider.html
FileSystems =  https://docs.oracle.com/javase/7/docs/api/java/nio/file/FileSystems.html
FileSystemView =  https://docs.oracle.com/javase/7/docs/api/javax/swing/filechooser/FileSystemView.html
FileTime =  https://docs.oracle.com/javase/7/docs/api/java/nio/file/attribute/FileTime.html
FileTypeDetector =  https://docs.oracle.com/javase/7/docs/api/java/nio/file/spi/FileTypeDetector.html
FileTypeMap =  https://docs.oracle.com/javase/7/docs/api/javax/activation/FileTypeMap.html
FileView =  https://docs.oracle.com/javase/7/docs/api/javax/swing/filechooser/FileView.html
FileVisitOption =  https://docs.oracle.com/javase/7/docs/api/java/nio/file/FileVisitOption.html
FileVisitor =  https://docs.oracle.com/javase/7/docs/api/java/nio/file/FileVisitor.html
FileVisitResult =  https://docs.oracle.com/javase/7/docs/api/java/nio/file/FileVisitResult.html
FileWriter =  https://docs.oracle.com/javase/7/docs/api/java/io/FileWriter.html
Filter =  https://docs.oracle.com/javase/7/docs/api/java/util/logging/Filter.html
FilteredImageSource =  https://docs.oracle.com/javase/7/docs/api/java/awt/image/FilteredImageSource.html
FilteredRowSet =  https://docs.oracle.com/javase/7/docs/api/javax/sql/rowset/FilteredRowSet.html
FilterInputStream =  https://docs.oracle.com/javase/7/docs/api/java/io/FilterInputStream.html
FilterOutputStream =  https://docs.oracle.com/javase/7/docs/api/java/io/FilterOutputStream.html
FilterReader =  https://docs.oracle.com/javase/7/docs/api/java/io/FilterReader.html
FilterWriter =  https://docs.oracle.com/javase/7/docs/api/java/io/FilterWriter.html
Finishings =  https://docs.oracle.com/javase/7/docs/api/javax/print/attribute/standard/Finishings.html
FixedHeightLayoutCache =  https://docs.oracle.com/javase/7/docs/api/javax/swing/tree/FixedHeightLayoutCache.html
FixedHolder =  https://docs.oracle.com/javase/7/docs/api/org/omg/CORBA/FixedHolder.html
FlatteningPathIterator =  https://docs.oracle.com/javase/7/docs/api/java/awt/geom/FlatteningPathIterator.html
FlavorEvent =  https://docs.oracle.com/javase/7/docs/api/java/awt/datatransfer/FlavorEvent.html
FlavorException =  https://docs.oracle.com/javase/7/docs/api/javax/print/FlavorException.html
FlavorListener =  https://docs.oracle.com/javase/7/docs/api/java/awt/datatransfer/FlavorListener.html
FlavorMap =  https://docs.oracle.com/javase/7/docs/api/java/awt/datatransfer/FlavorMap.html
FlavorTable =  https://docs.oracle.com/javase/7/docs/api/java/awt/datatransfer/FlavorTable.html
Float =  https://docs.oracle.com/javase/7/docs/api/java/lang/Float.html
FloatBuffer =  https://docs.oracle.com/javase/7/docs/api/java/nio/FloatBuffer.html
FloatControl =  https://docs.oracle.com/javase/7/docs/api/javax/sound/sampled/FloatControl.html
FloatControl.Type =  https://docs.oracle.com/javase/7/docs/api/javax/sound/sampled/FloatControl.Type.html
FloatHolder =  https://docs.oracle.com/javase/7/docs/api/org/omg/CORBA/FloatHolder.html
FloatSeqHelper =  https://docs.oracle.com/javase/7/docs/api/org/omg/CORBA/FloatSeqHelper.html
FloatSeqHolder =  https://docs.oracle.com/javase/7/docs/api/org/omg/CORBA/FloatSeqHolder.html
FlowLayout =  https://docs.oracle.com/javase/7/docs/api/java/awt/FlowLayout.html
FlowView =  https://docs.oracle.com/javase/7/docs/api/javax/swing/text/FlowView.html
FlowView.FlowStrategy =  https://docs.oracle.com/javase/7/docs/api/javax/swing/text/FlowView.FlowStrategy.html
Flushable =  https://docs.oracle.com/javase/7/docs/api/java/io/Flushable.html
FocusAdapter =  https://docs.oracle.com/javase/7/docs/api/java/awt/event/FocusAdapter.html
FocusEvent =  https://docs.oracle.com/javase/7/docs/api/java/awt/event/FocusEvent.html
FocusListener =  https://docs.oracle.com/javase/7/docs/api/java/awt/event/FocusListener.html
FocusManager =  https://docs.oracle.com/javase/7/docs/api/javax/swing/FocusManager.html
FocusTraversalPolicy =  https://docs.oracle.com/javase/7/docs/api/java/awt/FocusTraversalPolicy.html
Font =  https://docs.oracle.com/javase/7/docs/api/java/awt/Font.html
FontFormatException =  https://docs.oracle.com/javase/7/docs/api/java/awt/FontFormatException.html
FontMetrics =  https://docs.oracle.com/javase/7/docs/api/java/awt/FontMetrics.html
FontRenderContext =  https://docs.oracle.com/javase/7/docs/api/java/awt/font/FontRenderContext.html
FontUIResource =  https://docs.oracle.com/javase/7/docs/api/javax/swing/plaf/FontUIResource.html
ForkJoinPool =  https://docs.oracle.com/javase/7/docs/api/java/util/concurrent/ForkJoinPool.html
ForkJoinPool.ForkJoinWorkerThreadFactory =  https://docs.oracle.com/javase/7/docs/api/java/util/concurrent/ForkJoinPool.ForkJoinWorkerThreadFactory.html
ForkJoinPool.ManagedBlocker =  https://docs.oracle.com/javase/7/docs/api/java/util/concurrent/ForkJoinPool.ManagedBlocker.html
ForkJoinTask =  https://docs.oracle.com/javase/7/docs/api/java/util/concurrent/ForkJoinTask.html
ForkJoinWorkerThread =  https://docs.oracle.com/javase/7/docs/api/java/util/concurrent/ForkJoinWorkerThread.html
Format =  https://docs.oracle.com/javase/7/docs/api/java/text/Format.html
Format.Field =  https://docs.oracle.com/javase/7/docs/api/java/text/Format.Field.html
FormatConversionProvider =  https://docs.oracle.com/javase/7/docs/api/javax/sound/sampled/spi/FormatConversionProvider.html
FormatFlagsConversionMismatchException =  https://docs.oracle.com/javase/7/docs/api/java/util/FormatFlagsConversionMismatchException.html
FormatMismatch =  https://docs.oracle.com/javase/7/docs/api/org/omg/IOP/CodecPackage/FormatMismatch.html
FormatMismatchHelper =  https://docs.oracle.com/javase/7/docs/api/org/omg/IOP/CodecPackage/FormatMismatchHelper.html
Formattable =  https://docs.oracle.com/javase/7/docs/api/java/util/Formattable.html
FormattableFlags =  https://docs.oracle.com/javase/7/docs/api/java/util/FormattableFlags.html
Formatter =  https://docs.oracle.com/javase/7/docs/api/java/util/Formatter.html
Formatter =  https://docs.oracle.com/javase/7/docs/api/java/util/logging/Formatter.html
Formatter.BigDecimalLayoutForm =  https://docs.oracle.com/javase/7/docs/api/java/util/Formatter.BigDecimalLayoutForm.html
FormatterClosedException =  https://docs.oracle.com/javase/7/docs/api/java/util/FormatterClosedException.html
FormSubmitEvent =  https://docs.oracle.com/javase/7/docs/api/javax/swing/text/html/FormSubmitEvent.html
FormSubmitEvent.MethodType =  https://docs.oracle.com/javase/7/docs/api/javax/swing/text/html/FormSubmitEvent.MethodType.html
FormView =  https://docs.oracle.com/javase/7/docs/api/javax/swing/text/html/FormView.html
ForwardingFileObject =  https://docs.oracle.com/javase/7/docs/api/javax/tools/ForwardingFileObject.html
ForwardingJavaFileManager =  https://docs.oracle.com/javase/7/docs/api/javax/tools/ForwardingJavaFileManager.html
ForwardingJavaFileObject =  https://docs.oracle.com/javase/7/docs/api/javax/tools/ForwardingJavaFileObject.html
ForwardRequest =  https://docs.oracle.com/javase/7/docs/api/org/omg/PortableInterceptor/ForwardRequest.html
ForwardRequest =  https://docs.oracle.com/javase/7/docs/api/org/omg/PortableServer/ForwardRequest.html
ForwardRequestHelper =  https://docs.oracle.com/javase/7/docs/api/org/omg/PortableInterceptor/ForwardRequestHelper.html
ForwardRequestHelper =  https://docs.oracle.com/javase/7/docs/api/org/omg/PortableServer/ForwardRequestHelper.html
Frame =  https://docs.oracle.com/javase/7/docs/api/java/awt/Frame.html
FREE_MEM =  https://docs.oracle.com/javase/7/docs/api/org/omg/CORBA/FREE_MEM.html
Future =  https://docs.oracle.com/javase/7/docs/api/java/util/concurrent/Future.html
FutureTask =  https://docs.oracle.com/javase/7/docs/api/java/util/concurrent/FutureTask.html
GapContent =  https://docs.oracle.com/javase/7/docs/api/javax/swing/text/GapContent.html
GarbageCollectorMXBean =  https://docs.oracle.com/javase/7/docs/api/java/lang/management/GarbageCollectorMXBean.html
GatheringByteChannel =  https://docs.oracle.com/javase/7/docs/api/java/nio/channels/GatheringByteChannel.html
GaugeMonitor =  https://docs.oracle.com/javase/7/docs/api/javax/management/monitor/GaugeMonitor.html
GaugeMonitorMBean =  https://docs.oracle.com/javase/7/docs/api/javax/management/monitor/GaugeMonitorMBean.html
GCMParameterSpec =  https://docs.oracle.com/javase/7/docs/api/javax/crypto/spec/GCMParameterSpec.html
GeneralPath =  https://docs.oracle.com/javase/7/docs/api/java/awt/geom/GeneralPath.html
GeneralSecurityException =  https://docs.oracle.com/javase/7/docs/api/java/security/GeneralSecurityException.html
Generated =  https://docs.oracle.com/javase/7/docs/api/javax/annotation/Generated.html
GenericArrayType =  https://docs.oracle.com/javase/7/docs/api/java/lang/reflect/GenericArrayType.html
GenericDeclaration =  https://docs.oracle.com/javase/7/docs/api/java/lang/reflect/GenericDeclaration.html
GenericSignatureFormatError =  https://docs.oracle.com/javase/7/docs/api/java/lang/reflect/GenericSignatureFormatError.html
GlyphJustificationInfo =  https://docs.oracle.com/javase/7/docs/api/java/awt/font/GlyphJustificationInfo.html
GlyphMetrics =  https://docs.oracle.com/javase/7/docs/api/java/awt/font/GlyphMetrics.html
GlyphVector =  https://docs.oracle.com/javase/7/docs/api/java/awt/font/GlyphVector.html
GlyphView =  https://docs.oracle.com/javase/7/docs/api/javax/swing/text/GlyphView.html
GlyphView.GlyphPainter =  https://docs.oracle.com/javase/7/docs/api/javax/swing/text/GlyphView.GlyphPainter.html
GradientPaint =  https://docs.oracle.com/javase/7/docs/api/java/awt/GradientPaint.html
GraphicAttribute =  https://docs.oracle.com/javase/7/docs/api/java/awt/font/GraphicAttribute.html
Graphics =  https://docs.oracle.com/javase/7/docs/api/java/awt/Graphics.html
Graphics2D =  https://docs.oracle.com/javase/7/docs/api/java/awt/Graphics2D.html
GraphicsConfigTemplate =  https://docs.oracle.com/javase/7/docs/api/java/awt/GraphicsConfigTemplate.html
GraphicsConfiguration =  https://docs.oracle.com/javase/7/docs/api/java/awt/GraphicsConfiguration.html
GraphicsDevice =  https://docs.oracle.com/javase/7/docs/api/java/awt/GraphicsDevice.html
GraphicsDevice.WindowTranslucency =  https://docs.oracle.com/javase/7/docs/api/java/awt/GraphicsDevice.WindowTranslucency.html
GraphicsEnvironment =  https://docs.oracle.com/javase/7/docs/api/java/awt/GraphicsEnvironment.html
GrayFilter =  https://docs.oracle.com/javase/7/docs/api/javax/swing/GrayFilter.html
GregorianCalendar =  https://docs.oracle.com/javase/7/docs/api/java/util/GregorianCalendar.html
GridBagConstraints =  https://docs.oracle.com/javase/7/docs/api/java/awt/GridBagConstraints.html
GridBagLayout =  https://docs.oracle.com/javase/7/docs/api/java/awt/GridBagLayout.html
GridBagLayoutInfo =  https://docs.oracle.com/javase/7/docs/api/java/awt/GridBagLayoutInfo.html
GridLayout =  https://docs.oracle.com/javase/7/docs/api/java/awt/GridLayout.html
Group =  https://docs.oracle.com/javase/7/docs/api/java/security/acl/Group.html
GroupLayout =  https://docs.oracle.com/javase/7/docs/api/javax/swing/GroupLayout.html
GroupLayout.Alignment =  https://docs.oracle.com/javase/7/docs/api/javax/swing/GroupLayout.Alignment.html
GroupPrincipal =  https://docs.oracle.com/javase/7/docs/api/java/nio/file/attribute/GroupPrincipal.html
GSSContext =  https://docs.oracle.com/javase/7/docs/api/org/ietf/jgss/GSSContext.html
GSSCredential =  https://docs.oracle.com/javase/7/docs/api/org/ietf/jgss/GSSCredential.html
GSSException =  https://docs.oracle.com/javase/7/docs/api/org/ietf/jgss/GSSException.html
GSSManager =  https://docs.oracle.com/javase/7/docs/api/org/ietf/jgss/GSSManager.html
GSSName =  https://docs.oracle.com/javase/7/docs/api/org/ietf/jgss/GSSName.html
Guard =  https://docs.oracle.com/javase/7/docs/api/java/security/Guard.html
GuardedObject =  https://docs.oracle.com/javase/7/docs/api/java/security/GuardedObject.html
GZIPInputStream =  https://docs.oracle.com/javase/7/docs/api/java/util/zip/GZIPInputStream.html
GZIPOutputStream =  https://docs.oracle.com/javase/7/docs/api/java/util/zip/GZIPOutputStream.html
Handler =  https://docs.oracle.com/javase/7/docs/api/java/util/logging/Handler.html
Handler =  https://docs.oracle.com/javase/7/docs/api/javax/xml/ws/handler/Handler.html
HandlerBase =  https://docs.oracle.com/javase/7/docs/api/org/xml/sax/HandlerBase.html
HandlerChain =  https://docs.oracle.com/javase/7/docs/api/javax/jws/HandlerChain.html
HandlerResolver =  https://docs.oracle.com/javase/7/docs/api/javax/xml/ws/handler/HandlerResolver.html
HandshakeCompletedEvent =  https://docs.oracle.com/javase/7/docs/api/javax/net/ssl/HandshakeCompletedEvent.html
HandshakeCompletedListener =  https://docs.oracle.com/javase/7/docs/api/javax/net/ssl/HandshakeCompletedListener.html
HasControls =  https://docs.oracle.com/javase/7/docs/api/javax/naming/ldap/HasControls.html
HashAttributeSet =  https://docs.oracle.com/javase/7/docs/api/javax/print/attribute/HashAttributeSet.html
HashDocAttributeSet =  https://docs.oracle.com/javase/7/docs/api/javax/print/attribute/HashDocAttributeSet.html
HashMap =  https://docs.oracle.com/javase/7/docs/api/java/util/HashMap.html
HashPrintJobAttributeSet =  https://docs.oracle.com/javase/7/docs/api/javax/print/attribute/HashPrintJobAttributeSet.html
HashPrintRequestAttributeSet =  https://docs.oracle.com/javase/7/docs/api/javax/print/attribute/HashPrintRequestAttributeSet.html
HashPrintServiceAttributeSet =  https://docs.oracle.com/javase/7/docs/api/javax/print/attribute/HashPrintServiceAttributeSet.html
HashSet =  https://docs.oracle.com/javase/7/docs/api/java/util/HashSet.html
Hashtable =  https://docs.oracle.com/javase/7/docs/api/java/util/Hashtable.html
HeadlessException =  https://docs.oracle.com/javase/7/docs/api/java/awt/HeadlessException.html
HexBinaryAdapter =  https://docs.oracle.com/javase/7/docs/api/javax/xml/bind/annotation/adapters/HexBinaryAdapter.html
HierarchyBoundsAdapter =  https://docs.oracle.com/javase/7/docs/api/java/awt/event/HierarchyBoundsAdapter.html
HierarchyBoundsListener =  https://docs.oracle.com/javase/7/docs/api/java/awt/event/HierarchyBoundsListener.html
HierarchyEvent =  https://docs.oracle.com/javase/7/docs/api/java/awt/event/HierarchyEvent.html
HierarchyListener =  https://docs.oracle.com/javase/7/docs/api/java/awt/event/HierarchyListener.html
Highlighter =  https://docs.oracle.com/javase/7/docs/api/javax/swing/text/Highlighter.html
Highlighter.Highlight =  https://docs.oracle.com/javase/7/docs/api/javax/swing/text/Highlighter.Highlight.html
Highlighter.HighlightPainter =  https://docs.oracle.com/javase/7/docs/api/javax/swing/text/Highlighter.HighlightPainter.html
HMACParameterSpec =  https://docs.oracle.com/javase/7/docs/api/javax/xml/crypto/dsig/spec/HMACParameterSpec.html
Holder =  https://docs.oracle.com/javase/7/docs/api/javax/xml/ws/Holder.html
HOLDING =  https://docs.oracle.com/javase/7/docs/api/org/omg/PortableInterceptor/HOLDING.html
HostnameVerifier =  https://docs.oracle.com/javase/7/docs/api/javax/net/ssl/HostnameVerifier.html
HTML =  https://docs.oracle.com/javase/7/docs/api/javax/swing/text/html/HTML.html
HTML.Attribute =  https://docs.oracle.com/javase/7/docs/api/javax/swing/text/html/HTML.Attribute.html
HTML.Tag =  https://docs.oracle.com/javase/7/docs/api/javax/swing/text/html/HTML.Tag.html
HTML.UnknownTag =  https://docs.oracle.com/javase/7/docs/api/javax/swing/text/html/HTML.UnknownTag.html
HTMLDocument =  https://docs.oracle.com/javase/7/docs/api/javax/swing/text/html/HTMLDocument.html
HTMLDocument.Iterator =  https://docs.oracle.com/javase/7/docs/api/javax/swing/text/html/HTMLDocument.Iterator.html
HTMLEditorKit =  https://docs.oracle.com/javase/7/docs/api/javax/swing/text/html/HTMLEditorKit.html
HTMLEditorKit.HTMLFactory =  https://docs.oracle.com/javase/7/docs/api/javax/swing/text/html/HTMLEditorKit.HTMLFactory.html
HTMLEditorKit.HTMLTextAction =  https://docs.oracle.com/javase/7/docs/api/javax/swing/text/html/HTMLEditorKit.HTMLTextAction.html
HTMLEditorKit.InsertHTMLTextAction =  https://docs.oracle.com/javase/7/docs/api/javax/swing/text/html/HTMLEditorKit.InsertHTMLTextAction.html
HTMLEditorKit.LinkController =  https://docs.oracle.com/javase/7/docs/api/javax/swing/text/html/HTMLEditorKit.LinkController.html
HTMLEditorKit.Parser =  https://docs.oracle.com/javase/7/docs/api/javax/swing/text/html/HTMLEditorKit.Parser.html
HTMLEditorKit.ParserCallback =  https://docs.oracle.com/javase/7/docs/api/javax/swing/text/html/HTMLEditorKit.ParserCallback.html
HTMLFrameHyperlinkEvent =  https://docs.oracle.com/javase/7/docs/api/javax/swing/text/html/HTMLFrameHyperlinkEvent.html
HTMLWriter =  https://docs.oracle.com/javase/7/docs/api/javax/swing/text/html/HTMLWriter.html
HTTPBinding =  https://docs.oracle.com/javase/7/docs/api/javax/xml/ws/http/HTTPBinding.html
HttpContext =  https://docs.oracle.com/javase/7/docs/api/javax/xml/ws/spi/http/HttpContext.html
HttpCookie =  https://docs.oracle.com/javase/7/docs/api/java/net/HttpCookie.html
HTTPException =  https://docs.oracle.com/javase/7/docs/api/javax/xml/ws/http/HTTPException.html
HttpExchange =  https://docs.oracle.com/javase/7/docs/api/javax/xml/ws/spi/http/HttpExchange.html
HttpHandler =  https://docs.oracle.com/javase/7/docs/api/javax/xml/ws/spi/http/HttpHandler.html
HttpRetryException =  https://docs.oracle.com/javase/7/docs/api/java/net/HttpRetryException.html
HttpsURLConnection =  https://docs.oracle.com/javase/7/docs/api/javax/net/ssl/HttpsURLConnection.html
HttpURLConnection =  https://docs.oracle.com/javase/7/docs/api/java/net/HttpURLConnection.html
HyperlinkEvent =  https://docs.oracle.com/javase/7/docs/api/javax/swing/event/HyperlinkEvent.html
HyperlinkEvent.EventType =  https://docs.oracle.com/javase/7/docs/api/javax/swing/event/HyperlinkEvent.EventType.html
HyperlinkListener =  https://docs.oracle.com/javase/7/docs/api/javax/swing/event/HyperlinkListener.html
ICC_ColorSpace =  https://docs.oracle.com/javase/7/docs/api/java/awt/color/ICC_ColorSpace.html
ICC_Profile =  https://docs.oracle.com/javase/7/docs/api/java/awt/color/ICC_Profile.html
ICC_ProfileGray =  https://docs.oracle.com/javase/7/docs/api/java/awt/color/ICC_ProfileGray.html
ICC_ProfileRGB =  https://docs.oracle.com/javase/7/docs/api/java/awt/color/ICC_ProfileRGB.html
Icon =  https://docs.oracle.com/javase/7/docs/api/javax/swing/Icon.html
IconUIResource =  https://docs.oracle.com/javase/7/docs/api/javax/swing/plaf/IconUIResource.html
IconView =  https://docs.oracle.com/javase/7/docs/api/javax/swing/text/IconView.html
ID_ASSIGNMENT_POLICY_ID =  https://docs.oracle.com/javase/7/docs/api/org/omg/PortableServer/ID_ASSIGNMENT_POLICY_ID.html
ID_UNIQUENESS_POLICY_ID =  https://docs.oracle.com/javase/7/docs/api/org/omg/PortableServer/ID_UNIQUENESS_POLICY_ID.html
IdAssignmentPolicy =  https://docs.oracle.com/javase/7/docs/api/org/omg/PortableServer/IdAssignmentPolicy.html
IdAssignmentPolicyOperations =  https://docs.oracle.com/javase/7/docs/api/org/omg/PortableServer/IdAssignmentPolicyOperations.html
IdAssignmentPolicyValue =  https://docs.oracle.com/javase/7/docs/api/org/omg/PortableServer/IdAssignmentPolicyValue.html
IdentifierHelper =  https://docs.oracle.com/javase/7/docs/api/org/omg/CORBA/IdentifierHelper.html
Identity =  https://docs.oracle.com/javase/7/docs/api/java/security/Identity.html
IdentityHashMap =  https://docs.oracle.com/javase/7/docs/api/java/util/IdentityHashMap.html
IdentityScope =  https://docs.oracle.com/javase/7/docs/api/java/security/IdentityScope.html
IDLEntity =  https://docs.oracle.com/javase/7/docs/api/org/omg/CORBA/portable/IDLEntity.html
IDLType =  https://docs.oracle.com/javase/7/docs/api/org/omg/CORBA/IDLType.html
IDLTypeHelper =  https://docs.oracle.com/javase/7/docs/api/org/omg/CORBA/IDLTypeHelper.html
IDLTypeOperations =  https://docs.oracle.com/javase/7/docs/api/org/omg/CORBA/IDLTypeOperations.html
IDN =  https://docs.oracle.com/javase/7/docs/api/java/net/IDN.html
IdUniquenessPolicy =  https://docs.oracle.com/javase/7/docs/api/org/omg/PortableServer/IdUniquenessPolicy.html
IdUniquenessPolicyOperations =  https://docs.oracle.com/javase/7/docs/api/org/omg/PortableServer/IdUniquenessPolicyOperations.html
IdUniquenessPolicyValue =  https://docs.oracle.com/javase/7/docs/api/org/omg/PortableServer/IdUniquenessPolicyValue.html
IIOByteBuffer =  https://docs.oracle.com/javase/7/docs/api/javax/imageio/stream/IIOByteBuffer.html
IIOException =  https://docs.oracle.com/javase/7/docs/api/javax/imageio/IIOException.html
IIOImage =  https://docs.oracle.com/javase/7/docs/api/javax/imageio/IIOImage.html
IIOInvalidTreeException =  https://docs.oracle.com/javase/7/docs/api/javax/imageio/metadata/IIOInvalidTreeException.html
IIOMetadata =  https://docs.oracle.com/javase/7/docs/api/javax/imageio/metadata/IIOMetadata.html
IIOMetadataController =  https://docs.oracle.com/javase/7/docs/api/javax/imageio/metadata/IIOMetadataController.html
IIOMetadataFormat =  https://docs.oracle.com/javase/7/docs/api/javax/imageio/metadata/IIOMetadataFormat.html
IIOMetadataFormatImpl =  https://docs.oracle.com/javase/7/docs/api/javax/imageio/metadata/IIOMetadataFormatImpl.html
IIOMetadataNode =  https://docs.oracle.com/javase/7/docs/api/javax/imageio/metadata/IIOMetadataNode.html
IIOParam =  https://docs.oracle.com/javase/7/docs/api/javax/imageio/IIOParam.html
IIOParamController =  https://docs.oracle.com/javase/7/docs/api/javax/imageio/IIOParamController.html
IIOReadProgressListener =  https://docs.oracle.com/javase/7/docs/api/javax/imageio/event/IIOReadProgressListener.html
IIOReadUpdateListener =  https://docs.oracle.com/javase/7/docs/api/javax/imageio/event/IIOReadUpdateListener.html
IIOReadWarningListener =  https://docs.oracle.com/javase/7/docs/api/javax/imageio/event/IIOReadWarningListener.html
IIORegistry =  https://docs.oracle.com/javase/7/docs/api/javax/imageio/spi/IIORegistry.html
IIOServiceProvider =  https://docs.oracle.com/javase/7/docs/api/javax/imageio/spi/IIOServiceProvider.html
IIOWriteProgressListener =  https://docs.oracle.com/javase/7/docs/api/javax/imageio/event/IIOWriteProgressListener.html
IIOWriteWarningListener =  https://docs.oracle.com/javase/7/docs/api/javax/imageio/event/IIOWriteWarningListener.html
IllegalAccessError =  https://docs.oracle.com/javase/7/docs/api/java/lang/IllegalAccessError.html
IllegalAccessException =  https://docs.oracle.com/javase/7/docs/api/java/lang/IllegalAccessException.html
IllegalArgumentException =  https://docs.oracle.com/javase/7/docs/api/java/lang/IllegalArgumentException.html
IllegalBlockingModeException =  https://docs.oracle.com/javase/7/docs/api/java/nio/channels/IllegalBlockingModeException.html
IllegalBlockSizeException =  https://docs.oracle.com/javase/7/docs/api/javax/crypto/IllegalBlockSizeException.html
IllegalChannelGroupException =  https://docs.oracle.com/javase/7/docs/api/java/nio/channels/IllegalChannelGroupException.html
IllegalCharsetNameException =  https://docs.oracle.com/javase/7/docs/api/java/nio/charset/IllegalCharsetNameException.html
IllegalClassFormatException =  https://docs.oracle.com/javase/7/docs/api/java/lang/instrument/IllegalClassFormatException.html
IllegalComponentStateException =  https://docs.oracle.com/javase/7/docs/api/java/awt/IllegalComponentStateException.html
IllegalFormatCodePointException =  https://docs.oracle.com/javase/7/docs/api/java/util/IllegalFormatCodePointException.html
IllegalFormatConversionException =  https://docs.oracle.com/javase/7/docs/api/java/util/IllegalFormatConversionException.html
IllegalFormatException =  https://docs.oracle.com/javase/7/docs/api/java/util/IllegalFormatException.html
IllegalFormatFlagsException =  https://docs.oracle.com/javase/7/docs/api/java/util/IllegalFormatFlagsException.html
IllegalFormatPrecisionException =  https://docs.oracle.com/javase/7/docs/api/java/util/IllegalFormatPrecisionException.html
IllegalFormatWidthException =  https://docs.oracle.com/javase/7/docs/api/java/util/IllegalFormatWidthException.html
IllegalMonitorStateException =  https://docs.oracle.com/javase/7/docs/api/java/lang/IllegalMonitorStateException.html
IllegalPathStateException =  https://docs.oracle.com/javase/7/docs/api/java/awt/geom/IllegalPathStateException.html
IllegalSelectorException =  https://docs.oracle.com/javase/7/docs/api/java/nio/channels/IllegalSelectorException.html
IllegalStateException =  https://docs.oracle.com/javase/7/docs/api/java/lang/IllegalStateException.html
IllegalThreadStateException =  https://docs.oracle.com/javase/7/docs/api/java/lang/IllegalThreadStateException.html
IllformedLocaleException =  https://docs.oracle.com/javase/7/docs/api/java/util/IllformedLocaleException.html
Image =  https://docs.oracle.com/javase/7/docs/api/java/awt/Image.html
ImageCapabilities =  https://docs.oracle.com/javase/7/docs/api/java/awt/ImageCapabilities.html
ImageConsumer =  https://docs.oracle.com/javase/7/docs/api/java/awt/image/ImageConsumer.html
ImageFilter =  https://docs.oracle.com/javase/7/docs/api/java/awt/image/ImageFilter.html
ImageGraphicAttribute =  https://docs.oracle.com/javase/7/docs/api/java/awt/font/ImageGraphicAttribute.html
ImageIcon =  https://docs.oracle.com/javase/7/docs/api/javax/swing/ImageIcon.html
ImageInputStream =  https://docs.oracle.com/javase/7/docs/api/javax/imageio/stream/ImageInputStream.html
ImageInputStreamImpl =  https://docs.oracle.com/javase/7/docs/api/javax/imageio/stream/ImageInputStreamImpl.html
ImageInputStreamSpi =  https://docs.oracle.com/javase/7/docs/api/javax/imageio/spi/ImageInputStreamSpi.html
ImageIO =  https://docs.oracle.com/javase/7/docs/api/javax/imageio/ImageIO.html
ImageObserver =  https://docs.oracle.com/javase/7/docs/api/java/awt/image/ImageObserver.html
ImageOutputStream =  https://docs.oracle.com/javase/7/docs/api/javax/imageio/stream/ImageOutputStream.html
ImageOutputStreamImpl =  https://docs.oracle.com/javase/7/docs/api/javax/imageio/stream/ImageOutputStreamImpl.html
ImageOutputStreamSpi =  https://docs.oracle.com/javase/7/docs/api/javax/imageio/spi/ImageOutputStreamSpi.html
ImageProducer =  https://docs.oracle.com/javase/7/docs/api/java/awt/image/ImageProducer.html
ImageReader =  https://docs.oracle.com/javase/7/docs/api/javax/imageio/ImageReader.html
ImageReaderSpi =  https://docs.oracle.com/javase/7/docs/api/javax/imageio/spi/ImageReaderSpi.html
ImageReaderWriterSpi =  https://docs.oracle.com/javase/7/docs/api/javax/imageio/spi/ImageReaderWriterSpi.html
ImageReadParam =  https://docs.oracle.com/javase/7/docs/api/javax/imageio/ImageReadParam.html
ImageTranscoder =  https://docs.oracle.com/javase/7/docs/api/javax/imageio/ImageTranscoder.html
ImageTranscoderSpi =  https://docs.oracle.com/javase/7/docs/api/javax/imageio/spi/ImageTranscoderSpi.html
ImageTypeSpecifier =  https://docs.oracle.com/javase/7/docs/api/javax/imageio/ImageTypeSpecifier.html
ImageView =  https://docs.oracle.com/javase/7/docs/api/javax/swing/text/html/ImageView.html
ImageWriteParam =  https://docs.oracle.com/javase/7/docs/api/javax/imageio/ImageWriteParam.html
ImageWriter =  https://docs.oracle.com/javase/7/docs/api/javax/imageio/ImageWriter.html
ImageWriterSpi =  https://docs.oracle.com/javase/7/docs/api/javax/imageio/spi/ImageWriterSpi.html
ImagingOpException =  https://docs.oracle.com/javase/7/docs/api/java/awt/image/ImagingOpException.html
ImmutableDescriptor =  https://docs.oracle.com/javase/7/docs/api/javax/management/ImmutableDescriptor.html
IMP_LIMIT =  https://docs.oracle.com/javase/7/docs/api/org/omg/CORBA/IMP_LIMIT.html
IMPLICIT_ACTIVATION_POLICY_ID =  https://docs.oracle.com/javase/7/docs/api/org/omg/PortableServer/IMPLICIT_ACTIVATION_POLICY_ID.html
ImplicitActivationPolicy =  https://docs.oracle.com/javase/7/docs/api/org/omg/PortableServer/ImplicitActivationPolicy.html
ImplicitActivationPolicyOperations =  https://docs.oracle.com/javase/7/docs/api/org/omg/PortableServer/ImplicitActivationPolicyOperations.html
ImplicitActivationPolicyValue =  https://docs.oracle.com/javase/7/docs/api/org/omg/PortableServer/ImplicitActivationPolicyValue.html
INACTIVE =  https://docs.oracle.com/javase/7/docs/api/org/omg/PortableInterceptor/INACTIVE.html
IncompatibleClassChangeError =  https://docs.oracle.com/javase/7/docs/api/java/lang/IncompatibleClassChangeError.html
IncompleteAnnotationException =  https://docs.oracle.com/javase/7/docs/api/java/lang/annotation/IncompleteAnnotationException.html
InconsistentTypeCode =  https://docs.oracle.com/javase/7/docs/api/org/omg/CORBA/ORBPackage/InconsistentTypeCode.html
InconsistentTypeCode =  https://docs.oracle.com/javase/7/docs/api/org/omg/DynamicAny/DynAnyFactoryPackage/InconsistentTypeCode.html
InconsistentTypeCodeHelper =  https://docs.oracle.com/javase/7/docs/api/org/omg/DynamicAny/DynAnyFactoryPackage/InconsistentTypeCodeHelper.html
IndexColorModel =  https://docs.oracle.com/javase/7/docs/api/java/awt/image/IndexColorModel.html
IndexedPropertyChangeEvent =  https://docs.oracle.com/javase/7/docs/api/java/beans/IndexedPropertyChangeEvent.html
IndexedPropertyDescriptor =  https://docs.oracle.com/javase/7/docs/api/java/beans/IndexedPropertyDescriptor.html
IndexOutOfBoundsException =  https://docs.oracle.com/javase/7/docs/api/java/lang/IndexOutOfBoundsException.html
IndirectionException =  https://docs.oracle.com/javase/7/docs/api/org/omg/CORBA/portable/IndirectionException.html
Inet4Address =  https://docs.oracle.com/javase/7/docs/api/java/net/Inet4Address.html
Inet6Address =  https://docs.oracle.com/javase/7/docs/api/java/net/Inet6Address.html
InetAddress =  https://docs.oracle.com/javase/7/docs/api/java/net/InetAddress.html
InetSocketAddress =  https://docs.oracle.com/javase/7/docs/api/java/net/InetSocketAddress.html
Inflater =  https://docs.oracle.com/javase/7/docs/api/java/util/zip/Inflater.html
InflaterInputStream =  https://docs.oracle.com/javase/7/docs/api/java/util/zip/InflaterInputStream.html
InflaterOutputStream =  https://docs.oracle.com/javase/7/docs/api/java/util/zip/InflaterOutputStream.html
InheritableThreadLocal =  https://docs.oracle.com/javase/7/docs/api/java/lang/InheritableThreadLocal.html
Inherited =  https://docs.oracle.com/javase/7/docs/api/java/lang/annotation/Inherited.html
InitialContext =  https://docs.oracle.com/javase/7/docs/api/javax/naming/InitialContext.html
InitialContextFactory =  https://docs.oracle.com/javase/7/docs/api/javax/naming/spi/InitialContextFactory.html
InitialContextFactoryBuilder =  https://docs.oracle.com/javase/7/docs/api/javax/naming/spi/InitialContextFactoryBuilder.html
InitialDirContext =  https://docs.oracle.com/javase/7/docs/api/javax/naming/directory/InitialDirContext.html
INITIALIZE =  https://docs.oracle.com/javase/7/docs/api/org/omg/CORBA/INITIALIZE.html
InitialLdapContext =  https://docs.oracle.com/javase/7/docs/api/javax/naming/ldap/InitialLdapContext.html
InitParam =  https://docs.oracle.com/javase/7/docs/api/javax/jws/soap/InitParam.html
InlineView =  https://docs.oracle.com/javase/7/docs/api/javax/swing/text/html/InlineView.html
InputContext =  https://docs.oracle.com/javase/7/docs/api/java/awt/im/InputContext.html
InputEvent =  https://docs.oracle.com/javase/7/docs/api/java/awt/event/InputEvent.html
InputMap =  https://docs.oracle.com/javase/7/docs/api/javax/swing/InputMap.html
InputMapUIResource =  https://docs.oracle.com/javase/7/docs/api/javax/swing/plaf/InputMapUIResource.html
InputMethod =  https://docs.oracle.com/javase/7/docs/api/java/awt/im/spi/InputMethod.html
InputMethodContext =  https://docs.oracle.com/javase/7/docs/api/java/awt/im/spi/InputMethodContext.html
InputMethodDescriptor =  https://docs.oracle.com/javase/7/docs/api/java/awt/im/spi/InputMethodDescriptor.html
InputMethodEvent =  https://docs.oracle.com/javase/7/docs/api/java/awt/event/InputMethodEvent.html
InputMethodHighlight =  https://docs.oracle.com/javase/7/docs/api/java/awt/im/InputMethodHighlight.html
InputMethodListener =  https://docs.oracle.com/javase/7/docs/api/java/awt/event/InputMethodListener.html
InputMethodRequests =  https://docs.oracle.com/javase/7/docs/api/java/awt/im/InputMethodRequests.html
InputMismatchException =  https://docs.oracle.com/javase/7/docs/api/java/util/InputMismatchException.html
InputSource =  https://docs.oracle.com/javase/7/docs/api/org/xml/sax/InputSource.html
InputStream =  https://docs.oracle.com/javase/7/docs/api/java/io/InputStream.html
InputStream =  https://docs.oracle.com/javase/7/docs/api/org/omg/CORBA/portable/InputStream.html
InputStream =  https://docs.oracle.com/javase/7/docs/api/org/omg/CORBA_2_3/portable/InputStream.html
InputStreamReader =  https://docs.oracle.com/javase/7/docs/api/java/io/InputStreamReader.html
InputSubset =  https://docs.oracle.com/javase/7/docs/api/java/awt/im/InputSubset.html
InputVerifier =  https://docs.oracle.com/javase/7/docs/api/javax/swing/InputVerifier.html
Insets =  https://docs.oracle.com/javase/7/docs/api/java/awt/Insets.html
InsetsUIResource =  https://docs.oracle.com/javase/7/docs/api/javax/swing/plaf/InsetsUIResource.html
InstanceAlreadyExistsException =  https://docs.oracle.com/javase/7/docs/api/javax/management/InstanceAlreadyExistsException.html
InstanceNotFoundException =  https://docs.oracle.com/javase/7/docs/api/javax/management/InstanceNotFoundException.html
InstantiationError =  https://docs.oracle.com/javase/7/docs/api/java/lang/InstantiationError.html
InstantiationException =  https://docs.oracle.com/javase/7/docs/api/java/lang/InstantiationException.html
Instrument =  https://docs.oracle.com/javase/7/docs/api/javax/sound/midi/Instrument.html
Instrumentation =  https://docs.oracle.com/javase/7/docs/api/java/lang/instrument/Instrumentation.html
InsufficientResourcesException =  https://docs.oracle.com/javase/7/docs/api/javax/naming/InsufficientResourcesException.html
IntBuffer =  https://docs.oracle.com/javase/7/docs/api/java/nio/IntBuffer.html
Integer =  https://docs.oracle.com/javase/7/docs/api/java/lang/Integer.html
IntegerSyntax =  https://docs.oracle.com/javase/7/docs/api/javax/print/attribute/IntegerSyntax.html
Interceptor =  https://docs.oracle.com/javase/7/docs/api/org/omg/PortableInterceptor/Interceptor.html
InterceptorOperations =  https://docs.oracle.com/javase/7/docs/api/org/omg/PortableInterceptor/InterceptorOperations.html
InterfaceAddress =  https://docs.oracle.com/javase/7/docs/api/java/net/InterfaceAddress.html
INTERNAL =  https://docs.oracle.com/javase/7/docs/api/org/omg/CORBA/INTERNAL.html
InternalError =  https://docs.oracle.com/javase/7/docs/api/java/lang/InternalError.html
InternalFrameAdapter =  https://docs.oracle.com/javase/7/docs/api/javax/swing/event/InternalFrameAdapter.html
InternalFrameEvent =  https://docs.oracle.com/javase/7/docs/api/javax/swing/event/InternalFrameEvent.html
InternalFrameFocusTraversalPolicy =  https://docs.oracle.com/javase/7/docs/api/javax/swing/InternalFrameFocusTraversalPolicy.html
InternalFrameListener =  https://docs.oracle.com/javase/7/docs/api/javax/swing/event/InternalFrameListener.html
InternalFrameUI =  https://docs.oracle.com/javase/7/docs/api/javax/swing/plaf/InternalFrameUI.html
InternationalFormatter =  https://docs.oracle.com/javase/7/docs/api/javax/swing/text/InternationalFormatter.html
InterruptedByTimeoutException =  https://docs.oracle.com/javase/7/docs/api/java/nio/channels/InterruptedByTimeoutException.html
InterruptedException =  https://docs.oracle.com/javase/7/docs/api/java/lang/InterruptedException.html
InterruptedIOException =  https://docs.oracle.com/javase/7/docs/api/java/io/InterruptedIOException.html
InterruptedNamingException =  https://docs.oracle.com/javase/7/docs/api/javax/naming/InterruptedNamingException.html
InterruptibleChannel =  https://docs.oracle.com/javase/7/docs/api/java/nio/channels/InterruptibleChannel.html
INTF_REPOS =  https://docs.oracle.com/javase/7/docs/api/org/omg/CORBA/INTF_REPOS.html
IntHolder =  https://docs.oracle.com/javase/7/docs/api/org/omg/CORBA/IntHolder.html
IntrospectionException =  https://docs.oracle.com/javase/7/docs/api/java/beans/IntrospectionException.html
IntrospectionException =  https://docs.oracle.com/javase/7/docs/api/javax/management/IntrospectionException.html
Introspector =  https://docs.oracle.com/javase/7/docs/api/java/beans/Introspector.html
INV_FLAG =  https://docs.oracle.com/javase/7/docs/api/org/omg/CORBA/INV_FLAG.html
INV_IDENT =  https://docs.oracle.com/javase/7/docs/api/org/omg/CORBA/INV_IDENT.html
INV_OBJREF =  https://docs.oracle.com/javase/7/docs/api/org/omg/CORBA/INV_OBJREF.html
INV_POLICY =  https://docs.oracle.com/javase/7/docs/api/org/omg/CORBA/INV_POLICY.html
Invalid =  https://docs.oracle.com/javase/7/docs/api/org/omg/CORBA/DynAnyPackage/Invalid.html
INVALID_ACTIVITY =  https://docs.oracle.com/javase/7/docs/api/org/omg/CORBA/INVALID_ACTIVITY.html
INVALID_TRANSACTION =  https://docs.oracle.com/javase/7/docs/api/org/omg/CORBA/INVALID_TRANSACTION.html
InvalidActivityException =  https://docs.oracle.com/javase/7/docs/api/javax/activity/InvalidActivityException.html
InvalidAddress =  https://docs.oracle.com/javase/7/docs/api/org/omg/CosNaming/NamingContextExtPackage/InvalidAddress.html
InvalidAddressHelper =  https://docs.oracle.com/javase/7/docs/api/org/omg/CosNaming/NamingContextExtPackage/InvalidAddressHelper.html
InvalidAddressHolder =  https://docs.oracle.com/javase/7/docs/api/org/omg/CosNaming/NamingContextExtPackage/InvalidAddressHolder.html
InvalidAlgorithmParameterException =  https://docs.oracle.com/javase/7/docs/api/java/security/InvalidAlgorithmParameterException.html
InvalidApplicationException =  https://docs.oracle.com/javase/7/docs/api/javax/management/InvalidApplicationException.html
InvalidAttributeIdentifierException =  https://docs.oracle.com/javase/7/docs/api/javax/naming/directory/InvalidAttributeIdentifierException.html
InvalidAttributesException =  https://docs.oracle.com/javase/7/docs/api/javax/naming/directory/InvalidAttributesException.html
InvalidAttributeValueException =  https://docs.oracle.com/javase/7/docs/api/javax/management/InvalidAttributeValueException.html
InvalidAttributeValueException =  https://docs.oracle.com/javase/7/docs/api/javax/naming/directory/InvalidAttributeValueException.html
InvalidClassException =  https://docs.oracle.com/javase/7/docs/api/java/io/InvalidClassException.html
InvalidDnDOperationException =  https://docs.oracle.com/javase/7/docs/api/java/awt/dnd/InvalidDnDOperationException.html
InvalidKeyException =  https://docs.oracle.com/javase/7/docs/api/java/security/InvalidKeyException.html
InvalidKeyException =  https://docs.oracle.com/javase/7/docs/api/javax/management/openmbean/InvalidKeyException.html
InvalidKeySpecException =  https://docs.oracle.com/javase/7/docs/api/java/security/spec/InvalidKeySpecException.html
InvalidMarkException =  https://docs.oracle.com/javase/7/docs/api/java/nio/InvalidMarkException.html
InvalidMidiDataException =  https://docs.oracle.com/javase/7/docs/api/javax/sound/midi/InvalidMidiDataException.html
InvalidName =  https://docs.oracle.com/javase/7/docs/api/org/omg/CORBA/ORBPackage/InvalidName.html
InvalidName =  https://docs.oracle.com/javase/7/docs/api/org/omg/CosNaming/NamingContextPackage/InvalidName.html
InvalidName =  https://docs.oracle.com/javase/7/docs/api/org/omg/PortableInterceptor/ORBInitInfoPackage/InvalidName.html
InvalidNameException =  https://docs.oracle.com/javase/7/docs/api/javax/naming/InvalidNameException.html
InvalidNameHelper =  https://docs.oracle.com/javase/7/docs/api/org/omg/CosNaming/NamingContextPackage/InvalidNameHelper.html
InvalidNameHelper =  https://docs.oracle.com/javase/7/docs/api/org/omg/PortableInterceptor/ORBInitInfoPackage/InvalidNameHelper.html
InvalidNameHolder =  https://docs.oracle.com/javase/7/docs/api/org/omg/CosNaming/NamingContextPackage/InvalidNameHolder.html
InvalidObjectException =  https://docs.oracle.com/javase/7/docs/api/java/io/InvalidObjectException.html
InvalidOpenTypeException =  https://docs.oracle.com/javase/7/docs/api/javax/management/openmbean/InvalidOpenTypeException.html
InvalidParameterException =  https://docs.oracle.com/javase/7/docs/api/java/security/InvalidParameterException.html
InvalidParameterSpecException =  https://docs.oracle.com/javase/7/docs/api/java/security/spec/InvalidParameterSpecException.html
InvalidPathException =  https://docs.oracle.com/javase/7/docs/api/java/nio/file/InvalidPathException.html
InvalidPolicy =  https://docs.oracle.com/javase/7/docs/api/org/omg/PortableServer/POAPackage/InvalidPolicy.html
InvalidPolicyHelper =  https://docs.oracle.com/javase/7/docs/api/org/omg/PortableServer/POAPackage/InvalidPolicyHelper.html
InvalidPreferencesFormatException =  https://docs.oracle.com/javase/7/docs/api/java/util/prefs/InvalidPreferencesFormatException.html
InvalidPropertiesFormatException =  https://docs.oracle.com/javase/7/docs/api/java/util/InvalidPropertiesFormatException.html
InvalidRelationIdException =  https://docs.oracle.com/javase/7/docs/api/javax/management/relation/InvalidRelationIdException.html
InvalidRelationServiceException =  https://docs.oracle.com/javase/7/docs/api/javax/management/relation/InvalidRelationServiceException.html
InvalidRelationTypeException =  https://docs.oracle.com/javase/7/docs/api/javax/management/relation/InvalidRelationTypeException.html
InvalidRoleInfoException =  https://docs.oracle.com/javase/7/docs/api/javax/management/relation/InvalidRoleInfoException.html
InvalidRoleValueException =  https://docs.oracle.com/javase/7/docs/api/javax/management/relation/InvalidRoleValueException.html
InvalidSearchControlsException =  https://docs.oracle.com/javase/7/docs/api/javax/naming/directory/InvalidSearchControlsException.html
InvalidSearchFilterException =  https://docs.oracle.com/javase/7/docs/api/javax/naming/directory/InvalidSearchFilterException.html
InvalidSeq =  https://docs.oracle.com/javase/7/docs/api/org/omg/CORBA/DynAnyPackage/InvalidSeq.html
InvalidSlot =  https://docs.oracle.com/javase/7/docs/api/org/omg/PortableInterceptor/InvalidSlot.html
InvalidSlotHelper =  https://docs.oracle.com/javase/7/docs/api/org/omg/PortableInterceptor/InvalidSlotHelper.html
InvalidTargetObjectTypeException =  https://docs.oracle.com/javase/7/docs/api/javax/management/modelmbean/InvalidTargetObjectTypeException.html
InvalidTransactionException =  https://docs.oracle.com/javase/7/docs/api/javax/transaction/InvalidTransactionException.html
InvalidTypeForEncoding =  https://docs.oracle.com/javase/7/docs/api/org/omg/IOP/CodecPackage/InvalidTypeForEncoding.html
InvalidTypeForEncodingHelper =  https://docs.oracle.com/javase/7/docs/api/org/omg/IOP/CodecPackage/InvalidTypeForEncodingHelper.html
InvalidValue =  https://docs.oracle.com/javase/7/docs/api/org/omg/CORBA/DynAnyPackage/InvalidValue.html
InvalidValue =  https://docs.oracle.com/javase/7/docs/api/org/omg/DynamicAny/DynAnyPackage/InvalidValue.html
InvalidValueHelper =  https://docs.oracle.com/javase/7/docs/api/org/omg/DynamicAny/DynAnyPackage/InvalidValueHelper.html
Invocable =  https://docs.oracle.com/javase/7/docs/api/javax/script/Invocable.html
InvocationEvent =  https://docs.oracle.com/javase/7/docs/api/java/awt/event/InvocationEvent.html
InvocationHandler =  https://docs.oracle.com/javase/7/docs/api/java/lang/reflect/InvocationHandler.html
InvocationTargetException =  https://docs.oracle.com/javase/7/docs/api/java/lang/reflect/InvocationTargetException.html
InvokeHandler =  https://docs.oracle.com/javase/7/docs/api/org/omg/CORBA/portable/InvokeHandler.html
Invoker =  https://docs.oracle.com/javase/7/docs/api/javax/xml/ws/spi/Invoker.html
IOError =  https://docs.oracle.com/javase/7/docs/api/java/io/IOError.html
IOException =  https://docs.oracle.com/javase/7/docs/api/java/io/IOException.html
IOR =  https://docs.oracle.com/javase/7/docs/api/org/omg/IOP/IOR.html
IORHelper =  https://docs.oracle.com/javase/7/docs/api/org/omg/IOP/IORHelper.html
IORHolder =  https://docs.oracle.com/javase/7/docs/api/org/omg/IOP/IORHolder.html
IORInfo =  https://docs.oracle.com/javase/7/docs/api/org/omg/PortableInterceptor/IORInfo.html
IORInfoOperations =  https://docs.oracle.com/javase/7/docs/api/org/omg/PortableInterceptor/IORInfoOperations.html
IORInterceptor =  https://docs.oracle.com/javase/7/docs/api/org/omg/PortableInterceptor/IORInterceptor.html
IORInterceptor_3_0 =  https://docs.oracle.com/javase/7/docs/api/org/omg/PortableInterceptor/IORInterceptor_3_0.html
IORInterceptor_3_0Helper =  https://docs.oracle.com/javase/7/docs/api/org/omg/PortableInterceptor/IORInterceptor_3_0Helper.html
IORInterceptor_3_0Holder =  https://docs.oracle.com/javase/7/docs/api/org/omg/PortableInterceptor/IORInterceptor_3_0Holder.html
IORInterceptor_3_0Operations =  https://docs.oracle.com/javase/7/docs/api/org/omg/PortableInterceptor/IORInterceptor_3_0Operations.html
IORInterceptorOperations =  https://docs.oracle.com/javase/7/docs/api/org/omg/PortableInterceptor/IORInterceptorOperations.html
IRObject =  https://docs.oracle.com/javase/7/docs/api/org/omg/CORBA/IRObject.html
IRObjectOperations =  https://docs.oracle.com/javase/7/docs/api/org/omg/CORBA/IRObjectOperations.html
IstringHelper =  https://docs.oracle.com/javase/7/docs/api/org/omg/CosNaming/IstringHelper.html
ItemEvent =  https://docs.oracle.com/javase/7/docs/api/java/awt/event/ItemEvent.html
ItemListener =  https://docs.oracle.com/javase/7/docs/api/java/awt/event/ItemListener.html
ItemSelectable =  https://docs.oracle.com/javase/7/docs/api/java/awt/ItemSelectable.html
Iterable =  https://docs.oracle.com/javase/7/docs/api/java/lang/Iterable.html
Iterator =  https://docs.oracle.com/javase/7/docs/api/java/util/Iterator.html
IvParameterSpec =  https://docs.oracle.com/javase/7/docs/api/javax/crypto/spec/IvParameterSpec.html
JApplet =  https://docs.oracle.com/javase/7/docs/api/javax/swing/JApplet.html
JarEntry =  https://docs.oracle.com/javase/7/docs/api/java/util/jar/JarEntry.html
JarException =  https://docs.oracle.com/javase/7/docs/api/java/util/jar/JarException.html
JarFile =  https://docs.oracle.com/javase/7/docs/api/java/util/jar/JarFile.html
JarInputStream =  https://docs.oracle.com/javase/7/docs/api/java/util/jar/JarInputStream.html
JarOutputStream =  https://docs.oracle.com/javase/7/docs/api/java/util/jar/JarOutputStream.html
JarURLConnection =  https://docs.oracle.com/javase/7/docs/api/java/net/JarURLConnection.html
JavaCompiler =  https://docs.oracle.com/javase/7/docs/api/javax/tools/JavaCompiler.html
JavaCompiler.CompilationTask =  https://docs.oracle.com/javase/7/docs/api/javax/tools/JavaCompiler.CompilationTask.html
JavaFileManager =  https://docs.oracle.com/javase/7/docs/api/javax/tools/JavaFileManager.html
JavaFileManager.Location =  https://docs.oracle.com/javase/7/docs/api/javax/tools/JavaFileManager.Location.html
JavaFileObject =  https://docs.oracle.com/javase/7/docs/api/javax/tools/JavaFileObject.html
JavaFileObject.Kind =  https://docs.oracle.com/javase/7/docs/api/javax/tools/JavaFileObject.Kind.html
JAXB =  https://docs.oracle.com/javase/7/docs/api/javax/xml/bind/JAXB.html
JAXBContext =  https://docs.oracle.com/javase/7/docs/api/javax/xml/bind/JAXBContext.html
JAXBElement =  https://docs.oracle.com/javase/7/docs/api/javax/xml/bind/JAXBElement.html
JAXBElement.GlobalScope =  https://docs.oracle.com/javase/7/docs/api/javax/xml/bind/JAXBElement.GlobalScope.html
JAXBException =  https://docs.oracle.com/javase/7/docs/api/javax/xml/bind/JAXBException.html
JAXBIntrospector =  https://docs.oracle.com/javase/7/docs/api/javax/xml/bind/JAXBIntrospector.html
JAXBPermission =  https://docs.oracle.com/javase/7/docs/api/javax/xml/bind/JAXBPermission.html
JAXBResult =  https://docs.oracle.com/javase/7/docs/api/javax/xml/bind/util/JAXBResult.html
JAXBSource =  https://docs.oracle.com/javase/7/docs/api/javax/xml/bind/util/JAXBSource.html
JButton =  https://docs.oracle.com/javase/7/docs/api/javax/swing/JButton.html
JCheckBox =  https://docs.oracle.com/javase/7/docs/api/javax/swing/JCheckBox.html
JCheckBoxMenuItem =  https://docs.oracle.com/javase/7/docs/api/javax/swing/JCheckBoxMenuItem.html
JColorChooser =  https://docs.oracle.com/javase/7/docs/api/javax/swing/JColorChooser.html
JComboBox =  https://docs.oracle.com/javase/7/docs/api/javax/swing/JComboBox.html
JComboBox.KeySelectionManager =  https://docs.oracle.com/javase/7/docs/api/javax/swing/JComboBox.KeySelectionManager.html
JComponent =  https://docs.oracle.com/javase/7/docs/api/javax/swing/JComponent.html
JdbcRowSet =  https://docs.oracle.com/javase/7/docs/api/javax/sql/rowset/JdbcRowSet.html
JDesktopPane =  https://docs.oracle.com/javase/7/docs/api/javax/swing/JDesktopPane.html
JDialog =  https://docs.oracle.com/javase/7/docs/api/javax/swing/JDialog.html
JEditorPane =  https://docs.oracle.com/javase/7/docs/api/javax/swing/JEditorPane.html
JFileChooser =  https://docs.oracle.com/javase/7/docs/api/javax/swing/JFileChooser.html
JFormattedTextField =  https://docs.oracle.com/javase/7/docs/api/javax/swing/JFormattedTextField.html
JFormattedTextField.AbstractFormatter =  https://docs.oracle.com/javase/7/docs/api/javax/swing/JFormattedTextField.AbstractFormatter.html
JFormattedTextField.AbstractFormatterFactory =  https://docs.oracle.com/javase/7/docs/api/javax/swing/JFormattedTextField.AbstractFormatterFactory.html
JFrame =  https://docs.oracle.com/javase/7/docs/api/javax/swing/JFrame.html
JInternalFrame =  https://docs.oracle.com/javase/7/docs/api/javax/swing/JInternalFrame.html
JInternalFrame.JDesktopIcon =  https://docs.oracle.com/javase/7/docs/api/javax/swing/JInternalFrame.JDesktopIcon.html
JLabel =  https://docs.oracle.com/javase/7/docs/api/javax/swing/JLabel.html
JLayer =  https://docs.oracle.com/javase/7/docs/api/javax/swing/JLayer.html
JLayeredPane =  https://docs.oracle.com/javase/7/docs/api/javax/swing/JLayeredPane.html
JList =  https://docs.oracle.com/javase/7/docs/api/javax/swing/JList.html
JList.DropLocation =  https://docs.oracle.com/javase/7/docs/api/javax/swing/JList.DropLocation.html
JMenu =  https://docs.oracle.com/javase/7/docs/api/javax/swing/JMenu.html
JMenuBar =  https://docs.oracle.com/javase/7/docs/api/javax/swing/JMenuBar.html
JMenuItem =  https://docs.oracle.com/javase/7/docs/api/javax/swing/JMenuItem.html
JMException =  https://docs.oracle.com/javase/7/docs/api/javax/management/JMException.html
JMRuntimeException =  https://docs.oracle.com/javase/7/docs/api/javax/management/JMRuntimeException.html
JMX =  https://docs.oracle.com/javase/7/docs/api/javax/management/JMX.html
JMXAddressable =  https://docs.oracle.com/javase/7/docs/api/javax/management/remote/JMXAddressable.html
JMXAuthenticator =  https://docs.oracle.com/javase/7/docs/api/javax/management/remote/JMXAuthenticator.html
JMXConnectionNotification =  https://docs.oracle.com/javase/7/docs/api/javax/management/remote/JMXConnectionNotification.html
JMXConnector =  https://docs.oracle.com/javase/7/docs/api/javax/management/remote/JMXConnector.html
JMXConnectorFactory =  https://docs.oracle.com/javase/7/docs/api/javax/management/remote/JMXConnectorFactory.html
JMXConnectorProvider =  https://docs.oracle.com/javase/7/docs/api/javax/management/remote/JMXConnectorProvider.html
JMXConnectorServer =  https://docs.oracle.com/javase/7/docs/api/javax/management/remote/JMXConnectorServer.html
JMXConnectorServerFactory =  https://docs.oracle.com/javase/7/docs/api/javax/management/remote/JMXConnectorServerFactory.html
JMXConnectorServerMBean =  https://docs.oracle.com/javase/7/docs/api/javax/management/remote/JMXConnectorServerMBean.html
JMXConnectorServerProvider =  https://docs.oracle.com/javase/7/docs/api/javax/management/remote/JMXConnectorServerProvider.html
JMXPrincipal =  https://docs.oracle.com/javase/7/docs/api/javax/management/remote/JMXPrincipal.html
JMXProviderException =  https://docs.oracle.com/javase/7/docs/api/javax/management/remote/JMXProviderException.html
JMXServerErrorException =  https://docs.oracle.com/javase/7/docs/api/javax/management/remote/JMXServerErrorException.html
JMXServiceURL =  https://docs.oracle.com/javase/7/docs/api/javax/management/remote/JMXServiceURL.html
JobAttributes =  https://docs.oracle.com/javase/7/docs/api/java/awt/JobAttributes.html
JobAttributes.DefaultSelectionType =  https://docs.oracle.com/javase/7/docs/api/java/awt/JobAttributes.DefaultSelectionType.html
JobAttributes.DestinationType =  https://docs.oracle.com/javase/7/docs/api/java/awt/JobAttributes.DestinationType.html
JobAttributes.DialogType =  https://docs.oracle.com/javase/7/docs/api/java/awt/JobAttributes.DialogType.html
JobAttributes.MultipleDocumentHandlingType =  https://docs.oracle.com/javase/7/docs/api/java/awt/JobAttributes.MultipleDocumentHandlingType.html
JobAttributes.SidesType =  https://docs.oracle.com/javase/7/docs/api/java/awt/JobAttributes.SidesType.html
JobHoldUntil =  https://docs.oracle.com/javase/7/docs/api/javax/print/attribute/standard/JobHoldUntil.html
JobImpressions =  https://docs.oracle.com/javase/7/docs/api/javax/print/attribute/standard/JobImpressions.html
JobImpressionsCompleted =  https://docs.oracle.com/javase/7/docs/api/javax/print/attribute/standard/JobImpressionsCompleted.html
JobImpressionsSupported =  https://docs.oracle.com/javase/7/docs/api/javax/print/attribute/standard/JobImpressionsSupported.html
JobKOctets =  https://docs.oracle.com/javase/7/docs/api/javax/print/attribute/standard/JobKOctets.html
JobKOctetsProcessed =  https://docs.oracle.com/javase/7/docs/api/javax/print/attribute/standard/JobKOctetsProcessed.html
JobKOctetsSupported =  https://docs.oracle.com/javase/7/docs/api/javax/print/attribute/standard/JobKOctetsSupported.html
JobMediaSheets =  https://docs.oracle.com/javase/7/docs/api/javax/print/attribute/standard/JobMediaSheets.html
JobMediaSheetsCompleted =  https://docs.oracle.com/javase/7/docs/api/javax/print/attribute/standard/JobMediaSheetsCompleted.html
JobMediaSheetsSupported =  https://docs.oracle.com/javase/7/docs/api/javax/print/attribute/standard/JobMediaSheetsSupported.html
JobMessageFromOperator =  https://docs.oracle.com/javase/7/docs/api/javax/print/attribute/standard/JobMessageFromOperator.html
JobName =  https://docs.oracle.com/javase/7/docs/api/javax/print/attribute/standard/JobName.html
JobOriginatingUserName =  https://docs.oracle.com/javase/7/docs/api/javax/print/attribute/standard/JobOriginatingUserName.html
JobPriority =  https://docs.oracle.com/javase/7/docs/api/javax/print/attribute/standard/JobPriority.html
JobPrioritySupported =  https://docs.oracle.com/javase/7/docs/api/javax/print/attribute/standard/JobPrioritySupported.html
JobSheets =  https://docs.oracle.com/javase/7/docs/api/javax/print/attribute/standard/JobSheets.html
JobState =  https://docs.oracle.com/javase/7/docs/api/javax/print/attribute/standard/JobState.html
JobStateReason =  https://docs.oracle.com/javase/7/docs/api/javax/print/attribute/standard/JobStateReason.html
JobStateReasons =  https://docs.oracle.com/javase/7/docs/api/javax/print/attribute/standard/JobStateReasons.html
Joinable =  https://docs.oracle.com/javase/7/docs/api/javax/sql/rowset/Joinable.html
JoinRowSet =  https://docs.oracle.com/javase/7/docs/api/javax/sql/rowset/JoinRowSet.html
JOptionPane =  https://docs.oracle.com/javase/7/docs/api/javax/swing/JOptionPane.html
JPanel =  https://docs.oracle.com/javase/7/docs/api/javax/swing/JPanel.html
JPasswordField =  https://docs.oracle.com/javase/7/docs/api/javax/swing/JPasswordField.html
JPEGHuffmanTable =  https://docs.oracle.com/javase/7/docs/api/javax/imageio/plugins/jpeg/JPEGHuffmanTable.html
JPEGImageReadParam =  https://docs.oracle.com/javase/7/docs/api/javax/imageio/plugins/jpeg/JPEGImageReadParam.html
JPEGImageWriteParam =  https://docs.oracle.com/javase/7/docs/api/javax/imageio/plugins/jpeg/JPEGImageWriteParam.html
JPEGQTable =  https://docs.oracle.com/javase/7/docs/api/javax/imageio/plugins/jpeg/JPEGQTable.html
JPopupMenu =  https://docs.oracle.com/javase/7/docs/api/javax/swing/JPopupMenu.html
JPopupMenu.Separator =  https://docs.oracle.com/javase/7/docs/api/javax/swing/JPopupMenu.Separator.html
JProgressBar =  https://docs.oracle.com/javase/7/docs/api/javax/swing/JProgressBar.html
JRadioButton =  https://docs.oracle.com/javase/7/docs/api/javax/swing/JRadioButton.html
JRadioButtonMenuItem =  https://docs.oracle.com/javase/7/docs/api/javax/swing/JRadioButtonMenuItem.html
JRootPane =  https://docs.oracle.com/javase/7/docs/api/javax/swing/JRootPane.html
JScrollBar =  https://docs.oracle.com/javase/7/docs/api/javax/swing/JScrollBar.html
JScrollPane =  https://docs.oracle.com/javase/7/docs/api/javax/swing/JScrollPane.html
JSeparator =  https://docs.oracle.com/javase/7/docs/api/javax/swing/JSeparator.html
JSlider =  https://docs.oracle.com/javase/7/docs/api/javax/swing/JSlider.html
JSpinner =  https://docs.oracle.com/javase/7/docs/api/javax/swing/JSpinner.html
JSpinner.DateEditor =  https://docs.oracle.com/javase/7/docs/api/javax/swing/JSpinner.DateEditor.html
JSpinner.DefaultEditor =  https://docs.oracle.com/javase/7/docs/api/javax/swing/JSpinner.DefaultEditor.html
JSpinner.ListEditor =  https://docs.oracle.com/javase/7/docs/api/javax/swing/JSpinner.ListEditor.html
JSpinner.NumberEditor =  https://docs.oracle.com/javase/7/docs/api/javax/swing/JSpinner.NumberEditor.html
JSplitPane =  https://docs.oracle.com/javase/7/docs/api/javax/swing/JSplitPane.html
JTabbedPane =  https://docs.oracle.com/javase/7/docs/api/javax/swing/JTabbedPane.html
JTable =  https://docs.oracle.com/javase/7/docs/api/javax/swing/JTable.html
JTable.DropLocation =  https://docs.oracle.com/javase/7/docs/api/javax/swing/JTable.DropLocation.html
JTable.PrintMode =  https://docs.oracle.com/javase/7/docs/api/javax/swing/JTable.PrintMode.html
JTableHeader =  https://docs.oracle.com/javase/7/docs/api/javax/swing/table/JTableHeader.html
JTextArea =  https://docs.oracle.com/javase/7/docs/api/javax/swing/JTextArea.html
JTextComponent =  https://docs.oracle.com/javase/7/docs/api/javax/swing/text/JTextComponent.html
JTextComponent.DropLocation =  https://docs.oracle.com/javase/7/docs/api/javax/swing/text/JTextComponent.DropLocation.html
JTextComponent.KeyBinding =  https://docs.oracle.com/javase/7/docs/api/javax/swing/text/JTextComponent.KeyBinding.html
JTextField =  https://docs.oracle.com/javase/7/docs/api/javax/swing/JTextField.html
JTextPane =  https://docs.oracle.com/javase/7/docs/api/javax/swing/JTextPane.html
JToggleButton =  https://docs.oracle.com/javase/7/docs/api/javax/swing/JToggleButton.html
JToggleButton.ToggleButtonModel =  https://docs.oracle.com/javase/7/docs/api/javax/swing/JToggleButton.ToggleButtonModel.html
JToolBar =  https://docs.oracle.com/javase/7/docs/api/javax/swing/JToolBar.html
JToolBar.Separator =  https://docs.oracle.com/javase/7/docs/api/javax/swing/JToolBar.Separator.html
JToolTip =  https://docs.oracle.com/javase/7/docs/api/javax/swing/JToolTip.html
JTree =  https://docs.oracle.com/javase/7/docs/api/javax/swing/JTree.html
JTree.DropLocation =  https://docs.oracle.com/javase/7/docs/api/javax/swing/JTree.DropLocation.html
JTree.DynamicUtilTreeNode =  https://docs.oracle.com/javase/7/docs/api/javax/swing/JTree.DynamicUtilTreeNode.html
JTree.EmptySelectionModel =  https://docs.oracle.com/javase/7/docs/api/javax/swing/JTree.EmptySelectionModel.html
JViewport =  https://docs.oracle.com/javase/7/docs/api/javax/swing/JViewport.html
JWindow =  https://docs.oracle.com/javase/7/docs/api/javax/swing/JWindow.html
KerberosKey =  https://docs.oracle.com/javase/7/docs/api/javax/security/auth/kerberos/KerberosKey.html
KerberosPrincipal =  https://docs.oracle.com/javase/7/docs/api/javax/security/auth/kerberos/KerberosPrincipal.html
KerberosTicket =  https://docs.oracle.com/javase/7/docs/api/javax/security/auth/kerberos/KerberosTicket.html
Kernel =  https://docs.oracle.com/javase/7/docs/api/java/awt/image/Kernel.html
Key =  https://docs.oracle.com/javase/7/docs/api/java/security/Key.html
KeyAdapter =  https://docs.oracle.com/javase/7/docs/api/java/awt/event/KeyAdapter.html
KeyAgreement =  https://docs.oracle.com/javase/7/docs/api/javax/crypto/KeyAgreement.html
KeyAgreementSpi =  https://docs.oracle.com/javase/7/docs/api/javax/crypto/KeyAgreementSpi.html
KeyAlreadyExistsException =  https://docs.oracle.com/javase/7/docs/api/javax/management/openmbean/KeyAlreadyExistsException.html
KeyboardFocusManager =  https://docs.oracle.com/javase/7/docs/api/java/awt/KeyboardFocusManager.html
KeyEvent =  https://docs.oracle.com/javase/7/docs/api/java/awt/event/KeyEvent.html
KeyEventDispatcher =  https://docs.oracle.com/javase/7/docs/api/java/awt/KeyEventDispatcher.html
KeyEventPostProcessor =  https://docs.oracle.com/javase/7/docs/api/java/awt/KeyEventPostProcessor.html
KeyException =  https://docs.oracle.com/javase/7/docs/api/java/security/KeyException.html
KeyFactory =  https://docs.oracle.com/javase/7/docs/api/java/security/KeyFactory.html
KeyFactorySpi =  https://docs.oracle.com/javase/7/docs/api/java/security/KeyFactorySpi.html
KeyGenerator =  https://docs.oracle.com/javase/7/docs/api/javax/crypto/KeyGenerator.html
KeyGeneratorSpi =  https://docs.oracle.com/javase/7/docs/api/javax/crypto/KeyGeneratorSpi.html
KeyInfo =  https://docs.oracle.com/javase/7/docs/api/javax/xml/crypto/dsig/keyinfo/KeyInfo.html
KeyInfoFactory =  https://docs.oracle.com/javase/7/docs/api/javax/xml/crypto/dsig/keyinfo/KeyInfoFactory.html
KeyListener =  https://docs.oracle.com/javase/7/docs/api/java/awt/event/KeyListener.html
KeyManagementException =  https://docs.oracle.com/javase/7/docs/api/java/security/KeyManagementException.html
KeyManager =  https://docs.oracle.com/javase/7/docs/api/javax/net/ssl/KeyManager.html
KeyManagerFactory =  https://docs.oracle.com/javase/7/docs/api/javax/net/ssl/KeyManagerFactory.html
KeyManagerFactorySpi =  https://docs.oracle.com/javase/7/docs/api/javax/net/ssl/KeyManagerFactorySpi.html
Keymap =  https://docs.oracle.com/javase/7/docs/api/javax/swing/text/Keymap.html
KeyName =  https://docs.oracle.com/javase/7/docs/api/javax/xml/crypto/dsig/keyinfo/KeyName.html
KeyPair =  https://docs.oracle.com/javase/7/docs/api/java/security/KeyPair.html
KeyPairGenerator =  https://docs.oracle.com/javase/7/docs/api/java/security/KeyPairGenerator.html
KeyPairGeneratorSpi =  https://docs.oracle.com/javase/7/docs/api/java/security/KeyPairGeneratorSpi.html
KeyRep =  https://docs.oracle.com/javase/7/docs/api/java/security/KeyRep.html
KeyRep.Type =  https://docs.oracle.com/javase/7/docs/api/java/security/KeyRep.Type.html
KeySelector =  https://docs.oracle.com/javase/7/docs/api/javax/xml/crypto/KeySelector.html
KeySelector.Purpose =  https://docs.oracle.com/javase/7/docs/api/javax/xml/crypto/KeySelector.Purpose.html
KeySelectorException =  https://docs.oracle.com/javase/7/docs/api/javax/xml/crypto/KeySelectorException.html
KeySelectorResult =  https://docs.oracle.com/javase/7/docs/api/javax/xml/crypto/KeySelectorResult.html
KeySpec =  https://docs.oracle.com/javase/7/docs/api/java/security/spec/KeySpec.html
KeyStore =  https://docs.oracle.com/javase/7/docs/api/java/security/KeyStore.html
KeyStore.Builder =  https://docs.oracle.com/javase/7/docs/api/java/security/KeyStore.Builder.html
KeyStore.CallbackHandlerProtection =  https://docs.oracle.com/javase/7/docs/api/java/security/KeyStore.CallbackHandlerProtection.html
KeyStore.Entry =  https://docs.oracle.com/javase/7/docs/api/java/security/KeyStore.Entry.html
KeyStore.LoadStoreParameter =  https://docs.oracle.com/javase/7/docs/api/java/security/KeyStore.LoadStoreParameter.html
KeyStore.PasswordProtection =  https://docs.oracle.com/javase/7/docs/api/java/security/KeyStore.PasswordProtection.html
KeyStore.PrivateKeyEntry =  https://docs.oracle.com/javase/7/docs/api/java/security/KeyStore.PrivateKeyEntry.html
KeyStore.ProtectionParameter =  https://docs.oracle.com/javase/7/docs/api/java/security/KeyStore.ProtectionParameter.html
KeyStore.SecretKeyEntry =  https://docs.oracle.com/javase/7/docs/api/java/security/KeyStore.SecretKeyEntry.html
KeyStore.TrustedCertificateEntry =  https://docs.oracle.com/javase/7/docs/api/java/security/KeyStore.TrustedCertificateEntry.html
KeyStoreBuilderParameters =  https://docs.oracle.com/javase/7/docs/api/javax/net/ssl/KeyStoreBuilderParameters.html
KeyStoreException =  https://docs.oracle.com/javase/7/docs/api/java/security/KeyStoreException.html
KeyStoreSpi =  https://docs.oracle.com/javase/7/docs/api/java/security/KeyStoreSpi.html
KeyStroke =  https://docs.oracle.com/javase/7/docs/api/javax/swing/KeyStroke.html
KeyTab =  https://docs.oracle.com/javase/7/docs/api/javax/security/auth/kerberos/KeyTab.html
KeyValue =  https://docs.oracle.com/javase/7/docs/api/javax/xml/crypto/dsig/keyinfo/KeyValue.html
Label =  https://docs.oracle.com/javase/7/docs/api/java/awt/Label.html
LabelUI =  https://docs.oracle.com/javase/7/docs/api/javax/swing/plaf/LabelUI.html
LabelView =  https://docs.oracle.com/javase/7/docs/api/javax/swing/text/LabelView.html
LanguageCallback =  https://docs.oracle.com/javase/7/docs/api/javax/security/auth/callback/LanguageCallback.html
LastOwnerException =  https://docs.oracle.com/javase/7/docs/api/java/security/acl/LastOwnerException.html
LayeredHighlighter =  https://docs.oracle.com/javase/7/docs/api/javax/swing/text/LayeredHighlighter.html
LayeredHighlighter.LayerPainter =  https://docs.oracle.com/javase/7/docs/api/javax/swing/text/LayeredHighlighter.LayerPainter.html
LayerUI =  https://docs.oracle.com/javase/7/docs/api/javax/swing/plaf/LayerUI.html
LayoutFocusTraversalPolicy =  https://docs.oracle.com/javase/7/docs/api/javax/swing/LayoutFocusTraversalPolicy.html
LayoutManager =  https://docs.oracle.com/javase/7/docs/api/java/awt/LayoutManager.html
LayoutManager2 =  https://docs.oracle.com/javase/7/docs/api/java/awt/LayoutManager2.html
LayoutPath =  https://docs.oracle.com/javase/7/docs/api/java/awt/font/LayoutPath.html
LayoutQueue =  https://docs.oracle.com/javase/7/docs/api/javax/swing/text/LayoutQueue.html
LayoutStyle =  https://docs.oracle.com/javase/7/docs/api/javax/swing/LayoutStyle.html
LayoutStyle.ComponentPlacement =  https://docs.oracle.com/javase/7/docs/api/javax/swing/LayoutStyle.ComponentPlacement.html
LDAPCertStoreParameters =  https://docs.oracle.com/javase/7/docs/api/java/security/cert/LDAPCertStoreParameters.html
LdapContext =  https://docs.oracle.com/javase/7/docs/api/javax/naming/ldap/LdapContext.html
LdapName =  https://docs.oracle.com/javase/7/docs/api/javax/naming/ldap/LdapName.html
LdapReferralException =  https://docs.oracle.com/javase/7/docs/api/javax/naming/ldap/LdapReferralException.html
Lease =  https://docs.oracle.com/javase/7/docs/api/java/rmi/dgc/Lease.html
Level =  https://docs.oracle.com/javase/7/docs/api/java/util/logging/Level.html
LexicalHandler =  https://docs.oracle.com/javase/7/docs/api/org/xml/sax/ext/LexicalHandler.html
LIFESPAN_POLICY_ID =  https://docs.oracle.com/javase/7/docs/api/org/omg/PortableServer/LIFESPAN_POLICY_ID.html
LifespanPolicy =  https://docs.oracle.com/javase/7/docs/api/org/omg/PortableServer/LifespanPolicy.html
LifespanPolicyOperations =  https://docs.oracle.com/javase/7/docs/api/org/omg/PortableServer/LifespanPolicyOperations.html
LifespanPolicyValue =  https://docs.oracle.com/javase/7/docs/api/org/omg/PortableServer/LifespanPolicyValue.html
LimitExceededException =  https://docs.oracle.com/javase/7/docs/api/javax/naming/LimitExceededException.html
Line =  https://docs.oracle.com/javase/7/docs/api/javax/sound/sampled/Line.html
Line.Info =  https://docs.oracle.com/javase/7/docs/api/javax/sound/sampled/Line.Info.html
Line2D =  https://docs.oracle.com/javase/7/docs/api/java/awt/geom/Line2D.html
Line2D.Double =  https://docs.oracle.com/javase/7/docs/api/java/awt/geom/Line2D.Double.html
Line2D.Float =  https://docs.oracle.com/javase/7/docs/api/java/awt/geom/Line2D.Float.html
LinearGradientPaint =  https://docs.oracle.com/javase/7/docs/api/java/awt/LinearGradientPaint.html
LineBorder =  https://docs.oracle.com/javase/7/docs/api/javax/swing/border/LineBorder.html
LineBreakMeasurer =  https://docs.oracle.com/javase/7/docs/api/java/awt/font/LineBreakMeasurer.html
LineEvent =  https://docs.oracle.com/javase/7/docs/api/javax/sound/sampled/LineEvent.html
LineEvent.Type =  https://docs.oracle.com/javase/7/docs/api/javax/sound/sampled/LineEvent.Type.html
LineListener =  https://docs.oracle.com/javase/7/docs/api/javax/sound/sampled/LineListener.html
LineMetrics =  https://docs.oracle.com/javase/7/docs/api/java/awt/font/LineMetrics.html
LineNumberInputStream =  https://docs.oracle.com/javase/7/docs/api/java/io/LineNumberInputStream.html
LineNumberReader =  https://docs.oracle.com/javase/7/docs/api/java/io/LineNumberReader.html
LineUnavailableException =  https://docs.oracle.com/javase/7/docs/api/javax/sound/sampled/LineUnavailableException.html
LinkageError =  https://docs.oracle.com/javase/7/docs/api/java/lang/LinkageError.html
LinkedBlockingDeque =  https://docs.oracle.com/javase/7/docs/api/java/util/concurrent/LinkedBlockingDeque.html
LinkedBlockingQueue =  https://docs.oracle.com/javase/7/docs/api/java/util/concurrent/LinkedBlockingQueue.html
LinkedHashMap =  https://docs.oracle.com/javase/7/docs/api/java/util/LinkedHashMap.html
LinkedHashSet =  https://docs.oracle.com/javase/7/docs/api/java/util/LinkedHashSet.html
LinkedList =  https://docs.oracle.com/javase/7/docs/api/java/util/LinkedList.html
LinkedTransferQueue =  https://docs.oracle.com/javase/7/docs/api/java/util/concurrent/LinkedTransferQueue.html
LinkException =  https://docs.oracle.com/javase/7/docs/api/javax/naming/LinkException.html
LinkLoopException =  https://docs.oracle.com/javase/7/docs/api/javax/naming/LinkLoopException.html
LinkOption =  https://docs.oracle.com/javase/7/docs/api/java/nio/file/LinkOption.html
LinkPermission =  https://docs.oracle.com/javase/7/docs/api/java/nio/file/LinkPermission.html
LinkRef =  https://docs.oracle.com/javase/7/docs/api/javax/naming/LinkRef.html
List =  https://docs.oracle.com/javase/7/docs/api/java/awt/List.html
List =  https://docs.oracle.com/javase/7/docs/api/java/util/List.html
ListCellRenderer =  https://docs.oracle.com/javase/7/docs/api/javax/swing/ListCellRenderer.html
ListDataEvent =  https://docs.oracle.com/javase/7/docs/api/javax/swing/event/ListDataEvent.html
ListDataListener =  https://docs.oracle.com/javase/7/docs/api/javax/swing/event/ListDataListener.html
ListenerNotFoundException =  https://docs.oracle.com/javase/7/docs/api/javax/management/ListenerNotFoundException.html
ListIterator =  https://docs.oracle.com/javase/7/docs/api/java/util/ListIterator.html
ListModel =  https://docs.oracle.com/javase/7/docs/api/javax/swing/ListModel.html
ListResourceBundle =  https://docs.oracle.com/javase/7/docs/api/java/util/ListResourceBundle.html
ListSelectionEvent =  https://docs.oracle.com/javase/7/docs/api/javax/swing/event/ListSelectionEvent.html
ListSelectionListener =  https://docs.oracle.com/javase/7/docs/api/javax/swing/event/ListSelectionListener.html
ListSelectionModel =  https://docs.oracle.com/javase/7/docs/api/javax/swing/ListSelectionModel.html
ListUI =  https://docs.oracle.com/javase/7/docs/api/javax/swing/plaf/ListUI.html
ListView =  https://docs.oracle.com/javase/7/docs/api/javax/swing/text/html/ListView.html
LoaderHandler =  https://docs.oracle.com/javase/7/docs/api/java/rmi/server/LoaderHandler.html
Locale =  https://docs.oracle.com/javase/7/docs/api/java/util/Locale.html
Locale.Builder =  https://docs.oracle.com/javase/7/docs/api/java/util/Locale.Builder.html
Locale.Category =  https://docs.oracle.com/javase/7/docs/api/java/util/Locale.Category.html
LocaleNameProvider =  https://docs.oracle.com/javase/7/docs/api/java/util/spi/LocaleNameProvider.html
LocaleServiceProvider =  https://docs.oracle.com/javase/7/docs/api/java/util/spi/LocaleServiceProvider.html
LocalObject =  https://docs.oracle.com/javase/7/docs/api/org/omg/CORBA/LocalObject.html
LocateRegistry =  https://docs.oracle.com/javase/7/docs/api/java/rmi/registry/LocateRegistry.html
Location =  https://docs.oracle.com/javase/7/docs/api/javax/xml/stream/Location.html
LOCATION_FORWARD =  https://docs.oracle.com/javase/7/docs/api/org/omg/PortableInterceptor/LOCATION_FORWARD.html
Locator =  https://docs.oracle.com/javase/7/docs/api/org/xml/sax/Locator.html
Locator2 =  https://docs.oracle.com/javase/7/docs/api/org/xml/sax/ext/Locator2.html
Locator2Impl =  https://docs.oracle.com/javase/7/docs/api/org/xml/sax/ext/Locator2Impl.html
LocatorImpl =  https://docs.oracle.com/javase/7/docs/api/org/xml/sax/helpers/LocatorImpl.html
Lock =  https://docs.oracle.com/javase/7/docs/api/java/util/concurrent/locks/Lock.html
LockInfo =  https://docs.oracle.com/javase/7/docs/api/java/lang/management/LockInfo.html
LockSupport =  https://docs.oracle.com/javase/7/docs/api/java/util/concurrent/locks/LockSupport.html
Logger =  https://docs.oracle.com/javase/7/docs/api/java/util/logging/Logger.html
LoggingMXBean =  https://docs.oracle.com/javase/7/docs/api/java/util/logging/LoggingMXBean.html
LoggingPermission =  https://docs.oracle.com/javase/7/docs/api/java/util/logging/LoggingPermission.html
LogicalHandler =  https://docs.oracle.com/javase/7/docs/api/javax/xml/ws/handler/LogicalHandler.html
LogicalMessage =  https://docs.oracle.com/javase/7/docs/api/javax/xml/ws/LogicalMessage.html
LogicalMessageContext =  https://docs.oracle.com/javase/7/docs/api/javax/xml/ws/handler/LogicalMessageContext.html
LoginContext =  https://docs.oracle.com/javase/7/docs/api/javax/security/auth/login/LoginContext.html
LoginException =  https://docs.oracle.com/javase/7/docs/api/javax/security/auth/login/LoginException.html
LoginModule =  https://docs.oracle.com/javase/7/docs/api/javax/security/auth/spi/LoginModule.html
LogManager =  https://docs.oracle.com/javase/7/docs/api/java/util/logging/LogManager.html
LogRecord =  https://docs.oracle.com/javase/7/docs/api/java/util/logging/LogRecord.html
LogStream =  https://docs.oracle.com/javase/7/docs/api/java/rmi/server/LogStream.html
Long =  https://docs.oracle.com/javase/7/docs/api/java/lang/Long.html
LongBuffer =  https://docs.oracle.com/javase/7/docs/api/java/nio/LongBuffer.html
LongHolder =  https://docs.oracle.com/javase/7/docs/api/org/omg/CORBA/LongHolder.html
LongLongSeqHelper =  https://docs.oracle.com/javase/7/docs/api/org/omg/CORBA/LongLongSeqHelper.html
LongLongSeqHolder =  https://docs.oracle.com/javase/7/docs/api/org/omg/CORBA/LongLongSeqHolder.html
LongSeqHelper =  https://docs.oracle.com/javase/7/docs/api/org/omg/CORBA/LongSeqHelper.html
LongSeqHolder =  https://docs.oracle.com/javase/7/docs/api/org/omg/CORBA/LongSeqHolder.html
LookAndFeel =  https://docs.oracle.com/javase/7/docs/api/javax/swing/LookAndFeel.html
LookupOp =  https://docs.oracle.com/javase/7/docs/api/java/awt/image/LookupOp.html
LookupTable =  https://docs.oracle.com/javase/7/docs/api/java/awt/image/LookupTable.html
LSException =  https://docs.oracle.com/javase/7/docs/api/org/w3c/dom/ls/LSException.html
LSInput =  https://docs.oracle.com/javase/7/docs/api/org/w3c/dom/ls/LSInput.html
LSLoadEvent =  https://docs.oracle.com/javase/7/docs/api/org/w3c/dom/ls/LSLoadEvent.html
LSOutput =  https://docs.oracle.com/javase/7/docs/api/org/w3c/dom/ls/LSOutput.html
LSParser =  https://docs.oracle.com/javase/7/docs/api/org/w3c/dom/ls/LSParser.html
LSParserFilter =  https://docs.oracle.com/javase/7/docs/api/org/w3c/dom/ls/LSParserFilter.html
LSProgressEvent =  https://docs.oracle.com/javase/7/docs/api/org/w3c/dom/ls/LSProgressEvent.html
LSResourceResolver =  https://docs.oracle.com/javase/7/docs/api/org/w3c/dom/ls/LSResourceResolver.html
LSSerializer =  https://docs.oracle.com/javase/7/docs/api/org/w3c/dom/ls/LSSerializer.html
LSSerializerFilter =  https://docs.oracle.com/javase/7/docs/api/org/w3c/dom/ls/LSSerializerFilter.html
Mac =  https://docs.oracle.com/javase/7/docs/api/javax/crypto/Mac.html
MacSpi =  https://docs.oracle.com/javase/7/docs/api/javax/crypto/MacSpi.html
MailcapCommandMap =  https://docs.oracle.com/javase/7/docs/api/javax/activation/MailcapCommandMap.html
MalformedInputException =  https://docs.oracle.com/javase/7/docs/api/java/nio/charset/MalformedInputException.html
MalformedLinkException =  https://docs.oracle.com/javase/7/docs/api/javax/naming/MalformedLinkException.html
MalformedObjectNameException =  https://docs.oracle.com/javase/7/docs/api/javax/management/MalformedObjectNameException.html
MalformedParameterizedTypeException =  https://docs.oracle.com/javase/7/docs/api/java/lang/reflect/MalformedParameterizedTypeException.html
MalformedURLException =  https://docs.oracle.com/javase/7/docs/api/java/net/MalformedURLException.html
ManagementFactory =  https://docs.oracle.com/javase/7/docs/api/java/lang/management/ManagementFactory.html
ManagementPermission =  https://docs.oracle.com/javase/7/docs/api/java/lang/management/ManagementPermission.html
ManageReferralControl =  https://docs.oracle.com/javase/7/docs/api/javax/naming/ldap/ManageReferralControl.html
ManagerFactoryParameters =  https://docs.oracle.com/javase/7/docs/api/javax/net/ssl/ManagerFactoryParameters.html
Manifest =  https://docs.oracle.com/javase/7/docs/api/java/util/jar/Manifest.html
Manifest =  https://docs.oracle.com/javase/7/docs/api/javax/xml/crypto/dsig/Manifest.html
Map =  https://docs.oracle.com/javase/7/docs/api/java/util/Map.html
Map.Entry =  https://docs.oracle.com/javase/7/docs/api/java/util/Map.Entry.html
MappedByteBuffer =  https://docs.oracle.com/javase/7/docs/api/java/nio/MappedByteBuffer.html
MARSHAL =  https://docs.oracle.com/javase/7/docs/api/org/omg/CORBA/MARSHAL.html
MarshalException =  https://docs.oracle.com/javase/7/docs/api/java/rmi/MarshalException.html
MarshalException =  https://docs.oracle.com/javase/7/docs/api/javax/xml/bind/MarshalException.html
MarshalException =  https://docs.oracle.com/javase/7/docs/api/javax/xml/crypto/MarshalException.html
MarshalledObject =  https://docs.oracle.com/javase/7/docs/api/java/rmi/MarshalledObject.html
Marshaller =  https://docs.oracle.com/javase/7/docs/api/javax/xml/bind/Marshaller.html
Marshaller.Listener =  https://docs.oracle.com/javase/7/docs/api/javax/xml/bind/Marshaller.Listener.html
MaskFormatter =  https://docs.oracle.com/javase/7/docs/api/javax/swing/text/MaskFormatter.html
Matcher =  https://docs.oracle.com/javase/7/docs/api/java/util/regex/Matcher.html
MatchResult =  https://docs.oracle.com/javase/7/docs/api/java/util/regex/MatchResult.html
Math =  https://docs.oracle.com/javase/7/docs/api/java/lang/Math.html
MathContext =  https://docs.oracle.com/javase/7/docs/api/java/math/MathContext.html
MatteBorder =  https://docs.oracle.com/javase/7/docs/api/javax/swing/border/MatteBorder.html
MBeanAttributeInfo =  https://docs.oracle.com/javase/7/docs/api/javax/management/MBeanAttributeInfo.html
MBeanConstructorInfo =  https://docs.oracle.com/javase/7/docs/api/javax/management/MBeanConstructorInfo.html
MBeanException =  https://docs.oracle.com/javase/7/docs/api/javax/management/MBeanException.html
MBeanFeatureInfo =  https://docs.oracle.com/javase/7/docs/api/javax/management/MBeanFeatureInfo.html
MBeanInfo =  https://docs.oracle.com/javase/7/docs/api/javax/management/MBeanInfo.html
MBeanNotificationInfo =  https://docs.oracle.com/javase/7/docs/api/javax/management/MBeanNotificationInfo.html
MBeanOperationInfo =  https://docs.oracle.com/javase/7/docs/api/javax/management/MBeanOperationInfo.html
MBeanParameterInfo =  https://docs.oracle.com/javase/7/docs/api/javax/management/MBeanParameterInfo.html
MBeanPermission =  https://docs.oracle.com/javase/7/docs/api/javax/management/MBeanPermission.html
MBeanRegistration =  https://docs.oracle.com/javase/7/docs/api/javax/management/MBeanRegistration.html
MBeanRegistrationException =  https://docs.oracle.com/javase/7/docs/api/javax/management/MBeanRegistrationException.html
MBeanServer =  https://docs.oracle.com/javase/7/docs/api/javax/management/MBeanServer.html
MBeanServerBuilder =  https://docs.oracle.com/javase/7/docs/api/javax/management/MBeanServerBuilder.html
MBeanServerConnection =  https://docs.oracle.com/javase/7/docs/api/javax/management/MBeanServerConnection.html
MBeanServerDelegate =  https://docs.oracle.com/javase/7/docs/api/javax/management/MBeanServerDelegate.html
MBeanServerDelegateMBean =  https://docs.oracle.com/javase/7/docs/api/javax/management/MBeanServerDelegateMBean.html
MBeanServerFactory =  https://docs.oracle.com/javase/7/docs/api/javax/management/MBeanServerFactory.html
MBeanServerForwarder =  https://docs.oracle.com/javase/7/docs/api/javax/management/remote/MBeanServerForwarder.html
MBeanServerInvocationHandler =  https://docs.oracle.com/javase/7/docs/api/javax/management/MBeanServerInvocationHandler.html
MBeanServerNotification =  https://docs.oracle.com/javase/7/docs/api/javax/management/MBeanServerNotification.html
MBeanServerNotificationFilter =  https://docs.oracle.com/javase/7/docs/api/javax/management/relation/MBeanServerNotificationFilter.html
MBeanServerPermission =  https://docs.oracle.com/javase/7/docs/api/javax/management/MBeanServerPermission.html
MBeanTrustPermission =  https://docs.oracle.com/javase/7/docs/api/javax/management/MBeanTrustPermission.html
Media =  https://docs.oracle.com/javase/7/docs/api/javax/print/attribute/standard/Media.html
MediaName =  https://docs.oracle.com/javase/7/docs/api/javax/print/attribute/standard/MediaName.html
MediaPrintableArea =  https://docs.oracle.com/javase/7/docs/api/javax/print/attribute/standard/MediaPrintableArea.html
MediaSize =  https://docs.oracle.com/javase/7/docs/api/javax/print/attribute/standard/MediaSize.html
MediaSize.Engineering =  https://docs.oracle.com/javase/7/docs/api/javax/print/attribute/standard/MediaSize.Engineering.html
MediaSize.ISO =  https://docs.oracle.com/javase/7/docs/api/javax/print/attribute/standard/MediaSize.ISO.html
MediaSize.JIS =  https://docs.oracle.com/javase/7/docs/api/javax/print/attribute/standard/MediaSize.JIS.html
MediaSize.NA =  https://docs.oracle.com/javase/7/docs/api/javax/print/attribute/standard/MediaSize.NA.html
MediaSize.Other =  https://docs.oracle.com/javase/7/docs/api/javax/print/attribute/standard/MediaSize.Other.html
MediaSizeName =  https://docs.oracle.com/javase/7/docs/api/javax/print/attribute/standard/MediaSizeName.html
MediaTracker =  https://docs.oracle.com/javase/7/docs/api/java/awt/MediaTracker.html
MediaTray =  https://docs.oracle.com/javase/7/docs/api/javax/print/attribute/standard/MediaTray.html
Member =  https://docs.oracle.com/javase/7/docs/api/java/lang/reflect/Member.html
MembershipKey =  https://docs.oracle.com/javase/7/docs/api/java/nio/channels/MembershipKey.html
MemoryCacheImageInputStream =  https://docs.oracle.com/javase/7/docs/api/javax/imageio/stream/MemoryCacheImageInputStream.html
MemoryCacheImageOutputStream =  https://docs.oracle.com/javase/7/docs/api/javax/imageio/stream/MemoryCacheImageOutputStream.html
MemoryHandler =  https://docs.oracle.com/javase/7/docs/api/java/util/logging/MemoryHandler.html
MemoryImageSource =  https://docs.oracle.com/javase/7/docs/api/java/awt/image/MemoryImageSource.html
MemoryManagerMXBean =  https://docs.oracle.com/javase/7/docs/api/java/lang/management/MemoryManagerMXBean.html
MemoryMXBean =  https://docs.oracle.com/javase/7/docs/api/java/lang/management/MemoryMXBean.html
MemoryNotificationInfo =  https://docs.oracle.com/javase/7/docs/api/java/lang/management/MemoryNotificationInfo.html
MemoryPoolMXBean =  https://docs.oracle.com/javase/7/docs/api/java/lang/management/MemoryPoolMXBean.html
MemoryType =  https://docs.oracle.com/javase/7/docs/api/java/lang/management/MemoryType.html
MemoryUsage =  https://docs.oracle.com/javase/7/docs/api/java/lang/management/MemoryUsage.html
Menu =  https://docs.oracle.com/javase/7/docs/api/java/awt/Menu.html
MenuBar =  https://docs.oracle.com/javase/7/docs/api/java/awt/MenuBar.html
MenuBarUI =  https://docs.oracle.com/javase/7/docs/api/javax/swing/plaf/MenuBarUI.html
MenuComponent =  https://docs.oracle.com/javase/7/docs/api/java/awt/MenuComponent.html
MenuContainer =  https://docs.oracle.com/javase/7/docs/api/java/awt/MenuContainer.html
MenuDragMouseEvent =  https://docs.oracle.com/javase/7/docs/api/javax/swing/event/MenuDragMouseEvent.html
MenuDragMouseListener =  https://docs.oracle.com/javase/7/docs/api/javax/swing/event/MenuDragMouseListener.html
MenuElement =  https://docs.oracle.com/javase/7/docs/api/javax/swing/MenuElement.html
MenuEvent =  https://docs.oracle.com/javase/7/docs/api/javax/swing/event/MenuEvent.html
MenuItem =  https://docs.oracle.com/javase/7/docs/api/java/awt/MenuItem.html
MenuItemUI =  https://docs.oracle.com/javase/7/docs/api/javax/swing/plaf/MenuItemUI.html
MenuKeyEvent =  https://docs.oracle.com/javase/7/docs/api/javax/swing/event/MenuKeyEvent.html
MenuKeyListener =  https://docs.oracle.com/javase/7/docs/api/javax/swing/event/MenuKeyListener.html
MenuListener =  https://docs.oracle.com/javase/7/docs/api/javax/swing/event/MenuListener.html
MenuSelectionManager =  https://docs.oracle.com/javase/7/docs/api/javax/swing/MenuSelectionManager.html
MenuShortcut =  https://docs.oracle.com/javase/7/docs/api/java/awt/MenuShortcut.html
MessageContext =  https://docs.oracle.com/javase/7/docs/api/javax/xml/ws/handler/MessageContext.html
MessageContext.Scope =  https://docs.oracle.com/javase/7/docs/api/javax/xml/ws/handler/MessageContext.Scope.html
MessageDigest =  https://docs.oracle.com/javase/7/docs/api/java/security/MessageDigest.html
MessageDigestSpi =  https://docs.oracle.com/javase/7/docs/api/java/security/MessageDigestSpi.html
MessageFactory =  https://docs.oracle.com/javase/7/docs/api/javax/xml/soap/MessageFactory.html
MessageFormat =  https://docs.oracle.com/javase/7/docs/api/java/text/MessageFormat.html
MessageFormat.Field =  https://docs.oracle.com/javase/7/docs/api/java/text/MessageFormat.Field.html
MessageProp =  https://docs.oracle.com/javase/7/docs/api/org/ietf/jgss/MessageProp.html
Messager =  https://docs.oracle.com/javase/7/docs/api/javax/annotation/processing/Messager.html
MetaEventListener =  https://docs.oracle.com/javase/7/docs/api/javax/sound/midi/MetaEventListener.html
MetalBorders =  https://docs.oracle.com/javase/7/docs/api/javax/swing/plaf/metal/MetalBorders.html
MetalBorders.ButtonBorder =  https://docs.oracle.com/javase/7/docs/api/javax/swing/plaf/metal/MetalBorders.ButtonBorder.html
MetalBorders.Flush3DBorder =  https://docs.oracle.com/javase/7/docs/api/javax/swing/plaf/metal/MetalBorders.Flush3DBorder.html
MetalBorders.InternalFrameBorder =  https://docs.oracle.com/javase/7/docs/api/javax/swing/plaf/metal/MetalBorders.InternalFrameBorder.html
MetalBorders.MenuBarBorder =  https://docs.oracle.com/javase/7/docs/api/javax/swing/plaf/metal/MetalBorders.MenuBarBorder.html
MetalBorders.MenuItemBorder =  https://docs.oracle.com/javase/7/docs/api/javax/swing/plaf/metal/MetalBorders.MenuItemBorder.html
MetalBorders.OptionDialogBorder =  https://docs.oracle.com/javase/7/docs/api/javax/swing/plaf/metal/MetalBorders.OptionDialogBorder.html
MetalBorders.PaletteBorder =  https://docs.oracle.com/javase/7/docs/api/javax/swing/plaf/metal/MetalBorders.PaletteBorder.html
MetalBorders.PopupMenuBorder =  https://docs.oracle.com/javase/7/docs/api/javax/swing/plaf/metal/MetalBorders.PopupMenuBorder.html
MetalBorders.RolloverButtonBorder =  https://docs.oracle.com/javase/7/docs/api/javax/swing/plaf/metal/MetalBorders.RolloverButtonBorder.html
MetalBorders.ScrollPaneBorder =  https://docs.oracle.com/javase/7/docs/api/javax/swing/plaf/metal/MetalBorders.ScrollPaneBorder.html
MetalBorders.TableHeaderBorder =  https://docs.oracle.com/javase/7/docs/api/javax/swing/plaf/metal/MetalBorders.TableHeaderBorder.html
MetalBorders.TextFieldBorder =  https://docs.oracle.com/javase/7/docs/api/javax/swing/plaf/metal/MetalBorders.TextFieldBorder.html
MetalBorders.ToggleButtonBorder =  https://docs.oracle.com/javase/7/docs/api/javax/swing/plaf/metal/MetalBorders.ToggleButtonBorder.html
MetalBorders.ToolBarBorder =  https://docs.oracle.com/javase/7/docs/api/javax/swing/plaf/metal/MetalBorders.ToolBarBorder.html
MetalButtonUI =  https://docs.oracle.com/javase/7/docs/api/javax/swing/plaf/metal/MetalButtonUI.html
MetalCheckBoxIcon =  https://docs.oracle.com/javase/7/docs/api/javax/swing/plaf/metal/MetalCheckBoxIcon.html
MetalCheckBoxUI =  https://docs.oracle.com/javase/7/docs/api/javax/swing/plaf/metal/MetalCheckBoxUI.html
MetalComboBoxButton =  https://docs.oracle.com/javase/7/docs/api/javax/swing/plaf/metal/MetalComboBoxButton.html
MetalComboBoxEditor =  https://docs.oracle.com/javase/7/docs/api/javax/swing/plaf/metal/MetalComboBoxEditor.html
MetalComboBoxEditor.UIResource =  https://docs.oracle.com/javase/7/docs/api/javax/swing/plaf/metal/MetalComboBoxEditor.UIResource.html
MetalComboBoxIcon =  https://docs.oracle.com/javase/7/docs/api/javax/swing/plaf/metal/MetalComboBoxIcon.html
MetalComboBoxUI =  https://docs.oracle.com/javase/7/docs/api/javax/swing/plaf/metal/MetalComboBoxUI.html
MetalDesktopIconUI =  https://docs.oracle.com/javase/7/docs/api/javax/swing/plaf/metal/MetalDesktopIconUI.html
MetalFileChooserUI =  https://docs.oracle.com/javase/7/docs/api/javax/swing/plaf/metal/MetalFileChooserUI.html
MetalIconFactory =  https://docs.oracle.com/javase/7/docs/api/javax/swing/plaf/metal/MetalIconFactory.html
MetalIconFactory.FileIcon16 =  https://docs.oracle.com/javase/7/docs/api/javax/swing/plaf/metal/MetalIconFactory.FileIcon16.html
MetalIconFactory.FolderIcon16 =  https://docs.oracle.com/javase/7/docs/api/javax/swing/plaf/metal/MetalIconFactory.FolderIcon16.html
MetalIconFactory.PaletteCloseIcon =  https://docs.oracle.com/javase/7/docs/api/javax/swing/plaf/metal/MetalIconFactory.PaletteCloseIcon.html
MetalIconFactory.TreeControlIcon =  https://docs.oracle.com/javase/7/docs/api/javax/swing/plaf/metal/MetalIconFactory.TreeControlIcon.html
MetalIconFactory.TreeFolderIcon =  https://docs.oracle.com/javase/7/docs/api/javax/swing/plaf/metal/MetalIconFactory.TreeFolderIcon.html
MetalIconFactory.TreeLeafIcon =  https://docs.oracle.com/javase/7/docs/api/javax/swing/plaf/metal/MetalIconFactory.TreeLeafIcon.html
MetalInternalFrameTitlePane =  https://docs.oracle.com/javase/7/docs/api/javax/swing/plaf/metal/MetalInternalFrameTitlePane.html
MetalInternalFrameUI =  https://docs.oracle.com/javase/7/docs/api/javax/swing/plaf/metal/MetalInternalFrameUI.html
MetalLabelUI =  https://docs.oracle.com/javase/7/docs/api/javax/swing/plaf/metal/MetalLabelUI.html
MetalLookAndFeel =  https://docs.oracle.com/javase/7/docs/api/javax/swing/plaf/metal/MetalLookAndFeel.html
MetalMenuBarUI =  https://docs.oracle.com/javase/7/docs/api/javax/swing/plaf/metal/MetalMenuBarUI.html
MetalPopupMenuSeparatorUI =  https://docs.oracle.com/javase/7/docs/api/javax/swing/plaf/metal/MetalPopupMenuSeparatorUI.html
MetalProgressBarUI =  https://docs.oracle.com/javase/7/docs/api/javax/swing/plaf/metal/MetalProgressBarUI.html
MetalRadioButtonUI =  https://docs.oracle.com/javase/7/docs/api/javax/swing/plaf/metal/MetalRadioButtonUI.html
MetalRootPaneUI =  https://docs.oracle.com/javase/7/docs/api/javax/swing/plaf/metal/MetalRootPaneUI.html
MetalScrollBarUI =  https://docs.oracle.com/javase/7/docs/api/javax/swing/plaf/metal/MetalScrollBarUI.html
MetalScrollButton =  https://docs.oracle.com/javase/7/docs/api/javax/swing/plaf/metal/MetalScrollButton.html
MetalScrollPaneUI =  https://docs.oracle.com/javase/7/docs/api/javax/swing/plaf/metal/MetalScrollPaneUI.html
MetalSeparatorUI =  https://docs.oracle.com/javase/7/docs/api/javax/swing/plaf/metal/MetalSeparatorUI.html
MetalSliderUI =  https://docs.oracle.com/javase/7/docs/api/javax/swing/plaf/metal/MetalSliderUI.html
MetalSplitPaneUI =  https://docs.oracle.com/javase/7/docs/api/javax/swing/plaf/metal/MetalSplitPaneUI.html
MetalTabbedPaneUI =  https://docs.oracle.com/javase/7/docs/api/javax/swing/plaf/metal/MetalTabbedPaneUI.html
MetalTextFieldUI =  https://docs.oracle.com/javase/7/docs/api/javax/swing/plaf/metal/MetalTextFieldUI.html
MetalTheme =  https://docs.oracle.com/javase/7/docs/api/javax/swing/plaf/metal/MetalTheme.html
MetalToggleButtonUI =  https://docs.oracle.com/javase/7/docs/api/javax/swing/plaf/metal/MetalToggleButtonUI.html
MetalToolBarUI =  https://docs.oracle.com/javase/7/docs/api/javax/swing/plaf/metal/MetalToolBarUI.html
MetalToolTipUI =  https://docs.oracle.com/javase/7/docs/api/javax/swing/plaf/metal/MetalToolTipUI.html
MetalTreeUI =  https://docs.oracle.com/javase/7/docs/api/javax/swing/plaf/metal/MetalTreeUI.html
MetaMessage =  https://docs.oracle.com/javase/7/docs/api/javax/sound/midi/MetaMessage.html
Method =  https://docs.oracle.com/javase/7/docs/api/java/lang/reflect/Method.html
MethodDescriptor =  https://docs.oracle.com/javase/7/docs/api/java/beans/MethodDescriptor.html
MethodHandle =  https://docs.oracle.com/javase/7/docs/api/java/lang/invoke/MethodHandle.html
MethodHandleProxies =  https://docs.oracle.com/javase/7/docs/api/java/lang/invoke/MethodHandleProxies.html
MethodHandles =  https://docs.oracle.com/javase/7/docs/api/java/lang/invoke/MethodHandles.html
MethodHandles.Lookup =  https://docs.oracle.com/javase/7/docs/api/java/lang/invoke/MethodHandles.Lookup.html
MethodType =  https://docs.oracle.com/javase/7/docs/api/java/lang/invoke/MethodType.html
MGF1ParameterSpec =  https://docs.oracle.com/javase/7/docs/api/java/security/spec/MGF1ParameterSpec.html
MidiChannel =  https://docs.oracle.com/javase/7/docs/api/javax/sound/midi/MidiChannel.html
MidiDevice =  https://docs.oracle.com/javase/7/docs/api/javax/sound/midi/MidiDevice.html
MidiDevice.Info =  https://docs.oracle.com/javase/7/docs/api/javax/sound/midi/MidiDevice.Info.html
MidiDeviceProvider =  https://docs.oracle.com/javase/7/docs/api/javax/sound/midi/spi/MidiDeviceProvider.html
MidiDeviceReceiver =  https://docs.oracle.com/javase/7/docs/api/javax/sound/midi/MidiDeviceReceiver.html
MidiDeviceTransmitter =  https://docs.oracle.com/javase/7/docs/api/javax/sound/midi/MidiDeviceTransmitter.html
MidiEvent =  https://docs.oracle.com/javase/7/docs/api/javax/sound/midi/MidiEvent.html
MidiFileFormat =  https://docs.oracle.com/javase/7/docs/api/javax/sound/midi/MidiFileFormat.html
MidiFileReader =  https://docs.oracle.com/javase/7/docs/api/javax/sound/midi/spi/MidiFileReader.html
MidiFileWriter =  https://docs.oracle.com/javase/7/docs/api/javax/sound/midi/spi/MidiFileWriter.html
MidiMessage =  https://docs.oracle.com/javase/7/docs/api/javax/sound/midi/MidiMessage.html
MidiSystem =  https://docs.oracle.com/javase/7/docs/api/javax/sound/midi/MidiSystem.html
MidiUnavailableException =  https://docs.oracle.com/javase/7/docs/api/javax/sound/midi/MidiUnavailableException.html
MimeHeader =  https://docs.oracle.com/javase/7/docs/api/javax/xml/soap/MimeHeader.html
MimeHeaders =  https://docs.oracle.com/javase/7/docs/api/javax/xml/soap/MimeHeaders.html
MimeType =  https://docs.oracle.com/javase/7/docs/api/javax/activation/MimeType.html
MimeTypeParameterList =  https://docs.oracle.com/javase/7/docs/api/javax/activation/MimeTypeParameterList.html
MimeTypeParseException =  https://docs.oracle.com/javase/7/docs/api/java/awt/datatransfer/MimeTypeParseException.html
MimeTypeParseException =  https://docs.oracle.com/javase/7/docs/api/javax/activation/MimeTypeParseException.html
MimetypesFileTypeMap =  https://docs.oracle.com/javase/7/docs/api/javax/activation/MimetypesFileTypeMap.html
MinimalHTMLWriter =  https://docs.oracle.com/javase/7/docs/api/javax/swing/text/html/MinimalHTMLWriter.html
MirroredTypeException =  https://docs.oracle.com/javase/7/docs/api/javax/lang/model/type/MirroredTypeException.html
MirroredTypesException =  https://docs.oracle.com/javase/7/docs/api/javax/lang/model/type/MirroredTypesException.html
MissingFormatArgumentException =  https://docs.oracle.com/javase/7/docs/api/java/util/MissingFormatArgumentException.html
MissingFormatWidthException =  https://docs.oracle.com/javase/7/docs/api/java/util/MissingFormatWidthException.html
MissingResourceException =  https://docs.oracle.com/javase/7/docs/api/java/util/MissingResourceException.html
Mixer =  https://docs.oracle.com/javase/7/docs/api/javax/sound/sampled/Mixer.html
Mixer.Info =  https://docs.oracle.com/javase/7/docs/api/javax/sound/sampled/Mixer.Info.html
MixerProvider =  https://docs.oracle.com/javase/7/docs/api/javax/sound/sampled/spi/MixerProvider.html
MLet =  https://docs.oracle.com/javase/7/docs/api/javax/management/loading/MLet.html
MLetContent =  https://docs.oracle.com/javase/7/docs/api/javax/management/loading/MLetContent.html
MLetMBean =  https://docs.oracle.com/javase/7/docs/api/javax/management/loading/MLetMBean.html
ModelMBean =  https://docs.oracle.com/javase/7/docs/api/javax/management/modelmbean/ModelMBean.html
ModelMBeanAttributeInfo =  https://docs.oracle.com/javase/7/docs/api/javax/management/modelmbean/ModelMBeanAttributeInfo.html
ModelMBeanConstructorInfo =  https://docs.oracle.com/javase/7/docs/api/javax/management/modelmbean/ModelMBeanConstructorInfo.html
ModelMBeanInfo =  https://docs.oracle.com/javase/7/docs/api/javax/management/modelmbean/ModelMBeanInfo.html
ModelMBeanInfoSupport =  https://docs.oracle.com/javase/7/docs/api/javax/management/modelmbean/ModelMBeanInfoSupport.html
ModelMBeanNotificationBroadcaster =  https://docs.oracle.com/javase/7/docs/api/javax/management/modelmbean/ModelMBeanNotificationBroadcaster.html
ModelMBeanNotificationInfo =  https://docs.oracle.com/javase/7/docs/api/javax/management/modelmbean/ModelMBeanNotificationInfo.html
ModelMBeanOperationInfo =  https://docs.oracle.com/javase/7/docs/api/javax/management/modelmbean/ModelMBeanOperationInfo.html
ModificationItem =  https://docs.oracle.com/javase/7/docs/api/javax/naming/directory/ModificationItem.html
Modifier =  https://docs.oracle.com/javase/7/docs/api/java/lang/reflect/Modifier.html
Modifier =  https://docs.oracle.com/javase/7/docs/api/javax/lang/model/element/Modifier.html
Monitor =  https://docs.oracle.com/javase/7/docs/api/javax/management/monitor/Monitor.html
MonitorInfo =  https://docs.oracle.com/javase/7/docs/api/java/lang/management/MonitorInfo.html
MonitorMBean =  https://docs.oracle.com/javase/7/docs/api/javax/management/monitor/MonitorMBean.html
MonitorNotification =  https://docs.oracle.com/javase/7/docs/api/javax/management/monitor/MonitorNotification.html
MonitorSettingException =  https://docs.oracle.com/javase/7/docs/api/javax/management/monitor/MonitorSettingException.html
MouseAdapter =  https://docs.oracle.com/javase/7/docs/api/java/awt/event/MouseAdapter.html
MouseDragGestureRecognizer =  https://docs.oracle.com/javase/7/docs/api/java/awt/dnd/MouseDragGestureRecognizer.html
MouseEvent =  https://docs.oracle.com/javase/7/docs/api/java/awt/event/MouseEvent.html
MouseEvent =  https://docs.oracle.com/javase/7/docs/api/org/w3c/dom/events/MouseEvent.html
MouseInfo =  https://docs.oracle.com/javase/7/docs/api/java/awt/MouseInfo.html
MouseInputAdapter =  https://docs.oracle.com/javase/7/docs/api/javax/swing/event/MouseInputAdapter.html
MouseInputListener =  https://docs.oracle.com/javase/7/docs/api/javax/swing/event/MouseInputListener.html
MouseListener =  https://docs.oracle.com/javase/7/docs/api/java/awt/event/MouseListener.html
MouseMotionAdapter =  https://docs.oracle.com/javase/7/docs/api/java/awt/event/MouseMotionAdapter.html
MouseMotionListener =  https://docs.oracle.com/javase/7/docs/api/java/awt/event/MouseMotionListener.html
MouseWheelEvent =  https://docs.oracle.com/javase/7/docs/api/java/awt/event/MouseWheelEvent.html
MouseWheelListener =  https://docs.oracle.com/javase/7/docs/api/java/awt/event/MouseWheelListener.html
MTOM =  https://docs.oracle.com/javase/7/docs/api/javax/xml/ws/soap/MTOM.html
MTOMFeature =  https://docs.oracle.com/javase/7/docs/api/javax/xml/ws/soap/MTOMFeature.html
MultiButtonUI =  https://docs.oracle.com/javase/7/docs/api/javax/swing/plaf/multi/MultiButtonUI.html
MulticastChannel =  https://docs.oracle.com/javase/7/docs/api/java/nio/channels/MulticastChannel.html
MulticastSocket =  https://docs.oracle.com/javase/7/docs/api/java/net/MulticastSocket.html
MultiColorChooserUI =  https://docs.oracle.com/javase/7/docs/api/javax/swing/plaf/multi/MultiColorChooserUI.html
MultiComboBoxUI =  https://docs.oracle.com/javase/7/docs/api/javax/swing/plaf/multi/MultiComboBoxUI.html
MultiDesktopIconUI =  https://docs.oracle.com/javase/7/docs/api/javax/swing/plaf/multi/MultiDesktopIconUI.html
MultiDesktopPaneUI =  https://docs.oracle.com/javase/7/docs/api/javax/swing/plaf/multi/MultiDesktopPaneUI.html
MultiDoc =  https://docs.oracle.com/javase/7/docs/api/javax/print/MultiDoc.html
MultiDocPrintJob =  https://docs.oracle.com/javase/7/docs/api/javax/print/MultiDocPrintJob.html
MultiDocPrintService =  https://docs.oracle.com/javase/7/docs/api/javax/print/MultiDocPrintService.html
MultiFileChooserUI =  https://docs.oracle.com/javase/7/docs/api/javax/swing/plaf/multi/MultiFileChooserUI.html
MultiInternalFrameUI =  https://docs.oracle.com/javase/7/docs/api/javax/swing/plaf/multi/MultiInternalFrameUI.html
MultiLabelUI =  https://docs.oracle.com/javase/7/docs/api/javax/swing/plaf/multi/MultiLabelUI.html
MultiListUI =  https://docs.oracle.com/javase/7/docs/api/javax/swing/plaf/multi/MultiListUI.html
MultiLookAndFeel =  https://docs.oracle.com/javase/7/docs/api/javax/swing/plaf/multi/MultiLookAndFeel.html
MultiMenuBarUI =  https://docs.oracle.com/javase/7/docs/api/javax/swing/plaf/multi/MultiMenuBarUI.html
MultiMenuItemUI =  https://docs.oracle.com/javase/7/docs/api/javax/swing/plaf/multi/MultiMenuItemUI.html
MultiOptionPaneUI =  https://docs.oracle.com/javase/7/docs/api/javax/swing/plaf/multi/MultiOptionPaneUI.html
MultiPanelUI =  https://docs.oracle.com/javase/7/docs/api/javax/swing/plaf/multi/MultiPanelUI.html
MultiPixelPackedSampleModel =  https://docs.oracle.com/javase/7/docs/api/java/awt/image/MultiPixelPackedSampleModel.html
MultipleComponentProfileHelper =  https://docs.oracle.com/javase/7/docs/api/org/omg/IOP/MultipleComponentProfileHelper.html
MultipleComponentProfileHolder =  https://docs.oracle.com/javase/7/docs/api/org/omg/IOP/MultipleComponentProfileHolder.html
MultipleDocumentHandling =  https://docs.oracle.com/javase/7/docs/api/javax/print/attribute/standard/MultipleDocumentHandling.html
MultipleGradientPaint =  https://docs.oracle.com/javase/7/docs/api/java/awt/MultipleGradientPaint.html
MultipleGradientPaint.ColorSpaceType =  https://docs.oracle.com/javase/7/docs/api/java/awt/MultipleGradientPaint.ColorSpaceType.html
MultipleGradientPaint.CycleMethod =  https://docs.oracle.com/javase/7/docs/api/java/awt/MultipleGradientPaint.CycleMethod.html
MultipleMaster =  https://docs.oracle.com/javase/7/docs/api/java/awt/font/MultipleMaster.html
MultiPopupMenuUI =  https://docs.oracle.com/javase/7/docs/api/javax/swing/plaf/multi/MultiPopupMenuUI.html
MultiProgressBarUI =  https://docs.oracle.com/javase/7/docs/api/javax/swing/plaf/multi/MultiProgressBarUI.html
MultiRootPaneUI =  https://docs.oracle.com/javase/7/docs/api/javax/swing/plaf/multi/MultiRootPaneUI.html
MultiScrollBarUI =  https://docs.oracle.com/javase/7/docs/api/javax/swing/plaf/multi/MultiScrollBarUI.html
MultiScrollPaneUI =  https://docs.oracle.com/javase/7/docs/api/javax/swing/plaf/multi/MultiScrollPaneUI.html
MultiSeparatorUI =  https://docs.oracle.com/javase/7/docs/api/javax/swing/plaf/multi/MultiSeparatorUI.html
MultiSliderUI =  https://docs.oracle.com/javase/7/docs/api/javax/swing/plaf/multi/MultiSliderUI.html
MultiSpinnerUI =  https://docs.oracle.com/javase/7/docs/api/javax/swing/plaf/multi/MultiSpinnerUI.html
MultiSplitPaneUI =  https://docs.oracle.com/javase/7/docs/api/javax/swing/plaf/multi/MultiSplitPaneUI.html
MultiTabbedPaneUI =  https://docs.oracle.com/javase/7/docs/api/javax/swing/plaf/multi/MultiTabbedPaneUI.html
MultiTableHeaderUI =  https://docs.oracle.com/javase/7/docs/api/javax/swing/plaf/multi/MultiTableHeaderUI.html
MultiTableUI =  https://docs.oracle.com/javase/7/docs/api/javax/swing/plaf/multi/MultiTableUI.html
MultiTextUI =  https://docs.oracle.com/javase/7/docs/api/javax/swing/plaf/multi/MultiTextUI.html
MultiToolBarUI =  https://docs.oracle.com/javase/7/docs/api/javax/swing/plaf/multi/MultiToolBarUI.html
MultiToolTipUI =  https://docs.oracle.com/javase/7/docs/api/javax/swing/plaf/multi/MultiToolTipUI.html
MultiTreeUI =  https://docs.oracle.com/javase/7/docs/api/javax/swing/plaf/multi/MultiTreeUI.html
MultiViewportUI =  https://docs.oracle.com/javase/7/docs/api/javax/swing/plaf/multi/MultiViewportUI.html
MutableAttributeSet =  https://docs.oracle.com/javase/7/docs/api/javax/swing/text/MutableAttributeSet.html
MutableCallSite =  https://docs.oracle.com/javase/7/docs/api/java/lang/invoke/MutableCallSite.html
MutableComboBoxModel =  https://docs.oracle.com/javase/7/docs/api/javax/swing/MutableComboBoxModel.html
MutableTreeNode =  https://docs.oracle.com/javase/7/docs/api/javax/swing/tree/MutableTreeNode.html
MutationEvent =  https://docs.oracle.com/javase/7/docs/api/org/w3c/dom/events/MutationEvent.html
MXBean =  https://docs.oracle.com/javase/7/docs/api/javax/management/MXBean.html
Name =  https://docs.oracle.com/javase/7/docs/api/javax/lang/model/element/Name.html
Name =  https://docs.oracle.com/javase/7/docs/api/javax/naming/Name.html
Name =  https://docs.oracle.com/javase/7/docs/api/javax/xml/soap/Name.html
NameAlreadyBoundException =  https://docs.oracle.com/javase/7/docs/api/javax/naming/NameAlreadyBoundException.html
NameCallback =  https://docs.oracle.com/javase/7/docs/api/javax/security/auth/callback/NameCallback.html
NameClassPair =  https://docs.oracle.com/javase/7/docs/api/javax/naming/NameClassPair.html
NameComponent =  https://docs.oracle.com/javase/7/docs/api/org/omg/CosNaming/NameComponent.html
NameComponentHelper =  https://docs.oracle.com/javase/7/docs/api/org/omg/CosNaming/NameComponentHelper.html
NameComponentHolder =  https://docs.oracle.com/javase/7/docs/api/org/omg/CosNaming/NameComponentHolder.html
NamedNodeMap =  https://docs.oracle.com/javase/7/docs/api/org/w3c/dom/NamedNodeMap.html
NamedValue =  https://docs.oracle.com/javase/7/docs/api/org/omg/CORBA/NamedValue.html
NameDynAnyPair =  https://docs.oracle.com/javase/7/docs/api/org/omg/DynamicAny/NameDynAnyPair.html
NameDynAnyPairHelper =  https://docs.oracle.com/javase/7/docs/api/org/omg/DynamicAny/NameDynAnyPairHelper.html
NameDynAnyPairSeqHelper =  https://docs.oracle.com/javase/7/docs/api/org/omg/DynamicAny/NameDynAnyPairSeqHelper.html
NameHelper =  https://docs.oracle.com/javase/7/docs/api/org/omg/CosNaming/NameHelper.html
NameHolder =  https://docs.oracle.com/javase/7/docs/api/org/omg/CosNaming/NameHolder.html
NameList =  https://docs.oracle.com/javase/7/docs/api/org/w3c/dom/NameList.html
NameNotFoundException =  https://docs.oracle.com/javase/7/docs/api/javax/naming/NameNotFoundException.html
NameParser =  https://docs.oracle.com/javase/7/docs/api/javax/naming/NameParser.html
Namespace =  https://docs.oracle.com/javase/7/docs/api/javax/xml/stream/events/Namespace.html
NamespaceChangeListener =  https://docs.oracle.com/javase/7/docs/api/javax/naming/event/NamespaceChangeListener.html
NamespaceContext =  https://docs.oracle.com/javase/7/docs/api/javax/xml/namespace/NamespaceContext.html
NamespaceSupport =  https://docs.oracle.com/javase/7/docs/api/org/xml/sax/helpers/NamespaceSupport.html
NameValuePair =  https://docs.oracle.com/javase/7/docs/api/org/omg/CORBA/NameValuePair.html
NameValuePair =  https://docs.oracle.com/javase/7/docs/api/org/omg/DynamicAny/NameValuePair.html
NameValuePairHelper =  https://docs.oracle.com/javase/7/docs/api/org/omg/CORBA/NameValuePairHelper.html
NameValuePairHelper =  https://docs.oracle.com/javase/7/docs/api/org/omg/DynamicAny/NameValuePairHelper.html
NameValuePairSeqHelper =  https://docs.oracle.com/javase/7/docs/api/org/omg/DynamicAny/NameValuePairSeqHelper.html
Naming =  https://docs.oracle.com/javase/7/docs/api/java/rmi/Naming.html
NamingContext =  https://docs.oracle.com/javase/7/docs/api/org/omg/CosNaming/NamingContext.html
NamingContextExt =  https://docs.oracle.com/javase/7/docs/api/org/omg/CosNaming/NamingContextExt.html
NamingContextExtHelper =  https://docs.oracle.com/javase/7/docs/api/org/omg/CosNaming/NamingContextExtHelper.html
NamingContextExtHolder =  https://docs.oracle.com/javase/7/docs/api/org/omg/CosNaming/NamingContextExtHolder.html
NamingContextExtOperations =  https://docs.oracle.com/javase/7/docs/api/org/omg/CosNaming/NamingContextExtOperations.html
NamingContextExtPOA =  https://docs.oracle.com/javase/7/docs/api/org/omg/CosNaming/NamingContextExtPOA.html
NamingContextHelper =  https://docs.oracle.com/javase/7/docs/api/org/omg/CosNaming/NamingContextHelper.html
NamingContextHolder =  https://docs.oracle.com/javase/7/docs/api/org/omg/CosNaming/NamingContextHolder.html
NamingContextOperations =  https://docs.oracle.com/javase/7/docs/api/org/omg/CosNaming/NamingContextOperations.html
NamingContextPOA =  https://docs.oracle.com/javase/7/docs/api/org/omg/CosNaming/NamingContextPOA.html
NamingEnumeration =  https://docs.oracle.com/javase/7/docs/api/javax/naming/NamingEnumeration.html
NamingEvent =  https://docs.oracle.com/javase/7/docs/api/javax/naming/event/NamingEvent.html
NamingException =  https://docs.oracle.com/javase/7/docs/api/javax/naming/NamingException.html
NamingExceptionEvent =  https://docs.oracle.com/javase/7/docs/api/javax/naming/event/NamingExceptionEvent.html
NamingListener =  https://docs.oracle.com/javase/7/docs/api/javax/naming/event/NamingListener.html
NamingManager =  https://docs.oracle.com/javase/7/docs/api/javax/naming/spi/NamingManager.html
NamingSecurityException =  https://docs.oracle.com/javase/7/docs/api/javax/naming/NamingSecurityException.html
NavigableMap =  https://docs.oracle.com/javase/7/docs/api/java/util/NavigableMap.html
NavigableSet =  https://docs.oracle.com/javase/7/docs/api/java/util/NavigableSet.html
NavigationFilter =  https://docs.oracle.com/javase/7/docs/api/javax/swing/text/NavigationFilter.html
NavigationFilter.FilterBypass =  https://docs.oracle.com/javase/7/docs/api/javax/swing/text/NavigationFilter.FilterBypass.html
NClob =  https://docs.oracle.com/javase/7/docs/api/java/sql/NClob.html
NegativeArraySizeException =  https://docs.oracle.com/javase/7/docs/api/java/lang/NegativeArraySizeException.html
NestingKind =  https://docs.oracle.com/javase/7/docs/api/javax/lang/model/element/NestingKind.html
NetPermission =  https://docs.oracle.com/javase/7/docs/api/java/net/NetPermission.html
NetworkChannel =  https://docs.oracle.com/javase/7/docs/api/java/nio/channels/NetworkChannel.html
NetworkInterface =  https://docs.oracle.com/javase/7/docs/api/java/net/NetworkInterface.html
NimbusLookAndFeel =  https://docs.oracle.com/javase/7/docs/api/javax/swing/plaf/nimbus/NimbusLookAndFeel.html
NimbusStyle =  https://docs.oracle.com/javase/7/docs/api/javax/swing/plaf/nimbus/NimbusStyle.html
NO_IMPLEMENT =  https://docs.oracle.com/javase/7/docs/api/org/omg/CORBA/NO_IMPLEMENT.html
NO_MEMORY =  https://docs.oracle.com/javase/7/docs/api/org/omg/CORBA/NO_MEMORY.html
NO_PERMISSION =  https://docs.oracle.com/javase/7/docs/api/org/omg/CORBA/NO_PERMISSION.html
NO_RESOURCES =  https://docs.oracle.com/javase/7/docs/api/org/omg/CORBA/NO_RESOURCES.html
NO_RESPONSE =  https://docs.oracle.com/javase/7/docs/api/org/omg/CORBA/NO_RESPONSE.html
NoClassDefFoundError =  https://docs.oracle.com/javase/7/docs/api/java/lang/NoClassDefFoundError.html
NoConnectionPendingException =  https://docs.oracle.com/javase/7/docs/api/java/nio/channels/NoConnectionPendingException.html
NoContext =  https://docs.oracle.com/javase/7/docs/api/org/omg/PortableServer/CurrentPackage/NoContext.html
NoContextHelper =  https://docs.oracle.com/javase/7/docs/api/org/omg/PortableServer/CurrentPackage/NoContextHelper.html
Node =  https://docs.oracle.com/javase/7/docs/api/javax/xml/soap/Node.html
Node =  https://docs.oracle.com/javase/7/docs/api/org/w3c/dom/Node.html
NodeChangeEvent =  https://docs.oracle.com/javase/7/docs/api/java/util/prefs/NodeChangeEvent.html
NodeChangeListener =  https://docs.oracle.com/javase/7/docs/api/java/util/prefs/NodeChangeListener.html
NodeList =  https://docs.oracle.com/javase/7/docs/api/org/w3c/dom/NodeList.html
NodeSetData =  https://docs.oracle.com/javase/7/docs/api/javax/xml/crypto/NodeSetData.html
NoInitialContextException =  https://docs.oracle.com/javase/7/docs/api/javax/naming/NoInitialContextException.html
NON_EXISTENT =  https://docs.oracle.com/javase/7/docs/api/org/omg/PortableInterceptor/NON_EXISTENT.html
NoninvertibleTransformException =  https://docs.oracle.com/javase/7/docs/api/java/awt/geom/NoninvertibleTransformException.html
NonReadableChannelException =  https://docs.oracle.com/javase/7/docs/api/java/nio/channels/NonReadableChannelException.html
NonWritableChannelException =  https://docs.oracle.com/javase/7/docs/api/java/nio/channels/NonWritableChannelException.html
NoPermissionException =  https://docs.oracle.com/javase/7/docs/api/javax/naming/NoPermissionException.html
NormalizedStringAdapter =  https://docs.oracle.com/javase/7/docs/api/javax/xml/bind/annotation/adapters/NormalizedStringAdapter.html
Normalizer =  https://docs.oracle.com/javase/7/docs/api/java/text/Normalizer.html
Normalizer.Form =  https://docs.oracle.com/javase/7/docs/api/java/text/Normalizer.Form.html
NoRouteToHostException =  https://docs.oracle.com/javase/7/docs/api/java/net/NoRouteToHostException.html
NoServant =  https://docs.oracle.com/javase/7/docs/api/org/omg/PortableServer/POAPackage/NoServant.html
NoServantHelper =  https://docs.oracle.com/javase/7/docs/api/org/omg/PortableServer/POAPackage/NoServantHelper.html
NoSuchAlgorithmException =  https://docs.oracle.com/javase/7/docs/api/java/security/NoSuchAlgorithmException.html
NoSuchAttributeException =  https://docs.oracle.com/javase/7/docs/api/javax/naming/directory/NoSuchAttributeException.html
NoSuchElementException =  https://docs.oracle.com/javase/7/docs/api/java/util/NoSuchElementException.html
NoSuchFieldError =  https://docs.oracle.com/javase/7/docs/api/java/lang/NoSuchFieldError.html
NoSuchFieldException =  https://docs.oracle.com/javase/7/docs/api/java/lang/NoSuchFieldException.html
NoSuchFileException =  https://docs.oracle.com/javase/7/docs/api/java/nio/file/NoSuchFileException.html
NoSuchMechanismException =  https://docs.oracle.com/javase/7/docs/api/javax/xml/crypto/NoSuchMechanismException.html
NoSuchMethodError =  https://docs.oracle.com/javase/7/docs/api/java/lang/NoSuchMethodError.html
NoSuchMethodException =  https://docs.oracle.com/javase/7/docs/api/java/lang/NoSuchMethodException.html
NoSuchObjectException =  https://docs.oracle.com/javase/7/docs/api/java/rmi/NoSuchObjectException.html
NoSuchPaddingException =  https://docs.oracle.com/javase/7/docs/api/javax/crypto/NoSuchPaddingException.html
NoSuchProviderException =  https://docs.oracle.com/javase/7/docs/api/java/security/NoSuchProviderException.html
NotActiveException =  https://docs.oracle.com/javase/7/docs/api/java/io/NotActiveException.html
Notation =  https://docs.oracle.com/javase/7/docs/api/org/w3c/dom/Notation.html
NotationDeclaration =  https://docs.oracle.com/javase/7/docs/api/javax/xml/stream/events/NotationDeclaration.html
NotBoundException =  https://docs.oracle.com/javase/7/docs/api/java/rmi/NotBoundException.html
NotCompliantMBeanException =  https://docs.oracle.com/javase/7/docs/api/javax/management/NotCompliantMBeanException.html
NotContextException =  https://docs.oracle.com/javase/7/docs/api/javax/naming/NotContextException.html
NotDirectoryException =  https://docs.oracle.com/javase/7/docs/api/java/nio/file/NotDirectoryException.html
NotEmpty =  https://docs.oracle.com/javase/7/docs/api/org/omg/CosNaming/NamingContextPackage/NotEmpty.html
NotEmptyHelper =  https://docs.oracle.com/javase/7/docs/api/org/omg/CosNaming/NamingContextPackage/NotEmptyHelper.html
NotEmptyHolder =  https://docs.oracle.com/javase/7/docs/api/org/omg/CosNaming/NamingContextPackage/NotEmptyHolder.html
NotFound =  https://docs.oracle.com/javase/7/docs/api/org/omg/CosNaming/NamingContextPackage/NotFound.html
NotFoundHelper =  https://docs.oracle.com/javase/7/docs/api/org/omg/CosNaming/NamingContextPackage/NotFoundHelper.html
NotFoundHolder =  https://docs.oracle.com/javase/7/docs/api/org/omg/CosNaming/NamingContextPackage/NotFoundHolder.html
NotFoundReason =  https://docs.oracle.com/javase/7/docs/api/org/omg/CosNaming/NamingContextPackage/NotFoundReason.html
NotFoundReasonHelper =  https://docs.oracle.com/javase/7/docs/api/org/omg/CosNaming/NamingContextPackage/NotFoundReasonHelper.html
NotFoundReasonHolder =  https://docs.oracle.com/javase/7/docs/api/org/omg/CosNaming/NamingContextPackage/NotFoundReasonHolder.html
NotIdentifiableEvent =  https://docs.oracle.com/javase/7/docs/api/javax/xml/bind/NotIdentifiableEvent.html
NotIdentifiableEventImpl =  https://docs.oracle.com/javase/7/docs/api/javax/xml/bind/helpers/NotIdentifiableEventImpl.html
Notification =  https://docs.oracle.com/javase/7/docs/api/javax/management/Notification.html
NotificationBroadcaster =  https://docs.oracle.com/javase/7/docs/api/javax/management/NotificationBroadcaster.html
NotificationBroadcasterSupport =  https://docs.oracle.com/javase/7/docs/api/javax/management/NotificationBroadcasterSupport.html
NotificationEmitter =  https://docs.oracle.com/javase/7/docs/api/javax/management/NotificationEmitter.html
NotificationFilter =  https://docs.oracle.com/javase/7/docs/api/javax/management/NotificationFilter.html
NotificationFilterSupport =  https://docs.oracle.com/javase/7/docs/api/javax/management/NotificationFilterSupport.html
NotificationListener =  https://docs.oracle.com/javase/7/docs/api/javax/management/NotificationListener.html
NotificationResult =  https://docs.oracle.com/javase/7/docs/api/javax/management/remote/NotificationResult.html
NotLinkException =  https://docs.oracle.com/javase/7/docs/api/java/nio/file/NotLinkException.html
NotOwnerException =  https://docs.oracle.com/javase/7/docs/api/java/security/acl/NotOwnerException.html
NotSerializableException =  https://docs.oracle.com/javase/7/docs/api/java/io/NotSerializableException.html
NotYetBoundException =  https://docs.oracle.com/javase/7/docs/api/java/nio/channels/NotYetBoundException.html
NotYetConnectedException =  https://docs.oracle.com/javase/7/docs/api/java/nio/channels/NotYetConnectedException.html
NoType =  https://docs.oracle.com/javase/7/docs/api/javax/lang/model/type/NoType.html
NullCipher =  https://docs.oracle.com/javase/7/docs/api/javax/crypto/NullCipher.html
NullPointerException =  https://docs.oracle.com/javase/7/docs/api/java/lang/NullPointerException.html
NullType =  https://docs.oracle.com/javase/7/docs/api/javax/lang/model/type/NullType.html
Number =  https://docs.oracle.com/javase/7/docs/api/java/lang/Number.html
NumberFormat =  https://docs.oracle.com/javase/7/docs/api/java/text/NumberFormat.html
NumberFormat.Field =  https://docs.oracle.com/javase/7/docs/api/java/text/NumberFormat.Field.html
NumberFormatException =  https://docs.oracle.com/javase/7/docs/api/java/lang/NumberFormatException.html
NumberFormatProvider =  https://docs.oracle.com/javase/7/docs/api/java/text/spi/NumberFormatProvider.html
NumberFormatter =  https://docs.oracle.com/javase/7/docs/api/javax/swing/text/NumberFormatter.html
NumberOfDocuments =  https://docs.oracle.com/javase/7/docs/api/javax/print/attribute/standard/NumberOfDocuments.html
NumberOfInterveningJobs =  https://docs.oracle.com/javase/7/docs/api/javax/print/attribute/standard/NumberOfInterveningJobs.html
NumberUp =  https://docs.oracle.com/javase/7/docs/api/javax/print/attribute/standard/NumberUp.html
NumberUpSupported =  https://docs.oracle.com/javase/7/docs/api/javax/print/attribute/standard/NumberUpSupported.html
NumericShaper =  https://docs.oracle.com/javase/7/docs/api/java/awt/font/NumericShaper.html
NumericShaper.Range =  https://docs.oracle.com/javase/7/docs/api/java/awt/font/NumericShaper.Range.html
NVList =  https://docs.oracle.com/javase/7/docs/api/org/omg/CORBA/NVList.html
OAEPParameterSpec =  https://docs.oracle.com/javase/7/docs/api/javax/crypto/spec/OAEPParameterSpec.html
OBJ_ADAPTER =  https://docs.oracle.com/javase/7/docs/api/org/omg/CORBA/OBJ_ADAPTER.html
Object =  https://docs.oracle.com/javase/7/docs/api/java/lang/Object.html
Object =  https://docs.oracle.com/javase/7/docs/api/org/omg/CORBA/Object.html
OBJECT_NOT_EXIST =  https://docs.oracle.com/javase/7/docs/api/org/omg/CORBA/OBJECT_NOT_EXIST.html
ObjectAlreadyActive =  https://docs.oracle.com/javase/7/docs/api/org/omg/PortableServer/POAPackage/ObjectAlreadyActive.html
ObjectAlreadyActiveHelper =  https://docs.oracle.com/javase/7/docs/api/org/omg/PortableServer/POAPackage/ObjectAlreadyActiveHelper.html
ObjectChangeListener =  https://docs.oracle.com/javase/7/docs/api/javax/naming/event/ObjectChangeListener.html
ObjectFactory =  https://docs.oracle.com/javase/7/docs/api/javax/naming/spi/ObjectFactory.html
ObjectFactoryBuilder =  https://docs.oracle.com/javase/7/docs/api/javax/naming/spi/ObjectFactoryBuilder.html
ObjectHelper =  https://docs.oracle.com/javase/7/docs/api/org/omg/CORBA/ObjectHelper.html
ObjectHolder =  https://docs.oracle.com/javase/7/docs/api/org/omg/CORBA/ObjectHolder.html
ObjectIdHelper =  https://docs.oracle.com/javase/7/docs/api/org/omg/PortableInterceptor/ObjectIdHelper.html
ObjectIdHelper =  https://docs.oracle.com/javase/7/docs/api/org/omg/PortableInterceptor/ORBInitInfoPackage/ObjectIdHelper.html
ObjectImpl =  https://docs.oracle.com/javase/7/docs/api/org/omg/CORBA/portable/ObjectImpl.html
ObjectImpl =  https://docs.oracle.com/javase/7/docs/api/org/omg/CORBA_2_3/portable/ObjectImpl.html
ObjectInput =  https://docs.oracle.com/javase/7/docs/api/java/io/ObjectInput.html
ObjectInputStream =  https://docs.oracle.com/javase/7/docs/api/java/io/ObjectInputStream.html
ObjectInputStream.GetField =  https://docs.oracle.com/javase/7/docs/api/java/io/ObjectInputStream.GetField.html
ObjectInputValidation =  https://docs.oracle.com/javase/7/docs/api/java/io/ObjectInputValidation.html
ObjectInstance =  https://docs.oracle.com/javase/7/docs/api/javax/management/ObjectInstance.html
ObjectName =  https://docs.oracle.com/javase/7/docs/api/javax/management/ObjectName.html
ObjectNotActive =  https://docs.oracle.com/javase/7/docs/api/org/omg/PortableServer/POAPackage/ObjectNotActive.html
ObjectNotActiveHelper =  https://docs.oracle.com/javase/7/docs/api/org/omg/PortableServer/POAPackage/ObjectNotActiveHelper.html
ObjectOutput =  https://docs.oracle.com/javase/7/docs/api/java/io/ObjectOutput.html
ObjectOutputStream =  https://docs.oracle.com/javase/7/docs/api/java/io/ObjectOutputStream.html
ObjectOutputStream.PutField =  https://docs.oracle.com/javase/7/docs/api/java/io/ObjectOutputStream.PutField.html
ObjectReferenceFactory =  https://docs.oracle.com/javase/7/docs/api/org/omg/PortableInterceptor/ObjectReferenceFactory.html
ObjectReferenceFactoryHelper =  https://docs.oracle.com/javase/7/docs/api/org/omg/PortableInterceptor/ObjectReferenceFactoryHelper.html
ObjectReferenceFactoryHolder =  https://docs.oracle.com/javase/7/docs/api/org/omg/PortableInterceptor/ObjectReferenceFactoryHolder.html
ObjectReferenceTemplate =  https://docs.oracle.com/javase/7/docs/api/org/omg/PortableInterceptor/ObjectReferenceTemplate.html
ObjectReferenceTemplateHelper =  https://docs.oracle.com/javase/7/docs/api/org/omg/PortableInterceptor/ObjectReferenceTemplateHelper.html
ObjectReferenceTemplateHolder =  https://docs.oracle.com/javase/7/docs/api/org/omg/PortableInterceptor/ObjectReferenceTemplateHolder.html
ObjectReferenceTemplateSeqHelper =  https://docs.oracle.com/javase/7/docs/api/org/omg/PortableInterceptor/ObjectReferenceTemplateSeqHelper.html
ObjectReferenceTemplateSeqHolder =  https://docs.oracle.com/javase/7/docs/api/org/omg/PortableInterceptor/ObjectReferenceTemplateSeqHolder.html
Objects =  https://docs.oracle.com/javase/7/docs/api/java/util/Objects.html
ObjectStreamClass =  https://docs.oracle.com/javase/7/docs/api/java/io/ObjectStreamClass.html
ObjectStreamConstants =  https://docs.oracle.com/javase/7/docs/api/java/io/ObjectStreamConstants.html
ObjectStreamException =  https://docs.oracle.com/javase/7/docs/api/java/io/ObjectStreamException.html
ObjectStreamField =  https://docs.oracle.com/javase/7/docs/api/java/io/ObjectStreamField.html
ObjectView =  https://docs.oracle.com/javase/7/docs/api/javax/swing/text/html/ObjectView.html
ObjID =  https://docs.oracle.com/javase/7/docs/api/java/rmi/server/ObjID.html
Observable =  https://docs.oracle.com/javase/7/docs/api/java/util/Observable.html
Observer =  https://docs.oracle.com/javase/7/docs/api/java/util/Observer.html
OceanTheme =  https://docs.oracle.com/javase/7/docs/api/javax/swing/plaf/metal/OceanTheme.html
OctetSeqHelper =  https://docs.oracle.com/javase/7/docs/api/org/omg/CORBA/OctetSeqHelper.html
OctetSeqHolder =  https://docs.oracle.com/javase/7/docs/api/org/omg/CORBA/OctetSeqHolder.html
OctetStreamData =  https://docs.oracle.com/javase/7/docs/api/javax/xml/crypto/OctetStreamData.html
Oid =  https://docs.oracle.com/javase/7/docs/api/org/ietf/jgss/Oid.html
OMGVMCID =  https://docs.oracle.com/javase/7/docs/api/org/omg/CORBA/OMGVMCID.html
Oneway =  https://docs.oracle.com/javase/7/docs/api/javax/jws/Oneway.html
OpenDataException =  https://docs.oracle.com/javase/7/docs/api/javax/management/openmbean/OpenDataException.html
OpenMBeanAttributeInfo =  https://docs.oracle.com/javase/7/docs/api/javax/management/openmbean/OpenMBeanAttributeInfo.html
OpenMBeanAttributeInfoSupport =  https://docs.oracle.com/javase/7/docs/api/javax/management/openmbean/OpenMBeanAttributeInfoSupport.html
OpenMBeanConstructorInfo =  https://docs.oracle.com/javase/7/docs/api/javax/management/openmbean/OpenMBeanConstructorInfo.html
OpenMBeanConstructorInfoSupport =  https://docs.oracle.com/javase/7/docs/api/javax/management/openmbean/OpenMBeanConstructorInfoSupport.html
OpenMBeanInfo =  https://docs.oracle.com/javase/7/docs/api/javax/management/openmbean/OpenMBeanInfo.html
OpenMBeanInfoSupport =  https://docs.oracle.com/javase/7/docs/api/javax/management/openmbean/OpenMBeanInfoSupport.html
OpenMBeanOperationInfo =  https://docs.oracle.com/javase/7/docs/api/javax/management/openmbean/OpenMBeanOperationInfo.html
OpenMBeanOperationInfoSupport =  https://docs.oracle.com/javase/7/docs/api/javax/management/openmbean/OpenMBeanOperationInfoSupport.html
OpenMBeanParameterInfo =  https://docs.oracle.com/javase/7/docs/api/javax/management/openmbean/OpenMBeanParameterInfo.html
OpenMBeanParameterInfoSupport =  https://docs.oracle.com/javase/7/docs/api/javax/management/openmbean/OpenMBeanParameterInfoSupport.html
OpenOption =  https://docs.oracle.com/javase/7/docs/api/java/nio/file/OpenOption.html
OpenType =  https://docs.oracle.com/javase/7/docs/api/java/awt/font/OpenType.html
OpenType =  https://docs.oracle.com/javase/7/docs/api/javax/management/openmbean/OpenType.html
OperatingSystemMXBean =  https://docs.oracle.com/javase/7/docs/api/java/lang/management/OperatingSystemMXBean.html
Operation =  https://docs.oracle.com/javase/7/docs/api/java/rmi/server/Operation.html
OperationNotSupportedException =  https://docs.oracle.com/javase/7/docs/api/javax/naming/OperationNotSupportedException.html
OperationsException =  https://docs.oracle.com/javase/7/docs/api/javax/management/OperationsException.html
Option =  https://docs.oracle.com/javase/7/docs/api/javax/swing/text/html/Option.html
OptionalDataException =  https://docs.oracle.com/javase/7/docs/api/java/io/OptionalDataException.html
OptionChecker =  https://docs.oracle.com/javase/7/docs/api/javax/tools/OptionChecker.html
OptionPaneUI =  https://docs.oracle.com/javase/7/docs/api/javax/swing/plaf/OptionPaneUI.html
ORB =  https://docs.oracle.com/javase/7/docs/api/org/omg/CORBA/ORB.html
ORB =  https://docs.oracle.com/javase/7/docs/api/org/omg/CORBA_2_3/ORB.html
ORBIdHelper =  https://docs.oracle.com/javase/7/docs/api/org/omg/PortableInterceptor/ORBIdHelper.html
ORBInitializer =  https://docs.oracle.com/javase/7/docs/api/org/omg/PortableInterceptor/ORBInitializer.html
ORBInitializerOperations =  https://docs.oracle.com/javase/7/docs/api/org/omg/PortableInterceptor/ORBInitializerOperations.html
ORBInitInfo =  https://docs.oracle.com/javase/7/docs/api/org/omg/PortableInterceptor/ORBInitInfo.html
ORBInitInfoOperations =  https://docs.oracle.com/javase/7/docs/api/org/omg/PortableInterceptor/ORBInitInfoOperations.html
OrientationRequested =  https://docs.oracle.com/javase/7/docs/api/javax/print/attribute/standard/OrientationRequested.html
OutOfMemoryError =  https://docs.oracle.com/javase/7/docs/api/java/lang/OutOfMemoryError.html
OutputDeviceAssigned =  https://docs.oracle.com/javase/7/docs/api/javax/print/attribute/standard/OutputDeviceAssigned.html
OutputKeys =  https://docs.oracle.com/javase/7/docs/api/javax/xml/transform/OutputKeys.html
OutputStream =  https://docs.oracle.com/javase/7/docs/api/java/io/OutputStream.html
OutputStream =  https://docs.oracle.com/javase/7/docs/api/org/omg/CORBA/portable/OutputStream.html
OutputStream =  https://docs.oracle.com/javase/7/docs/api/org/omg/CORBA_2_3/portable/OutputStream.html
OutputStreamWriter =  https://docs.oracle.com/javase/7/docs/api/java/io/OutputStreamWriter.html
OverlappingFileLockException =  https://docs.oracle.com/javase/7/docs/api/java/nio/channels/OverlappingFileLockException.html
OverlayLayout =  https://docs.oracle.com/javase/7/docs/api/javax/swing/OverlayLayout.html
Override =  https://docs.oracle.com/javase/7/docs/api/java/lang/Override.html
Owner =  https://docs.oracle.com/javase/7/docs/api/java/security/acl/Owner.html
Pack200 =  https://docs.oracle.com/javase/7/docs/api/java/util/jar/Pack200.html
Pack200.Packer =  https://docs.oracle.com/javase/7/docs/api/java/util/jar/Pack200.Packer.html
Pack200.Unpacker =  https://docs.oracle.com/javase/7/docs/api/java/util/jar/Pack200.Unpacker.html
Package =  https://docs.oracle.com/javase/7/docs/api/java/lang/Package.html
PackageElement =  https://docs.oracle.com/javase/7/docs/api/javax/lang/model/element/PackageElement.html
PackedColorModel =  https://docs.oracle.com/javase/7/docs/api/java/awt/image/PackedColorModel.html
Pageable =  https://docs.oracle.com/javase/7/docs/api/java/awt/print/Pageable.html
PageAttributes =  https://docs.oracle.com/javase/7/docs/api/java/awt/PageAttributes.html
PageAttributes.ColorType =  https://docs.oracle.com/javase/7/docs/api/java/awt/PageAttributes.ColorType.html
PageAttributes.MediaType =  https://docs.oracle.com/javase/7/docs/api/java/awt/PageAttributes.MediaType.html
PageAttributes.OrientationRequestedType =  https://docs.oracle.com/javase/7/docs/api/java/awt/PageAttributes.OrientationRequestedType.html
PageAttributes.OriginType =  https://docs.oracle.com/javase/7/docs/api/java/awt/PageAttributes.OriginType.html
PageAttributes.PrintQualityType =  https://docs.oracle.com/javase/7/docs/api/java/awt/PageAttributes.PrintQualityType.html
PagedResultsControl =  https://docs.oracle.com/javase/7/docs/api/javax/naming/ldap/PagedResultsControl.html
PagedResultsResponseControl =  https://docs.oracle.com/javase/7/docs/api/javax/naming/ldap/PagedResultsResponseControl.html
PageFormat =  https://docs.oracle.com/javase/7/docs/api/java/awt/print/PageFormat.html
PageRanges =  https://docs.oracle.com/javase/7/docs/api/javax/print/attribute/standard/PageRanges.html
PagesPerMinute =  https://docs.oracle.com/javase/7/docs/api/javax/print/attribute/standard/PagesPerMinute.html
PagesPerMinuteColor =  https://docs.oracle.com/javase/7/docs/api/javax/print/attribute/standard/PagesPerMinuteColor.html
Paint =  https://docs.oracle.com/javase/7/docs/api/java/awt/Paint.html
PaintContext =  https://docs.oracle.com/javase/7/docs/api/java/awt/PaintContext.html
Painter =  https://docs.oracle.com/javase/7/docs/api/javax/swing/Painter.html
PaintEvent =  https://docs.oracle.com/javase/7/docs/api/java/awt/event/PaintEvent.html
Panel =  https://docs.oracle.com/javase/7/docs/api/java/awt/Panel.html
PanelUI =  https://docs.oracle.com/javase/7/docs/api/javax/swing/plaf/PanelUI.html
Paper =  https://docs.oracle.com/javase/7/docs/api/java/awt/print/Paper.html
ParagraphView =  https://docs.oracle.com/javase/7/docs/api/javax/swing/text/html/ParagraphView.html
ParagraphView =  https://docs.oracle.com/javase/7/docs/api/javax/swing/text/ParagraphView.html
Parameter =  https://docs.oracle.com/javase/7/docs/api/org/omg/Dynamic/Parameter.html
ParameterBlock =  https://docs.oracle.com/javase/7/docs/api/java/awt/image/renderable/ParameterBlock.html
ParameterDescriptor =  https://docs.oracle.com/javase/7/docs/api/java/beans/ParameterDescriptor.html
Parameterizable =  https://docs.oracle.com/javase/7/docs/api/javax/lang/model/element/Parameterizable.html
ParameterizedType =  https://docs.oracle.com/javase/7/docs/api/java/lang/reflect/ParameterizedType.html
ParameterMetaData =  https://docs.oracle.com/javase/7/docs/api/java/sql/ParameterMetaData.html
ParameterMode =  https://docs.oracle.com/javase/7/docs/api/org/omg/CORBA/ParameterMode.html
ParameterModeHelper =  https://docs.oracle.com/javase/7/docs/api/org/omg/CORBA/ParameterModeHelper.html
ParameterModeHolder =  https://docs.oracle.com/javase/7/docs/api/org/omg/CORBA/ParameterModeHolder.html
ParseConversionEvent =  https://docs.oracle.com/javase/7/docs/api/javax/xml/bind/ParseConversionEvent.html
ParseConversionEventImpl =  https://docs.oracle.com/javase/7/docs/api/javax/xml/bind/helpers/ParseConversionEventImpl.html
ParseException =  https://docs.oracle.com/javase/7/docs/api/java/text/ParseException.html
ParsePosition =  https://docs.oracle.com/javase/7/docs/api/java/text/ParsePosition.html
Parser =  https://docs.oracle.com/javase/7/docs/api/javax/swing/text/html/parser/Parser.html
Parser =  https://docs.oracle.com/javase/7/docs/api/org/xml/sax/Parser.html
ParserAdapter =  https://docs.oracle.com/javase/7/docs/api/org/xml/sax/helpers/ParserAdapter.html
ParserConfigurationException =  https://docs.oracle.com/javase/7/docs/api/javax/xml/parsers/ParserConfigurationException.html
ParserDelegator =  https://docs.oracle.com/javase/7/docs/api/javax/swing/text/html/parser/ParserDelegator.html
ParserFactory =  https://docs.oracle.com/javase/7/docs/api/org/xml/sax/helpers/ParserFactory.html
PartialResultException =  https://docs.oracle.com/javase/7/docs/api/javax/naming/PartialResultException.html
PasswordAuthentication =  https://docs.oracle.com/javase/7/docs/api/java/net/PasswordAuthentication.html
PasswordCallback =  https://docs.oracle.com/javase/7/docs/api/javax/security/auth/callback/PasswordCallback.html
PasswordView =  https://docs.oracle.com/javase/7/docs/api/javax/swing/text/PasswordView.html
Patch =  https://docs.oracle.com/javase/7/docs/api/javax/sound/midi/Patch.html
Path =  https://docs.oracle.com/javase/7/docs/api/java/nio/file/Path.html
Path2D =  https://docs.oracle.com/javase/7/docs/api/java/awt/geom/Path2D.html
Path2D.Double =  https://docs.oracle.com/javase/7/docs/api/java/awt/geom/Path2D.Double.html
Path2D.Float =  https://docs.oracle.com/javase/7/docs/api/java/awt/geom/Path2D.Float.html
PathIterator =  https://docs.oracle.com/javase/7/docs/api/java/awt/geom/PathIterator.html
PathMatcher =  https://docs.oracle.com/javase/7/docs/api/java/nio/file/PathMatcher.html
Paths =  https://docs.oracle.com/javase/7/docs/api/java/nio/file/Paths.html
Pattern =  https://docs.oracle.com/javase/7/docs/api/java/util/regex/Pattern.html
PatternSyntaxException =  https://docs.oracle.com/javase/7/docs/api/java/util/regex/PatternSyntaxException.html
PBEKey =  https://docs.oracle.com/javase/7/docs/api/javax/crypto/interfaces/PBEKey.html
PBEKeySpec =  https://docs.oracle.com/javase/7/docs/api/javax/crypto/spec/PBEKeySpec.html
PBEParameterSpec =  https://docs.oracle.com/javase/7/docs/api/javax/crypto/spec/PBEParameterSpec.html
PDLOverrideSupported =  https://docs.oracle.com/javase/7/docs/api/javax/print/attribute/standard/PDLOverrideSupported.html
Permission =  https://docs.oracle.com/javase/7/docs/api/java/security/acl/Permission.html
Permission =  https://docs.oracle.com/javase/7/docs/api/java/security/Permission.html
PermissionCollection =  https://docs.oracle.com/javase/7/docs/api/java/security/PermissionCollection.html
Permissions =  https://docs.oracle.com/javase/7/docs/api/java/security/Permissions.html
PERSIST_STORE =  https://docs.oracle.com/javase/7/docs/api/org/omg/CORBA/PERSIST_STORE.html
PersistenceDelegate =  https://docs.oracle.com/javase/7/docs/api/java/beans/PersistenceDelegate.html
PersistentMBean =  https://docs.oracle.com/javase/7/docs/api/javax/management/PersistentMBean.html
PGPData =  https://docs.oracle.com/javase/7/docs/api/javax/xml/crypto/dsig/keyinfo/PGPData.html
PhantomReference =  https://docs.oracle.com/javase/7/docs/api/java/lang/ref/PhantomReference.html
Phaser =  https://docs.oracle.com/javase/7/docs/api/java/util/concurrent/Phaser.html
Pipe =  https://docs.oracle.com/javase/7/docs/api/java/nio/channels/Pipe.html
Pipe.SinkChannel =  https://docs.oracle.com/javase/7/docs/api/java/nio/channels/Pipe.SinkChannel.html
Pipe.SourceChannel =  https://docs.oracle.com/javase/7/docs/api/java/nio/channels/Pipe.SourceChannel.html
PipedInputStream =  https://docs.oracle.com/javase/7/docs/api/java/io/PipedInputStream.html
PipedOutputStream =  https://docs.oracle.com/javase/7/docs/api/java/io/PipedOutputStream.html
PipedReader =  https://docs.oracle.com/javase/7/docs/api/java/io/PipedReader.html
PipedWriter =  https://docs.oracle.com/javase/7/docs/api/java/io/PipedWriter.html
PixelGrabber =  https://docs.oracle.com/javase/7/docs/api/java/awt/image/PixelGrabber.html
PixelInterleavedSampleModel =  https://docs.oracle.com/javase/7/docs/api/java/awt/image/PixelInterleavedSampleModel.html
PKCS8EncodedKeySpec =  https://docs.oracle.com/javase/7/docs/api/java/security/spec/PKCS8EncodedKeySpec.html
PKIXBuilderParameters =  https://docs.oracle.com/javase/7/docs/api/java/security/cert/PKIXBuilderParameters.html
PKIXCertPathBuilderResult =  https://docs.oracle.com/javase/7/docs/api/java/security/cert/PKIXCertPathBuilderResult.html
PKIXCertPathChecker =  https://docs.oracle.com/javase/7/docs/api/java/security/cert/PKIXCertPathChecker.html
PKIXCertPathValidatorResult =  https://docs.oracle.com/javase/7/docs/api/java/security/cert/PKIXCertPathValidatorResult.html
PKIXParameters =  https://docs.oracle.com/javase/7/docs/api/java/security/cert/PKIXParameters.html
PKIXReason =  https://docs.oracle.com/javase/7/docs/api/java/security/cert/PKIXReason.html
PlainDocument =  https://docs.oracle.com/javase/7/docs/api/javax/swing/text/PlainDocument.html
PlainView =  https://docs.oracle.com/javase/7/docs/api/javax/swing/text/PlainView.html
PlatformLoggingMXBean =  https://docs.oracle.com/javase/7/docs/api/java/lang/management/PlatformLoggingMXBean.html
PlatformManagedObject =  https://docs.oracle.com/javase/7/docs/api/java/lang/management/PlatformManagedObject.html
POA =  https://docs.oracle.com/javase/7/docs/api/org/omg/PortableServer/POA.html
POAHelper =  https://docs.oracle.com/javase/7/docs/api/org/omg/PortableServer/POAHelper.html
POAManager =  https://docs.oracle.com/javase/7/docs/api/org/omg/PortableServer/POAManager.html
POAManagerOperations =  https://docs.oracle.com/javase/7/docs/api/org/omg/PortableServer/POAManagerOperations.html
POAOperations =  https://docs.oracle.com/javase/7/docs/api/org/omg/PortableServer/POAOperations.html
Point =  https://docs.oracle.com/javase/7/docs/api/java/awt/Point.html
Point2D =  https://docs.oracle.com/javase/7/docs/api/java/awt/geom/Point2D.html
Point2D.Double =  https://docs.oracle.com/javase/7/docs/api/java/awt/geom/Point2D.Double.html
Point2D.Float =  https://docs.oracle.com/javase/7/docs/api/java/awt/geom/Point2D.Float.html
PointerInfo =  https://docs.oracle.com/javase/7/docs/api/java/awt/PointerInfo.html
Policy =  https://docs.oracle.com/javase/7/docs/api/java/security/Policy.html
Policy =  https://docs.oracle.com/javase/7/docs/api/javax/security/auth/Policy.html
Policy =  https://docs.oracle.com/javase/7/docs/api/org/omg/CORBA/Policy.html
Policy.Parameters =  https://docs.oracle.com/javase/7/docs/api/java/security/Policy.Parameters.html
PolicyError =  https://docs.oracle.com/javase/7/docs/api/org/omg/CORBA/PolicyError.html
PolicyErrorCodeHelper =  https://docs.oracle.com/javase/7/docs/api/org/omg/CORBA/PolicyErrorCodeHelper.html
PolicyErrorHelper =  https://docs.oracle.com/javase/7/docs/api/org/omg/CORBA/PolicyErrorHelper.html
PolicyErrorHolder =  https://docs.oracle.com/javase/7/docs/api/org/omg/CORBA/PolicyErrorHolder.html
PolicyFactory =  https://docs.oracle.com/javase/7/docs/api/org/omg/PortableInterceptor/PolicyFactory.html
PolicyFactoryOperations =  https://docs.oracle.com/javase/7/docs/api/org/omg/PortableInterceptor/PolicyFactoryOperations.html
PolicyHelper =  https://docs.oracle.com/javase/7/docs/api/org/omg/CORBA/PolicyHelper.html
PolicyHolder =  https://docs.oracle.com/javase/7/docs/api/org/omg/CORBA/PolicyHolder.html
PolicyListHelper =  https://docs.oracle.com/javase/7/docs/api/org/omg/CORBA/PolicyListHelper.html
PolicyListHolder =  https://docs.oracle.com/javase/7/docs/api/org/omg/CORBA/PolicyListHolder.html
PolicyNode =  https://docs.oracle.com/javase/7/docs/api/java/security/cert/PolicyNode.html
PolicyOperations =  https://docs.oracle.com/javase/7/docs/api/org/omg/CORBA/PolicyOperations.html
PolicyQualifierInfo =  https://docs.oracle.com/javase/7/docs/api/java/security/cert/PolicyQualifierInfo.html
PolicySpi =  https://docs.oracle.com/javase/7/docs/api/java/security/PolicySpi.html
PolicyTypeHelper =  https://docs.oracle.com/javase/7/docs/api/org/omg/CORBA/PolicyTypeHelper.html
Polygon =  https://docs.oracle.com/javase/7/docs/api/java/awt/Polygon.html
PooledConnection =  https://docs.oracle.com/javase/7/docs/api/javax/sql/PooledConnection.html
Popup =  https://docs.oracle.com/javase/7/docs/api/javax/swing/Popup.html
PopupFactory =  https://docs.oracle.com/javase/7/docs/api/javax/swing/PopupFactory.html
PopupMenu =  https://docs.oracle.com/javase/7/docs/api/java/awt/PopupMenu.html
PopupMenuEvent =  https://docs.oracle.com/javase/7/docs/api/javax/swing/event/PopupMenuEvent.html
PopupMenuListener =  https://docs.oracle.com/javase/7/docs/api/javax/swing/event/PopupMenuListener.html
PopupMenuUI =  https://docs.oracle.com/javase/7/docs/api/javax/swing/plaf/PopupMenuUI.html
Port =  https://docs.oracle.com/javase/7/docs/api/javax/sound/sampled/Port.html
Port.Info =  https://docs.oracle.com/javase/7/docs/api/javax/sound/sampled/Port.Info.html
PortableRemoteObject =  https://docs.oracle.com/javase/7/docs/api/javax/rmi/PortableRemoteObject.html
PortableRemoteObjectDelegate =  https://docs.oracle.com/javase/7/docs/api/javax/rmi/CORBA/PortableRemoteObjectDelegate.html
PortInfo =  https://docs.oracle.com/javase/7/docs/api/javax/xml/ws/handler/PortInfo.html
PortUnreachableException =  https://docs.oracle.com/javase/7/docs/api/java/net/PortUnreachableException.html
Position =  https://docs.oracle.com/javase/7/docs/api/javax/swing/text/Position.html
Position.Bias =  https://docs.oracle.com/javase/7/docs/api/javax/swing/text/Position.Bias.html
PosixFileAttributes =  https://docs.oracle.com/javase/7/docs/api/java/nio/file/attribute/PosixFileAttributes.html
PosixFileAttributeView =  https://docs.oracle.com/javase/7/docs/api/java/nio/file/attribute/PosixFileAttributeView.html
PosixFilePermission =  https://docs.oracle.com/javase/7/docs/api/java/nio/file/attribute/PosixFilePermission.html
PosixFilePermissions =  https://docs.oracle.com/javase/7/docs/api/java/nio/file/attribute/PosixFilePermissions.html
PostConstruct =  https://docs.oracle.com/javase/7/docs/api/javax/annotation/PostConstruct.html
PreDestroy =  https://docs.oracle.com/javase/7/docs/api/javax/annotation/PreDestroy.html
Predicate =  https://docs.oracle.com/javase/7/docs/api/javax/sql/rowset/Predicate.html
PreferenceChangeEvent =  https://docs.oracle.com/javase/7/docs/api/java/util/prefs/PreferenceChangeEvent.html
PreferenceChangeListener =  https://docs.oracle.com/javase/7/docs/api/java/util/prefs/PreferenceChangeListener.html
Preferences =  https://docs.oracle.com/javase/7/docs/api/java/util/prefs/Preferences.html
PreferencesFactory =  https://docs.oracle.com/javase/7/docs/api/java/util/prefs/PreferencesFactory.html
PreparedStatement =  https://docs.oracle.com/javase/7/docs/api/java/sql/PreparedStatement.html
PresentationDirection =  https://docs.oracle.com/javase/7/docs/api/javax/print/attribute/standard/PresentationDirection.html
PrimitiveType =  https://docs.oracle.com/javase/7/docs/api/javax/lang/model/type/PrimitiveType.html
Principal =  https://docs.oracle.com/javase/7/docs/api/java/security/Principal.html
Principal =  https://docs.oracle.com/javase/7/docs/api/org/omg/CORBA/Principal.html
PrincipalHolder =  https://docs.oracle.com/javase/7/docs/api/org/omg/CORBA/PrincipalHolder.html
Printable =  https://docs.oracle.com/javase/7/docs/api/java/awt/print/Printable.html
PrintConversionEvent =  https://docs.oracle.com/javase/7/docs/api/javax/xml/bind/PrintConversionEvent.html
PrintConversionEventImpl =  https://docs.oracle.com/javase/7/docs/api/javax/xml/bind/helpers/PrintConversionEventImpl.html
PrinterAbortException =  https://docs.oracle.com/javase/7/docs/api/java/awt/print/PrinterAbortException.html
PrinterException =  https://docs.oracle.com/javase/7/docs/api/java/awt/print/PrinterException.html
PrinterGraphics =  https://docs.oracle.com/javase/7/docs/api/java/awt/print/PrinterGraphics.html
PrinterInfo =  https://docs.oracle.com/javase/7/docs/api/javax/print/attribute/standard/PrinterInfo.html
PrinterIOException =  https://docs.oracle.com/javase/7/docs/api/java/awt/print/PrinterIOException.html
PrinterIsAcceptingJobs =  https://docs.oracle.com/javase/7/docs/api/javax/print/attribute/standard/PrinterIsAcceptingJobs.html
PrinterJob =  https://docs.oracle.com/javase/7/docs/api/java/awt/print/PrinterJob.html
PrinterLocation =  https://docs.oracle.com/javase/7/docs/api/javax/print/attribute/standard/PrinterLocation.html
PrinterMakeAndModel =  https://docs.oracle.com/javase/7/docs/api/javax/print/attribute/standard/PrinterMakeAndModel.html
PrinterMessageFromOperator =  https://docs.oracle.com/javase/7/docs/api/javax/print/attribute/standard/PrinterMessageFromOperator.html
PrinterMoreInfo =  https://docs.oracle.com/javase/7/docs/api/javax/print/attribute/standard/PrinterMoreInfo.html
PrinterMoreInfoManufacturer =  https://docs.oracle.com/javase/7/docs/api/javax/print/attribute/standard/PrinterMoreInfoManufacturer.html
PrinterName =  https://docs.oracle.com/javase/7/docs/api/javax/print/attribute/standard/PrinterName.html
PrinterResolution =  https://docs.oracle.com/javase/7/docs/api/javax/print/attribute/standard/PrinterResolution.html
PrinterState =  https://docs.oracle.com/javase/7/docs/api/javax/print/attribute/standard/PrinterState.html
PrinterStateReason =  https://docs.oracle.com/javase/7/docs/api/javax/print/attribute/standard/PrinterStateReason.html
PrinterStateReasons =  https://docs.oracle.com/javase/7/docs/api/javax/print/attribute/standard/PrinterStateReasons.html
PrinterURI =  https://docs.oracle.com/javase/7/docs/api/javax/print/attribute/standard/PrinterURI.html
PrintEvent =  https://docs.oracle.com/javase/7/docs/api/javax/print/event/PrintEvent.html
PrintException =  https://docs.oracle.com/javase/7/docs/api/javax/print/PrintException.html
PrintGraphics =  https://docs.oracle.com/javase/7/docs/api/java/awt/PrintGraphics.html
PrintJob =  https://docs.oracle.com/javase/7/docs/api/java/awt/PrintJob.html
PrintJobAdapter =  https://docs.oracle.com/javase/7/docs/api/javax/print/event/PrintJobAdapter.html
PrintJobAttribute =  https://docs.oracle.com/javase/7/docs/api/javax/print/attribute/PrintJobAttribute.html
PrintJobAttributeEvent =  https://docs.oracle.com/javase/7/docs/api/javax/print/event/PrintJobAttributeEvent.html
PrintJobAttributeListener =  https://docs.oracle.com/javase/7/docs/api/javax/print/event/PrintJobAttributeListener.html
PrintJobAttributeSet =  https://docs.oracle.com/javase/7/docs/api/javax/print/attribute/PrintJobAttributeSet.html
PrintJobEvent =  https://docs.oracle.com/javase/7/docs/api/javax/print/event/PrintJobEvent.html
PrintJobListener =  https://docs.oracle.com/javase/7/docs/api/javax/print/event/PrintJobListener.html
PrintQuality =  https://docs.oracle.com/javase/7/docs/api/javax/print/attribute/standard/PrintQuality.html
PrintRequestAttribute =  https://docs.oracle.com/javase/7/docs/api/javax/print/attribute/PrintRequestAttribute.html
PrintRequestAttributeSet =  https://docs.oracle.com/javase/7/docs/api/javax/print/attribute/PrintRequestAttributeSet.html
PrintService =  https://docs.oracle.com/javase/7/docs/api/javax/print/PrintService.html
PrintServiceAttribute =  https://docs.oracle.com/javase/7/docs/api/javax/print/attribute/PrintServiceAttribute.html
PrintServiceAttributeEvent =  https://docs.oracle.com/javase/7/docs/api/javax/print/event/PrintServiceAttributeEvent.html
PrintServiceAttributeListener =  https://docs.oracle.com/javase/7/docs/api/javax/print/event/PrintServiceAttributeListener.html
PrintServiceAttributeSet =  https://docs.oracle.com/javase/7/docs/api/javax/print/attribute/PrintServiceAttributeSet.html
PrintServiceLookup =  https://docs.oracle.com/javase/7/docs/api/javax/print/PrintServiceLookup.html
PrintStream =  https://docs.oracle.com/javase/7/docs/api/java/io/PrintStream.html
PrintWriter =  https://docs.oracle.com/javase/7/docs/api/java/io/PrintWriter.html
PriorityBlockingQueue =  https://docs.oracle.com/javase/7/docs/api/java/util/concurrent/PriorityBlockingQueue.html
PriorityQueue =  https://docs.oracle.com/javase/7/docs/api/java/util/PriorityQueue.html
PRIVATE_MEMBER =  https://docs.oracle.com/javase/7/docs/api/org/omg/CORBA/PRIVATE_MEMBER.html
PrivateClassLoader =  https://docs.oracle.com/javase/7/docs/api/javax/management/loading/PrivateClassLoader.html
PrivateCredentialPermission =  https://docs.oracle.com/javase/7/docs/api/javax/security/auth/PrivateCredentialPermission.html
PrivateKey =  https://docs.oracle.com/javase/7/docs/api/java/security/PrivateKey.html
PrivateMLet =  https://docs.oracle.com/javase/7/docs/api/javax/management/loading/PrivateMLet.html
PrivilegedAction =  https://docs.oracle.com/javase/7/docs/api/java/security/PrivilegedAction.html
PrivilegedActionException =  https://docs.oracle.com/javase/7/docs/api/java/security/PrivilegedActionException.html
PrivilegedExceptionAction =  https://docs.oracle.com/javase/7/docs/api/java/security/PrivilegedExceptionAction.html
Process =  https://docs.oracle.com/javase/7/docs/api/java/lang/Process.html
ProcessBuilder =  https://docs.oracle.com/javase/7/docs/api/java/lang/ProcessBuilder.html
ProcessBuilder.Redirect =  https://docs.oracle.com/javase/7/docs/api/java/lang/ProcessBuilder.Redirect.html
ProcessBuilder.Redirect.Type =  https://docs.oracle.com/javase/7/docs/api/java/lang/ProcessBuilder.Redirect.Type.html
ProcessingEnvironment =  https://docs.oracle.com/javase/7/docs/api/javax/annotation/processing/ProcessingEnvironment.html
ProcessingInstruction =  https://docs.oracle.com/javase/7/docs/api/javax/xml/stream/events/ProcessingInstruction.html
ProcessingInstruction =  https://docs.oracle.com/javase/7/docs/api/org/w3c/dom/ProcessingInstruction.html
Processor =  https://docs.oracle.com/javase/7/docs/api/javax/annotation/processing/Processor.html
ProfileDataException =  https://docs.oracle.com/javase/7/docs/api/java/awt/color/ProfileDataException.html
ProfileIdHelper =  https://docs.oracle.com/javase/7/docs/api/org/omg/IOP/ProfileIdHelper.html
ProgressBarUI =  https://docs.oracle.com/javase/7/docs/api/javax/swing/plaf/ProgressBarUI.html
ProgressMonitor =  https://docs.oracle.com/javase/7/docs/api/javax/swing/ProgressMonitor.html
ProgressMonitorInputStream =  https://docs.oracle.com/javase/7/docs/api/javax/swing/ProgressMonitorInputStream.html
Properties =  https://docs.oracle.com/javase/7/docs/api/java/util/Properties.html
PropertyChangeEvent =  https://docs.oracle.com/javase/7/docs/api/java/beans/PropertyChangeEvent.html
PropertyChangeListener =  https://docs.oracle.com/javase/7/docs/api/java/beans/PropertyChangeListener.html
PropertyChangeListenerProxy =  https://docs.oracle.com/javase/7/docs/api/java/beans/PropertyChangeListenerProxy.html
PropertyChangeSupport =  https://docs.oracle.com/javase/7/docs/api/java/beans/PropertyChangeSupport.html
PropertyDescriptor =  https://docs.oracle.com/javase/7/docs/api/java/beans/PropertyDescriptor.html
PropertyEditor =  https://docs.oracle.com/javase/7/docs/api/java/beans/PropertyEditor.html
PropertyEditorManager =  https://docs.oracle.com/javase/7/docs/api/java/beans/PropertyEditorManager.html
PropertyEditorSupport =  https://docs.oracle.com/javase/7/docs/api/java/beans/PropertyEditorSupport.html
PropertyException =  https://docs.oracle.com/javase/7/docs/api/javax/xml/bind/PropertyException.html
PropertyPermission =  https://docs.oracle.com/javase/7/docs/api/java/util/PropertyPermission.html
PropertyResourceBundle =  https://docs.oracle.com/javase/7/docs/api/java/util/PropertyResourceBundle.html
PropertyVetoException =  https://docs.oracle.com/javase/7/docs/api/java/beans/PropertyVetoException.html
ProtectionDomain =  https://docs.oracle.com/javase/7/docs/api/java/security/ProtectionDomain.html
ProtocolException =  https://docs.oracle.com/javase/7/docs/api/java/net/ProtocolException.html
ProtocolException =  https://docs.oracle.com/javase/7/docs/api/javax/xml/ws/ProtocolException.html
ProtocolFamily =  https://docs.oracle.com/javase/7/docs/api/java/net/ProtocolFamily.html
Provider =  https://docs.oracle.com/javase/7/docs/api/java/security/Provider.html
Provider =  https://docs.oracle.com/javase/7/docs/api/javax/xml/ws/Provider.html
Provider =  https://docs.oracle.com/javase/7/docs/api/javax/xml/ws/spi/Provider.html
Provider.Service =  https://docs.oracle.com/javase/7/docs/api/java/security/Provider.Service.html
ProviderException =  https://docs.oracle.com/javase/7/docs/api/java/security/ProviderException.html
ProviderMismatchException =  https://docs.oracle.com/javase/7/docs/api/java/nio/file/ProviderMismatchException.html
ProviderNotFoundException =  https://docs.oracle.com/javase/7/docs/api/java/nio/file/ProviderNotFoundException.html
Proxy =  https://docs.oracle.com/javase/7/docs/api/java/lang/reflect/Proxy.html
Proxy =  https://docs.oracle.com/javase/7/docs/api/java/net/Proxy.html
Proxy.Type =  https://docs.oracle.com/javase/7/docs/api/java/net/Proxy.Type.html
ProxySelector =  https://docs.oracle.com/javase/7/docs/api/java/net/ProxySelector.html
PseudoColumnUsage =  https://docs.oracle.com/javase/7/docs/api/java/sql/PseudoColumnUsage.html
PSource =  https://docs.oracle.com/javase/7/docs/api/javax/crypto/spec/PSource.html
PSource.PSpecified =  https://docs.oracle.com/javase/7/docs/api/javax/crypto/spec/PSource.PSpecified.html
PSSParameterSpec =  https://docs.oracle.com/javase/7/docs/api/java/security/spec/PSSParameterSpec.html
PUBLIC_MEMBER =  https://docs.oracle.com/javase/7/docs/api/org/omg/CORBA/PUBLIC_MEMBER.html
PublicKey =  https://docs.oracle.com/javase/7/docs/api/java/security/PublicKey.html
PushbackInputStream =  https://docs.oracle.com/javase/7/docs/api/java/io/PushbackInputStream.html
PushbackReader =  https://docs.oracle.com/javase/7/docs/api/java/io/PushbackReader.html
QName =  https://docs.oracle.com/javase/7/docs/api/javax/xml/namespace/QName.html
QuadCurve2D =  https://docs.oracle.com/javase/7/docs/api/java/awt/geom/QuadCurve2D.html
QuadCurve2D.Double =  https://docs.oracle.com/javase/7/docs/api/java/awt/geom/QuadCurve2D.Double.html
QuadCurve2D.Float =  https://docs.oracle.com/javase/7/docs/api/java/awt/geom/QuadCurve2D.Float.html
QualifiedNameable =  https://docs.oracle.com/javase/7/docs/api/javax/lang/model/element/QualifiedNameable.html
Query =  https://docs.oracle.com/javase/7/docs/api/javax/management/Query.html
QueryEval =  https://docs.oracle.com/javase/7/docs/api/javax/management/QueryEval.html
QueryExp =  https://docs.oracle.com/javase/7/docs/api/javax/management/QueryExp.html
Queue =  https://docs.oracle.com/javase/7/docs/api/java/util/Queue.html
QueuedJobCount =  https://docs.oracle.com/javase/7/docs/api/javax/print/attribute/standard/QueuedJobCount.html
RadialGradientPaint =  https://docs.oracle.com/javase/7/docs/api/java/awt/RadialGradientPaint.html
Random =  https://docs.oracle.com/javase/7/docs/api/java/util/Random.html
RandomAccess =  https://docs.oracle.com/javase/7/docs/api/java/util/RandomAccess.html
RandomAccessFile =  https://docs.oracle.com/javase/7/docs/api/java/io/RandomAccessFile.html
Raster =  https://docs.oracle.com/javase/7/docs/api/java/awt/image/Raster.html
RasterFormatException =  https://docs.oracle.com/javase/7/docs/api/java/awt/image/RasterFormatException.html
RasterOp =  https://docs.oracle.com/javase/7/docs/api/java/awt/image/RasterOp.html
RC2ParameterSpec =  https://docs.oracle.com/javase/7/docs/api/javax/crypto/spec/RC2ParameterSpec.html
RC5ParameterSpec =  https://docs.oracle.com/javase/7/docs/api/javax/crypto/spec/RC5ParameterSpec.html
Rdn =  https://docs.oracle.com/javase/7/docs/api/javax/naming/ldap/Rdn.html
Readable =  https://docs.oracle.com/javase/7/docs/api/java/lang/Readable.html
ReadableByteChannel =  https://docs.oracle.com/javase/7/docs/api/java/nio/channels/ReadableByteChannel.html
Reader =  https://docs.oracle.com/javase/7/docs/api/java/io/Reader.html
ReadOnlyBufferException =  https://docs.oracle.com/javase/7/docs/api/java/nio/ReadOnlyBufferException.html
ReadOnlyFileSystemException =  https://docs.oracle.com/javase/7/docs/api/java/nio/file/ReadOnlyFileSystemException.html
ReadPendingException =  https://docs.oracle.com/javase/7/docs/api/java/nio/channels/ReadPendingException.html
ReadWriteLock =  https://docs.oracle.com/javase/7/docs/api/java/util/concurrent/locks/ReadWriteLock.html
RealmCallback =  https://docs.oracle.com/javase/7/docs/api/javax/security/sasl/RealmCallback.html
RealmChoiceCallback =  https://docs.oracle.com/javase/7/docs/api/javax/security/sasl/RealmChoiceCallback.html
REBIND =  https://docs.oracle.com/javase/7/docs/api/org/omg/CORBA/REBIND.html
Receiver =  https://docs.oracle.com/javase/7/docs/api/javax/sound/midi/Receiver.html
Rectangle =  https://docs.oracle.com/javase/7/docs/api/java/awt/Rectangle.html
Rectangle2D =  https://docs.oracle.com/javase/7/docs/api/java/awt/geom/Rectangle2D.html
Rectangle2D.Double =  https://docs.oracle.com/javase/7/docs/api/java/awt/geom/Rectangle2D.Double.html
Rectangle2D.Float =  https://docs.oracle.com/javase/7/docs/api/java/awt/geom/Rectangle2D.Float.html
RectangularShape =  https://docs.oracle.com/javase/7/docs/api/java/awt/geom/RectangularShape.html
RecursiveAction =  https://docs.oracle.com/javase/7/docs/api/java/util/concurrent/RecursiveAction.html
RecursiveTask =  https://docs.oracle.com/javase/7/docs/api/java/util/concurrent/RecursiveTask.html
ReentrantLock =  https://docs.oracle.com/javase/7/docs/api/java/util/concurrent/locks/ReentrantLock.html
ReentrantReadWriteLock =  https://docs.oracle.com/javase/7/docs/api/java/util/concurrent/locks/ReentrantReadWriteLock.html
ReentrantReadWriteLock.ReadLock =  https://docs.oracle.com/javase/7/docs/api/java/util/concurrent/locks/ReentrantReadWriteLock.ReadLock.html
ReentrantReadWriteLock.WriteLock =  https://docs.oracle.com/javase/7/docs/api/java/util/concurrent/locks/ReentrantReadWriteLock.WriteLock.html
Ref =  https://docs.oracle.com/javase/7/docs/api/java/sql/Ref.html
RefAddr =  https://docs.oracle.com/javase/7/docs/api/javax/naming/RefAddr.html
Reference =  https://docs.oracle.com/javase/7/docs/api/java/lang/ref/Reference.html
Reference =  https://docs.oracle.com/javase/7/docs/api/javax/naming/Reference.html
Reference =  https://docs.oracle.com/javase/7/docs/api/javax/xml/crypto/dsig/Reference.html
Referenceable =  https://docs.oracle.com/javase/7/docs/api/javax/naming/Referenceable.html
ReferenceQueue =  https://docs.oracle.com/javase/7/docs/api/java/lang/ref/ReferenceQueue.html
ReferenceType =  https://docs.oracle.com/javase/7/docs/api/javax/lang/model/type/ReferenceType.html
ReferenceUriSchemesSupported =  https://docs.oracle.com/javase/7/docs/api/javax/print/attribute/standard/ReferenceUriSchemesSupported.html
ReferralException =  https://docs.oracle.com/javase/7/docs/api/javax/naming/ReferralException.html
ReflectionException =  https://docs.oracle.com/javase/7/docs/api/javax/management/ReflectionException.html
ReflectiveOperationException =  https://docs.oracle.com/javase/7/docs/api/java/lang/ReflectiveOperationException.html
ReflectPermission =  https://docs.oracle.com/javase/7/docs/api/java/lang/reflect/ReflectPermission.html
Refreshable =  https://docs.oracle.com/javase/7/docs/api/javax/security/auth/Refreshable.html
RefreshFailedException =  https://docs.oracle.com/javase/7/docs/api/javax/security/auth/RefreshFailedException.html
Region =  https://docs.oracle.com/javase/7/docs/api/javax/swing/plaf/synth/Region.html
RegisterableService =  https://docs.oracle.com/javase/7/docs/api/javax/imageio/spi/RegisterableService.html
Registry =  https://docs.oracle.com/javase/7/docs/api/java/rmi/registry/Registry.html
RegistryHandler =  https://docs.oracle.com/javase/7/docs/api/java/rmi/registry/RegistryHandler.html
RejectedExecutionException =  https://docs.oracle.com/javase/7/docs/api/java/util/concurrent/RejectedExecutionException.html
RejectedExecutionHandler =  https://docs.oracle.com/javase/7/docs/api/java/util/concurrent/RejectedExecutionHandler.html
Relation =  https://docs.oracle.com/javase/7/docs/api/javax/management/relation/Relation.html
RelationException =  https://docs.oracle.com/javase/7/docs/api/javax/management/relation/RelationException.html
RelationNotFoundException =  https://docs.oracle.com/javase/7/docs/api/javax/management/relation/RelationNotFoundException.html
RelationNotification =  https://docs.oracle.com/javase/7/docs/api/javax/management/relation/RelationNotification.html
RelationService =  https://docs.oracle.com/javase/7/docs/api/javax/management/relation/RelationService.html
RelationServiceMBean =  https://docs.oracle.com/javase/7/docs/api/javax/management/relation/RelationServiceMBean.html
RelationServiceNotRegisteredException =  https://docs.oracle.com/javase/7/docs/api/javax/management/relation/RelationServiceNotRegisteredException.html
RelationSupport =  https://docs.oracle.com/javase/7/docs/api/javax/management/relation/RelationSupport.html
RelationSupportMBean =  https://docs.oracle.com/javase/7/docs/api/javax/management/relation/RelationSupportMBean.html
RelationType =  https://docs.oracle.com/javase/7/docs/api/javax/management/relation/RelationType.html
RelationTypeNotFoundException =  https://docs.oracle.com/javase/7/docs/api/javax/management/relation/RelationTypeNotFoundException.html
RelationTypeSupport =  https://docs.oracle.com/javase/7/docs/api/javax/management/relation/RelationTypeSupport.html
RemarshalException =  https://docs.oracle.com/javase/7/docs/api/org/omg/CORBA/portable/RemarshalException.html
Remote =  https://docs.oracle.com/javase/7/docs/api/java/rmi/Remote.html
RemoteCall =  https://docs.oracle.com/javase/7/docs/api/java/rmi/server/RemoteCall.html
RemoteException =  https://docs.oracle.com/javase/7/docs/api/java/rmi/RemoteException.html
RemoteObject =  https://docs.oracle.com/javase/7/docs/api/java/rmi/server/RemoteObject.html
RemoteObjectInvocationHandler =  https://docs.oracle.com/javase/7/docs/api/java/rmi/server/RemoteObjectInvocationHandler.html
RemoteRef =  https://docs.oracle.com/javase/7/docs/api/java/rmi/server/RemoteRef.html
RemoteServer =  https://docs.oracle.com/javase/7/docs/api/java/rmi/server/RemoteServer.html
RemoteStub =  https://docs.oracle.com/javase/7/docs/api/java/rmi/server/RemoteStub.html
RenderableImage =  https://docs.oracle.com/javase/7/docs/api/java/awt/image/renderable/RenderableImage.html
RenderableImageOp =  https://docs.oracle.com/javase/7/docs/api/java/awt/image/renderable/RenderableImageOp.html
RenderableImageProducer =  https://docs.oracle.com/javase/7/docs/api/java/awt/image/renderable/RenderableImageProducer.html
RenderContext =  https://docs.oracle.com/javase/7/docs/api/java/awt/image/renderable/RenderContext.html
RenderedImage =  https://docs.oracle.com/javase/7/docs/api/java/awt/image/RenderedImage.html
RenderedImageFactory =  https://docs.oracle.com/javase/7/docs/api/java/awt/image/renderable/RenderedImageFactory.html
Renderer =  https://docs.oracle.com/javase/7/docs/api/javax/swing/Renderer.html
RenderingHints =  https://docs.oracle.com/javase/7/docs/api/java/awt/RenderingHints.html
RenderingHints.Key =  https://docs.oracle.com/javase/7/docs/api/java/awt/RenderingHints.Key.html
RepaintManager =  https://docs.oracle.com/javase/7/docs/api/javax/swing/RepaintManager.html
ReplicateScaleFilter =  https://docs.oracle.com/javase/7/docs/api/java/awt/image/ReplicateScaleFilter.html
RepositoryIdHelper =  https://docs.oracle.com/javase/7/docs/api/org/omg/CORBA/RepositoryIdHelper.html
Request =  https://docs.oracle.com/javase/7/docs/api/org/omg/CORBA/Request.html
REQUEST_PROCESSING_POLICY_ID =  https://docs.oracle.com/javase/7/docs/api/org/omg/PortableServer/REQUEST_PROCESSING_POLICY_ID.html
RequestInfo =  https://docs.oracle.com/javase/7/docs/api/org/omg/PortableInterceptor/RequestInfo.html
RequestInfoOperations =  https://docs.oracle.com/javase/7/docs/api/org/omg/PortableInterceptor/RequestInfoOperations.html
RequestingUserName =  https://docs.oracle.com/javase/7/docs/api/javax/print/attribute/standard/RequestingUserName.html
RequestProcessingPolicy =  https://docs.oracle.com/javase/7/docs/api/org/omg/PortableServer/RequestProcessingPolicy.html
RequestProcessingPolicyOperations =  https://docs.oracle.com/javase/7/docs/api/org/omg/PortableServer/RequestProcessingPolicyOperations.html
RequestProcessingPolicyValue =  https://docs.oracle.com/javase/7/docs/api/org/omg/PortableServer/RequestProcessingPolicyValue.html
RequestWrapper =  https://docs.oracle.com/javase/7/docs/api/javax/xml/ws/RequestWrapper.html
RequiredModelMBean =  https://docs.oracle.com/javase/7/docs/api/javax/management/modelmbean/RequiredModelMBean.html
RescaleOp =  https://docs.oracle.com/javase/7/docs/api/java/awt/image/RescaleOp.html
ResolutionSyntax =  https://docs.oracle.com/javase/7/docs/api/javax/print/attribute/ResolutionSyntax.html
Resolver =  https://docs.oracle.com/javase/7/docs/api/javax/naming/spi/Resolver.html
ResolveResult =  https://docs.oracle.com/javase/7/docs/api/javax/naming/spi/ResolveResult.html
Resource =  https://docs.oracle.com/javase/7/docs/api/javax/annotation/Resource.html
Resource.AuthenticationType =  https://docs.oracle.com/javase/7/docs/api/javax/annotation/Resource.AuthenticationType.html
ResourceBundle =  https://docs.oracle.com/javase/7/docs/api/java/util/ResourceBundle.html
ResourceBundle.Control =  https://docs.oracle.com/javase/7/docs/api/java/util/ResourceBundle.Control.html
Resources =  https://docs.oracle.com/javase/7/docs/api/javax/annotation/Resources.html
RespectBinding =  https://docs.oracle.com/javase/7/docs/api/javax/xml/ws/RespectBinding.html
RespectBindingFeature =  https://docs.oracle.com/javase/7/docs/api/javax/xml/ws/RespectBindingFeature.html
Response =  https://docs.oracle.com/javase/7/docs/api/javax/xml/ws/Response.html
ResponseCache =  https://docs.oracle.com/javase/7/docs/api/java/net/ResponseCache.html
ResponseHandler =  https://docs.oracle.com/javase/7/docs/api/org/omg/CORBA/portable/ResponseHandler.html
ResponseWrapper =  https://docs.oracle.com/javase/7/docs/api/javax/xml/ws/ResponseWrapper.html
Result =  https://docs.oracle.com/javase/7/docs/api/javax/xml/transform/Result.html
ResultSet =  https://docs.oracle.com/javase/7/docs/api/java/sql/ResultSet.html
ResultSetMetaData =  https://docs.oracle.com/javase/7/docs/api/java/sql/ResultSetMetaData.html
Retention =  https://docs.oracle.com/javase/7/docs/api/java/lang/annotation/Retention.html
RetentionPolicy =  https://docs.oracle.com/javase/7/docs/api/java/lang/annotation/RetentionPolicy.html
RetrievalMethod =  https://docs.oracle.com/javase/7/docs/api/javax/xml/crypto/dsig/keyinfo/RetrievalMethod.html
ReverbType =  https://docs.oracle.com/javase/7/docs/api/javax/sound/sampled/ReverbType.html
RGBImageFilter =  https://docs.oracle.com/javase/7/docs/api/java/awt/image/RGBImageFilter.html
RMIClassLoader =  https://docs.oracle.com/javase/7/docs/api/java/rmi/server/RMIClassLoader.html
RMIClassLoaderSpi =  https://docs.oracle.com/javase/7/docs/api/java/rmi/server/RMIClassLoaderSpi.html
RMIClientSocketFactory =  https://docs.oracle.com/javase/7/docs/api/java/rmi/server/RMIClientSocketFactory.html
RMIConnection =  https://docs.oracle.com/javase/7/docs/api/javax/management/remote/rmi/RMIConnection.html
RMIConnectionImpl =  https://docs.oracle.com/javase/7/docs/api/javax/management/remote/rmi/RMIConnectionImpl.html
RMIConnectionImpl_Stub =  https://docs.oracle.com/javase/7/docs/api/javax/management/remote/rmi/RMIConnectionImpl_Stub.html
RMIConnector =  https://docs.oracle.com/javase/7/docs/api/javax/management/remote/rmi/RMIConnector.html
RMIConnectorServer =  https://docs.oracle.com/javase/7/docs/api/javax/management/remote/rmi/RMIConnectorServer.html
RMICustomMaxStreamFormat =  https://docs.oracle.com/javase/7/docs/api/org/omg/IOP/RMICustomMaxStreamFormat.html
RMIFailureHandler =  https://docs.oracle.com/javase/7/docs/api/java/rmi/server/RMIFailureHandler.html
RMIIIOPServerImpl =  https://docs.oracle.com/javase/7/docs/api/javax/management/remote/rmi/RMIIIOPServerImpl.html
RMIJRMPServerImpl =  https://docs.oracle.com/javase/7/docs/api/javax/management/remote/rmi/RMIJRMPServerImpl.html
RMISecurityException =  https://docs.oracle.com/javase/7/docs/api/java/rmi/RMISecurityException.html
RMISecurityManager =  https://docs.oracle.com/javase/7/docs/api/java/rmi/RMISecurityManager.html
RMIServer =  https://docs.oracle.com/javase/7/docs/api/javax/management/remote/rmi/RMIServer.html
RMIServerImpl =  https://docs.oracle.com/javase/7/docs/api/javax/management/remote/rmi/RMIServerImpl.html
RMIServerImpl_Stub =  https://docs.oracle.com/javase/7/docs/api/javax/management/remote/rmi/RMIServerImpl_Stub.html
RMIServerSocketFactory =  https://docs.oracle.com/javase/7/docs/api/java/rmi/server/RMIServerSocketFactory.html
RMISocketFactory =  https://docs.oracle.com/javase/7/docs/api/java/rmi/server/RMISocketFactory.html
Robot =  https://docs.oracle.com/javase/7/docs/api/java/awt/Robot.html
Role =  https://docs.oracle.com/javase/7/docs/api/javax/management/relation/Role.html
RoleInfo =  https://docs.oracle.com/javase/7/docs/api/javax/management/relation/RoleInfo.html
RoleInfoNotFoundException =  https://docs.oracle.com/javase/7/docs/api/javax/management/relation/RoleInfoNotFoundException.html
RoleList =  https://docs.oracle.com/javase/7/docs/api/javax/management/relation/RoleList.html
RoleNotFoundException =  https://docs.oracle.com/javase/7/docs/api/javax/management/relation/RoleNotFoundException.html
RoleResult =  https://docs.oracle.com/javase/7/docs/api/javax/management/relation/RoleResult.html
RoleStatus =  https://docs.oracle.com/javase/7/docs/api/javax/management/relation/RoleStatus.html
RoleUnresolved =  https://docs.oracle.com/javase/7/docs/api/javax/management/relation/RoleUnresolved.html
RoleUnresolvedList =  https://docs.oracle.com/javase/7/docs/api/javax/management/relation/RoleUnresolvedList.html
RootPaneContainer =  https://docs.oracle.com/javase/7/docs/api/javax/swing/RootPaneContainer.html
RootPaneUI =  https://docs.oracle.com/javase/7/docs/api/javax/swing/plaf/RootPaneUI.html
RoundEnvironment =  https://docs.oracle.com/javase/7/docs/api/javax/annotation/processing/RoundEnvironment.html
RoundingMode =  https://docs.oracle.com/javase/7/docs/api/java/math/RoundingMode.html
RoundRectangle2D =  https://docs.oracle.com/javase/7/docs/api/java/awt/geom/RoundRectangle2D.html
RoundRectangle2D.Double =  https://docs.oracle.com/javase/7/docs/api/java/awt/geom/RoundRectangle2D.Double.html
RoundRectangle2D.Float =  https://docs.oracle.com/javase/7/docs/api/java/awt/geom/RoundRectangle2D.Float.html
RowFilter =  https://docs.oracle.com/javase/7/docs/api/javax/swing/RowFilter.html
RowFilter.ComparisonType =  https://docs.oracle.com/javase/7/docs/api/javax/swing/RowFilter.ComparisonType.html
RowFilter.Entry =  https://docs.oracle.com/javase/7/docs/api/javax/swing/RowFilter.Entry.html
RowId =  https://docs.oracle.com/javase/7/docs/api/java/sql/RowId.html
RowIdLifetime =  https://docs.oracle.com/javase/7/docs/api/java/sql/RowIdLifetime.html
RowMapper =  https://docs.oracle.com/javase/7/docs/api/javax/swing/tree/RowMapper.html
RowSet =  https://docs.oracle.com/javase/7/docs/api/javax/sql/RowSet.html
RowSetEvent =  https://docs.oracle.com/javase/7/docs/api/javax/sql/RowSetEvent.html
RowSetFactory =  https://docs.oracle.com/javase/7/docs/api/javax/sql/rowset/RowSetFactory.html
RowSetInternal =  https://docs.oracle.com/javase/7/docs/api/javax/sql/RowSetInternal.html
RowSetListener =  https://docs.oracle.com/javase/7/docs/api/javax/sql/RowSetListener.html
RowSetMetaData =  https://docs.oracle.com/javase/7/docs/api/javax/sql/RowSetMetaData.html
RowSetMetaDataImpl =  https://docs.oracle.com/javase/7/docs/api/javax/sql/rowset/RowSetMetaDataImpl.html
RowSetProvider =  https://docs.oracle.com/javase/7/docs/api/javax/sql/rowset/RowSetProvider.html
RowSetReader =  https://docs.oracle.com/javase/7/docs/api/javax/sql/RowSetReader.html
RowSetWarning =  https://docs.oracle.com/javase/7/docs/api/javax/sql/rowset/RowSetWarning.html
RowSetWriter =  https://docs.oracle.com/javase/7/docs/api/javax/sql/RowSetWriter.html
RowSorter =  https://docs.oracle.com/javase/7/docs/api/javax/swing/RowSorter.html
RowSorter.SortKey =  https://docs.oracle.com/javase/7/docs/api/javax/swing/RowSorter.SortKey.html
RowSorterEvent =  https://docs.oracle.com/javase/7/docs/api/javax/swing/event/RowSorterEvent.html
RowSorterEvent.Type =  https://docs.oracle.com/javase/7/docs/api/javax/swing/event/RowSorterEvent.Type.html
RowSorterListener =  https://docs.oracle.com/javase/7/docs/api/javax/swing/event/RowSorterListener.html
RSAKey =  https://docs.oracle.com/javase/7/docs/api/java/security/interfaces/RSAKey.html
RSAKeyGenParameterSpec =  https://docs.oracle.com/javase/7/docs/api/java/security/spec/RSAKeyGenParameterSpec.html
RSAMultiPrimePrivateCrtKey =  https://docs.oracle.com/javase/7/docs/api/java/security/interfaces/RSAMultiPrimePrivateCrtKey.html
RSAMultiPrimePrivateCrtKeySpec =  https://docs.oracle.com/javase/7/docs/api/java/security/spec/RSAMultiPrimePrivateCrtKeySpec.html
RSAOtherPrimeInfo =  https://docs.oracle.com/javase/7/docs/api/java/security/spec/RSAOtherPrimeInfo.html
RSAPrivateCrtKey =  https://docs.oracle.com/javase/7/docs/api/java/security/interfaces/RSAPrivateCrtKey.html
RSAPrivateCrtKeySpec =  https://docs.oracle.com/javase/7/docs/api/java/security/spec/RSAPrivateCrtKeySpec.html
RSAPrivateKey =  https://docs.oracle.com/javase/7/docs/api/java/security/interfaces/RSAPrivateKey.html
RSAPrivateKeySpec =  https://docs.oracle.com/javase/7/docs/api/java/security/spec/RSAPrivateKeySpec.html
RSAPublicKey =  https://docs.oracle.com/javase/7/docs/api/java/security/interfaces/RSAPublicKey.html
RSAPublicKeySpec =  https://docs.oracle.com/javase/7/docs/api/java/security/spec/RSAPublicKeySpec.html
RTFEditorKit =  https://docs.oracle.com/javase/7/docs/api/javax/swing/text/rtf/RTFEditorKit.html
RuleBasedCollator =  https://docs.oracle.com/javase/7/docs/api/java/text/RuleBasedCollator.html
Runnable =  https://docs.oracle.com/javase/7/docs/api/java/lang/Runnable.html
RunnableFuture =  https://docs.oracle.com/javase/7/docs/api/java/util/concurrent/RunnableFuture.html
RunnableScheduledFuture =  https://docs.oracle.com/javase/7/docs/api/java/util/concurrent/RunnableScheduledFuture.html
Runtime =  https://docs.oracle.com/javase/7/docs/api/java/lang/Runtime.html
RunTime =  https://docs.oracle.com/javase/7/docs/api/org/omg/SendingContext/RunTime.html
RuntimeErrorException =  https://docs.oracle.com/javase/7/docs/api/javax/management/RuntimeErrorException.html
RuntimeException =  https://docs.oracle.com/javase/7/docs/api/java/lang/RuntimeException.html
RuntimeMBeanException =  https://docs.oracle.com/javase/7/docs/api/javax/management/RuntimeMBeanException.html
RuntimeMXBean =  https://docs.oracle.com/javase/7/docs/api/java/lang/management/RuntimeMXBean.html
RunTimeOperations =  https://docs.oracle.com/javase/7/docs/api/org/omg/SendingContext/RunTimeOperations.html
RuntimeOperationsException =  https://docs.oracle.com/javase/7/docs/api/javax/management/RuntimeOperationsException.html
RuntimePermission =  https://docs.oracle.com/javase/7/docs/api/java/lang/RuntimePermission.html
SAAJMetaFactory =  https://docs.oracle.com/javase/7/docs/api/javax/xml/soap/SAAJMetaFactory.html
SAAJResult =  https://docs.oracle.com/javase/7/docs/api/javax/xml/soap/SAAJResult.html
SafeVarargs =  https://docs.oracle.com/javase/7/docs/api/java/lang/SafeVarargs.html
SampleModel =  https://docs.oracle.com/javase/7/docs/api/java/awt/image/SampleModel.html
Sasl =  https://docs.oracle.com/javase/7/docs/api/javax/security/sasl/Sasl.html
SaslClient =  https://docs.oracle.com/javase/7/docs/api/javax/security/sasl/SaslClient.html
SaslClientFactory =  https://docs.oracle.com/javase/7/docs/api/javax/security/sasl/SaslClientFactory.html
SaslException =  https://docs.oracle.com/javase/7/docs/api/javax/security/sasl/SaslException.html
SaslServer =  https://docs.oracle.com/javase/7/docs/api/javax/security/sasl/SaslServer.html
SaslServerFactory =  https://docs.oracle.com/javase/7/docs/api/javax/security/sasl/SaslServerFactory.html
Savepoint =  https://docs.oracle.com/javase/7/docs/api/java/sql/Savepoint.html
SAXException =  https://docs.oracle.com/javase/7/docs/api/org/xml/sax/SAXException.html
SAXNotRecognizedException =  https://docs.oracle.com/javase/7/docs/api/org/xml/sax/SAXNotRecognizedException.html
SAXNotSupportedException =  https://docs.oracle.com/javase/7/docs/api/org/xml/sax/SAXNotSupportedException.html
SAXParseException =  https://docs.oracle.com/javase/7/docs/api/org/xml/sax/SAXParseException.html
SAXParser =  https://docs.oracle.com/javase/7/docs/api/javax/xml/parsers/SAXParser.html
SAXParserFactory =  https://docs.oracle.com/javase/7/docs/api/javax/xml/parsers/SAXParserFactory.html
SAXResult =  https://docs.oracle.com/javase/7/docs/api/javax/xml/transform/sax/SAXResult.html
SAXSource =  https://docs.oracle.com/javase/7/docs/api/javax/xml/transform/sax/SAXSource.html
SAXTransformerFactory =  https://docs.oracle.com/javase/7/docs/api/javax/xml/transform/sax/SAXTransformerFactory.html
Scanner =  https://docs.oracle.com/javase/7/docs/api/java/util/Scanner.html
ScatteringByteChannel =  https://docs.oracle.com/javase/7/docs/api/java/nio/channels/ScatteringByteChannel.html
ScheduledExecutorService =  https://docs.oracle.com/javase/7/docs/api/java/util/concurrent/ScheduledExecutorService.html
ScheduledFuture =  https://docs.oracle.com/javase/7/docs/api/java/util/concurrent/ScheduledFuture.html
ScheduledThreadPoolExecutor =  https://docs.oracle.com/javase/7/docs/api/java/util/concurrent/ScheduledThreadPoolExecutor.html
Schema =  https://docs.oracle.com/javase/7/docs/api/javax/xml/validation/Schema.html
SchemaFactory =  https://docs.oracle.com/javase/7/docs/api/javax/xml/validation/SchemaFactory.html
SchemaFactoryLoader =  https://docs.oracle.com/javase/7/docs/api/javax/xml/validation/SchemaFactoryLoader.html
SchemaOutputResolver =  https://docs.oracle.com/javase/7/docs/api/javax/xml/bind/SchemaOutputResolver.html
SchemaViolationException =  https://docs.oracle.com/javase/7/docs/api/javax/naming/directory/SchemaViolationException.html
ScriptContext =  https://docs.oracle.com/javase/7/docs/api/javax/script/ScriptContext.html
ScriptEngine =  https://docs.oracle.com/javase/7/docs/api/javax/script/ScriptEngine.html
ScriptEngineFactory =  https://docs.oracle.com/javase/7/docs/api/javax/script/ScriptEngineFactory.html
ScriptEngineManager =  https://docs.oracle.com/javase/7/docs/api/javax/script/ScriptEngineManager.html
ScriptException =  https://docs.oracle.com/javase/7/docs/api/javax/script/ScriptException.html
Scrollable =  https://docs.oracle.com/javase/7/docs/api/javax/swing/Scrollable.html
Scrollbar =  https://docs.oracle.com/javase/7/docs/api/java/awt/Scrollbar.html
ScrollBarUI =  https://docs.oracle.com/javase/7/docs/api/javax/swing/plaf/ScrollBarUI.html
ScrollPane =  https://docs.oracle.com/javase/7/docs/api/java/awt/ScrollPane.html
ScrollPaneAdjustable =  https://docs.oracle.com/javase/7/docs/api/java/awt/ScrollPaneAdjustable.html
ScrollPaneConstants =  https://docs.oracle.com/javase/7/docs/api/javax/swing/ScrollPaneConstants.html
ScrollPaneLayout =  https://docs.oracle.com/javase/7/docs/api/javax/swing/ScrollPaneLayout.html
ScrollPaneLayout.UIResource =  https://docs.oracle.com/javase/7/docs/api/javax/swing/ScrollPaneLayout.UIResource.html
ScrollPaneUI =  https://docs.oracle.com/javase/7/docs/api/javax/swing/plaf/ScrollPaneUI.html
SealedObject =  https://docs.oracle.com/javase/7/docs/api/javax/crypto/SealedObject.html
SearchControls =  https://docs.oracle.com/javase/7/docs/api/javax/naming/directory/SearchControls.html
SearchResult =  https://docs.oracle.com/javase/7/docs/api/javax/naming/directory/SearchResult.html
SecondaryLoop =  https://docs.oracle.com/javase/7/docs/api/java/awt/SecondaryLoop.html
SecretKey =  https://docs.oracle.com/javase/7/docs/api/javax/crypto/SecretKey.html
SecretKeyFactory =  https://docs.oracle.com/javase/7/docs/api/javax/crypto/SecretKeyFactory.html
SecretKeyFactorySpi =  https://docs.oracle.com/javase/7/docs/api/javax/crypto/SecretKeyFactorySpi.html
SecretKeySpec =  https://docs.oracle.com/javase/7/docs/api/javax/crypto/spec/SecretKeySpec.html
SecureCacheResponse =  https://docs.oracle.com/javase/7/docs/api/java/net/SecureCacheResponse.html
SecureClassLoader =  https://docs.oracle.com/javase/7/docs/api/java/security/SecureClassLoader.html
SecureDirectoryStream =  https://docs.oracle.com/javase/7/docs/api/java/nio/file/SecureDirectoryStream.html
SecureRandom =  https://docs.oracle.com/javase/7/docs/api/java/security/SecureRandom.html
SecureRandomSpi =  https://docs.oracle.com/javase/7/docs/api/java/security/SecureRandomSpi.html
Security =  https://docs.oracle.com/javase/7/docs/api/java/security/Security.html
SecurityException =  https://docs.oracle.com/javase/7/docs/api/java/lang/SecurityException.html
SecurityManager =  https://docs.oracle.com/javase/7/docs/api/java/lang/SecurityManager.html
SecurityPermission =  https://docs.oracle.com/javase/7/docs/api/java/security/SecurityPermission.html
SeekableByteChannel =  https://docs.oracle.com/javase/7/docs/api/java/nio/channels/SeekableByteChannel.html
Segment =  https://docs.oracle.com/javase/7/docs/api/javax/swing/text/Segment.html
SelectableChannel =  https://docs.oracle.com/javase/7/docs/api/java/nio/channels/SelectableChannel.html
SelectionKey =  https://docs.oracle.com/javase/7/docs/api/java/nio/channels/SelectionKey.html
Selector =  https://docs.oracle.com/javase/7/docs/api/java/nio/channels/Selector.html
SelectorProvider =  https://docs.oracle.com/javase/7/docs/api/java/nio/channels/spi/SelectorProvider.html
Semaphore =  https://docs.oracle.com/javase/7/docs/api/java/util/concurrent/Semaphore.html
SeparatorUI =  https://docs.oracle.com/javase/7/docs/api/javax/swing/plaf/SeparatorUI.html
Sequence =  https://docs.oracle.com/javase/7/docs/api/javax/sound/midi/Sequence.html
SequenceInputStream =  https://docs.oracle.com/javase/7/docs/api/java/io/SequenceInputStream.html
Sequencer =  https://docs.oracle.com/javase/7/docs/api/javax/sound/midi/Sequencer.html
Sequencer.SyncMode =  https://docs.oracle.com/javase/7/docs/api/javax/sound/midi/Sequencer.SyncMode.html
SerialArray =  https://docs.oracle.com/javase/7/docs/api/javax/sql/rowset/serial/SerialArray.html
SerialBlob =  https://docs.oracle.com/javase/7/docs/api/javax/sql/rowset/serial/SerialBlob.html
SerialClob =  https://docs.oracle.com/javase/7/docs/api/javax/sql/rowset/serial/SerialClob.html
SerialDatalink =  https://docs.oracle.com/javase/7/docs/api/javax/sql/rowset/serial/SerialDatalink.html
SerialException =  https://docs.oracle.com/javase/7/docs/api/javax/sql/rowset/serial/SerialException.html
Serializable =  https://docs.oracle.com/javase/7/docs/api/java/io/Serializable.html
SerializablePermission =  https://docs.oracle.com/javase/7/docs/api/java/io/SerializablePermission.html
SerialJavaObject =  https://docs.oracle.com/javase/7/docs/api/javax/sql/rowset/serial/SerialJavaObject.html
SerialRef =  https://docs.oracle.com/javase/7/docs/api/javax/sql/rowset/serial/SerialRef.html
SerialStruct =  https://docs.oracle.com/javase/7/docs/api/javax/sql/rowset/serial/SerialStruct.html
Servant =  https://docs.oracle.com/javase/7/docs/api/org/omg/PortableServer/Servant.html
SERVANT_RETENTION_POLICY_ID =  https://docs.oracle.com/javase/7/docs/api/org/omg/PortableServer/SERVANT_RETENTION_POLICY_ID.html
ServantActivator =  https://docs.oracle.com/javase/7/docs/api/org/omg/PortableServer/ServantActivator.html
ServantActivatorHelper =  https://docs.oracle.com/javase/7/docs/api/org/omg/PortableServer/ServantActivatorHelper.html
ServantActivatorOperations =  https://docs.oracle.com/javase/7/docs/api/org/omg/PortableServer/ServantActivatorOperations.html
ServantActivatorPOA =  https://docs.oracle.com/javase/7/docs/api/org/omg/PortableServer/ServantActivatorPOA.html
ServantAlreadyActive =  https://docs.oracle.com/javase/7/docs/api/org/omg/PortableServer/POAPackage/ServantAlreadyActive.html
ServantAlreadyActiveHelper =  https://docs.oracle.com/javase/7/docs/api/org/omg/PortableServer/POAPackage/ServantAlreadyActiveHelper.html
ServantLocator =  https://docs.oracle.com/javase/7/docs/api/org/omg/PortableServer/ServantLocator.html
ServantLocatorHelper =  https://docs.oracle.com/javase/7/docs/api/org/omg/PortableServer/ServantLocatorHelper.html
ServantLocatorOperations =  https://docs.oracle.com/javase/7/docs/api/org/omg/PortableServer/ServantLocatorOperations.html
ServantLocatorPOA =  https://docs.oracle.com/javase/7/docs/api/org/omg/PortableServer/ServantLocatorPOA.html
ServantManager =  https://docs.oracle.com/javase/7/docs/api/org/omg/PortableServer/ServantManager.html
ServantManagerOperations =  https://docs.oracle.com/javase/7/docs/api/org/omg/PortableServer/ServantManagerOperations.html
ServantNotActive =  https://docs.oracle.com/javase/7/docs/api/org/omg/PortableServer/POAPackage/ServantNotActive.html
ServantNotActiveHelper =  https://docs.oracle.com/javase/7/docs/api/org/omg/PortableServer/POAPackage/ServantNotActiveHelper.html
ServantObject =  https://docs.oracle.com/javase/7/docs/api/org/omg/CORBA/portable/ServantObject.html
ServantRetentionPolicy =  https://docs.oracle.com/javase/7/docs/api/org/omg/PortableServer/ServantRetentionPolicy.html
ServantRetentionPolicyOperations =  https://docs.oracle.com/javase/7/docs/api/org/omg/PortableServer/ServantRetentionPolicyOperations.html
ServantRetentionPolicyValue =  https://docs.oracle.com/javase/7/docs/api/org/omg/PortableServer/ServantRetentionPolicyValue.html
ServerCloneException =  https://docs.oracle.com/javase/7/docs/api/java/rmi/server/ServerCloneException.html
ServerError =  https://docs.oracle.com/javase/7/docs/api/java/rmi/ServerError.html
ServerException =  https://docs.oracle.com/javase/7/docs/api/java/rmi/ServerException.html
ServerIdHelper =  https://docs.oracle.com/javase/7/docs/api/org/omg/PortableInterceptor/ServerIdHelper.html
ServerNotActiveException =  https://docs.oracle.com/javase/7/docs/api/java/rmi/server/ServerNotActiveException.html
ServerRef =  https://docs.oracle.com/javase/7/docs/api/java/rmi/server/ServerRef.html
ServerRequest =  https://docs.oracle.com/javase/7/docs/api/org/omg/CORBA/ServerRequest.html
ServerRequestInfo =  https://docs.oracle.com/javase/7/docs/api/org/omg/PortableInterceptor/ServerRequestInfo.html
ServerRequestInfoOperations =  https://docs.oracle.com/javase/7/docs/api/org/omg/PortableInterceptor/ServerRequestInfoOperations.html
ServerRequestInterceptor =  https://docs.oracle.com/javase/7/docs/api/org/omg/PortableInterceptor/ServerRequestInterceptor.html
ServerRequestInterceptorOperations =  https://docs.oracle.com/javase/7/docs/api/org/omg/PortableInterceptor/ServerRequestInterceptorOperations.html
ServerRuntimeException =  https://docs.oracle.com/javase/7/docs/api/java/rmi/ServerRuntimeException.html
ServerSocket =  https://docs.oracle.com/javase/7/docs/api/java/net/ServerSocket.html
ServerSocketChannel =  https://docs.oracle.com/javase/7/docs/api/java/nio/channels/ServerSocketChannel.html
ServerSocketFactory =  https://docs.oracle.com/javase/7/docs/api/javax/net/ServerSocketFactory.html
Service =  https://docs.oracle.com/javase/7/docs/api/javax/xml/ws/Service.html
Service.Mode =  https://docs.oracle.com/javase/7/docs/api/javax/xml/ws/Service.Mode.html
ServiceConfigurationError =  https://docs.oracle.com/javase/7/docs/api/java/util/ServiceConfigurationError.html
ServiceContext =  https://docs.oracle.com/javase/7/docs/api/org/omg/IOP/ServiceContext.html
ServiceContextHelper =  https://docs.oracle.com/javase/7/docs/api/org/omg/IOP/ServiceContextHelper.html
ServiceContextHolder =  https://docs.oracle.com/javase/7/docs/api/org/omg/IOP/ServiceContextHolder.html
ServiceContextListHelper =  https://docs.oracle.com/javase/7/docs/api/org/omg/IOP/ServiceContextListHelper.html
ServiceContextListHolder =  https://docs.oracle.com/javase/7/docs/api/org/omg/IOP/ServiceContextListHolder.html
ServiceDelegate =  https://docs.oracle.com/javase/7/docs/api/javax/xml/ws/spi/ServiceDelegate.html
ServiceDetail =  https://docs.oracle.com/javase/7/docs/api/org/omg/CORBA/ServiceDetail.html
ServiceDetailHelper =  https://docs.oracle.com/javase/7/docs/api/org/omg/CORBA/ServiceDetailHelper.html
ServiceIdHelper =  https://docs.oracle.com/javase/7/docs/api/org/omg/IOP/ServiceIdHelper.html
ServiceInformation =  https://docs.oracle.com/javase/7/docs/api/org/omg/CORBA/ServiceInformation.html
ServiceInformationHelper =  https://docs.oracle.com/javase/7/docs/api/org/omg/CORBA/ServiceInformationHelper.html
ServiceInformationHolder =  https://docs.oracle.com/javase/7/docs/api/org/omg/CORBA/ServiceInformationHolder.html
ServiceLoader =  https://docs.oracle.com/javase/7/docs/api/java/util/ServiceLoader.html
ServiceMode =  https://docs.oracle.com/javase/7/docs/api/javax/xml/ws/ServiceMode.html
ServiceNotFoundException =  https://docs.oracle.com/javase/7/docs/api/javax/management/ServiceNotFoundException.html
ServicePermission =  https://docs.oracle.com/javase/7/docs/api/javax/security/auth/kerberos/ServicePermission.html
ServiceRegistry =  https://docs.oracle.com/javase/7/docs/api/javax/imageio/spi/ServiceRegistry.html
ServiceRegistry.Filter =  https://docs.oracle.com/javase/7/docs/api/javax/imageio/spi/ServiceRegistry.Filter.html
ServiceUI =  https://docs.oracle.com/javase/7/docs/api/javax/print/ServiceUI.html
ServiceUIFactory =  https://docs.oracle.com/javase/7/docs/api/javax/print/ServiceUIFactory.html
ServiceUnavailableException =  https://docs.oracle.com/javase/7/docs/api/javax/naming/ServiceUnavailableException.html
Set =  https://docs.oracle.com/javase/7/docs/api/java/util/Set.html
SetOfIntegerSyntax =  https://docs.oracle.com/javase/7/docs/api/javax/print/attribute/SetOfIntegerSyntax.html
SetOverrideType =  https://docs.oracle.com/javase/7/docs/api/org/omg/CORBA/SetOverrideType.html
SetOverrideTypeHelper =  https://docs.oracle.com/javase/7/docs/api/org/omg/CORBA/SetOverrideTypeHelper.html
Severity =  https://docs.oracle.com/javase/7/docs/api/javax/print/attribute/standard/Severity.html
Shape =  https://docs.oracle.com/javase/7/docs/api/java/awt/Shape.html
ShapeGraphicAttribute =  https://docs.oracle.com/javase/7/docs/api/java/awt/font/ShapeGraphicAttribute.html
SheetCollate =  https://docs.oracle.com/javase/7/docs/api/javax/print/attribute/standard/SheetCollate.html
Short =  https://docs.oracle.com/javase/7/docs/api/java/lang/Short.html
ShortBuffer =  https://docs.oracle.com/javase/7/docs/api/java/nio/ShortBuffer.html
ShortBufferException =  https://docs.oracle.com/javase/7/docs/api/javax/crypto/ShortBufferException.html
ShortHolder =  https://docs.oracle.com/javase/7/docs/api/org/omg/CORBA/ShortHolder.html
ShortLookupTable =  https://docs.oracle.com/javase/7/docs/api/java/awt/image/ShortLookupTable.html
ShortMessage =  https://docs.oracle.com/javase/7/docs/api/javax/sound/midi/ShortMessage.html
ShortSeqHelper =  https://docs.oracle.com/javase/7/docs/api/org/omg/CORBA/ShortSeqHelper.html
ShortSeqHolder =  https://docs.oracle.com/javase/7/docs/api/org/omg/CORBA/ShortSeqHolder.html
ShutdownChannelGroupException =  https://docs.oracle.com/javase/7/docs/api/java/nio/channels/ShutdownChannelGroupException.html
Sides =  https://docs.oracle.com/javase/7/docs/api/javax/print/attribute/standard/Sides.html
Signature =  https://docs.oracle.com/javase/7/docs/api/java/security/Signature.html
SignatureException =  https://docs.oracle.com/javase/7/docs/api/java/security/SignatureException.html
SignatureMethod =  https://docs.oracle.com/javase/7/docs/api/javax/xml/crypto/dsig/SignatureMethod.html
SignatureMethodParameterSpec =  https://docs.oracle.com/javase/7/docs/api/javax/xml/crypto/dsig/spec/SignatureMethodParameterSpec.html
SignatureProperties =  https://docs.oracle.com/javase/7/docs/api/javax/xml/crypto/dsig/SignatureProperties.html
SignatureProperty =  https://docs.oracle.com/javase/7/docs/api/javax/xml/crypto/dsig/SignatureProperty.html
SignatureSpi =  https://docs.oracle.com/javase/7/docs/api/java/security/SignatureSpi.html
SignedInfo =  https://docs.oracle.com/javase/7/docs/api/javax/xml/crypto/dsig/SignedInfo.html
SignedObject =  https://docs.oracle.com/javase/7/docs/api/java/security/SignedObject.html
Signer =  https://docs.oracle.com/javase/7/docs/api/java/security/Signer.html
SimpleAnnotationValueVisitor6 =  https://docs.oracle.com/javase/7/docs/api/javax/lang/model/util/SimpleAnnotationValueVisitor6.html
SimpleAnnotationValueVisitor7 =  https://docs.oracle.com/javase/7/docs/api/javax/lang/model/util/SimpleAnnotationValueVisitor7.html
SimpleAttributeSet =  https://docs.oracle.com/javase/7/docs/api/javax/swing/text/SimpleAttributeSet.html
SimpleBeanInfo =  https://docs.oracle.com/javase/7/docs/api/java/beans/SimpleBeanInfo.html
SimpleBindings =  https://docs.oracle.com/javase/7/docs/api/javax/script/SimpleBindings.html
SimpleDateFormat =  https://docs.oracle.com/javase/7/docs/api/java/text/SimpleDateFormat.html
SimpleDoc =  https://docs.oracle.com/javase/7/docs/api/javax/print/SimpleDoc.html
SimpleElementVisitor6 =  https://docs.oracle.com/javase/7/docs/api/javax/lang/model/util/SimpleElementVisitor6.html
SimpleElementVisitor7 =  https://docs.oracle.com/javase/7/docs/api/javax/lang/model/util/SimpleElementVisitor7.html
SimpleFileVisitor =  https://docs.oracle.com/javase/7/docs/api/java/nio/file/SimpleFileVisitor.html
SimpleFormatter =  https://docs.oracle.com/javase/7/docs/api/java/util/logging/SimpleFormatter.html
SimpleJavaFileObject =  https://docs.oracle.com/javase/7/docs/api/javax/tools/SimpleJavaFileObject.html
SimpleScriptContext =  https://docs.oracle.com/javase/7/docs/api/javax/script/SimpleScriptContext.html
SimpleTimeZone =  https://docs.oracle.com/javase/7/docs/api/java/util/SimpleTimeZone.html
SimpleType =  https://docs.oracle.com/javase/7/docs/api/javax/management/openmbean/SimpleType.html
SimpleTypeVisitor6 =  https://docs.oracle.com/javase/7/docs/api/javax/lang/model/util/SimpleTypeVisitor6.html
SimpleTypeVisitor7 =  https://docs.oracle.com/javase/7/docs/api/javax/lang/model/util/SimpleTypeVisitor7.html
SinglePixelPackedSampleModel =  https://docs.oracle.com/javase/7/docs/api/java/awt/image/SinglePixelPackedSampleModel.html
SingleSelectionModel =  https://docs.oracle.com/javase/7/docs/api/javax/swing/SingleSelectionModel.html
Size2DSyntax =  https://docs.oracle.com/javase/7/docs/api/javax/print/attribute/Size2DSyntax.html
SizeLimitExceededException =  https://docs.oracle.com/javase/7/docs/api/javax/naming/SizeLimitExceededException.html
SizeRequirements =  https://docs.oracle.com/javase/7/docs/api/javax/swing/SizeRequirements.html
SizeSequence =  https://docs.oracle.com/javase/7/docs/api/javax/swing/SizeSequence.html
Skeleton =  https://docs.oracle.com/javase/7/docs/api/java/rmi/server/Skeleton.html
SkeletonMismatchException =  https://docs.oracle.com/javase/7/docs/api/java/rmi/server/SkeletonMismatchException.html
SkeletonNotFoundException =  https://docs.oracle.com/javase/7/docs/api/java/rmi/server/SkeletonNotFoundException.html
SliderUI =  https://docs.oracle.com/javase/7/docs/api/javax/swing/plaf/SliderUI.html
SOAPBinding =  https://docs.oracle.com/javase/7/docs/api/javax/jws/soap/SOAPBinding.html
SOAPBinding =  https://docs.oracle.com/javase/7/docs/api/javax/xml/ws/soap/SOAPBinding.html
SOAPBinding.ParameterStyle =  https://docs.oracle.com/javase/7/docs/api/javax/jws/soap/SOAPBinding.ParameterStyle.html
SOAPBinding.Style =  https://docs.oracle.com/javase/7/docs/api/javax/jws/soap/SOAPBinding.Style.html
SOAPBinding.Use =  https://docs.oracle.com/javase/7/docs/api/javax/jws/soap/SOAPBinding.Use.html
SOAPBody =  https://docs.oracle.com/javase/7/docs/api/javax/xml/soap/SOAPBody.html
SOAPBodyElement =  https://docs.oracle.com/javase/7/docs/api/javax/xml/soap/SOAPBodyElement.html
SOAPConnection =  https://docs.oracle.com/javase/7/docs/api/javax/xml/soap/SOAPConnection.html
SOAPConnectionFactory =  https://docs.oracle.com/javase/7/docs/api/javax/xml/soap/SOAPConnectionFactory.html
SOAPConstants =  https://docs.oracle.com/javase/7/docs/api/javax/xml/soap/SOAPConstants.html
SOAPElement =  https://docs.oracle.com/javase/7/docs/api/javax/xml/soap/SOAPElement.html
SOAPElementFactory =  https://docs.oracle.com/javase/7/docs/api/javax/xml/soap/SOAPElementFactory.html
SOAPEnvelope =  https://docs.oracle.com/javase/7/docs/api/javax/xml/soap/SOAPEnvelope.html
SOAPException =  https://docs.oracle.com/javase/7/docs/api/javax/xml/soap/SOAPException.html
SOAPFactory =  https://docs.oracle.com/javase/7/docs/api/javax/xml/soap/SOAPFactory.html
SOAPFault =  https://docs.oracle.com/javase/7/docs/api/javax/xml/soap/SOAPFault.html
SOAPFaultElement =  https://docs.oracle.com/javase/7/docs/api/javax/xml/soap/SOAPFaultElement.html
SOAPFaultException =  https://docs.oracle.com/javase/7/docs/api/javax/xml/ws/soap/SOAPFaultException.html
SOAPHandler =  https://docs.oracle.com/javase/7/docs/api/javax/xml/ws/handler/soap/SOAPHandler.html
SOAPHeader =  https://docs.oracle.com/javase/7/docs/api/javax/xml/soap/SOAPHeader.html
SOAPHeaderElement =  https://docs.oracle.com/javase/7/docs/api/javax/xml/soap/SOAPHeaderElement.html
SOAPMessage =  https://docs.oracle.com/javase/7/docs/api/javax/xml/soap/SOAPMessage.html
SOAPMessageContext =  https://docs.oracle.com/javase/7/docs/api/javax/xml/ws/handler/soap/SOAPMessageContext.html
SOAPMessageHandler =  https://docs.oracle.com/javase/7/docs/api/javax/jws/soap/SOAPMessageHandler.html
SOAPMessageHandlers =  https://docs.oracle.com/javase/7/docs/api/javax/jws/soap/SOAPMessageHandlers.html
SOAPPart =  https://docs.oracle.com/javase/7/docs/api/javax/xml/soap/SOAPPart.html
Socket =  https://docs.oracle.com/javase/7/docs/api/java/net/Socket.html
SocketAddress =  https://docs.oracle.com/javase/7/docs/api/java/net/SocketAddress.html
SocketChannel =  https://docs.oracle.com/javase/7/docs/api/java/nio/channels/SocketChannel.html
SocketException =  https://docs.oracle.com/javase/7/docs/api/java/net/SocketException.html
SocketFactory =  https://docs.oracle.com/javase/7/docs/api/javax/net/SocketFactory.html
SocketHandler =  https://docs.oracle.com/javase/7/docs/api/java/util/logging/SocketHandler.html
SocketImpl =  https://docs.oracle.com/javase/7/docs/api/java/net/SocketImpl.html
SocketImplFactory =  https://docs.oracle.com/javase/7/docs/api/java/net/SocketImplFactory.html
SocketOption =  https://docs.oracle.com/javase/7/docs/api/java/net/SocketOption.html
SocketOptions =  https://docs.oracle.com/javase/7/docs/api/java/net/SocketOptions.html
SocketPermission =  https://docs.oracle.com/javase/7/docs/api/java/net/SocketPermission.html
SocketSecurityException =  https://docs.oracle.com/javase/7/docs/api/java/rmi/server/SocketSecurityException.html
SocketTimeoutException =  https://docs.oracle.com/javase/7/docs/api/java/net/SocketTimeoutException.html
SoftBevelBorder =  https://docs.oracle.com/javase/7/docs/api/javax/swing/border/SoftBevelBorder.html
SoftReference =  https://docs.oracle.com/javase/7/docs/api/java/lang/ref/SoftReference.html
SortControl =  https://docs.oracle.com/javase/7/docs/api/javax/naming/ldap/SortControl.html
SortedMap =  https://docs.oracle.com/javase/7/docs/api/java/util/SortedMap.html
SortedSet =  https://docs.oracle.com/javase/7/docs/api/java/util/SortedSet.html
SortingFocusTraversalPolicy =  https://docs.oracle.com/javase/7/docs/api/javax/swing/SortingFocusTraversalPolicy.html
SortKey =  https://docs.oracle.com/javase/7/docs/api/javax/naming/ldap/SortKey.html
SortOrder =  https://docs.oracle.com/javase/7/docs/api/javax/swing/SortOrder.html
SortResponseControl =  https://docs.oracle.com/javase/7/docs/api/javax/naming/ldap/SortResponseControl.html
Soundbank =  https://docs.oracle.com/javase/7/docs/api/javax/sound/midi/Soundbank.html
SoundbankReader =  https://docs.oracle.com/javase/7/docs/api/javax/sound/midi/spi/SoundbankReader.html
SoundbankResource =  https://docs.oracle.com/javase/7/docs/api/javax/sound/midi/SoundbankResource.html
Source =  https://docs.oracle.com/javase/7/docs/api/javax/xml/transform/Source.html
SourceDataLine =  https://docs.oracle.com/javase/7/docs/api/javax/sound/sampled/SourceDataLine.html
SourceLocator =  https://docs.oracle.com/javase/7/docs/api/javax/xml/transform/SourceLocator.html
SourceVersion =  https://docs.oracle.com/javase/7/docs/api/javax/lang/model/SourceVersion.html
SpinnerDateModel =  https://docs.oracle.com/javase/7/docs/api/javax/swing/SpinnerDateModel.html
SpinnerListModel =  https://docs.oracle.com/javase/7/docs/api/javax/swing/SpinnerListModel.html
SpinnerModel =  https://docs.oracle.com/javase/7/docs/api/javax/swing/SpinnerModel.html
SpinnerNumberModel =  https://docs.oracle.com/javase/7/docs/api/javax/swing/SpinnerNumberModel.html
SpinnerUI =  https://docs.oracle.com/javase/7/docs/api/javax/swing/plaf/SpinnerUI.html
SplashScreen =  https://docs.oracle.com/javase/7/docs/api/java/awt/SplashScreen.html
SplitPaneUI =  https://docs.oracle.com/javase/7/docs/api/javax/swing/plaf/SplitPaneUI.html
Spring =  https://docs.oracle.com/javase/7/docs/api/javax/swing/Spring.html
SpringLayout =  https://docs.oracle.com/javase/7/docs/api/javax/swing/SpringLayout.html
SpringLayout.Constraints =  https://docs.oracle.com/javase/7/docs/api/javax/swing/SpringLayout.Constraints.html
SQLClientInfoException =  https://docs.oracle.com/javase/7/docs/api/java/sql/SQLClientInfoException.html
SQLData =  https://docs.oracle.com/javase/7/docs/api/java/sql/SQLData.html
SQLDataException =  https://docs.oracle.com/javase/7/docs/api/java/sql/SQLDataException.html
SQLException =  https://docs.oracle.com/javase/7/docs/api/java/sql/SQLException.html
SQLFeatureNotSupportedException =  https://docs.oracle.com/javase/7/docs/api/java/sql/SQLFeatureNotSupportedException.html
SQLInput =  https://docs.oracle.com/javase/7/docs/api/java/sql/SQLInput.html
SQLInputImpl =  https://docs.oracle.com/javase/7/docs/api/javax/sql/rowset/serial/SQLInputImpl.html
SQLIntegrityConstraintViolationException =  https://docs.oracle.com/javase/7/docs/api/java/sql/SQLIntegrityConstraintViolationException.html
SQLInvalidAuthorizationSpecException =  https://docs.oracle.com/javase/7/docs/api/java/sql/SQLInvalidAuthorizationSpecException.html
SQLNonTransientConnectionException =  https://docs.oracle.com/javase/7/docs/api/java/sql/SQLNonTransientConnectionException.html
SQLNonTransientException =  https://docs.oracle.com/javase/7/docs/api/java/sql/SQLNonTransientException.html
SQLOutput =  https://docs.oracle.com/javase/7/docs/api/java/sql/SQLOutput.html
SQLOutputImpl =  https://docs.oracle.com/javase/7/docs/api/javax/sql/rowset/serial/SQLOutputImpl.html
SQLPermission =  https://docs.oracle.com/javase/7/docs/api/java/sql/SQLPermission.html
SQLRecoverableException =  https://docs.oracle.com/javase/7/docs/api/java/sql/SQLRecoverableException.html
SQLSyntaxErrorException =  https://docs.oracle.com/javase/7/docs/api/java/sql/SQLSyntaxErrorException.html
SQLTimeoutException =  https://docs.oracle.com/javase/7/docs/api/java/sql/SQLTimeoutException.html
SQLTransactionRollbackException =  https://docs.oracle.com/javase/7/docs/api/java/sql/SQLTransactionRollbackException.html
SQLTransientConnectionException =  https://docs.oracle.com/javase/7/docs/api/java/sql/SQLTransientConnectionException.html
SQLTransientException =  https://docs.oracle.com/javase/7/docs/api/java/sql/SQLTransientException.html
SQLWarning =  https://docs.oracle.com/javase/7/docs/api/java/sql/SQLWarning.html
SQLXML =  https://docs.oracle.com/javase/7/docs/api/java/sql/SQLXML.html
SSLContext =  https://docs.oracle.com/javase/7/docs/api/javax/net/ssl/SSLContext.html
SSLContextSpi =  https://docs.oracle.com/javase/7/docs/api/javax/net/ssl/SSLContextSpi.html
SSLEngine =  https://docs.oracle.com/javase/7/docs/api/javax/net/ssl/SSLEngine.html
SSLEngineResult =  https://docs.oracle.com/javase/7/docs/api/javax/net/ssl/SSLEngineResult.html
SSLEngineResult.HandshakeStatus =  https://docs.oracle.com/javase/7/docs/api/javax/net/ssl/SSLEngineResult.HandshakeStatus.html
SSLEngineResult.Status =  https://docs.oracle.com/javase/7/docs/api/javax/net/ssl/SSLEngineResult.Status.html
SSLException =  https://docs.oracle.com/javase/7/docs/api/javax/net/ssl/SSLException.html
SSLHandshakeException =  https://docs.oracle.com/javase/7/docs/api/javax/net/ssl/SSLHandshakeException.html
SSLKeyException =  https://docs.oracle.com/javase/7/docs/api/javax/net/ssl/SSLKeyException.html
SSLParameters =  https://docs.oracle.com/javase/7/docs/api/javax/net/ssl/SSLParameters.html
SSLPeerUnverifiedException =  https://docs.oracle.com/javase/7/docs/api/javax/net/ssl/SSLPeerUnverifiedException.html
SSLPermission =  https://docs.oracle.com/javase/7/docs/api/javax/net/ssl/SSLPermission.html
SSLProtocolException =  https://docs.oracle.com/javase/7/docs/api/javax/net/ssl/SSLProtocolException.html
SslRMIClientSocketFactory =  https://docs.oracle.com/javase/7/docs/api/javax/rmi/ssl/SslRMIClientSocketFactory.html
SslRMIServerSocketFactory =  https://docs.oracle.com/javase/7/docs/api/javax/rmi/ssl/SslRMIServerSocketFactory.html
SSLServerSocket =  https://docs.oracle.com/javase/7/docs/api/javax/net/ssl/SSLServerSocket.html
SSLServerSocketFactory =  https://docs.oracle.com/javase/7/docs/api/javax/net/ssl/SSLServerSocketFactory.html
SSLSession =  https://docs.oracle.com/javase/7/docs/api/javax/net/ssl/SSLSession.html
SSLSessionBindingEvent =  https://docs.oracle.com/javase/7/docs/api/javax/net/ssl/SSLSessionBindingEvent.html
SSLSessionBindingListener =  https://docs.oracle.com/javase/7/docs/api/javax/net/ssl/SSLSessionBindingListener.html
SSLSessionContext =  https://docs.oracle.com/javase/7/docs/api/javax/net/ssl/SSLSessionContext.html
SSLSocket =  https://docs.oracle.com/javase/7/docs/api/javax/net/ssl/SSLSocket.html
SSLSocketFactory =  https://docs.oracle.com/javase/7/docs/api/javax/net/ssl/SSLSocketFactory.html
Stack =  https://docs.oracle.com/javase/7/docs/api/java/util/Stack.html
StackOverflowError =  https://docs.oracle.com/javase/7/docs/api/java/lang/StackOverflowError.html
StackTraceElement =  https://docs.oracle.com/javase/7/docs/api/java/lang/StackTraceElement.html
StandardCharsets =  https://docs.oracle.com/javase/7/docs/api/java/nio/charset/StandardCharsets.html
StandardCopyOption =  https://docs.oracle.com/javase/7/docs/api/java/nio/file/StandardCopyOption.html
StandardEmitterMBean =  https://docs.oracle.com/javase/7/docs/api/javax/management/StandardEmitterMBean.html
StandardJavaFileManager =  https://docs.oracle.com/javase/7/docs/api/javax/tools/StandardJavaFileManager.html
StandardLocation =  https://docs.oracle.com/javase/7/docs/api/javax/tools/StandardLocation.html
StandardMBean =  https://docs.oracle.com/javase/7/docs/api/javax/management/StandardMBean.html
StandardOpenOption =  https://docs.oracle.com/javase/7/docs/api/java/nio/file/StandardOpenOption.html
StandardProtocolFamily =  https://docs.oracle.com/javase/7/docs/api/java/net/StandardProtocolFamily.html
StandardSocketOptions =  https://docs.oracle.com/javase/7/docs/api/java/net/StandardSocketOptions.html
StandardWatchEventKinds =  https://docs.oracle.com/javase/7/docs/api/java/nio/file/StandardWatchEventKinds.html
StartDocument =  https://docs.oracle.com/javase/7/docs/api/javax/xml/stream/events/StartDocument.html
StartElement =  https://docs.oracle.com/javase/7/docs/api/javax/xml/stream/events/StartElement.html
StartTlsRequest =  https://docs.oracle.com/javase/7/docs/api/javax/naming/ldap/StartTlsRequest.html
StartTlsResponse =  https://docs.oracle.com/javase/7/docs/api/javax/naming/ldap/StartTlsResponse.html
State =  https://docs.oracle.com/javase/7/docs/api/javax/swing/plaf/nimbus/State.html
State =  https://docs.oracle.com/javase/7/docs/api/org/omg/PortableServer/POAManagerPackage/State.html
StateEdit =  https://docs.oracle.com/javase/7/docs/api/javax/swing/undo/StateEdit.html
StateEditable =  https://docs.oracle.com/javase/7/docs/api/javax/swing/undo/StateEditable.html
StateFactory =  https://docs.oracle.com/javase/7/docs/api/javax/naming/spi/StateFactory.html
Statement =  https://docs.oracle.com/javase/7/docs/api/java/beans/Statement.html
Statement =  https://docs.oracle.com/javase/7/docs/api/java/sql/Statement.html
StatementEvent =  https://docs.oracle.com/javase/7/docs/api/javax/sql/StatementEvent.html
StatementEventListener =  https://docs.oracle.com/javase/7/docs/api/javax/sql/StatementEventListener.html
StAXResult =  https://docs.oracle.com/javase/7/docs/api/javax/xml/transform/stax/StAXResult.html
StAXSource =  https://docs.oracle.com/javase/7/docs/api/javax/xml/transform/stax/StAXSource.html
Streamable =  https://docs.oracle.com/javase/7/docs/api/org/omg/CORBA/portable/Streamable.html
StreamableValue =  https://docs.oracle.com/javase/7/docs/api/org/omg/CORBA/portable/StreamableValue.html
StreamCorruptedException =  https://docs.oracle.com/javase/7/docs/api/java/io/StreamCorruptedException.html
StreamFilter =  https://docs.oracle.com/javase/7/docs/api/javax/xml/stream/StreamFilter.html
StreamHandler =  https://docs.oracle.com/javase/7/docs/api/java/util/logging/StreamHandler.html
StreamPrintService =  https://docs.oracle.com/javase/7/docs/api/javax/print/StreamPrintService.html
StreamPrintServiceFactory =  https://docs.oracle.com/javase/7/docs/api/javax/print/StreamPrintServiceFactory.html
StreamReaderDelegate =  https://docs.oracle.com/javase/7/docs/api/javax/xml/stream/util/StreamReaderDelegate.html
StreamResult =  https://docs.oracle.com/javase/7/docs/api/javax/xml/transform/stream/StreamResult.html
StreamSource =  https://docs.oracle.com/javase/7/docs/api/javax/xml/transform/stream/StreamSource.html
StreamTokenizer =  https://docs.oracle.com/javase/7/docs/api/java/io/StreamTokenizer.html
StrictMath =  https://docs.oracle.com/javase/7/docs/api/java/lang/StrictMath.html
String =  https://docs.oracle.com/javase/7/docs/api/java/lang/String.html
StringBuffer =  https://docs.oracle.com/javase/7/docs/api/java/lang/StringBuffer.html
StringBufferInputStream =  https://docs.oracle.com/javase/7/docs/api/java/io/StringBufferInputStream.html
StringBuilder =  https://docs.oracle.com/javase/7/docs/api/java/lang/StringBuilder.html
StringCharacterIterator =  https://docs.oracle.com/javase/7/docs/api/java/text/StringCharacterIterator.html
StringContent =  https://docs.oracle.com/javase/7/docs/api/javax/swing/text/StringContent.html
StringHolder =  https://docs.oracle.com/javase/7/docs/api/org/omg/CORBA/StringHolder.html
StringIndexOutOfBoundsException =  https://docs.oracle.com/javase/7/docs/api/java/lang/StringIndexOutOfBoundsException.html
StringMonitor =  https://docs.oracle.com/javase/7/docs/api/javax/management/monitor/StringMonitor.html
StringMonitorMBean =  https://docs.oracle.com/javase/7/docs/api/javax/management/monitor/StringMonitorMBean.html
StringNameHelper =  https://docs.oracle.com/javase/7/docs/api/org/omg/CosNaming/NamingContextExtPackage/StringNameHelper.html
StringReader =  https://docs.oracle.com/javase/7/docs/api/java/io/StringReader.html
StringRefAddr =  https://docs.oracle.com/javase/7/docs/api/javax/naming/StringRefAddr.html
StringSelection =  https://docs.oracle.com/javase/7/docs/api/java/awt/datatransfer/StringSelection.html
StringSeqHelper =  https://docs.oracle.com/javase/7/docs/api/org/omg/CORBA/StringSeqHelper.html
StringSeqHolder =  https://docs.oracle.com/javase/7/docs/api/org/omg/CORBA/StringSeqHolder.html
StringTokenizer =  https://docs.oracle.com/javase/7/docs/api/java/util/StringTokenizer.html
StringValueExp =  https://docs.oracle.com/javase/7/docs/api/javax/management/StringValueExp.html
StringValueHelper =  https://docs.oracle.com/javase/7/docs/api/org/omg/CORBA/StringValueHelper.html
StringWriter =  https://docs.oracle.com/javase/7/docs/api/java/io/StringWriter.html
Stroke =  https://docs.oracle.com/javase/7/docs/api/java/awt/Stroke.html
StrokeBorder =  https://docs.oracle.com/javase/7/docs/api/javax/swing/border/StrokeBorder.html
Struct =  https://docs.oracle.com/javase/7/docs/api/java/sql/Struct.html
StructMember =  https://docs.oracle.com/javase/7/docs/api/org/omg/CORBA/StructMember.html
StructMemberHelper =  https://docs.oracle.com/javase/7/docs/api/org/omg/CORBA/StructMemberHelper.html
Stub =  https://docs.oracle.com/javase/7/docs/api/javax/rmi/CORBA/Stub.html
StubDelegate =  https://docs.oracle.com/javase/7/docs/api/javax/rmi/CORBA/StubDelegate.html
StubNotFoundException =  https://docs.oracle.com/javase/7/docs/api/java/rmi/StubNotFoundException.html
Style =  https://docs.oracle.com/javase/7/docs/api/javax/swing/text/Style.html
StyleConstants =  https://docs.oracle.com/javase/7/docs/api/javax/swing/text/StyleConstants.html
StyleConstants.CharacterConstants =  https://docs.oracle.com/javase/7/docs/api/javax/swing/text/StyleConstants.CharacterConstants.html
StyleConstants.ColorConstants =  https://docs.oracle.com/javase/7/docs/api/javax/swing/text/StyleConstants.ColorConstants.html
StyleConstants.FontConstants =  https://docs.oracle.com/javase/7/docs/api/javax/swing/text/StyleConstants.FontConstants.html
StyleConstants.ParagraphConstants =  https://docs.oracle.com/javase/7/docs/api/javax/swing/text/StyleConstants.ParagraphConstants.html
StyleContext =  https://docs.oracle.com/javase/7/docs/api/javax/swing/text/StyleContext.html
StyledDocument =  https://docs.oracle.com/javase/7/docs/api/javax/swing/text/StyledDocument.html
StyledEditorKit =  https://docs.oracle.com/javase/7/docs/api/javax/swing/text/StyledEditorKit.html
StyledEditorKit.AlignmentAction =  https://docs.oracle.com/javase/7/docs/api/javax/swing/text/StyledEditorKit.AlignmentAction.html
StyledEditorKit.BoldAction =  https://docs.oracle.com/javase/7/docs/api/javax/swing/text/StyledEditorKit.BoldAction.html
StyledEditorKit.FontFamilyAction =  https://docs.oracle.com/javase/7/docs/api/javax/swing/text/StyledEditorKit.FontFamilyAction.html
StyledEditorKit.FontSizeAction =  https://docs.oracle.com/javase/7/docs/api/javax/swing/text/StyledEditorKit.FontSizeAction.html
StyledEditorKit.ForegroundAction =  https://docs.oracle.com/javase/7/docs/api/javax/swing/text/StyledEditorKit.ForegroundAction.html
StyledEditorKit.ItalicAction =  https://docs.oracle.com/javase/7/docs/api/javax/swing/text/StyledEditorKit.ItalicAction.html
StyledEditorKit.StyledTextAction =  https://docs.oracle.com/javase/7/docs/api/javax/swing/text/StyledEditorKit.StyledTextAction.html
StyledEditorKit.UnderlineAction =  https://docs.oracle.com/javase/7/docs/api/javax/swing/text/StyledEditorKit.UnderlineAction.html
StyleSheet =  https://docs.oracle.com/javase/7/docs/api/javax/swing/text/html/StyleSheet.html
StyleSheet.BoxPainter =  https://docs.oracle.com/javase/7/docs/api/javax/swing/text/html/StyleSheet.BoxPainter.html
StyleSheet.ListPainter =  https://docs.oracle.com/javase/7/docs/api/javax/swing/text/html/StyleSheet.ListPainter.html
Subject =  https://docs.oracle.com/javase/7/docs/api/javax/security/auth/Subject.html
SubjectDelegationPermission =  https://docs.oracle.com/javase/7/docs/api/javax/management/remote/SubjectDelegationPermission.html
SubjectDomainCombiner =  https://docs.oracle.com/javase/7/docs/api/javax/security/auth/SubjectDomainCombiner.html
SUCCESSFUL =  https://docs.oracle.com/javase/7/docs/api/org/omg/PortableInterceptor/SUCCESSFUL.html
SupportedAnnotationTypes =  https://docs.oracle.com/javase/7/docs/api/javax/annotation/processing/SupportedAnnotationTypes.html
SupportedOptions =  https://docs.oracle.com/javase/7/docs/api/javax/annotation/processing/SupportedOptions.html
SupportedSourceVersion =  https://docs.oracle.com/javase/7/docs/api/javax/annotation/processing/SupportedSourceVersion.html
SupportedValuesAttribute =  https://docs.oracle.com/javase/7/docs/api/javax/print/attribute/SupportedValuesAttribute.html
SuppressWarnings =  https://docs.oracle.com/javase/7/docs/api/java/lang/SuppressWarnings.html
SwingConstants =  https://docs.oracle.com/javase/7/docs/api/javax/swing/SwingConstants.html
SwingPropertyChangeSupport =  https://docs.oracle.com/javase/7/docs/api/javax/swing/event/SwingPropertyChangeSupport.html
SwingUtilities =  https://docs.oracle.com/javase/7/docs/api/javax/swing/SwingUtilities.html
SwingWorker =  https://docs.oracle.com/javase/7/docs/api/javax/swing/SwingWorker.html
SwingWorker.StateValue =  https://docs.oracle.com/javase/7/docs/api/javax/swing/SwingWorker.StateValue.html
SwitchPoint =  https://docs.oracle.com/javase/7/docs/api/java/lang/invoke/SwitchPoint.html
SYNC_WITH_TRANSPORT =  https://docs.oracle.com/javase/7/docs/api/org/omg/Messaging/SYNC_WITH_TRANSPORT.html
SyncFactory =  https://docs.oracle.com/javase/7/docs/api/javax/sql/rowset/spi/SyncFactory.html
SyncFactoryException =  https://docs.oracle.com/javase/7/docs/api/javax/sql/rowset/spi/SyncFactoryException.html
SyncFailedException =  https://docs.oracle.com/javase/7/docs/api/java/io/SyncFailedException.html
SynchronousQueue =  https://docs.oracle.com/javase/7/docs/api/java/util/concurrent/SynchronousQueue.html
SyncProvider =  https://docs.oracle.com/javase/7/docs/api/javax/sql/rowset/spi/SyncProvider.html
SyncProviderException =  https://docs.oracle.com/javase/7/docs/api/javax/sql/rowset/spi/SyncProviderException.html
SyncResolver =  https://docs.oracle.com/javase/7/docs/api/javax/sql/rowset/spi/SyncResolver.html
SyncScopeHelper =  https://docs.oracle.com/javase/7/docs/api/org/omg/Messaging/SyncScopeHelper.html
SynthButtonUI =  https://docs.oracle.com/javase/7/docs/api/javax/swing/plaf/synth/SynthButtonUI.html
SynthCheckBoxMenuItemUI =  https://docs.oracle.com/javase/7/docs/api/javax/swing/plaf/synth/SynthCheckBoxMenuItemUI.html
SynthCheckBoxUI =  https://docs.oracle.com/javase/7/docs/api/javax/swing/plaf/synth/SynthCheckBoxUI.html
SynthColorChooserUI =  https://docs.oracle.com/javase/7/docs/api/javax/swing/plaf/synth/SynthColorChooserUI.html
SynthComboBoxUI =  https://docs.oracle.com/javase/7/docs/api/javax/swing/plaf/synth/SynthComboBoxUI.html
SynthConstants =  https://docs.oracle.com/javase/7/docs/api/javax/swing/plaf/synth/SynthConstants.html
SynthContext =  https://docs.oracle.com/javase/7/docs/api/javax/swing/plaf/synth/SynthContext.html
SynthDesktopIconUI =  https://docs.oracle.com/javase/7/docs/api/javax/swing/plaf/synth/SynthDesktopIconUI.html
SynthDesktopPaneUI =  https://docs.oracle.com/javase/7/docs/api/javax/swing/plaf/synth/SynthDesktopPaneUI.html
SynthEditorPaneUI =  https://docs.oracle.com/javase/7/docs/api/javax/swing/plaf/synth/SynthEditorPaneUI.html
Synthesizer =  https://docs.oracle.com/javase/7/docs/api/javax/sound/midi/Synthesizer.html
SynthFormattedTextFieldUI =  https://docs.oracle.com/javase/7/docs/api/javax/swing/plaf/synth/SynthFormattedTextFieldUI.html
SynthGraphicsUtils =  https://docs.oracle.com/javase/7/docs/api/javax/swing/plaf/synth/SynthGraphicsUtils.html
SynthInternalFrameUI =  https://docs.oracle.com/javase/7/docs/api/javax/swing/plaf/synth/SynthInternalFrameUI.html
SynthLabelUI =  https://docs.oracle.com/javase/7/docs/api/javax/swing/plaf/synth/SynthLabelUI.html
SynthListUI =  https://docs.oracle.com/javase/7/docs/api/javax/swing/plaf/synth/SynthListUI.html
SynthLookAndFeel =  https://docs.oracle.com/javase/7/docs/api/javax/swing/plaf/synth/SynthLookAndFeel.html
SynthMenuBarUI =  https://docs.oracle.com/javase/7/docs/api/javax/swing/plaf/synth/SynthMenuBarUI.html
SynthMenuItemUI =  https://docs.oracle.com/javase/7/docs/api/javax/swing/plaf/synth/SynthMenuItemUI.html
SynthMenuUI =  https://docs.oracle.com/javase/7/docs/api/javax/swing/plaf/synth/SynthMenuUI.html
SynthOptionPaneUI =  https://docs.oracle.com/javase/7/docs/api/javax/swing/plaf/synth/SynthOptionPaneUI.html
SynthPainter =  https://docs.oracle.com/javase/7/docs/api/javax/swing/plaf/synth/SynthPainter.html
SynthPanelUI =  https://docs.oracle.com/javase/7/docs/api/javax/swing/plaf/synth/SynthPanelUI.html
SynthPasswordFieldUI =  https://docs.oracle.com/javase/7/docs/api/javax/swing/plaf/synth/SynthPasswordFieldUI.html
SynthPopupMenuUI =  https://docs.oracle.com/javase/7/docs/api/javax/swing/plaf/synth/SynthPopupMenuUI.html
SynthProgressBarUI =  https://docs.oracle.com/javase/7/docs/api/javax/swing/plaf/synth/SynthProgressBarUI.html
SynthRadioButtonMenuItemUI =  https://docs.oracle.com/javase/7/docs/api/javax/swing/plaf/synth/SynthRadioButtonMenuItemUI.html
SynthRadioButtonUI =  https://docs.oracle.com/javase/7/docs/api/javax/swing/plaf/synth/SynthRadioButtonUI.html
SynthRootPaneUI =  https://docs.oracle.com/javase/7/docs/api/javax/swing/plaf/synth/SynthRootPaneUI.html
SynthScrollBarUI =  https://docs.oracle.com/javase/7/docs/api/javax/swing/plaf/synth/SynthScrollBarUI.html
SynthScrollPaneUI =  https://docs.oracle.com/javase/7/docs/api/javax/swing/plaf/synth/SynthScrollPaneUI.html
SynthSeparatorUI =  https://docs.oracle.com/javase/7/docs/api/javax/swing/plaf/synth/SynthSeparatorUI.html
SynthSliderUI =  https://docs.oracle.com/javase/7/docs/api/javax/swing/plaf/synth/SynthSliderUI.html
SynthSpinnerUI =  https://docs.oracle.com/javase/7/docs/api/javax/swing/plaf/synth/SynthSpinnerUI.html
SynthSplitPaneUI =  https://docs.oracle.com/javase/7/docs/api/javax/swing/plaf/synth/SynthSplitPaneUI.html
SynthStyle =  https://docs.oracle.com/javase/7/docs/api/javax/swing/plaf/synth/SynthStyle.html
SynthStyleFactory =  https://docs.oracle.com/javase/7/docs/api/javax/swing/plaf/synth/SynthStyleFactory.html
SynthTabbedPaneUI =  https://docs.oracle.com/javase/7/docs/api/javax/swing/plaf/synth/SynthTabbedPaneUI.html
SynthTableHeaderUI =  https://docs.oracle.com/javase/7/docs/api/javax/swing/plaf/synth/SynthTableHeaderUI.html
SynthTableUI =  https://docs.oracle.com/javase/7/docs/api/javax/swing/plaf/synth/SynthTableUI.html
SynthTextAreaUI =  https://docs.oracle.com/javase/7/docs/api/javax/swing/plaf/synth/SynthTextAreaUI.html
SynthTextFieldUI =  https://docs.oracle.com/javase/7/docs/api/javax/swing/plaf/synth/SynthTextFieldUI.html
SynthTextPaneUI =  https://docs.oracle.com/javase/7/docs/api/javax/swing/plaf/synth/SynthTextPaneUI.html
SynthToggleButtonUI =  https://docs.oracle.com/javase/7/docs/api/javax/swing/plaf/synth/SynthToggleButtonUI.html
SynthToolBarUI =  https://docs.oracle.com/javase/7/docs/api/javax/swing/plaf/synth/SynthToolBarUI.html
SynthToolTipUI =  https://docs.oracle.com/javase/7/docs/api/javax/swing/plaf/synth/SynthToolTipUI.html
SynthTreeUI =  https://docs.oracle.com/javase/7/docs/api/javax/swing/plaf/synth/SynthTreeUI.html
SynthUI =  https://docs.oracle.com/javase/7/docs/api/javax/swing/plaf/synth/SynthUI.html
SynthViewportUI =  https://docs.oracle.com/javase/7/docs/api/javax/swing/plaf/synth/SynthViewportUI.html
SysexMessage =  https://docs.oracle.com/javase/7/docs/api/javax/sound/midi/SysexMessage.html
System =  https://docs.oracle.com/javase/7/docs/api/java/lang/System.html
SYSTEM_EXCEPTION =  https://docs.oracle.com/javase/7/docs/api/org/omg/PortableInterceptor/SYSTEM_EXCEPTION.html
SystemColor =  https://docs.oracle.com/javase/7/docs/api/java/awt/SystemColor.html
SystemException =  https://docs.oracle.com/javase/7/docs/api/org/omg/CORBA/SystemException.html
SystemFlavorMap =  https://docs.oracle.com/javase/7/docs/api/java/awt/datatransfer/SystemFlavorMap.html
SystemTray =  https://docs.oracle.com/javase/7/docs/api/java/awt/SystemTray.html
TabableView =  https://docs.oracle.com/javase/7/docs/api/javax/swing/text/TabableView.html
TabbedPaneUI =  https://docs.oracle.com/javase/7/docs/api/javax/swing/plaf/TabbedPaneUI.html
TabExpander =  https://docs.oracle.com/javase/7/docs/api/javax/swing/text/TabExpander.html
TableCellEditor =  https://docs.oracle.com/javase/7/docs/api/javax/swing/table/TableCellEditor.html
TableCellRenderer =  https://docs.oracle.com/javase/7/docs/api/javax/swing/table/TableCellRenderer.html
TableColumn =  https://docs.oracle.com/javase/7/docs/api/javax/swing/table/TableColumn.html
TableColumnModel =  https://docs.oracle.com/javase/7/docs/api/javax/swing/table/TableColumnModel.html
TableColumnModelEvent =  https://docs.oracle.com/javase/7/docs/api/javax/swing/event/TableColumnModelEvent.html
TableColumnModelListener =  https://docs.oracle.com/javase/7/docs/api/javax/swing/event/TableColumnModelListener.html
TableHeaderUI =  https://docs.oracle.com/javase/7/docs/api/javax/swing/plaf/TableHeaderUI.html
TableModel =  https://docs.oracle.com/javase/7/docs/api/javax/swing/table/TableModel.html
TableModelEvent =  https://docs.oracle.com/javase/7/docs/api/javax/swing/event/TableModelEvent.html
TableModelListener =  https://docs.oracle.com/javase/7/docs/api/javax/swing/event/TableModelListener.html
TableRowSorter =  https://docs.oracle.com/javase/7/docs/api/javax/swing/table/TableRowSorter.html
TableStringConverter =  https://docs.oracle.com/javase/7/docs/api/javax/swing/table/TableStringConverter.html
TableUI =  https://docs.oracle.com/javase/7/docs/api/javax/swing/plaf/TableUI.html
TableView =  https://docs.oracle.com/javase/7/docs/api/javax/swing/text/TableView.html
TabSet =  https://docs.oracle.com/javase/7/docs/api/javax/swing/text/TabSet.html
TabStop =  https://docs.oracle.com/javase/7/docs/api/javax/swing/text/TabStop.html
TabularData =  https://docs.oracle.com/javase/7/docs/api/javax/management/openmbean/TabularData.html
TabularDataSupport =  https://docs.oracle.com/javase/7/docs/api/javax/management/openmbean/TabularDataSupport.html
TabularType =  https://docs.oracle.com/javase/7/docs/api/javax/management/openmbean/TabularType.html
TAG_ALTERNATE_IIOP_ADDRESS =  https://docs.oracle.com/javase/7/docs/api/org/omg/IOP/TAG_ALTERNATE_IIOP_ADDRESS.html
TAG_CODE_SETS =  https://docs.oracle.com/javase/7/docs/api/org/omg/IOP/TAG_CODE_SETS.html
TAG_INTERNET_IOP =  https://docs.oracle.com/javase/7/docs/api/org/omg/IOP/TAG_INTERNET_IOP.html
TAG_JAVA_CODEBASE =  https://docs.oracle.com/javase/7/docs/api/org/omg/IOP/TAG_JAVA_CODEBASE.html
TAG_MULTIPLE_COMPONENTS =  https://docs.oracle.com/javase/7/docs/api/org/omg/IOP/TAG_MULTIPLE_COMPONENTS.html
TAG_ORB_TYPE =  https://docs.oracle.com/javase/7/docs/api/org/omg/IOP/TAG_ORB_TYPE.html
TAG_POLICIES =  https://docs.oracle.com/javase/7/docs/api/org/omg/IOP/TAG_POLICIES.html
TAG_RMI_CUSTOM_MAX_STREAM_FORMAT =  https://docs.oracle.com/javase/7/docs/api/org/omg/IOP/TAG_RMI_CUSTOM_MAX_STREAM_FORMAT.html
TagElement =  https://docs.oracle.com/javase/7/docs/api/javax/swing/text/html/parser/TagElement.html
TaggedComponent =  https://docs.oracle.com/javase/7/docs/api/org/omg/IOP/TaggedComponent.html
TaggedComponentHelper =  https://docs.oracle.com/javase/7/docs/api/org/omg/IOP/TaggedComponentHelper.html
TaggedComponentHolder =  https://docs.oracle.com/javase/7/docs/api/org/omg/IOP/TaggedComponentHolder.html
TaggedProfile =  https://docs.oracle.com/javase/7/docs/api/org/omg/IOP/TaggedProfile.html
TaggedProfileHelper =  https://docs.oracle.com/javase/7/docs/api/org/omg/IOP/TaggedProfileHelper.html
TaggedProfileHolder =  https://docs.oracle.com/javase/7/docs/api/org/omg/IOP/TaggedProfileHolder.html
Target =  https://docs.oracle.com/javase/7/docs/api/java/lang/annotation/Target.html
TargetDataLine =  https://docs.oracle.com/javase/7/docs/api/javax/sound/sampled/TargetDataLine.html
TargetedNotification =  https://docs.oracle.com/javase/7/docs/api/javax/management/remote/TargetedNotification.html
TCKind =  https://docs.oracle.com/javase/7/docs/api/org/omg/CORBA/TCKind.html
Templates =  https://docs.oracle.com/javase/7/docs/api/javax/xml/transform/Templates.html
TemplatesHandler =  https://docs.oracle.com/javase/7/docs/api/javax/xml/transform/sax/TemplatesHandler.html
Text =  https://docs.oracle.com/javase/7/docs/api/javax/xml/soap/Text.html
Text =  https://docs.oracle.com/javase/7/docs/api/org/w3c/dom/Text.html
TextAction =  https://docs.oracle.com/javase/7/docs/api/javax/swing/text/TextAction.html
TextArea =  https://docs.oracle.com/javase/7/docs/api/java/awt/TextArea.html
TextAttribute =  https://docs.oracle.com/javase/7/docs/api/java/awt/font/TextAttribute.html
TextComponent =  https://docs.oracle.com/javase/7/docs/api/java/awt/TextComponent.html
TextEvent =  https://docs.oracle.com/javase/7/docs/api/java/awt/event/TextEvent.html
TextField =  https://docs.oracle.com/javase/7/docs/api/java/awt/TextField.html
TextHitInfo =  https://docs.oracle.com/javase/7/docs/api/java/awt/font/TextHitInfo.html
TextInputCallback =  https://docs.oracle.com/javase/7/docs/api/javax/security/auth/callback/TextInputCallback.html
TextLayout =  https://docs.oracle.com/javase/7/docs/api/java/awt/font/TextLayout.html
TextLayout.CaretPolicy =  https://docs.oracle.com/javase/7/docs/api/java/awt/font/TextLayout.CaretPolicy.html
TextListener =  https://docs.oracle.com/javase/7/docs/api/java/awt/event/TextListener.html
TextMeasurer =  https://docs.oracle.com/javase/7/docs/api/java/awt/font/TextMeasurer.html
TextOutputCallback =  https://docs.oracle.com/javase/7/docs/api/javax/security/auth/callback/TextOutputCallback.html
TextSyntax =  https://docs.oracle.com/javase/7/docs/api/javax/print/attribute/TextSyntax.html
TextUI =  https://docs.oracle.com/javase/7/docs/api/javax/swing/plaf/TextUI.html
TexturePaint =  https://docs.oracle.com/javase/7/docs/api/java/awt/TexturePaint.html
Thread =  https://docs.oracle.com/javase/7/docs/api/java/lang/Thread.html
Thread.State =  https://docs.oracle.com/javase/7/docs/api/java/lang/Thread.State.html
Thread.UncaughtExceptionHandler =  https://docs.oracle.com/javase/7/docs/api/java/lang/Thread.UncaughtExceptionHandler.html
THREAD_POLICY_ID =  https://docs.oracle.com/javase/7/docs/api/org/omg/PortableServer/THREAD_POLICY_ID.html
ThreadDeath =  https://docs.oracle.com/javase/7/docs/api/java/lang/ThreadDeath.html
ThreadFactory =  https://docs.oracle.com/javase/7/docs/api/java/util/concurrent/ThreadFactory.html
ThreadGroup =  https://docs.oracle.com/javase/7/docs/api/java/lang/ThreadGroup.html
ThreadInfo =  https://docs.oracle.com/javase/7/docs/api/java/lang/management/ThreadInfo.html
ThreadLocal =  https://docs.oracle.com/javase/7/docs/api/java/lang/ThreadLocal.html
ThreadLocalRandom =  https://docs.oracle.com/javase/7/docs/api/java/util/concurrent/ThreadLocalRandom.html
ThreadMXBean =  https://docs.oracle.com/javase/7/docs/api/java/lang/management/ThreadMXBean.html
ThreadPolicy =  https://docs.oracle.com/javase/7/docs/api/org/omg/PortableServer/ThreadPolicy.html
ThreadPolicyOperations =  https://docs.oracle.com/javase/7/docs/api/org/omg/PortableServer/ThreadPolicyOperations.html
ThreadPolicyValue =  https://docs.oracle.com/javase/7/docs/api/org/omg/PortableServer/ThreadPolicyValue.html
ThreadPoolExecutor =  https://docs.oracle.com/javase/7/docs/api/java/util/concurrent/ThreadPoolExecutor.html
ThreadPoolExecutor.AbortPolicy =  https://docs.oracle.com/javase/7/docs/api/java/util/concurrent/ThreadPoolExecutor.AbortPolicy.html
ThreadPoolExecutor.CallerRunsPolicy =  https://docs.oracle.com/javase/7/docs/api/java/util/concurrent/ThreadPoolExecutor.CallerRunsPolicy.html
ThreadPoolExecutor.DiscardOldestPolicy =  https://docs.oracle.com/javase/7/docs/api/java/util/concurrent/ThreadPoolExecutor.DiscardOldestPolicy.html
ThreadPoolExecutor.DiscardPolicy =  https://docs.oracle.com/javase/7/docs/api/java/util/concurrent/ThreadPoolExecutor.DiscardPolicy.html
Throwable =  https://docs.oracle.com/javase/7/docs/api/java/lang/Throwable.html
Tie =  https://docs.oracle.com/javase/7/docs/api/javax/rmi/CORBA/Tie.html
TileObserver =  https://docs.oracle.com/javase/7/docs/api/java/awt/image/TileObserver.html
Time =  https://docs.oracle.com/javase/7/docs/api/java/sql/Time.html
TimeLimitExceededException =  https://docs.oracle.com/javase/7/docs/api/javax/naming/TimeLimitExceededException.html
TIMEOUT =  https://docs.oracle.com/javase/7/docs/api/org/omg/CORBA/TIMEOUT.html
TimeoutException =  https://docs.oracle.com/javase/7/docs/api/java/util/concurrent/TimeoutException.html
Timer =  https://docs.oracle.com/javase/7/docs/api/java/util/Timer.html
Timer =  https://docs.oracle.com/javase/7/docs/api/javax/management/timer/Timer.html
Timer =  https://docs.oracle.com/javase/7/docs/api/javax/swing/Timer.html
TimerMBean =  https://docs.oracle.com/javase/7/docs/api/javax/management/timer/TimerMBean.html
TimerNotification =  https://docs.oracle.com/javase/7/docs/api/javax/management/timer/TimerNotification.html
TimerTask =  https://docs.oracle.com/javase/7/docs/api/java/util/TimerTask.html
Timestamp =  https://docs.oracle.com/javase/7/docs/api/java/security/Timestamp.html
Timestamp =  https://docs.oracle.com/javase/7/docs/api/java/sql/Timestamp.html
TimeUnit =  https://docs.oracle.com/javase/7/docs/api/java/util/concurrent/TimeUnit.html
TimeZone =  https://docs.oracle.com/javase/7/docs/api/java/util/TimeZone.html
TimeZoneNameProvider =  https://docs.oracle.com/javase/7/docs/api/java/util/spi/TimeZoneNameProvider.html
TitledBorder =  https://docs.oracle.com/javase/7/docs/api/javax/swing/border/TitledBorder.html
Tool =  https://docs.oracle.com/javase/7/docs/api/javax/tools/Tool.html
ToolBarUI =  https://docs.oracle.com/javase/7/docs/api/javax/swing/plaf/ToolBarUI.html
Toolkit =  https://docs.oracle.com/javase/7/docs/api/java/awt/Toolkit.html
ToolProvider =  https://docs.oracle.com/javase/7/docs/api/javax/tools/ToolProvider.html
ToolTipManager =  https://docs.oracle.com/javase/7/docs/api/javax/swing/ToolTipManager.html
ToolTipUI =  https://docs.oracle.com/javase/7/docs/api/javax/swing/plaf/ToolTipUI.html
TooManyListenersException =  https://docs.oracle.com/javase/7/docs/api/java/util/TooManyListenersException.html
Track =  https://docs.oracle.com/javase/7/docs/api/javax/sound/midi/Track.html
TRANSACTION_MODE =  https://docs.oracle.com/javase/7/docs/api/org/omg/CORBA/TRANSACTION_MODE.html
TRANSACTION_REQUIRED =  https://docs.oracle.com/javase/7/docs/api/org/omg/CORBA/TRANSACTION_REQUIRED.html
TRANSACTION_ROLLEDBACK =  https://docs.oracle.com/javase/7/docs/api/org/omg/CORBA/TRANSACTION_ROLLEDBACK.html
TRANSACTION_UNAVAILABLE =  https://docs.oracle.com/javase/7/docs/api/org/omg/CORBA/TRANSACTION_UNAVAILABLE.html
TransactionalWriter =  https://docs.oracle.com/javase/7/docs/api/javax/sql/rowset/spi/TransactionalWriter.html
TransactionRequiredException =  https://docs.oracle.com/javase/7/docs/api/javax/transaction/TransactionRequiredException.html
TransactionRolledbackException =  https://docs.oracle.com/javase/7/docs/api/javax/transaction/TransactionRolledbackException.html
TransactionService =  https://docs.oracle.com/javase/7/docs/api/org/omg/IOP/TransactionService.html
Transferable =  https://docs.oracle.com/javase/7/docs/api/java/awt/datatransfer/Transferable.html
TransferHandler =  https://docs.oracle.com/javase/7/docs/api/javax/swing/TransferHandler.html
TransferHandler.DropLocation =  https://docs.oracle.com/javase/7/docs/api/javax/swing/TransferHandler.DropLocation.html
TransferHandler.TransferSupport =  https://docs.oracle.com/javase/7/docs/api/javax/swing/TransferHandler.TransferSupport.html
TransferQueue =  https://docs.oracle.com/javase/7/docs/api/java/util/concurrent/TransferQueue.html
Transform =  https://docs.oracle.com/javase/7/docs/api/javax/xml/crypto/dsig/Transform.html
TransformAttribute =  https://docs.oracle.com/javase/7/docs/api/java/awt/font/TransformAttribute.html
Transformer =  https://docs.oracle.com/javase/7/docs/api/javax/xml/transform/Transformer.html
TransformerConfigurationException =  https://docs.oracle.com/javase/7/docs/api/javax/xml/transform/TransformerConfigurationException.html
TransformerException =  https://docs.oracle.com/javase/7/docs/api/javax/xml/transform/TransformerException.html
TransformerFactory =  https://docs.oracle.com/javase/7/docs/api/javax/xml/transform/TransformerFactory.html
TransformerFactoryConfigurationError =  https://docs.oracle.com/javase/7/docs/api/javax/xml/transform/TransformerFactoryConfigurationError.html
TransformerHandler =  https://docs.oracle.com/javase/7/docs/api/javax/xml/transform/sax/TransformerHandler.html
TransformException =  https://docs.oracle.com/javase/7/docs/api/javax/xml/crypto/dsig/TransformException.html
TransformParameterSpec =  https://docs.oracle.com/javase/7/docs/api/javax/xml/crypto/dsig/spec/TransformParameterSpec.html
TransformService =  https://docs.oracle.com/javase/7/docs/api/javax/xml/crypto/dsig/TransformService.html
Transient =  https://docs.oracle.com/javase/7/docs/api/java/beans/Transient.html
TRANSIENT =  https://docs.oracle.com/javase/7/docs/api/org/omg/CORBA/TRANSIENT.html
Transmitter =  https://docs.oracle.com/javase/7/docs/api/javax/sound/midi/Transmitter.html
Transparency =  https://docs.oracle.com/javase/7/docs/api/java/awt/Transparency.html
TRANSPORT_RETRY =  https://docs.oracle.com/javase/7/docs/api/org/omg/PortableInterceptor/TRANSPORT_RETRY.html
TrayIcon =  https://docs.oracle.com/javase/7/docs/api/java/awt/TrayIcon.html
TrayIcon.MessageType =  https://docs.oracle.com/javase/7/docs/api/java/awt/TrayIcon.MessageType.html
TreeCellEditor =  https://docs.oracle.com/javase/7/docs/api/javax/swing/tree/TreeCellEditor.html
TreeCellRenderer =  https://docs.oracle.com/javase/7/docs/api/javax/swing/tree/TreeCellRenderer.html
TreeExpansionEvent =  https://docs.oracle.com/javase/7/docs/api/javax/swing/event/TreeExpansionEvent.html
TreeExpansionListener =  https://docs.oracle.com/javase/7/docs/api/javax/swing/event/TreeExpansionListener.html
TreeMap =  https://docs.oracle.com/javase/7/docs/api/java/util/TreeMap.html
TreeModel =  https://docs.oracle.com/javase/7/docs/api/javax/swing/tree/TreeModel.html
TreeModelEvent =  https://docs.oracle.com/javase/7/docs/api/javax/swing/event/TreeModelEvent.html
TreeModelListener =  https://docs.oracle.com/javase/7/docs/api/javax/swing/event/TreeModelListener.html
TreeNode =  https://docs.oracle.com/javase/7/docs/api/javax/swing/tree/TreeNode.html
TreePath =  https://docs.oracle.com/javase/7/docs/api/javax/swing/tree/TreePath.html
TreeSelectionEvent =  https://docs.oracle.com/javase/7/docs/api/javax/swing/event/TreeSelectionEvent.html
TreeSelectionListener =  https://docs.oracle.com/javase/7/docs/api/javax/swing/event/TreeSelectionListener.html
TreeSelectionModel =  https://docs.oracle.com/javase/7/docs/api/javax/swing/tree/TreeSelectionModel.html
TreeSet =  https://docs.oracle.com/javase/7/docs/api/java/util/TreeSet.html
TreeUI =  https://docs.oracle.com/javase/7/docs/api/javax/swing/plaf/TreeUI.html
TreeWillExpandListener =  https://docs.oracle.com/javase/7/docs/api/javax/swing/event/TreeWillExpandListener.html
TrustAnchor =  https://docs.oracle.com/javase/7/docs/api/java/security/cert/TrustAnchor.html
TrustManager =  https://docs.oracle.com/javase/7/docs/api/javax/net/ssl/TrustManager.html
TrustManagerFactory =  https://docs.oracle.com/javase/7/docs/api/javax/net/ssl/TrustManagerFactory.html
TrustManagerFactorySpi =  https://docs.oracle.com/javase/7/docs/api/javax/net/ssl/TrustManagerFactorySpi.html
Type =  https://docs.oracle.com/javase/7/docs/api/java/lang/reflect/Type.html
TypeCode =  https://docs.oracle.com/javase/7/docs/api/org/omg/CORBA/TypeCode.html
TypeCodeHolder =  https://docs.oracle.com/javase/7/docs/api/org/omg/CORBA/TypeCodeHolder.html
TypeConstraintException =  https://docs.oracle.com/javase/7/docs/api/javax/xml/bind/TypeConstraintException.html
TypeElement =  https://docs.oracle.com/javase/7/docs/api/javax/lang/model/element/TypeElement.html
TypeInfo =  https://docs.oracle.com/javase/7/docs/api/org/w3c/dom/TypeInfo.html
TypeInfoProvider =  https://docs.oracle.com/javase/7/docs/api/javax/xml/validation/TypeInfoProvider.html
TypeKind =  https://docs.oracle.com/javase/7/docs/api/javax/lang/model/type/TypeKind.html
TypeKindVisitor6 =  https://docs.oracle.com/javase/7/docs/api/javax/lang/model/util/TypeKindVisitor6.html
TypeKindVisitor7 =  https://docs.oracle.com/javase/7/docs/api/javax/lang/model/util/TypeKindVisitor7.html
TypeMirror =  https://docs.oracle.com/javase/7/docs/api/javax/lang/model/type/TypeMirror.html
TypeMismatch =  https://docs.oracle.com/javase/7/docs/api/org/omg/CORBA/DynAnyPackage/TypeMismatch.html
TypeMismatch =  https://docs.oracle.com/javase/7/docs/api/org/omg/DynamicAny/DynAnyPackage/TypeMismatch.html
TypeMismatch =  https://docs.oracle.com/javase/7/docs/api/org/omg/IOP/CodecPackage/TypeMismatch.html
TypeMismatchHelper =  https://docs.oracle.com/javase/7/docs/api/org/omg/DynamicAny/DynAnyPackage/TypeMismatchHelper.html
TypeMismatchHelper =  https://docs.oracle.com/javase/7/docs/api/org/omg/IOP/CodecPackage/TypeMismatchHelper.html
TypeNotPresentException =  https://docs.oracle.com/javase/7/docs/api/java/lang/TypeNotPresentException.html
TypeParameterElement =  https://docs.oracle.com/javase/7/docs/api/javax/lang/model/element/TypeParameterElement.html
Types =  https://docs.oracle.com/javase/7/docs/api/java/sql/Types.html
Types =  https://docs.oracle.com/javase/7/docs/api/javax/lang/model/util/Types.html
TypeVariable =  https://docs.oracle.com/javase/7/docs/api/java/lang/reflect/TypeVariable.html
TypeVariable =  https://docs.oracle.com/javase/7/docs/api/javax/lang/model/type/TypeVariable.html
TypeVisitor =  https://docs.oracle.com/javase/7/docs/api/javax/lang/model/type/TypeVisitor.html
UID =  https://docs.oracle.com/javase/7/docs/api/java/rmi/server/UID.html
UIDefaults =  https://docs.oracle.com/javase/7/docs/api/javax/swing/UIDefaults.html
UIDefaults.ActiveValue =  https://docs.oracle.com/javase/7/docs/api/javax/swing/UIDefaults.ActiveValue.html
UIDefaults.LazyInputMap =  https://docs.oracle.com/javase/7/docs/api/javax/swing/UIDefaults.LazyInputMap.html
UIDefaults.LazyValue =  https://docs.oracle.com/javase/7/docs/api/javax/swing/UIDefaults.LazyValue.html
UIDefaults.ProxyLazyValue =  https://docs.oracle.com/javase/7/docs/api/javax/swing/UIDefaults.ProxyLazyValue.html
UIEvent =  https://docs.oracle.com/javase/7/docs/api/org/w3c/dom/events/UIEvent.html
UIManager =  https://docs.oracle.com/javase/7/docs/api/javax/swing/UIManager.html
UIManager.LookAndFeelInfo =  https://docs.oracle.com/javase/7/docs/api/javax/swing/UIManager.LookAndFeelInfo.html
UIResource =  https://docs.oracle.com/javase/7/docs/api/javax/swing/plaf/UIResource.html
ULongLongSeqHelper =  https://docs.oracle.com/javase/7/docs/api/org/omg/CORBA/ULongLongSeqHelper.html
ULongLongSeqHolder =  https://docs.oracle.com/javase/7/docs/api/org/omg/CORBA/ULongLongSeqHolder.html
ULongSeqHelper =  https://docs.oracle.com/javase/7/docs/api/org/omg/CORBA/ULongSeqHelper.html
ULongSeqHolder =  https://docs.oracle.com/javase/7/docs/api/org/omg/CORBA/ULongSeqHolder.html
UndeclaredThrowableException =  https://docs.oracle.com/javase/7/docs/api/java/lang/reflect/UndeclaredThrowableException.html
UndoableEdit =  https://docs.oracle.com/javase/7/docs/api/javax/swing/undo/UndoableEdit.html
UndoableEditEvent =  https://docs.oracle.com/javase/7/docs/api/javax/swing/event/UndoableEditEvent.html
UndoableEditListener =  https://docs.oracle.com/javase/7/docs/api/javax/swing/event/UndoableEditListener.html
UndoableEditSupport =  https://docs.oracle.com/javase/7/docs/api/javax/swing/undo/UndoableEditSupport.html
UndoManager =  https://docs.oracle.com/javase/7/docs/api/javax/swing/undo/UndoManager.html
UnexpectedException =  https://docs.oracle.com/javase/7/docs/api/java/rmi/UnexpectedException.html
UnicastRemoteObject =  https://docs.oracle.com/javase/7/docs/api/java/rmi/server/UnicastRemoteObject.html
UnionMember =  https://docs.oracle.com/javase/7/docs/api/org/omg/CORBA/UnionMember.html
UnionMemberHelper =  https://docs.oracle.com/javase/7/docs/api/org/omg/CORBA/UnionMemberHelper.html
UnionType =  https://docs.oracle.com/javase/7/docs/api/javax/lang/model/type/UnionType.html
UNKNOWN =  https://docs.oracle.com/javase/7/docs/api/org/omg/CORBA/UNKNOWN.html
UNKNOWN =  https://docs.oracle.com/javase/7/docs/api/org/omg/PortableInterceptor/UNKNOWN.html
UnknownAnnotationValueException =  https://docs.oracle.com/javase/7/docs/api/javax/lang/model/element/UnknownAnnotationValueException.html
UnknownElementException =  https://docs.oracle.com/javase/7/docs/api/javax/lang/model/element/UnknownElementException.html
UnknownEncoding =  https://docs.oracle.com/javase/7/docs/api/org/omg/IOP/CodecFactoryPackage/UnknownEncoding.html
UnknownEncodingHelper =  https://docs.oracle.com/javase/7/docs/api/org/omg/IOP/CodecFactoryPackage/UnknownEncodingHelper.html
UnknownEntityException =  https://docs.oracle.com/javase/7/docs/api/javax/lang/model/UnknownEntityException.html
UnknownError =  https://docs.oracle.com/javase/7/docs/api/java/lang/UnknownError.html
UnknownException =  https://docs.oracle.com/javase/7/docs/api/org/omg/CORBA/portable/UnknownException.html
UnknownFormatConversionException =  https://docs.oracle.com/javase/7/docs/api/java/util/UnknownFormatConversionException.html
UnknownFormatFlagsException =  https://docs.oracle.com/javase/7/docs/api/java/util/UnknownFormatFlagsException.html
UnknownGroupException =  https://docs.oracle.com/javase/7/docs/api/java/rmi/activation/UnknownGroupException.html
UnknownHostException =  https://docs.oracle.com/javase/7/docs/api/java/net/UnknownHostException.html
UnknownHostException =  https://docs.oracle.com/javase/7/docs/api/java/rmi/UnknownHostException.html
UnknownObjectException =  https://docs.oracle.com/javase/7/docs/api/java/rmi/activation/UnknownObjectException.html
UnknownServiceException =  https://docs.oracle.com/javase/7/docs/api/java/net/UnknownServiceException.html
UnknownTypeException =  https://docs.oracle.com/javase/7/docs/api/javax/lang/model/type/UnknownTypeException.html
UnknownUserException =  https://docs.oracle.com/javase/7/docs/api/org/omg/CORBA/UnknownUserException.html
UnknownUserExceptionHelper =  https://docs.oracle.com/javase/7/docs/api/org/omg/CORBA/UnknownUserExceptionHelper.html
UnknownUserExceptionHolder =  https://docs.oracle.com/javase/7/docs/api/org/omg/CORBA/UnknownUserExceptionHolder.html
UnmappableCharacterException =  https://docs.oracle.com/javase/7/docs/api/java/nio/charset/UnmappableCharacterException.html
UnmarshalException =  https://docs.oracle.com/javase/7/docs/api/java/rmi/UnmarshalException.html
UnmarshalException =  https://docs.oracle.com/javase/7/docs/api/javax/xml/bind/UnmarshalException.html
Unmarshaller =  https://docs.oracle.com/javase/7/docs/api/javax/xml/bind/Unmarshaller.html
Unmarshaller.Listener =  https://docs.oracle.com/javase/7/docs/api/javax/xml/bind/Unmarshaller.Listener.html
UnmarshallerHandler =  https://docs.oracle.com/javase/7/docs/api/javax/xml/bind/UnmarshallerHandler.html
UnmodifiableClassException =  https://docs.oracle.com/javase/7/docs/api/java/lang/instrument/UnmodifiableClassException.html
UnmodifiableSetException =  https://docs.oracle.com/javase/7/docs/api/javax/print/attribute/UnmodifiableSetException.html
UnrecoverableEntryException =  https://docs.oracle.com/javase/7/docs/api/java/security/UnrecoverableEntryException.html
UnrecoverableKeyException =  https://docs.oracle.com/javase/7/docs/api/java/security/UnrecoverableKeyException.html
Unreferenced =  https://docs.oracle.com/javase/7/docs/api/java/rmi/server/Unreferenced.html
UnresolvedAddressException =  https://docs.oracle.com/javase/7/docs/api/java/nio/channels/UnresolvedAddressException.html
UnresolvedPermission =  https://docs.oracle.com/javase/7/docs/api/java/security/UnresolvedPermission.html
UnsatisfiedLinkError =  https://docs.oracle.com/javase/7/docs/api/java/lang/UnsatisfiedLinkError.html
UnsolicitedNotification =  https://docs.oracle.com/javase/7/docs/api/javax/naming/ldap/UnsolicitedNotification.html
UnsolicitedNotificationEvent =  https://docs.oracle.com/javase/7/docs/api/javax/naming/ldap/UnsolicitedNotificationEvent.html
UnsolicitedNotificationListener =  https://docs.oracle.com/javase/7/docs/api/javax/naming/ldap/UnsolicitedNotificationListener.html
UNSUPPORTED_POLICY =  https://docs.oracle.com/javase/7/docs/api/org/omg/CORBA/UNSUPPORTED_POLICY.html
UNSUPPORTED_POLICY_VALUE =  https://docs.oracle.com/javase/7/docs/api/org/omg/CORBA/UNSUPPORTED_POLICY_VALUE.html
UnsupportedAddressTypeException =  https://docs.oracle.com/javase/7/docs/api/java/nio/channels/UnsupportedAddressTypeException.html
UnsupportedAudioFileException =  https://docs.oracle.com/javase/7/docs/api/javax/sound/sampled/UnsupportedAudioFileException.html
UnsupportedCallbackException =  https://docs.oracle.com/javase/7/docs/api/javax/security/auth/callback/UnsupportedCallbackException.html
UnsupportedCharsetException =  https://docs.oracle.com/javase/7/docs/api/java/nio/charset/UnsupportedCharsetException.html
UnsupportedClassVersionError =  https://docs.oracle.com/javase/7/docs/api/java/lang/UnsupportedClassVersionError.html
UnsupportedDataTypeException =  https://docs.oracle.com/javase/7/docs/api/javax/activation/UnsupportedDataTypeException.html
UnsupportedEncodingException =  https://docs.oracle.com/javase/7/docs/api/java/io/UnsupportedEncodingException.html
UnsupportedFlavorException =  https://docs.oracle.com/javase/7/docs/api/java/awt/datatransfer/UnsupportedFlavorException.html
UnsupportedLookAndFeelException =  https://docs.oracle.com/javase/7/docs/api/javax/swing/UnsupportedLookAndFeelException.html
UnsupportedOperationException =  https://docs.oracle.com/javase/7/docs/api/java/lang/UnsupportedOperationException.html
URI =  https://docs.oracle.com/javase/7/docs/api/java/net/URI.html
URIDereferencer =  https://docs.oracle.com/javase/7/docs/api/javax/xml/crypto/URIDereferencer.html
URIException =  https://docs.oracle.com/javase/7/docs/api/javax/print/URIException.html
URIParameter =  https://docs.oracle.com/javase/7/docs/api/java/security/URIParameter.html
URIReference =  https://docs.oracle.com/javase/7/docs/api/javax/xml/crypto/URIReference.html
URIReferenceException =  https://docs.oracle.com/javase/7/docs/api/javax/xml/crypto/URIReferenceException.html
URIResolver =  https://docs.oracle.com/javase/7/docs/api/javax/xml/transform/URIResolver.html
URISyntax =  https://docs.oracle.com/javase/7/docs/api/javax/print/attribute/URISyntax.html
URISyntaxException =  https://docs.oracle.com/javase/7/docs/api/java/net/URISyntaxException.html
URL =  https://docs.oracle.com/javase/7/docs/api/java/net/URL.html
URLClassLoader =  https://docs.oracle.com/javase/7/docs/api/java/net/URLClassLoader.html
URLConnection =  https://docs.oracle.com/javase/7/docs/api/java/net/URLConnection.html
URLDataSource =  https://docs.oracle.com/javase/7/docs/api/javax/activation/URLDataSource.html
URLDecoder =  https://docs.oracle.com/javase/7/docs/api/java/net/URLDecoder.html
URLEncoder =  https://docs.oracle.com/javase/7/docs/api/java/net/URLEncoder.html
URLStreamHandler =  https://docs.oracle.com/javase/7/docs/api/java/net/URLStreamHandler.html
URLStreamHandlerFactory =  https://docs.oracle.com/javase/7/docs/api/java/net/URLStreamHandlerFactory.html
URLStringHelper =  https://docs.oracle.com/javase/7/docs/api/org/omg/CosNaming/NamingContextExtPackage/URLStringHelper.html
USER_EXCEPTION =  https://docs.oracle.com/javase/7/docs/api/org/omg/PortableInterceptor/USER_EXCEPTION.html
UserDataHandler =  https://docs.oracle.com/javase/7/docs/api/org/w3c/dom/UserDataHandler.html
UserDefinedFileAttributeView =  https://docs.oracle.com/javase/7/docs/api/java/nio/file/attribute/UserDefinedFileAttributeView.html
UserException =  https://docs.oracle.com/javase/7/docs/api/org/omg/CORBA/UserException.html
UserPrincipal =  https://docs.oracle.com/javase/7/docs/api/java/nio/file/attribute/UserPrincipal.html
UserPrincipalLookupService =  https://docs.oracle.com/javase/7/docs/api/java/nio/file/attribute/UserPrincipalLookupService.html
UserPrincipalNotFoundException =  https://docs.oracle.com/javase/7/docs/api/java/nio/file/attribute/UserPrincipalNotFoundException.html
UShortSeqHelper =  https://docs.oracle.com/javase/7/docs/api/org/omg/CORBA/UShortSeqHelper.html
UShortSeqHolder =  https://docs.oracle.com/javase/7/docs/api/org/omg/CORBA/UShortSeqHolder.html
UTFDataFormatException =  https://docs.oracle.com/javase/7/docs/api/java/io/UTFDataFormatException.html
Util =  https://docs.oracle.com/javase/7/docs/api/javax/rmi/CORBA/Util.html
UtilDelegate =  https://docs.oracle.com/javase/7/docs/api/javax/rmi/CORBA/UtilDelegate.html
Utilities =  https://docs.oracle.com/javase/7/docs/api/javax/swing/text/Utilities.html
UUID =  https://docs.oracle.com/javase/7/docs/api/java/util/UUID.html
ValidationEvent =  https://docs.oracle.com/javase/7/docs/api/javax/xml/bind/ValidationEvent.html
ValidationEventCollector =  https://docs.oracle.com/javase/7/docs/api/javax/xml/bind/util/ValidationEventCollector.html
ValidationEventHandler =  https://docs.oracle.com/javase/7/docs/api/javax/xml/bind/ValidationEventHandler.html
ValidationEventImpl =  https://docs.oracle.com/javase/7/docs/api/javax/xml/bind/helpers/ValidationEventImpl.html
ValidationEventLocator =  https://docs.oracle.com/javase/7/docs/api/javax/xml/bind/ValidationEventLocator.html
ValidationEventLocatorImpl =  https://docs.oracle.com/javase/7/docs/api/javax/xml/bind/helpers/ValidationEventLocatorImpl.html
ValidationException =  https://docs.oracle.com/javase/7/docs/api/javax/xml/bind/ValidationException.html
Validator =  https://docs.oracle.com/javase/7/docs/api/javax/xml/bind/Validator.html
Validator =  https://docs.oracle.com/javase/7/docs/api/javax/xml/validation/Validator.html
ValidatorHandler =  https://docs.oracle.com/javase/7/docs/api/javax/xml/validation/ValidatorHandler.html
ValueBase =  https://docs.oracle.com/javase/7/docs/api/org/omg/CORBA/portable/ValueBase.html
ValueBaseHelper =  https://docs.oracle.com/javase/7/docs/api/org/omg/CORBA/ValueBaseHelper.html
ValueBaseHolder =  https://docs.oracle.com/javase/7/docs/api/org/omg/CORBA/ValueBaseHolder.html
ValueExp =  https://docs.oracle.com/javase/7/docs/api/javax/management/ValueExp.html
ValueFactory =  https://docs.oracle.com/javase/7/docs/api/org/omg/CORBA/portable/ValueFactory.html
ValueHandler =  https://docs.oracle.com/javase/7/docs/api/javax/rmi/CORBA/ValueHandler.html
ValueHandlerMultiFormat =  https://docs.oracle.com/javase/7/docs/api/javax/rmi/CORBA/ValueHandlerMultiFormat.html
ValueInputStream =  https://docs.oracle.com/javase/7/docs/api/org/omg/CORBA/portable/ValueInputStream.html
ValueMember =  https://docs.oracle.com/javase/7/docs/api/org/omg/CORBA/ValueMember.html
ValueMemberHelper =  https://docs.oracle.com/javase/7/docs/api/org/omg/CORBA/ValueMemberHelper.html
ValueOutputStream =  https://docs.oracle.com/javase/7/docs/api/org/omg/CORBA/portable/ValueOutputStream.html
VariableElement =  https://docs.oracle.com/javase/7/docs/api/javax/lang/model/element/VariableElement.html
VariableHeightLayoutCache =  https://docs.oracle.com/javase/7/docs/api/javax/swing/tree/VariableHeightLayoutCache.html
Vector =  https://docs.oracle.com/javase/7/docs/api/java/util/Vector.html
VerifyError =  https://docs.oracle.com/javase/7/docs/api/java/lang/VerifyError.html
VersionSpecHelper =  https://docs.oracle.com/javase/7/docs/api/org/omg/CORBA/VersionSpecHelper.html
VetoableChangeListener =  https://docs.oracle.com/javase/7/docs/api/java/beans/VetoableChangeListener.html
VetoableChangeListenerProxy =  https://docs.oracle.com/javase/7/docs/api/java/beans/VetoableChangeListenerProxy.html
VetoableChangeSupport =  https://docs.oracle.com/javase/7/docs/api/java/beans/VetoableChangeSupport.html
View =  https://docs.oracle.com/javase/7/docs/api/javax/swing/text/View.html
ViewFactory =  https://docs.oracle.com/javase/7/docs/api/javax/swing/text/ViewFactory.html
ViewportLayout =  https://docs.oracle.com/javase/7/docs/api/javax/swing/ViewportLayout.html
ViewportUI =  https://docs.oracle.com/javase/7/docs/api/javax/swing/plaf/ViewportUI.html
VirtualMachineError =  https://docs.oracle.com/javase/7/docs/api/java/lang/VirtualMachineError.html
Visibility =  https://docs.oracle.com/javase/7/docs/api/java/beans/Visibility.html
VisibilityHelper =  https://docs.oracle.com/javase/7/docs/api/org/omg/CORBA/VisibilityHelper.html
VM_ABSTRACT =  https://docs.oracle.com/javase/7/docs/api/org/omg/CORBA/VM_ABSTRACT.html
VM_CUSTOM =  https://docs.oracle.com/javase/7/docs/api/org/omg/CORBA/VM_CUSTOM.html
VM_NONE =  https://docs.oracle.com/javase/7/docs/api/org/omg/CORBA/VM_NONE.html
VM_TRUNCATABLE =  https://docs.oracle.com/javase/7/docs/api/org/omg/CORBA/VM_TRUNCATABLE.html
VMID =  https://docs.oracle.com/javase/7/docs/api/java/rmi/dgc/VMID.html
VoiceStatus =  https://docs.oracle.com/javase/7/docs/api/javax/sound/midi/VoiceStatus.html
Void =  https://docs.oracle.com/javase/7/docs/api/java/lang/Void.html
VolatileCallSite =  https://docs.oracle.com/javase/7/docs/api/java/lang/invoke/VolatileCallSite.html
VolatileImage =  https://docs.oracle.com/javase/7/docs/api/java/awt/image/VolatileImage.html
W3CDomHandler =  https://docs.oracle.com/javase/7/docs/api/javax/xml/bind/annotation/W3CDomHandler.html
W3CEndpointReference =  https://docs.oracle.com/javase/7/docs/api/javax/xml/ws/wsaddressing/W3CEndpointReference.html
W3CEndpointReferenceBuilder =  https://docs.oracle.com/javase/7/docs/api/javax/xml/ws/wsaddressing/W3CEndpointReferenceBuilder.html
Watchable =  https://docs.oracle.com/javase/7/docs/api/java/nio/file/Watchable.html
WatchEvent =  https://docs.oracle.com/javase/7/docs/api/java/nio/file/WatchEvent.html
WatchEvent.Kind =  https://docs.oracle.com/javase/7/docs/api/java/nio/file/WatchEvent.Kind.html
WatchEvent.Modifier =  https://docs.oracle.com/javase/7/docs/api/java/nio/file/WatchEvent.Modifier.html
WatchKey =  https://docs.oracle.com/javase/7/docs/api/java/nio/file/WatchKey.html
WatchService =  https://docs.oracle.com/javase/7/docs/api/java/nio/file/WatchService.html
WCharSeqHelper =  https://docs.oracle.com/javase/7/docs/api/org/omg/CORBA/WCharSeqHelper.html
WCharSeqHolder =  https://docs.oracle.com/javase/7/docs/api/org/omg/CORBA/WCharSeqHolder.html
WeakHashMap =  https://docs.oracle.com/javase/7/docs/api/java/util/WeakHashMap.html
WeakReference =  https://docs.oracle.com/javase/7/docs/api/java/lang/ref/WeakReference.html
WebEndpoint =  https://docs.oracle.com/javase/7/docs/api/javax/xml/ws/WebEndpoint.html
WebFault =  https://docs.oracle.com/javase/7/docs/api/javax/xml/ws/WebFault.html
WebMethod =  https://docs.oracle.com/javase/7/docs/api/javax/jws/WebMethod.html
WebParam =  https://docs.oracle.com/javase/7/docs/api/javax/jws/WebParam.html
WebParam.Mode =  https://docs.oracle.com/javase/7/docs/api/javax/jws/WebParam.Mode.html
WebResult =  https://docs.oracle.com/javase/7/docs/api/javax/jws/WebResult.html
WebRowSet =  https://docs.oracle.com/javase/7/docs/api/javax/sql/rowset/WebRowSet.html
WebService =  https://docs.oracle.com/javase/7/docs/api/javax/jws/WebService.html
WebServiceClient =  https://docs.oracle.com/javase/7/docs/api/javax/xml/ws/WebServiceClient.html
WebServiceContext =  https://docs.oracle.com/javase/7/docs/api/javax/xml/ws/WebServiceContext.html
WebServiceException =  https://docs.oracle.com/javase/7/docs/api/javax/xml/ws/WebServiceException.html
WebServiceFeature =  https://docs.oracle.com/javase/7/docs/api/javax/xml/ws/WebServiceFeature.html
WebServiceFeatureAnnotation =  https://docs.oracle.com/javase/7/docs/api/javax/xml/ws/spi/WebServiceFeatureAnnotation.html
WebServicePermission =  https://docs.oracle.com/javase/7/docs/api/javax/xml/ws/WebServicePermission.html
WebServiceProvider =  https://docs.oracle.com/javase/7/docs/api/javax/xml/ws/WebServiceProvider.html
WebServiceRef =  https://docs.oracle.com/javase/7/docs/api/javax/xml/ws/WebServiceRef.html
WebServiceRefs =  https://docs.oracle.com/javase/7/docs/api/javax/xml/ws/WebServiceRefs.html
WildcardType =  https://docs.oracle.com/javase/7/docs/api/java/lang/reflect/WildcardType.html
WildcardType =  https://docs.oracle.com/javase/7/docs/api/javax/lang/model/type/WildcardType.html
Window =  https://docs.oracle.com/javase/7/docs/api/java/awt/Window.html
Window.Type =  https://docs.oracle.com/javase/7/docs/api/java/awt/Window.Type.html
WindowAdapter =  https://docs.oracle.com/javase/7/docs/api/java/awt/event/WindowAdapter.html
WindowConstants =  https://docs.oracle.com/javase/7/docs/api/javax/swing/WindowConstants.html
WindowEvent =  https://docs.oracle.com/javase/7/docs/api/java/awt/event/WindowEvent.html
WindowFocusListener =  https://docs.oracle.com/javase/7/docs/api/java/awt/event/WindowFocusListener.html
WindowListener =  https://docs.oracle.com/javase/7/docs/api/java/awt/event/WindowListener.html
WindowStateListener =  https://docs.oracle.com/javase/7/docs/api/java/awt/event/WindowStateListener.html
WrappedPlainView =  https://docs.oracle.com/javase/7/docs/api/javax/swing/text/WrappedPlainView.html
Wrapper =  https://docs.oracle.com/javase/7/docs/api/java/sql/Wrapper.html
WritableByteChannel =  https://docs.oracle.com/javase/7/docs/api/java/nio/channels/WritableByteChannel.html
WritableRaster =  https://docs.oracle.com/javase/7/docs/api/java/awt/image/WritableRaster.html
WritableRenderedImage =  https://docs.oracle.com/javase/7/docs/api/java/awt/image/WritableRenderedImage.html
WriteAbortedException =  https://docs.oracle.com/javase/7/docs/api/java/io/WriteAbortedException.html
WritePendingException =  https://docs.oracle.com/javase/7/docs/api/java/nio/channels/WritePendingException.html
Writer =  https://docs.oracle.com/javase/7/docs/api/java/io/Writer.html
WrongAdapter =  https://docs.oracle.com/javase/7/docs/api/org/omg/PortableServer/POAPackage/WrongAdapter.html
WrongAdapterHelper =  https://docs.oracle.com/javase/7/docs/api/org/omg/PortableServer/POAPackage/WrongAdapterHelper.html
WrongMethodTypeException =  https://docs.oracle.com/javase/7/docs/api/java/lang/invoke/WrongMethodTypeException.html
WrongPolicy =  https://docs.oracle.com/javase/7/docs/api/org/omg/PortableServer/POAPackage/WrongPolicy.html
WrongPolicyHelper =  https://docs.oracle.com/javase/7/docs/api/org/omg/PortableServer/POAPackage/WrongPolicyHelper.html
WrongTransaction =  https://docs.oracle.com/javase/7/docs/api/org/omg/CORBA/WrongTransaction.html
WrongTransactionHelper =  https://docs.oracle.com/javase/7/docs/api/org/omg/CORBA/WrongTransactionHelper.html
WrongTransactionHolder =  https://docs.oracle.com/javase/7/docs/api/org/omg/CORBA/WrongTransactionHolder.html
WStringSeqHelper =  https://docs.oracle.com/javase/7/docs/api/org/omg/CORBA/WStringSeqHelper.html
WStringSeqHolder =  https://docs.oracle.com/javase/7/docs/api/org/omg/CORBA/WStringSeqHolder.html
WStringValueHelper =  https://docs.oracle.com/javase/7/docs/api/org/omg/CORBA/WStringValueHelper.html
X500Principal =  https://docs.oracle.com/javase/7/docs/api/javax/security/auth/x500/X500Principal.html
X500PrivateCredential =  https://docs.oracle.com/javase/7/docs/api/javax/security/auth/x500/X500PrivateCredential.html
X509Certificate =  https://docs.oracle.com/javase/7/docs/api/java/security/cert/X509Certificate.html
X509Certificate =  https://docs.oracle.com/javase/7/docs/api/javax/security/cert/X509Certificate.html
X509CertSelector =  https://docs.oracle.com/javase/7/docs/api/java/security/cert/X509CertSelector.html
X509CRL =  https://docs.oracle.com/javase/7/docs/api/java/security/cert/X509CRL.html
X509CRLEntry =  https://docs.oracle.com/javase/7/docs/api/java/security/cert/X509CRLEntry.html
X509CRLSelector =  https://docs.oracle.com/javase/7/docs/api/java/security/cert/X509CRLSelector.html
X509Data =  https://docs.oracle.com/javase/7/docs/api/javax/xml/crypto/dsig/keyinfo/X509Data.html
X509EncodedKeySpec =  https://docs.oracle.com/javase/7/docs/api/java/security/spec/X509EncodedKeySpec.html
X509ExtendedKeyManager =  https://docs.oracle.com/javase/7/docs/api/javax/net/ssl/X509ExtendedKeyManager.html
X509ExtendedTrustManager =  https://docs.oracle.com/javase/7/docs/api/javax/net/ssl/X509ExtendedTrustManager.html
X509Extension =  https://docs.oracle.com/javase/7/docs/api/java/security/cert/X509Extension.html
X509IssuerSerial =  https://docs.oracle.com/javase/7/docs/api/javax/xml/crypto/dsig/keyinfo/X509IssuerSerial.html
X509KeyManager =  https://docs.oracle.com/javase/7/docs/api/javax/net/ssl/X509KeyManager.html
X509TrustManager =  https://docs.oracle.com/javase/7/docs/api/javax/net/ssl/X509TrustManager.html
XAConnection =  https://docs.oracle.com/javase/7/docs/api/javax/sql/XAConnection.html
XADataSource =  https://docs.oracle.com/javase/7/docs/api/javax/sql/XADataSource.html
XAException =  https://docs.oracle.com/javase/7/docs/api/javax/transaction/xa/XAException.html
XAResource =  https://docs.oracle.com/javase/7/docs/api/javax/transaction/xa/XAResource.html
Xid =  https://docs.oracle.com/javase/7/docs/api/javax/transaction/xa/Xid.html
XmlAccessOrder =  https://docs.oracle.com/javase/7/docs/api/javax/xml/bind/annotation/XmlAccessOrder.html
XmlAccessorOrder =  https://docs.oracle.com/javase/7/docs/api/javax/xml/bind/annotation/XmlAccessorOrder.html
XmlAccessorType =  https://docs.oracle.com/javase/7/docs/api/javax/xml/bind/annotation/XmlAccessorType.html
XmlAccessType =  https://docs.oracle.com/javase/7/docs/api/javax/xml/bind/annotation/XmlAccessType.html
XmlAdapter =  https://docs.oracle.com/javase/7/docs/api/javax/xml/bind/annotation/adapters/XmlAdapter.html
XmlAnyAttribute =  https://docs.oracle.com/javase/7/docs/api/javax/xml/bind/annotation/XmlAnyAttribute.html
XmlAnyElement =  https://docs.oracle.com/javase/7/docs/api/javax/xml/bind/annotation/XmlAnyElement.html
XmlAttachmentRef =  https://docs.oracle.com/javase/7/docs/api/javax/xml/bind/annotation/XmlAttachmentRef.html
XmlAttribute =  https://docs.oracle.com/javase/7/docs/api/javax/xml/bind/annotation/XmlAttribute.html
XMLConstants =  https://docs.oracle.com/javase/7/docs/api/javax/xml/XMLConstants.html
XMLCryptoContext =  https://docs.oracle.com/javase/7/docs/api/javax/xml/crypto/XMLCryptoContext.html
XMLDecoder =  https://docs.oracle.com/javase/7/docs/api/java/beans/XMLDecoder.html
XmlElement =  https://docs.oracle.com/javase/7/docs/api/javax/xml/bind/annotation/XmlElement.html
XmlElement.DEFAULT =  https://docs.oracle.com/javase/7/docs/api/javax/xml/bind/annotation/XmlElement.DEFAULT.html
XmlElementDecl =  https://docs.oracle.com/javase/7/docs/api/javax/xml/bind/annotation/XmlElementDecl.html
XmlElementDecl.GLOBAL =  https://docs.oracle.com/javase/7/docs/api/javax/xml/bind/annotation/XmlElementDecl.GLOBAL.html
XmlElementRef =  https://docs.oracle.com/javase/7/docs/api/javax/xml/bind/annotation/XmlElementRef.html
XmlElementRef.DEFAULT =  https://docs.oracle.com/javase/7/docs/api/javax/xml/bind/annotation/XmlElementRef.DEFAULT.html
XmlElementRefs =  https://docs.oracle.com/javase/7/docs/api/javax/xml/bind/annotation/XmlElementRefs.html
XmlElements =  https://docs.oracle.com/javase/7/docs/api/javax/xml/bind/annotation/XmlElements.html
XmlElementWrapper =  https://docs.oracle.com/javase/7/docs/api/javax/xml/bind/annotation/XmlElementWrapper.html
XMLEncoder =  https://docs.oracle.com/javase/7/docs/api/java/beans/XMLEncoder.html
XmlEnum =  https://docs.oracle.com/javase/7/docs/api/javax/xml/bind/annotation/XmlEnum.html
XmlEnumValue =  https://docs.oracle.com/javase/7/docs/api/javax/xml/bind/annotation/XmlEnumValue.html
XMLEvent =  https://docs.oracle.com/javase/7/docs/api/javax/xml/stream/events/XMLEvent.html
XMLEventAllocator =  https://docs.oracle.com/javase/7/docs/api/javax/xml/stream/util/XMLEventAllocator.html
XMLEventConsumer =  https://docs.oracle.com/javase/7/docs/api/javax/xml/stream/util/XMLEventConsumer.html
XMLEventFactory =  https://docs.oracle.com/javase/7/docs/api/javax/xml/stream/XMLEventFactory.html
XMLEventReader =  https://docs.oracle.com/javase/7/docs/api/javax/xml/stream/XMLEventReader.html
XMLEventWriter =  https://docs.oracle.com/javase/7/docs/api/javax/xml/stream/XMLEventWriter.html
XMLFilter =  https://docs.oracle.com/javase/7/docs/api/org/xml/sax/XMLFilter.html
XMLFilterImpl =  https://docs.oracle.com/javase/7/docs/api/org/xml/sax/helpers/XMLFilterImpl.html
XMLFormatter =  https://docs.oracle.com/javase/7/docs/api/java/util/logging/XMLFormatter.html
XMLGregorianCalendar =  https://docs.oracle.com/javase/7/docs/api/javax/xml/datatype/XMLGregorianCalendar.html
XmlID =  https://docs.oracle.com/javase/7/docs/api/javax/xml/bind/annotation/XmlID.html
XmlIDREF =  https://docs.oracle.com/javase/7/docs/api/javax/xml/bind/annotation/XmlIDREF.html
XmlInlineBinaryData =  https://docs.oracle.com/javase/7/docs/api/javax/xml/bind/annotation/XmlInlineBinaryData.html
XMLInputFactory =  https://docs.oracle.com/javase/7/docs/api/javax/xml/stream/XMLInputFactory.html
XmlJavaTypeAdapter =  https://docs.oracle.com/javase/7/docs/api/javax/xml/bind/annotation/adapters/XmlJavaTypeAdapter.html
XmlJavaTypeAdapter.DEFAULT =  https://docs.oracle.com/javase/7/docs/api/javax/xml/bind/annotation/adapters/XmlJavaTypeAdapter.DEFAULT.html
XmlJavaTypeAdapters =  https://docs.oracle.com/javase/7/docs/api/javax/xml/bind/annotation/adapters/XmlJavaTypeAdapters.html
XmlList =  https://docs.oracle.com/javase/7/docs/api/javax/xml/bind/annotation/XmlList.html
XmlMimeType =  https://docs.oracle.com/javase/7/docs/api/javax/xml/bind/annotation/XmlMimeType.html
XmlMixed =  https://docs.oracle.com/javase/7/docs/api/javax/xml/bind/annotation/XmlMixed.html
XmlNs =  https://docs.oracle.com/javase/7/docs/api/javax/xml/bind/annotation/XmlNs.html
XmlNsForm =  https://docs.oracle.com/javase/7/docs/api/javax/xml/bind/annotation/XmlNsForm.html
XMLObject =  https://docs.oracle.com/javase/7/docs/api/javax/xml/crypto/dsig/XMLObject.html
XMLOutputFactory =  https://docs.oracle.com/javase/7/docs/api/javax/xml/stream/XMLOutputFactory.html
XMLParseException =  https://docs.oracle.com/javase/7/docs/api/javax/management/modelmbean/XMLParseException.html
XmlReader =  https://docs.oracle.com/javase/7/docs/api/javax/sql/rowset/spi/XmlReader.html
XMLReader =  https://docs.oracle.com/javase/7/docs/api/org/xml/sax/XMLReader.html
XMLReaderAdapter =  https://docs.oracle.com/javase/7/docs/api/org/xml/sax/helpers/XMLReaderAdapter.html
XMLReaderFactory =  https://docs.oracle.com/javase/7/docs/api/org/xml/sax/helpers/XMLReaderFactory.html
XmlRegistry =  https://docs.oracle.com/javase/7/docs/api/javax/xml/bind/annotation/XmlRegistry.html
XMLReporter =  https://docs.oracle.com/javase/7/docs/api/javax/xml/stream/XMLReporter.html
XMLResolver =  https://docs.oracle.com/javase/7/docs/api/javax/xml/stream/XMLResolver.html
XmlRootElement =  https://docs.oracle.com/javase/7/docs/api/javax/xml/bind/annotation/XmlRootElement.html
XmlSchema =  https://docs.oracle.com/javase/7/docs/api/javax/xml/bind/annotation/XmlSchema.html
XmlSchemaType =  https://docs.oracle.com/javase/7/docs/api/javax/xml/bind/annotation/XmlSchemaType.html
XmlSchemaType.DEFAULT =  https://docs.oracle.com/javase/7/docs/api/javax/xml/bind/annotation/XmlSchemaType.DEFAULT.html
XmlSchemaTypes =  https://docs.oracle.com/javase/7/docs/api/javax/xml/bind/annotation/XmlSchemaTypes.html
XmlSeeAlso =  https://docs.oracle.com/javase/7/docs/api/javax/xml/bind/annotation/XmlSeeAlso.html
XMLSignature =  https://docs.oracle.com/javase/7/docs/api/javax/xml/crypto/dsig/XMLSignature.html
XMLSignature.SignatureValue =  https://docs.oracle.com/javase/7/docs/api/javax/xml/crypto/dsig/XMLSignature.SignatureValue.html
XMLSignatureException =  https://docs.oracle.com/javase/7/docs/api/javax/xml/crypto/dsig/XMLSignatureException.html
XMLSignatureFactory =  https://docs.oracle.com/javase/7/docs/api/javax/xml/crypto/dsig/XMLSignatureFactory.html
XMLSignContext =  https://docs.oracle.com/javase/7/docs/api/javax/xml/crypto/dsig/XMLSignContext.html
XMLStreamConstants =  https://docs.oracle.com/javase/7/docs/api/javax/xml/stream/XMLStreamConstants.html
XMLStreamException =  https://docs.oracle.com/javase/7/docs/api/javax/xml/stream/XMLStreamException.html
XMLStreamReader =  https://docs.oracle.com/javase/7/docs/api/javax/xml/stream/XMLStreamReader.html
XMLStreamWriter =  https://docs.oracle.com/javase/7/docs/api/javax/xml/stream/XMLStreamWriter.html
XMLStructure =  https://docs.oracle.com/javase/7/docs/api/javax/xml/crypto/XMLStructure.html
XmlTransient =  https://docs.oracle.com/javase/7/docs/api/javax/xml/bind/annotation/XmlTransient.html
XmlType =  https://docs.oracle.com/javase/7/docs/api/javax/xml/bind/annotation/XmlType.html
XmlType.DEFAULT =  https://docs.oracle.com/javase/7/docs/api/javax/xml/bind/annotation/XmlType.DEFAULT.html
XMLValidateContext =  https://docs.oracle.com/javase/7/docs/api/javax/xml/crypto/dsig/XMLValidateContext.html
XmlValue =  https://docs.oracle.com/javase/7/docs/api/javax/xml/bind/annotation/XmlValue.html
XmlWriter =  https://docs.oracle.com/javase/7/docs/api/javax/sql/rowset/spi/XmlWriter.html
XPath =  https://docs.oracle.com/javase/7/docs/api/javax/xml/xpath/XPath.html
XPathConstants =  https://docs.oracle.com/javase/7/docs/api/javax/xml/xpath/XPathConstants.html
XPathException =  https://docs.oracle.com/javase/7/docs/api/javax/xml/xpath/XPathException.html
XPathExpression =  https://docs.oracle.com/javase/7/docs/api/javax/xml/xpath/XPathExpression.html
XPathExpressionException =  https://docs.oracle.com/javase/7/docs/api/javax/xml/xpath/XPathExpressionException.html
XPathFactory =  https://docs.oracle.com/javase/7/docs/api/javax/xml/xpath/XPathFactory.html
XPathFactoryConfigurationException =  https://docs.oracle.com/javase/7/docs/api/javax/xml/xpath/XPathFactoryConfigurationException.html
XPathFilter2ParameterSpec =  https://docs.oracle.com/javase/7/docs/api/javax/xml/crypto/dsig/spec/XPathFilter2ParameterSpec.html
XPathFilterParameterSpec =  https://docs.oracle.com/javase/7/docs/api/javax/xml/crypto/dsig/spec/XPathFilterParameterSpec.html
XPathFunction =  https://docs.oracle.com/javase/7/docs/api/javax/xml/xpath/XPathFunction.html
XPathFunctionException =  https://docs.oracle.com/javase/7/docs/api/javax/xml/xpath/XPathFunctionException.html
XPathFunctionResolver =  https://docs.oracle.com/javase/7/docs/api/javax/xml/xpath/XPathFunctionResolver.html
XPathType =  https://docs.oracle.com/javase/7/docs/api/javax/xml/crypto/dsig/spec/XPathType.html
XPathType.Filter =  https://docs.oracle.com/javase/7/docs/api/javax/xml/crypto/dsig/spec/XPathType.Filter.html
XPathVariableResolver =  https://docs.oracle.com/javase/7/docs/api/javax/xml/xpath/XPathVariableResolver.html
XSLTTransformParameterSpec =  https://docs.oracle.com/javase/7/docs/api/javax/xml/crypto/dsig/spec/XSLTTransformParameterSpec.html
ZipEntry =  https://docs.oracle.com/javase/7/docs/api/java/util/zip/ZipEntry.html
ZipError =  https://docs.oracle.com/javase/7/docs/api/java/util/zip/ZipError.html
ZipException =  https://docs.oracle.com/javase/7/docs/api/java/util/zip/ZipException.html
ZipFile =  https://docs.oracle.com/javase/7/docs/api/java/util/zip/ZipFile.html
ZipInputStream =  https://docs.oracle.com/javase/7/docs/api/java/util/zip/ZipInputStream.html
ZipOutputStream =  https://docs.oracle.com/javase/7/docs/api/java/util/zip/ZipOutputStream.html
ZoneView =  https://docs.oracle.com/javase/7/docs/api/javax/swing/text/ZoneView.html
_BindingIteratorImplBase =  https://docs.oracle.com/javase/7/docs/api/org/omg/CosNaming/_BindingIteratorImplBase.html
_BindingIteratorStub =  https://docs.oracle.com/javase/7/docs/api/org/omg/CosNaming/_BindingIteratorStub.html
_DynAnyFactoryStub =  https://docs.oracle.com/javase/7/docs/api/org/omg/DynamicAny/_DynAnyFactoryStub.html
_DynAnyStub =  https://docs.oracle.com/javase/7/docs/api/org/omg/DynamicAny/_DynAnyStub.html
_DynArrayStub =  https://docs.oracle.com/javase/7/docs/api/org/omg/DynamicAny/_DynArrayStub.html
_DynEnumStub =  https://docs.oracle.com/javase/7/docs/api/org/omg/DynamicAny/_DynEnumStub.html
_DynFixedStub =  https://docs.oracle.com/javase/7/docs/api/org/omg/DynamicAny/_DynFixedStub.html
_DynSequenceStub =  https://docs.oracle.com/javase/7/docs/api/org/omg/DynamicAny/_DynSequenceStub.html
_DynStructStub =  https://docs.oracle.com/javase/7/docs/api/org/omg/DynamicAny/_DynStructStub.html
_DynUnionStub =  https://docs.oracle.com/javase/7/docs/api/org/omg/DynamicAny/_DynUnionStub.html
_DynValueStub =  https://docs.oracle.com/javase/7/docs/api/org/omg/DynamicAny/_DynValueStub.html
_IDLTypeStub =  https://docs.oracle.com/javase/7/docs/api/org/omg/CORBA/_IDLTypeStub.html
_NamingContextExtStub =  https://docs.oracle.com/javase/7/docs/api/org/omg/CosNaming/_NamingContextExtStub.html
_NamingContextImplBase =  https://docs.oracle.com/javase/7/docs/api/org/omg/CosNaming/_NamingContextImplBase.html
_NamingContextStub =  https://docs.oracle.com/javase/7/docs/api/org/omg/CosNaming/_NamingContextStub.html
_PolicyStub =  https://docs.oracle.com/javase/7/docs/api/org/omg/CORBA/_PolicyStub.html
_Remote_Stub =  https://docs.oracle.com/javase/7/docs/api/org/omg/stub/java/rmi/_Remote_Stub.html
_ServantActivatorStub =  https://docs.oracle.com/javase/7/docs/api/org/omg/PortableServer/_ServantActivatorStub.html
_ServantLocatorStub =  https://docs.oracle.com/javase/7/docs/api/org/omg/PortableServer/_ServantLocatorStub.html
Total number of links: ===4024
----------classFrame--------------------
URL'https://docs.oracle.com/javase/7/docs/api/
java.applet
Provides the classes necessary to create an applet and the classes an applet uses to communicate with its applet context. =  null
java.awt
Contains all of the classes for creating user interfaces and for painting graphics and images. =  null
java.awt.color
Provides classes for color spaces. =  null
java.awt.datatransfer
Provides interfaces and classes for transferring data between and within applications. =  null
java.awt.dnd
Drag and Drop is a direct manipulation gesture found in many Graphical User Interface systems that provides a mechanism to transfer information between two entities logically associated with presentation elements in the GUI. =  null
java.awt.event
Provides interfaces and classes for dealing with different types of events fired by AWT components. =  null
java.awt.font
Provides classes and interface relating to fonts. =  null
java.awt.geom
Provides the Java 2D classes for defining and performing operations on objects related to two-dimensional geometry. =  null
java.awt.im
Provides classes and interfaces for the input method framework. =  null
java.awt.im.spi
Provides interfaces that enable the development of input methods that can be used with any Java runtime environment. =  null
java.awt.image
Provides classes for creating and modifying images. =  null
java.awt.image.renderable
Provides classes and interfaces for producing rendering-independent images. =  null
java.awt.print
Provides classes and interfaces for a general printing API. =  null
java.beans
Contains classes related to developing beans -- components based on the JavaBeans™ architecture. =  null
java.beans.beancontext
Provides classes and interfaces relating to bean context. =  null
java.io
Provides for system input and output through data streams, serialization and the file system. =  null
java.lang
Provides classes that are fundamental to the design of the Java programming language. =  null
java.lang.annotation
Provides library support for the Java programming language annotation facility. =  null
java.lang.instrument
Provides services that allow Java programming language agents to instrument programs running on the JVM. =  null
java.lang.invoke
The java.lang.invoke package contains dynamic language support provided directly by the Java core class libraries and virtual machine. =  null
java.lang.management
Provides the management interfaces for monitoring and management of the Java virtual machine and other components in the Java runtime. =  null
java.lang.ref
Provides reference-object classes, which support a limited degree of interaction with the garbage collector. =  null
java.lang.reflect
Provides classes and interfaces for obtaining reflective information about classes and objects. =  null
java.math
Provides classes for performing arbitrary-precision integer arithmetic (BigInteger) and arbitrary-precision decimal arithmetic (BigDecimal). =  null
java.net
Provides the classes for implementing networking applications. =  null
java.nio
Defines buffers, which are containers for data, and provides an overview of the other NIO packages. =  null
java.nio.channels
Defines channels, which represent connections to entities that are capable of performing I/O operations, such as files and sockets; defines selectors, for multiplexed, non-blocking I/O operations. =  null
java.nio.channels.spi
Service-provider classes for the java.nio.channels package. =  null
java.nio.charset
Defines charsets, decoders, and encoders, for translating between bytes and Unicode characters. =  null
java.nio.charset.spi
Service-provider classes for the java.nio.charset package. =  null
java.nio.file
Defines interfaces and classes for the Java virtual machine to access files, file attributes, and file systems. =  null
java.nio.file.attribute
Interfaces and classes providing access to file and file system attributes. =  null
java.nio.file.spi
Service-provider classes for the java.nio.file package. =  null
java.rmi
Provides the RMI package. =  null
java.rmi.activation
Provides support for RMI Object Activation. =  null
java.rmi.dgc
Provides classes and interface for RMI distributed garbage-collection (DGC). =  null
java.rmi.registry
Provides a class and two interfaces for the RMI registry. =  null
java.rmi.server
Provides classes and interfaces for supporting the server side of RMI. =  null
java.security
Provides the classes and interfaces for the security framework. =  null
java.security.acl
The classes and interfaces in this package have been superseded by classes in the java.security package. =  null
java.security.cert
Provides classes and interfaces for parsing and managing certificates, certificate revocation lists (CRLs), and certification paths. =  null
java.security.interfaces
Provides interfaces for generating RSA (Rivest, Shamir and Adleman AsymmetricCipher algorithm) keys as defined in the RSA Laboratory Technical Note PKCS#1, and DSA (Digital Signature Algorithm) keys as defined in NIST's FIPS-186. =  null
java.security.spec
Provides classes and interfaces for key specifications and algorithm parameter specifications. =  null
java.sql
Provides the API for accessing and processing data stored in a data source (usually a relational database) using the JavaTM programming language. =  null
java.text
Provides classes and interfaces for handling text, dates, numbers, and messages in a manner independent of natural languages. =  null
java.text.spi
Service provider classes for the classes in the java.text package. =  null
java.util
Contains the collections framework, legacy collection classes, event model, date and time facilities, internationalization, and miscellaneous utility classes (a string tokenizer, a random-number generator, and a bit array). =  null
java.util.concurrent
Utility classes commonly useful in concurrent programming. =  null
java.util.concurrent.atomic
A small toolkit of classes that support lock-free thread-safe programming on single variables. =  null
java.util.concurrent.locks
Interfaces and classes providing a framework for locking and waiting for conditions that is distinct from built-in synchronization and monitors. =  null
java.util.jar
Provides classes for reading and writing the JAR (Java ARchive) file format, which is based on the standard ZIP file format with an optional manifest file. =  null
java.util.logging
Provides the classes and interfaces of the JavaTM 2 platform's core logging facilities. =  null
java.util.prefs
This package allows applications to store and retrieve user and system preference and configuration data. =  null
java.util.regex
Classes for matching character sequences against patterns specified by regular expressions. =  null
java.util.spi
Service provider classes for the classes in the java.util package. =  null
java.util.zip
Provides classes for reading and writing the standard ZIP and GZIP file formats. =  null
javax.accessibility
Defines a contract between user-interface components and an assistive technology that provides access to those components. =  null
javax.activation   =  null
javax.activity
Contains Activity service related exceptions thrown by the ORB machinery during unmarshalling. =  null
javax.annotation   =  null
javax.annotation.processing
Facilities for declaring annotation processors and for allowing annotation processors to communicate with an annotation processing tool environment. =  null
javax.crypto
Provides the classes and interfaces for cryptographic operations. =  null
javax.crypto.interfaces
Provides interfaces for Diffie-Hellman keys as defined in RSA Laboratories' PKCS #3. =  null
javax.crypto.spec
Provides classes and interfaces for key specifications and algorithm parameter specifications. =  null
javax.imageio
The main package of the Java Image I/O API. =  null
javax.imageio.event
A package of the Java Image I/O API dealing with synchronous notification of events during the reading and writing of images. =  null
javax.imageio.metadata
A package of the Java Image I/O API dealing with reading and writing metadata. =  null
javax.imageio.plugins.bmp
Package containing the public classes used by the built-in BMP plug-in. =  null
javax.imageio.plugins.jpeg
Classes supporting the built-in JPEG plug-in. =  null
javax.imageio.spi
A package of the Java Image I/O API containing the plug-in interfaces for readers, writers, transcoders, and streams, and a runtime registry. =  null
javax.imageio.stream
A package of the Java Image I/O API dealing with low-level I/O from files and streams. =  null
javax.jws   =  null
javax.jws.soap   =  null
javax.lang.model
Classes and hierarchies of packages used to model the Java programming language. =  null
javax.lang.model.element
Interfaces used to model elements of the Java programming language. =  null
javax.lang.model.type
Interfaces used to model Java programming language types. =  null
javax.lang.model.util
Utilities to assist in the processing of program elements and types. =  null
javax.management
Provides the core classes for the Java Management Extensions. =  null
javax.management.loading
Provides the classes which implement advanced dynamic loading. =  null
javax.management.modelmbean
Provides the definition of the ModelMBean classes. =  null
javax.management.monitor
Provides the definition of the monitor classes. =  null
javax.management.openmbean
Provides the open data types and Open MBean descriptor classes. =  null
javax.management.relation
Provides the definition of the Relation Service. =  null
javax.management.remote
Interfaces for remote access to JMX MBean servers. =  null
javax.management.remote.rmi
The RMI connector is a connector for the JMX Remote API that uses RMI to transmit client requests to a remote MBean server. =  null
javax.management.timer
Provides the definition of the Timer MBean. =  null
javax.naming
Provides the classes and interfaces for accessing naming services. =  null
javax.naming.directory
Extends the javax.naming package to provide functionality for accessing directory services. =  null
javax.naming.event
Provides support for event notification when accessing naming and directory services. =  null
javax.naming.ldap
Provides support for LDAPv3 extended operations and controls. =  null
javax.naming.spi   =  null
javax.net
Provides classes for networking applications. =  null
javax.net.ssl
Provides classes for the secure socket package. =  null
javax.print
Provides the principal classes and interfaces for the JavaTM Print Service API. =  null
javax.print.attribute
Provides classes and interfaces that describe the types of JavaTM Print Service attributes and how they can be collected into attribute sets. =  null
javax.print.attribute.standard
Package javax.print.attribute.standard contains classes for specific printing attributes. =  null
javax.print.event
Package javax.print.event contains event classes and listener interfaces. =  null
javax.rmi
Contains user APIs for RMI-IIOP. =  null
javax.rmi.CORBA
Contains portability APIs for RMI-IIOP. =  null
javax.rmi.ssl
Provides implementations of RMIClientSocketFactory and RMIServerSocketFactory over the Secure Sockets Layer (SSL) or Transport Layer Security (TLS) protocols. =  null
javax.script
The scripting API consists of interfaces and classes that define Java TM Scripting Engines and provides a framework for their use in Java applications. =  null
javax.security.auth
This package provides a framework for authentication and authorization. =  null
javax.security.auth.callback
This package provides the classes necessary for services to interact with applications in order to retrieve information (authentication data including usernames or passwords, for example) or to display information (error and warning messages, for example). =  null
javax.security.auth.kerberos
This package contains utility classes related to the Kerberos network authentication protocol. =  null
javax.security.auth.login
This package provides a pluggable authentication framework. =  null
javax.security.auth.spi
This package provides the interface to be used for implementing pluggable authentication modules. =  null
javax.security.auth.x500
This package contains the classes that should be used to store X500 Principal and X500 Private Crendentials in a Subject. =  null
javax.security.cert
Provides classes for public key certificates. =  null
javax.security.sasl
Contains class and interfaces for supporting SASL. =  null
javax.sound.midi
Provides interfaces and classes for I/O, sequencing, and synthesis of MIDI (Musical Instrument Digital Interface) data. =  null
javax.sound.midi.spi
Supplies interfaces for service providers to implement when offering new MIDI devices, MIDI file readers and writers, or sound bank readers. =  null
javax.sound.sampled
Provides interfaces and classes for capture, processing, and playback of sampled audio data. =  null
javax.sound.sampled.spi
Supplies abstract classes for service providers to subclass when offering new audio devices, sound file readers and writers, or audio format converters. =  null
javax.sql
Provides the API for server side data source access and processing from the JavaTM programming language. =  null
javax.sql.rowset
Standard interfaces and base classes for JDBC RowSet implementations. =  null
javax.sql.rowset.serial
Provides utility classes to allow serializable mappings between SQL types and data types in the Java programming language. =  null
javax.sql.rowset.spi
The standard classes and interfaces that a third party vendor has to use in its implementation of a synchronization provider. =  null
javax.swing
Provides a set of "lightweight" (all-Java language) components that, to the maximum degree possible, work the same on all platforms. =  null
javax.swing.border
Provides classes and interface for drawing specialized borders around a Swing component. =  null
javax.swing.colorchooser
Contains classes and interfaces used by the JColorChooser component. =  null
javax.swing.event
Provides for events fired by Swing components. =  null
javax.swing.filechooser
Contains classes and interfaces used by the JFileChooser component. =  null
javax.swing.plaf
Provides one interface and many abstract classes that Swing uses to provide its pluggable look-and-feel capabilities. =  null
javax.swing.plaf.basic
Provides user interface objects built according to the Basic look and feel. =  null
javax.swing.plaf.metal
Provides user interface objects built according to the Java look and feel (once codenamed Metal), which is the default look and feel. =  null
javax.swing.plaf.multi
Provides user interface objects that combine two or more look and feels. =  null
javax.swing.plaf.nimbus
Provides user interface objects built according to the cross-platform Nimbus look and feel. =  null
javax.swing.plaf.synth
Synth is a skinnable look and feel in which all painting is delegated. =  null
javax.swing.table
Provides classes and interfaces for dealing with javax.swing.JTable. =  null
javax.swing.text
Provides classes and interfaces that deal with editable and noneditable text components. =  null
javax.swing.text.html
Provides the class HTMLEditorKit and supporting classes for creating HTML text editors. =  null
javax.swing.text.html.parser
Provides the default HTML parser, along with support classes. =  null
javax.swing.text.rtf
Provides a class (RTFEditorKit) for creating Rich-Text-Format text editors. =  null
javax.swing.tree
Provides classes and interfaces for dealing with javax.swing.JTree. =  null
javax.swing.undo
Allows developers to provide support for undo/redo in applications such as text editors. =  null
javax.tools
Provides interfaces for tools which can be invoked from a program, for example, compilers. =  null
javax.transaction
Contains three exceptions thrown by the ORB machinery during unmarshalling. =  null
javax.transaction.xa
Provides the API that defines the contract between the transaction manager and the resource manager, which allows the transaction manager to enlist and delist resource objects (supplied by the resource manager driver) in JTA transactions. =  null
javax.xml   =  null
javax.xml.bind
Provides a runtime binding framework for client applications including unmarshalling, marshalling, and validation capabilities. =  null
javax.xml.bind.annotation
Defines annotations for customizing Java program elements to XML Schema mapping. =  null
javax.xml.bind.annotation.adapters
XmlAdapter and its spec-defined sub-classes to allow arbitrary Java classes to be used with JAXB. =  null
javax.xml.bind.attachment
This package is implemented by a MIME-based package processor that enables the interpretation and creation of optimized binary data within an MIME-based package format. =  null
javax.xml.bind.helpers
JAXB Provider Use Only: Provides partial default implementations for some of the javax.xml.bind interfaces. =  null
javax.xml.bind.util
Useful client utility classes. =  null
javax.xml.crypto
Common classes for XML cryptography. =  null
javax.xml.crypto.dom
DOM-specific classes for the javax.xml.crypto package. =  null
javax.xml.crypto.dsig
Classes for generating and validating XML digital signatures. =  null
javax.xml.crypto.dsig.dom
DOM-specific classes for the javax.xml.crypto.dsig package. =  null
javax.xml.crypto.dsig.keyinfo
Classes for parsing and processing KeyInfo elements and structures. =  null
javax.xml.crypto.dsig.spec
Parameter classes for XML digital signatures. =  null
javax.xml.datatype
XML/Java Type Mappings. =  null
javax.xml.namespace
XML Namespace processing. =  null
javax.xml.parsers
Provides classes allowing the processing of XML documents. =  null
javax.xml.soap
Provides the API for creating and building SOAP messages. =  null
javax.xml.stream   =  null
javax.xml.stream.events   =  null
javax.xml.stream.util   =  null
javax.xml.transform
This package defines the generic APIs for processing transformation instructions, and performing a transformation from source to result. =  null
javax.xml.transform.dom
This package implements DOM-specific transformation APIs. =  null
javax.xml.transform.sax
This package implements SAX2-specific transformation APIs. =  null
javax.xml.transform.stax
Provides for StAX-specific transformation APIs. =  null
javax.xml.transform.stream
This package implements stream- and URI- specific transformation APIs. =  null
javax.xml.validation
This package provides an API for validation of XML documents. =  null
javax.xml.ws
This package contains the core JAX-WS APIs. =  null
javax.xml.ws.handler
This package defines APIs for message handlers. =  null
javax.xml.ws.handler.soap
This package defines APIs for SOAP message handlers. =  null
javax.xml.ws.http
This package defines APIs specific to the HTTP binding. =  null
javax.xml.ws.soap
This package defines APIs specific to the SOAP binding. =  null
javax.xml.ws.spi
This package defines SPIs for JAX-WS. =  null
javax.xml.ws.spi.http
Provides HTTP SPI that is used for portable deployment of JAX-WS web services in containers(for e.g. =  null
javax.xml.ws.wsaddressing
This package defines APIs related to WS-Addressing. =  null
javax.xml.xpath
This package provides an object-model neutral API for the evaluation of XPath expressions and access to the evaluation environment. =  null
org.ietf.jgss
This package presents a framework that allows application developers to make use of security services like authentication, data integrity and data confidentiality from a variety of underlying security mechanisms like Kerberos, using a unified API. =  null
org.omg.CORBA
Provides the mapping of the OMG CORBA APIs to the JavaTM programming language, including the class ORB, which is implemented so that a programmer can use it as a fully-functional Object Request Broker (ORB). =  null
org.omg.CORBA_2_3
The CORBA_2_3 package defines additions to existing CORBA interfaces in the Java[tm] Standard Edition 6.   These changes occurred in recent revisions to the CORBA API defined by the OMG.  The new methods were added to  interfaces derived from the corresponding interfaces in the CORBA package.  This provides backward compatibility and avoids breaking the JCK tests. =  null
org.omg.CORBA_2_3.portable
Provides methods for the input and output of value types, and contains other updates to the org/omg/CORBA/portable package. =  null
org.omg.CORBA.DynAnyPackage
Provides the exceptions used with the DynAny interface (InvalidValue, Invalid, InvalidSeq, and TypeMismatch). =  null
org.omg.CORBA.ORBPackage
Provides the exception InvalidName, which is thrown by the method ORB.resolve_initial_references and the exception InconsistentTypeCode, which is thrown by the Dynamic Any creation methods in the ORB class. =  null
org.omg.CORBA.portable
Provides a portability layer, that is, a set of ORB APIs that makes it possible for code generated by one vendor to run on another vendor's ORB. =  null
org.omg.CORBA.TypeCodePackage
Provides the user-defined exceptions BadKind and Bounds, which are thrown by methods in in the class TypeCode. =  null
org.omg.CosNaming
Provides a naming service for Java IDL. =  null
org.omg.CosNaming.NamingContextExtPackage
This package contains the following classes, which are used in org.omg.CosNaming.NamingContextExt: =  null
org.omg.CosNaming.NamingContextPackage
This package contains Exception classes for the org.omg.CosNaming package. =  null
org.omg.Dynamic
This package contains the Dynamic module specified in the OMG Portable Interceptor specification, http://cgi.omg.org/cgi-bin/doc?ptc/2000-08-06, section 21.9. =  null
org.omg.DynamicAny
Provides classes and interfaces that enable traversal of the data value associated with an any at runtime, and extraction of the primitive constituents of the data value. =  null
org.omg.DynamicAny.DynAnyFactoryPackage
This package contains classes and exceptions from the DynAnyFactory interface of the DynamicAny module specified in the OMG The Common Object Request Broker: Architecture and Specification, http://cgi.omg.org/cgi-bin/doc?formal/99-10-07, section 9.2.2. =  null
org.omg.DynamicAny.DynAnyPackage
This package contains classes and exceptions from the DynAny interface of the DynamicAny module specified in the OMG The Common Object Request Broker: Architecture and Specification, http://cgi.omg.org/cgi-bin/doc?formal/99-10-07, section 9.2. =  null
org.omg.IOP
This package contains the IOP module specified in the OMG document The Common Object Request Broker: Architecture and Specification, http://cgi.omg.org/cgi-bin/doc?formal/99-10-07, section 13.6. =  null
org.omg.IOP.CodecFactoryPackage
This package contains the exceptions specified in the IOP::CodeFactory interface (as part of the Portable Interceptors spec). =  null
org.omg.IOP.CodecPackage
This package is generated from the IOP::Codec IDL interface definition. =  null
org.omg.Messaging
This package contains the Messaging module specified in the OMG CORBA Messaging specification, http://cgi.omg.org/cgi-bin/doc?formal/99-10-07. =  null
org.omg.PortableInterceptor
Provides a mechanism to register ORB hooks through which ORB services can intercept the normal flow of execution of the ORB. =  null
org.omg.PortableInterceptor.ORBInitInfoPackage
This package contains the exceptions and typedefs from the ORBInitInfo local interface of the PortableInterceptor module specified in the OMG Portable Interceptor specification, http://cgi.omg.org/cgi-bin/doc?ptc/2000-08-06, section 21.7.2. =  null
org.omg.PortableServer
Provides classes and interfaces for making the server side of your applications portable across multivendor ORBs. =  null
org.omg.PortableServer.CurrentPackage
Provides method implementations with access to the identity of the object on which the method was invoked. =  null
org.omg.PortableServer.POAManagerPackage
Encapsulates the processing state of the POAs it is associated with. =  null
org.omg.PortableServer.POAPackage
Allows programmers to construct object implementations that are portable between different ORB products. =  null
org.omg.PortableServer.portable
Provides classes and interfaces for making the server side of your applications portable across multivendor ORBs. =  null
org.omg.PortableServer.ServantLocatorPackage
Provides classes and interfaces for locating the servant. =  null
org.omg.SendingContext
Provides support for the marshalling of value types. =  null
org.omg.stub.java.rmi
Contains RMI-IIOP Stubs for the Remote types that occur in the java.rmi package. =  null
org.w3c.dom
Provides the interfaces for the Document Object Model (DOM) which is a component API of the Java API for XML Processing. =  null
org.w3c.dom.bootstrap   =  null
org.w3c.dom.events   =  null
org.w3c.dom.ls   =  null
org.xml.sax
This package provides the core SAX APIs. =  null
org.xml.sax.ext
This package contains interfaces to SAX2 facilities that conformant SAX drivers won't necessarily support. =  null
org.xml.sax.helpers
This package contains "helper" classes, including support for bootstrapping SAX-based applications. =  null
Total number of links: ===209
Count total number of frame ==  3
Actual Result= 
Actual Result= 
Actual Result= 
Before Method= 
Before Method= 
Actual Result= 
Before Method= 
Actual Result= 
Actual Result= 
Username =softwaretesting@gmail.com
softwaretesting@gmail.com
Sign in
Forgot Password?
<a href="https://register.rediff.com/utilities/newforgot/index.php?FormName=showlogin"><u>Forgot Password?</u></a>
Actual Result= 
Actual Result= 
Actual Result= 
Actual Result= ]]>
  </system-out>
</testsuite> <!-- test.FrameLogic -->
