<?xml version="1.0" encoding="UTF-8"?>
<!-- Generated by org.testng.reporters.JUnitReportReporter -->
<testsuite hostname="DESKTOP-6RSBDQK" failures="0" tests="1" name="test.Rediff_Tab" time="0.000" errors="0" timestamp="2025-07-25T16:04:49 IST" skipped="1">
  <testcase classname="test.Rediff_Tab" name="HomeRediff" time="0.000">
    <skipped/>
  </testcase> <!-- HomeRediff -->
  <system-out>
    <![CDATA[Actual Result= 
Actual Result= 
Actual Result= 
Actual Result= ]]>
  </system-out>
</testsuite> <!-- test.Rediff_Tab -->
