<?xml version="1.0" encoding="UTF-8"?>
<!-- Generated by org.testng.reporters.JUnitReportReporter -->
<testsuite hostname="DESKTOP-6RSBDQK" failures="0" tests="2" name="test.Facebook_Link" time="2.541" errors="0" timestamp="2025-06-26T11:23:45 IST" skipped="0">
  <testcase classname="test.Facebook_Link" name="siteTitle" time="2.461">
    <system-out>
      <![CDATA[Rediffmail Free Unlimited Storage]]>
    </system-out>
  </testcase> <!-- siteTitle -->
  <testcase classname="test.Facebook_Link" name="pagelink" time="0.080">
    <system-out>
      <![CDATA[check links]]>
    </system-out>
  </testcase> <!-- pagelink -->
  <system-out>
    <![CDATA[Rediffmail Free Unlimited Storage
check links]]>
  </system-out>
</testsuite> <!-- test.Facebook_Link -->
